{"meta": {"format": 3, "version": "7.13.4", "timestamp": "2026-03-22T23:26:15.251134", "branch_coverage": false, "show_contexts": false}, "files": {"src/secondbrain/__init__.py": {"executed_lines": [7], "summary": {"covered_lines": 1, "num_statements": 1, "percent_covered": 100.0, "percent_covered_display": "100", "missing_lines": 0, "excluded_lines": 0, "percent_statements_covered": 100.0, "percent_statements_covered_display": "100"}, "missing_lines": [], "excluded_lines": [], "functions": {"": {"executed_lines": [7], "summary": {"covered_lines": 1, "num_statements": 1, "percent_covered": 100.0, "percent_covered_display": "100", "missing_lines": 0, "excluded_lines": 0, "percent_statements_covered": 100.0, "percent_statements_covered_display": "100"}, "missing_lines": [], "excluded_lines": [], "start_line": 1}}, "classes": {"": {"executed_lines": [7], "summary": {"covered_lines": 1, "num_statements": 1, "percent_covered": 100.0, "percent_covered_display": "100", "missing_lines": 0, "excluded_lines": 0, "percent_statements_covered": 100.0, "percent_statements_covered_display": "100"}, "missing_lines": [], "excluded_lines": [], "start_line": 1}}}, "src/secondbrain/cli/__init__.py": {"executed_lines": [10, 12, 15, 16, 17, 18, 19, 25, 26, 27, 32, 35, 37], "summary": {"covered_lines": 13, "num_statements": 13, "percent_covered": 100.0, "percent_covered_display": "100", "missing_lines": 0, "excluded_lines": 2, "percent_statements_covered": 100.0, "percent_statements_covered_display": "100"}, "missing_lines": [], "excluded_lines": [40, 41], "functions": {"cli": {"executed_lines": [25, 26, 27], "summary": {"covered_lines": 3, "num_statements": 3, "percent_covered": 100.0, "percent_covered_display": "100", "missing_lines": 0, "excluded_lines": 0, "percent_statements_covered": 100.0, "percent_statements_covered_display": "100"}, "missing_lines": [], "excluded_lines": [], "start_line": 19}, "main": {"executed_lines": [37], "summary": {"covered_lines": 1, "num_statements": 1, "percent_covered": 100.0, "percent_covered_display": "100", "missing_lines": 0, "excluded_lines": 0, "percent_statements_covered": 100.0, "percent_statements_covered_display": "100"}, "missing_lines": [], "excluded_lines": [], "start_line": 35}, "": {"executed_lines": [10, 12, 15, 16, 17, 18, 19, 32, 35], "summary": {"covered_lines": 9, "num_statements": 9, "percent_covered": 100.0, "percent_covered_display": "100", "missing_lines": 0, "excluded_lines": 2, "percent_statements_covered": 100.0, "percent_statements_covered_display": "100"}, "missing_lines": [], "excluded_lines": [40, 41], "start_line": 1}}, "classes": {"": {"executed_lines": [10, 12, 15, 16, 17, 18, 19, 25, 26, 27, 32, 35, 37], "summary": {"covered_lines": 13, "num_statements": 13, "percent_covered": 100.0, "percent_covered_display": "100", "missing_lines": 0, "excluded_lines": 2, "percent_statements_covered": 100.0, "percent_statements_covered_display": "100"}, "missing_lines": [], "excluded_lines": [40, 41], "start_line": 1}}}, "src/secondbrain/cli/commands.py": {"executed_lines": [15, 16, 17, 18, 19, 21, 22, 24, 25, 30, 31, 33, 34, 40, 42, 43, 45, 48, 49, 50, 51, 52, 59, 60, 61, 67, 68, 81, 83, 84, 85, 88, 89, 90, 91, 92, 93, 96, 99, 101, 104, 106, 108, 109, 110, 112, 113, 115, 117, 118, 120, 126, 129, 130, 131, 134, 135, 137, 147, 151, 156, 160, 161, 162, 165, 166, 167, 168, 169, 174, 179, 185, 191, 192, 205, 207, 208, 210, 211, 217, 220, 221, 222, 223, 224, 225, 226, 227, 228, 237, 239, 240, 241, 242, 247, 249, 250, 252, 253, 254, 255, 261, 264, 265, 266, 267, 268, 269, 270, 271, 279, 282, 283, 284, 286, 287, 290, 293, 294, 295, 299, 300, 301, 303, 304, 305, 306, 307, 312, 313, 316, 317, 318, 319, 321, 323, 324, 325, 328, 329, 330, 336, 337, 339, 340, 341, 343, 346, 347, 348, 349, 350, 352, 354, 355, 356, 357, 359, 372, 373, 375, 376, 377, 378, 387, 388, 393, 394, 395, 396, 397, 398, 399, 400, 401, 402, 403, 404, 405, 406, 427, 428, 429, 431, 433, 434, 435, 436, 439, 440, 441, 442, 447, 450, 452, 453, 454, 455, 456, 458, 459, 461, 462, 465, 466, 470, 473, 476, 478, 479, 480, 483, 484, 485, 503, 504, 506, 507, 514, 516, 526, 535, 536, 537, 538, 539, 541, 543, 544, 545, 546, 548, 549, 550, 554, 562, 565, 566, 569, 580, 588, 589, 590, 591, 592, 594, 596, 597, 598, 599, 602, 603, 604, 605, 606, 612, 613, 614, 619, 627, 628, 629, 631, 635, 636, 637, 638, 639, 640, 641, 642, 643, 644, 645, 646, 647, 648, 649, 655, 660, 661, 664, 676, 680, 683, 684], "summary": {"covered_lines": 286, "num_statements": 331, "percent_covered": 86.404833836858, "percent_covered_display": "86", "missing_lines": 45, "excluded_lines": 0, "percent_statements_covered": 86.404833836858, "percent_statements_covered_display": "86"}, "missing_lines": [296, 297, 379, 380, 381, 382, 383, 384, 385, 437, 486, 487, 489, 490, 491, 492, 493, 494, 495, 500, 501, 570, 571, 572, 573, 574, 575, 576, 577, 607, 608, 632, 651, 652, 665, 666, 667, 670, 671, 672, 673, 674, 677, 681, 682], "excluded_lines": [], "functions": {"ingest": {"executed_lines": [81, 83, 84, 85, 88, 89, 90, 91, 92, 93, 96, 99, 101, 104, 106, 108, 109, 110, 112, 113, 115, 117, 118, 120, 126, 129, 137, 147, 151, 156, 160, 161, 162], "summary": {"covered_lines": 33, "num_statements": 33, "percent_covered": 100.0, "percent_covered_display": "100", "missing_lines": 0, "excluded_lines": 0, "percent_statements_covered": 100.0, "percent_statements_covered_display": "100"}, "missing_lines": [], "excluded_lines": [], "start_line": 68}, "ingest.progress_callback": {"executed_lines": [130, 131, 134, 135], "summary": {"covered_lines": 4, "num_statements": 4, "percent_covered": 100.0, "percent_covered_display": "100", "missing_lines": 0, "excluded_lines": 0, "percent_statements_covered": 100.0, "percent_statements_covered_display": "100"}, "missing_lines": [], "excluded_lines": [], "start_line": 129}, "search": {"executed_lines": [205, 207, 208, 210, 211, 217], "summary": {"covered_lines": 6, "num_statements": 6, "percent_covered": 100.0, "percent_covered_display": "100", "missing_lines": 0, "excluded_lines": 0, "percent_statements_covered": 100.0, "percent_statements_covered_display": "100"}, "missing_lines": [], "excluded_lines": [], "start_line": 192}, "list_cmd": {"executed_lines": [237, 239, 240, 241, 242, 247, 249, 250, 252, 253, 254, 255, 261], "summary": {"covered_lines": 13, "num_statements": 13, "percent_covered": 100.0, "percent_covered_display": "100", "missing_lines": 0, "excluded_lines": 0, "percent_statements_covered": 100.0, "percent_statements_covered_display": "100"}, "missing_lines": [], "excluded_lines": [], "start_line": 228}, "delete": {"executed_lines": [279, 282, 283, 284, 286, 287, 290, 293, 294, 295, 299, 300, 301, 303, 304, 305, 306, 307, 312, 313], "summary": {"covered_lines": 20, "num_statements": 22, "percent_covered": 90.9090909090909, "percent_covered_display": "91", "missing_lines": 2, "excluded_lines": 0, "percent_statements_covered": 90.9090909090909, "percent_statements_covered_display": "91"}, "missing_lines": [296, 297], "excluded_lines": [], "start_line": 271}, "status": {"executed_lines": [321, 323, 324, 325], "summary": {"covered_lines": 4, "num_statements": 4, "percent_covered": 100.0, "percent_covered_display": "100", "missing_lines": 0, "excluded_lines": 0, "percent_statements_covered": 100.0, "percent_statements_covered_display": "100"}, "missing_lines": [], "excluded_lines": [], "start_line": 319}, "health": {"executed_lines": [339, 340, 341, 343], "summary": {"covered_lines": 4, "num_statements": 4, "percent_covered": 100.0, "percent_covered_display": "100", "missing_lines": 0, "excluded_lines": 0, "percent_statements_covered": 100.0, "percent_statements_covered_display": "100"}, "missing_lines": [], "excluded_lines": [], "start_line": 337}, "metrics": {"executed_lines": [352, 354, 355, 356, 357, 359, 372, 373, 375, 376, 377, 378, 387, 388], "summary": {"covered_lines": 14, "num_statements": 21, "percent_covered": 66.66666666666667, "percent_covered_display": "67", "missing_lines": 7, "excluded_lines": 0, "percent_statements_covered": 66.66666666666667, "percent_statements_covered_display": "67"}, "missing_lines": [379, 380, 381, 382, 383, 384, 385], "excluded_lines": [], "start_line": 350}, "chat": {"executed_lines": [427, 428, 429, 431, 433, 434, 435, 436, 439, 440, 441, 442, 447, 450, 452, 453, 454, 455, 456, 458, 459, 461, 462, 465, 466, 470, 473, 476, 478, 479, 480, 483, 484, 485, 503, 504, 506, 507, 514, 516], "summary": {"covered_lines": 40, "num_statements": 52, "percent_covered": 76.92307692307692, "percent_covered_display": "77", "missing_lines": 12, "excluded_lines": 0, "percent_statements_covered": 76.92307692307692, "percent_statements_covered_display": "77"}, "missing_lines": [437, 486, 487, 489, 490, 491, 492, 493, 494, 495, 500, 501], "excluded_lines": [], "start_line": 406}, "_single_turn_chat": {"executed_lines": [535, 536, 537, 538, 539, 541, 543, 544, 545, 546, 548, 549, 550, 554, 562, 565, 566, 569], "summary": {"covered_lines": 18, "num_statements": 26, "percent_covered": 69.23076923076923, "percent_covered_display": "69", "missing_lines": 8, "excluded_lines": 0, "percent_statements_covered": 69.23076923076923, "percent_statements_covered_display": "69"}, "missing_lines": [570, 571, 572, 573, 574, 575, 576, 577], "excluded_lines": [], "start_line": 526}, "_interactive_chat": {"executed_lines": [588, 589, 590, 591, 592, 594, 596, 597, 598, 599, 602, 603, 604, 605, 606, 612, 613, 614, 619, 627, 628, 629, 631, 635, 636, 637, 638, 639, 640, 641, 642, 643, 644, 645, 646, 647, 648, 649, 655, 660, 661, 664, 676, 680, 683, 684], "summary": {"covered_lines": 46, "num_statements": 62, "percent_covered": 74.19354838709677, "percent_covered_display": "74", "missing_lines": 16, "excluded_lines": 0, "percent_statements_covered": 74.19354838709677, "percent_statements_covered_display": "74"}, "missing_lines": [607, 608, 632, 651, 652, 665, 666, 667, 670, 671, 672, 673, 674, 677, 681, 682], "excluded_lines": [], "start_line": 580}, "": {"executed_lines": [15, 16, 17, 18, 19, 21, 22, 24, 25, 30, 31, 33, 34, 40, 42, 43, 45, 48, 49, 50, 51, 52, 59, 60, 61, 67, 68, 165, 166, 167, 168, 169, 174, 179, 185, 191, 192, 220, 221, 222, 223, 224, 225, 226, 227, 228, 264, 265, 266, 267, 268, 269, 270, 271, 316, 317, 318, 319, 328, 329, 330, 336, 337, 346, 347, 348, 349, 350, 393, 394, 395, 396, 397, 398, 399, 400, 401, 402, 403, 404, 405, 406, 526, 580], "summary": {"covered_lines": 84, "num_statements": 84, "percent_covered": 100.0, "percent_covered_display": "100", "missing_lines": 0, "excluded_lines": 0, "percent_statements_covered": 100.0, "percent_statements_covered_display": "100"}, "missing_lines": [], "excluded_lines": [], "start_line": 1}}, "classes": {"": {"executed_lines": [15, 16, 17, 18, 19, 21, 22, 24, 25, 30, 31, 33, 34, 40, 42, 43, 45, 48, 49, 50, 51, 52, 59, 60, 61, 67, 68, 81, 83, 84, 85, 88, 89, 90, 91, 92, 93, 96, 99, 101, 104, 106, 108, 109, 110, 112, 113, 115, 117, 118, 120, 126, 129, 130, 131, 134, 135, 137, 147, 151, 156, 160, 161, 162, 165, 166, 167, 168, 169, 174, 179, 185, 191, 192, 205, 207, 208, 210, 211, 217, 220, 221, 222, 223, 224, 225, 226, 227, 228, 237, 239, 240, 241, 242, 247, 249, 250, 252, 253, 254, 255, 261, 264, 265, 266, 267, 268, 269, 270, 271, 279, 282, 283, 284, 286, 287, 290, 293, 294, 295, 299, 300, 301, 303, 304, 305, 306, 307, 312, 313, 316, 317, 318, 319, 321, 323, 324, 325, 328, 329, 330, 336, 337, 339, 340, 341, 343, 346, 347, 348, 349, 350, 352, 354, 355, 356, 357, 359, 372, 373, 375, 376, 377, 378, 387, 388, 393, 394, 395, 396, 397, 398, 399, 400, 401, 402, 403, 404, 405, 406, 427, 428, 429, 431, 433, 434, 435, 436, 439, 440, 441, 442, 447, 450, 452, 453, 454, 455, 456, 458, 459, 461, 462, 465, 466, 470, 473, 476, 478, 479, 480, 483, 484, 485, 503, 504, 506, 507, 514, 516, 526, 535, 536, 537, 538, 539, 541, 543, 544, 545, 546, 548, 549, 550, 554, 562, 565, 566, 569, 580, 588, 589, 590, 591, 592, 594, 596, 597, 598, 599, 602, 603, 604, 605, 606, 612, 613, 614, 619, 627, 628, 629, 631, 635, 636, 637, 638, 639, 640, 641, 642, 643, 644, 645, 646, 647, 648, 649, 655, 660, 661, 664, 676, 680, 683, 684], "summary": {"covered_lines": 286, "num_statements": 331, "percent_covered": 86.404833836858, "percent_covered_display": "86", "missing_lines": 45, "excluded_lines": 0, "percent_statements_covered": 86.404833836858, "percent_statements_covered_display": "86"}, "missing_lines": [296, 297, 379, 380, 381, 382, 383, 384, 385, 437, 486, 487, 489, 490, 491, 492, 493, 494, 495, 500, 501, 570, 571, 572, 573, 574, 575, 576, 577, 607, 608, 632, 651, 652, 665, 666, 667, 670, 671, 672, 673, 674, 677, 681, 682], "excluded_lines": [], "start_line": 1}}}, "src/secondbrain/cli/display.py": {"executed_lines": [3, 4, 5, 7, 8, 10, 11, 13, 17, 20, 33, 34, 35, 37, 38, 39, 42, 44, 45, 48, 49, 51, 52, 53, 54, 61, 67, 68, 69, 71, 72, 73, 74, 76, 77, 83, 86, 92, 93, 94, 95, 96, 99, 105, 106, 107, 110, 111, 112, 113, 114, 115], "summary": {"covered_lines": 52, "num_statements": 52, "percent_covered": 100.0, "percent_covered_display": "100", "missing_lines": 0, "excluded_lines": 0, "percent_statements_covered": 100.0, "percent_statements_covered_display": "100"}, "missing_lines": [], "excluded_lines": [], "functions": {"display_search_results": {"executed_lines": [33, 34, 35, 37, 38, 39, 42, 44, 45, 48, 49, 51, 52, 53, 54], "summary": {"covered_lines": 15, "num_statements": 15, "percent_covered": 100.0, "percent_covered_display": "100", "missing_lines": 0, "excluded_lines": 0, "percent_statements_covered": 100.0, "percent_statements_covered_display": "100"}, "missing_lines": [], "excluded_lines": [], "start_line": 20}, "display_list_results": {"executed_lines": [67, 68, 69, 71, 72, 73, 74, 76, 77, 83], "summary": {"covered_lines": 10, "num_statements": 10, "percent_covered": 100.0, "percent_covered_display": "100", "missing_lines": 0, "excluded_lines": 0, "percent_statements_covered": 100.0, "percent_statements_covered_display": "100"}, "missing_lines": [], "excluded_lines": [], "start_line": 61}, "display_status": {"executed_lines": [92, 93, 94, 95, 96], "summary": {"covered_lines": 5, "num_statements": 5, "percent_covered": 100.0, "percent_covered_display": "100", "missing_lines": 0, "excluded_lines": 0, "percent_statements_covered": 100.0, "percent_statements_covered_display": "100"}, "missing_lines": [], "excluded_lines": [], "start_line": 86}, "display_health_status": {"executed_lines": [105, 106, 107, 110, 111, 112, 113, 114, 115], "summary": {"covered_lines": 9, "num_statements": 9, "percent_covered": 100.0, "percent_covered_display": "100", "missing_lines": 0, "excluded_lines": 0, "percent_statements_covered": 100.0, "percent_statements_covered_display": "100"}, "missing_lines": [], "excluded_lines": [], "start_line": 99}, "": {"executed_lines": [3, 4, 5, 7, 8, 10, 11, 13, 17, 20, 61, 86, 99], "summary": {"covered_lines": 13, "num_statements": 13, "percent_covered": 100.0, "percent_covered_display": "100", "missing_lines": 0, "excluded_lines": 0, "percent_statements_covered": 100.0, "percent_statements_covered_display": "100"}, "missing_lines": [], "excluded_lines": [], "start_line": 1}}, "classes": {"": {"executed_lines": [3, 4, 5, 7, 8, 10, 11, 13, 17, 20, 33, 34, 35, 37, 38, 39, 42, 44, 45, 48, 49, 51, 52, 53, 54, 61, 67, 68, 69, 71, 72, 73, 74, 76, 77, 83, 86, 92, 93, 94, 95, 96, 99, 105, 106, 107, 110, 111, 112, 113, 114, 115], "summary": {"covered_lines": 52, "num_statements": 52, "percent_covered": 100.0, "percent_covered_display": "100", "missing_lines": 0, "excluded_lines": 0, "percent_statements_covered": 100.0, "percent_statements_covered_display": "100"}, "missing_lines": [], "excluded_lines": [], "start_line": 1}}}, "src/secondbrain/cli/errors.py": {"executed_lines": [3, 4, 5, 6, 7, 9, 10, 11, 13, 15, 16, 18, 19, 22, 36, 37, 38, 39, 40, 41, 42, 43, 44, 45, 46, 47, 48, 49, 50, 51, 52, 53, 54, 56], "summary": {"covered_lines": 34, "num_statements": 34, "percent_covered": 100.0, "percent_covered_display": "100", "missing_lines": 0, "excluded_lines": 0, "percent_statements_covered": 100.0, "percent_statements_covered_display": "100"}, "missing_lines": [], "excluded_lines": [], "functions": {"handle_cli_errors": {"executed_lines": [36, 37, 56], "summary": {"covered_lines": 3, "num_statements": 3, "percent_covered": 100.0, "percent_covered_display": "100", "missing_lines": 0, "excluded_lines": 0, "percent_statements_covered": 100.0, "percent_statements_covered_display": "100"}, "missing_lines": [], "excluded_lines": [], "start_line": 22}, "handle_cli_errors.wrapper": {"executed_lines": [38, 39, 40, 41, 42, 43, 44, 45, 46, 47, 48, 49, 50, 51, 52, 53, 54], "summary": {"covered_lines": 17, "num_statements": 17, "percent_covered": 100.0, "percent_covered_display": "100", "missing_lines": 0, "excluded_lines": 0, "percent_statements_covered": 100.0, "percent_statements_covered_display": "100"}, "missing_lines": [], "excluded_lines": [], "start_line": 37}, "": {"executed_lines": [3, 4, 5, 6, 7, 9, 10, 11, 13, 15, 16, 18, 19, 22], "summary": {"covered_lines": 14, "num_statements": 14, "percent_covered": 100.0, "percent_covered_display": "100", "missing_lines": 0, "excluded_lines": 0, "percent_statements_covered": 100.0, "percent_statements_covered_display": "100"}, "missing_lines": [], "excluded_lines": [], "start_line": 1}}, "classes": {"": {"executed_lines": [3, 4, 5, 6, 7, 9, 10, 11, 13, 15, 16, 18, 19, 22, 36, 37, 38, 39, 40, 41, 42, 43, 44, 45, 46, 47, 48, 49, 50, 51, 52, 53, 54, 56], "summary": {"covered_lines": 34, "num_statements": 34, "percent_covered": 100.0, "percent_covered_display": "100", "missing_lines": 0, "excluded_lines": 0, "percent_statements_covered": 100.0, "percent_statements_covered_display": "100"}, "missing_lines": [], "excluded_lines": [], "start_line": 1}}}, "src/secondbrain/config/__init__.py": {"executed_lines": [8, 9, 10, 12, 13, 15, 18, 32, 33, 36, 39, 45, 53, 58, 59, 60, 70, 72, 76, 81, 87, 91, 95, 99, 103, 107, 113, 117, 123, 130, 136, 144, 152, 163, 169, 177, 186, 194, 204, 210, 215, 219, 225, 230, 235, 240, 245, 250, 251, 252, 266, 267, 268, 270, 271, 272, 286, 287, 288, 290, 291, 292, 306, 307, 308, 310, 311, 312, 326, 327, 328, 330, 331, 332, 346, 348, 350, 351, 352, 366, 368, 370, 371, 372, 386, 388, 390, 391, 392, 406, 408, 410, 411, 412, 426, 428, 430, 431, 442, 443, 444, 445, 446, 447, 448, 450, 452, 454, 459, 460, 461, 462, 463, 464, 467, 469, 470, 477, 479, 482, 483, 493, 497], "summary": {"covered_lines": 123, "num_statements": 132, "percent_covered": 93.18181818181819, "percent_covered_display": "93", "missing_lines": 9, "excluded_lines": 0, "percent_statements_covered": 93.18181818181819, "percent_statements_covered_display": "93"}, "missing_lines": [347, 367, 387, 407, 427, 449, 451, 453, 458], "excluded_lines": [], "functions": {"_validate_mongo_uri": {"executed_lines": [32, 33, 36], "summary": {"covered_lines": 3, "num_statements": 3, "percent_covered": 100.0, "percent_covered_display": "100", "missing_lines": 0, "excluded_lines": 0, "percent_statements_covered": 100.0, "percent_statements_covered_display": "100"}, "missing_lines": [], "excluded_lines": [], "start_line": 18}, "Config.validate_mongo_uri": {"executed_lines": [70], "summary": {"covered_lines": 1, "num_statements": 1, "percent_covered": 100.0, "percent_covered_display": "100", "missing_lines": 0, "excluded_lines": 0, "percent_statements_covered": 100.0, "percent_statements_covered_display": "100"}, "missing_lines": [], "excluded_lines": [], "start_line": 60}, "Config.validate_chunk_size": {"executed_lines": [266, 267, 268], "summary": {"covered_lines": 3, "num_statements": 3, "percent_covered": 100.0, "percent_covered_display": "100", "missing_lines": 0, "excluded_lines": 0, "percent_statements_covered": 100.0, "percent_statements_covered_display": "100"}, "missing_lines": [], "excluded_lines": [], "start_line": 252}, "Config.validate_chunk_overlap": {"executed_lines": [286, 287, 288], "summary": {"covered_lines": 3, "num_statements": 3, "percent_covered": 100.0, "percent_covered_display": "100", "missing_lines": 0, "excluded_lines": 0, "percent_statements_covered": 100.0, "percent_statements_covered_display": "100"}, "missing_lines": [], "excluded_lines": [], "start_line": 272}, "Config.validate_embedding_cache_size": {"executed_lines": [306, 307, 308], "summary": {"covered_lines": 3, "num_statements": 3, "percent_covered": 100.0, "percent_covered_display": "100", "missing_lines": 0, "excluded_lines": 0, "percent_statements_covered": 100.0, "percent_statements_covered_display": "100"}, "missing_lines": [], "excluded_lines": [], "start_line": 292}, "Config.validate_embedding_batch_size": {"executed_lines": [326, 327, 328], "summary": {"covered_lines": 3, "num_statements": 3, "percent_covered": 100.0, "percent_covered_display": "100", "missing_lines": 0, "excluded_lines": 0, "percent_statements_covered": 100.0, "percent_statements_covered_display": "100"}, "missing_lines": [], "excluded_lines": [], "start_line": 312}, "Config.validate_streaming_chunk_batch_size": {"executed_lines": [346, 348], "summary": {"covered_lines": 2, "num_statements": 3, "percent_covered": 66.66666666666667, "percent_covered_display": "67", "missing_lines": 1, "excluded_lines": 0, "percent_statements_covered": 66.66666666666667, "percent_statements_covered_display": "67"}, "missing_lines": [347], "excluded_lines": [], "start_line": 332}, "Config.validate_llm_temperature": {"executed_lines": [366, 368], "summary": {"covered_lines": 2, "num_statements": 3, "percent_covered": 66.66666666666667, "percent_covered_display": "67", "missing_lines": 1, "excluded_lines": 0, "percent_statements_covered": 66.66666666666667, "percent_statements_covered_display": "67"}, "missing_lines": [367], "excluded_lines": [], "start_line": 352}, "Config.validate_llm_max_tokens": {"executed_lines": [386, 388], "summary": {"covered_lines": 2, "num_statements": 3, "percent_covered": 66.66666666666667, "percent_covered_display": "67", "missing_lines": 1, "excluded_lines": 0, "percent_statements_covered": 66.66666666666667, "percent_statements_covered_display": "67"}, "missing_lines": [387], "excluded_lines": [], "start_line": 372}, "Config.validate_llm_timeout": {"executed_lines": [406, 408], "summary": {"covered_lines": 2, "num_statements": 3, "percent_covered": 66.66666666666667, "percent_covered_display": "67", "missing_lines": 1, "excluded_lines": 0, "percent_statements_covered": 66.66666666666667, "percent_statements_covered_display": "67"}, "missing_lines": [407], "excluded_lines": [], "start_line": 392}, "Config.validate_rag_context_window": {"executed_lines": [426, 428], "summary": {"covered_lines": 2, "num_statements": 3, "percent_covered": 66.66666666666667, "percent_covered_display": "67", "missing_lines": 1, "excluded_lines": 0, "percent_statements_covered": 66.66666666666667, "percent_statements_covered_display": "67"}, "missing_lines": [427], "excluded_lines": [], "start_line": 412}, "Config.validate_config_values": {"executed_lines": [442, 443, 444, 445, 446, 447, 448, 450, 452, 454, 459, 460, 461, 462, 463, 464, 467], "summary": {"covered_lines": 17, "num_statements": 21, "percent_covered": 80.95238095238095, "percent_covered_display": "81", "missing_lines": 4, "excluded_lines": 0, "percent_statements_covered": 80.95238095238095, "percent_statements_covered_display": "81"}, "missing_lines": [449, 451, 453, 458], "excluded_lines": [], "start_line": 431}, "Config.extensions_set": {"executed_lines": [477, 479], "summary": {"covered_lines": 2, "num_statements": 2, "percent_covered": 100.0, "percent_covered_display": "100", "missing_lines": 0, "excluded_lines": 0, "percent_statements_covered": 100.0, "percent_statements_covered_display": "100"}, "missing_lines": [], "excluded_lines": [], "start_line": 470}, "get_config": {"executed_lines": [493], "summary": {"covered_lines": 1, "num_statements": 1, "percent_covered": 100.0, "percent_covered_display": "100", "missing_lines": 0, "excluded_lines": 0, "percent_statements_covered": 100.0, "percent_statements_covered_display": "100"}, "missing_lines": [], "excluded_lines": [], "start_line": 483}, "": {"executed_lines": [8, 9, 10, 12, 13, 15, 18, 39, 45, 53, 58, 59, 60, 72, 76, 81, 87, 91, 95, 99, 103, 107, 113, 117, 123, 130, 136, 144, 152, 163, 169, 177, 186, 194, 204, 210, 215, 219, 225, 230, 235, 240, 245, 250, 251, 252, 270, 271, 272, 290, 291, 292, 310, 311, 312, 330, 331, 332, 350, 351, 352, 370, 371, 372, 390, 391, 392, 410, 411, 412, 430, 431, 469, 470, 482, 483, 497], "summary": {"covered_lines": 77, "num_statements": 77, "percent_covered": 100.0, "percent_covered_display": "100", "missing_lines": 0, "excluded_lines": 0, "percent_statements_covered": 100.0, "percent_statements_covered_display": "100"}, "missing_lines": [], "excluded_lines": [], "start_line": 1}}, "classes": {"Config": {"executed_lines": [70, 266, 267, 268, 286, 287, 288, 306, 307, 308, 326, 327, 328, 346, 348, 366, 368, 386, 388, 406, 408, 426, 428, 442, 443, 444, 445, 446, 447, 448, 450, 452, 454, 459, 460, 461, 462, 463, 464, 467, 477, 479], "summary": {"covered_lines": 42, "num_statements": 51, "percent_covered": 82.3529411764706, "percent_covered_display": "82", "missing_lines": 9, "excluded_lines": 0, "percent_statements_covered": 82.3529411764706, "percent_statements_covered_display": "82"}, "missing_lines": [347, 367, 387, 407, 427, 449, 451, 453, 458], "excluded_lines": [], "start_line": 39}, "": {"executed_lines": [8, 9, 10, 12, 13, 15, 18, 32, 33, 36, 39, 45, 53, 58, 59, 60, 72, 76, 81, 87, 91, 95, 99, 103, 107, 113, 117, 123, 130, 136, 144, 152, 163, 169, 177, 186, 194, 204, 210, 215, 219, 225, 230, 235, 240, 245, 250, 251, 252, 270, 271, 272, 290, 291, 292, 310, 311, 312, 330, 331, 332, 350, 351, 352, 370, 371, 372, 390, 391, 392, 410, 411, 412, 430, 431, 469, 470, 482, 483, 493, 497], "summary": {"covered_lines": 81, "num_statements": 81, "percent_covered": 100.0, "percent_covered_display": "100", "missing_lines": 0, "excluded_lines": 0, "percent_statements_covered": 100.0, "percent_statements_covered_display": "100"}, "missing_lines": [], "excluded_lines": [], "start_line": 1}}}, "src/secondbrain/constants.py": {"executed_lines": [], "summary": {"covered_lines": 0, "num_statements": 32, "percent_covered": 0.0, "percent_covered_display": "0", "missing_lines": 32, "excluded_lines": 0, "percent_statements_covered": 0.0, "percent_statements_covered_display": "0"}, "missing_lines": [8, 11, 12, 15, 16, 17, 18, 21, 22, 23, 24, 25, 28, 29, 30, 33, 34, 37, 38, 39, 42, 43, 44, 47, 48, 49, 50, 51, 56, 57, 58, 59], "excluded_lines": [], "functions": {"": {"executed_lines": [], "summary": {"covered_lines": 0, "num_statements": 32, "percent_covered": 0.0, "percent_covered_display": "0", "missing_lines": 32, "excluded_lines": 0, "percent_statements_covered": 0.0, "percent_statements_covered_display": "0"}, "missing_lines": [8, 11, 12, 15, 16, 17, 18, 21, 22, 23, 24, 25, 28, 29, 30, 33, 34, 37, 38, 39, 42, 43, 44, 47, 48, 49, 50, 51, 56, 57, 58, 59], "excluded_lines": [], "start_line": 1}}, "classes": {"": {"executed_lines": [], "summary": {"covered_lines": 0, "num_statements": 32, "percent_covered": 0.0, "percent_covered_display": "0", "missing_lines": 32, "excluded_lines": 0, "percent_statements_covered": 0.0, "percent_statements_covered_display": "0"}, "missing_lines": [8, 11, 12, 15, 16, 17, 18, 21, 22, 23, 24, 25, 28, 29, 30, 33, 34, 37, 38, 39, 42, 43, 44, 47, 48, 49, 50, 51, 56, 57, 58, 59], "excluded_lines": [], "start_line": 1}}}, "src/secondbrain/conversation/__init__.py": {"executed_lines": [9, 10, 11, 13], "summary": {"covered_lines": 4, "num_statements": 4, "percent_covered": 100.0, "percent_covered_display": "100", "missing_lines": 0, "excluded_lines": 0, "percent_statements_covered": 100.0, "percent_statements_covered_display": "100"}, "missing_lines": [], "excluded_lines": [], "functions": {"": {"executed_lines": [9, 10, 11, 13], "summary": {"covered_lines": 4, "num_statements": 4, "percent_covered": 100.0, "percent_covered_display": "100", "missing_lines": 0, "excluded_lines": 0, "percent_statements_covered": 100.0, "percent_statements_covered_display": "100"}, "missing_lines": [], "excluded_lines": [], "start_line": 1}}, "classes": {"": {"executed_lines": [9, 10, 11, 13], "summary": {"covered_lines": 4, "num_statements": 4, "percent_covered": 100.0, "percent_covered_display": "100", "missing_lines": 0, "excluded_lines": 0, "percent_statements_covered": 100.0, "percent_statements_covered_display": "100"}, "missing_lines": [], "excluded_lines": [], "start_line": 1}}}, "src/secondbrain/conversation/rewriter.py": {"executed_lines": [7, 8, 9, 14, 16, 19, 45, 53, 85, 101, 102, 104, 127, 128, 129, 132, 139, 142, 143, 146, 149, 150, 151, 158, 159, 160, 162, 180, 211, 214, 216, 233, 235, 236, 237, 239, 240, 242, 244, 256, 262, 280, 283, 291, 292, 293, 294, 297, 298, 300, 302, 320, 321, 324, 325, 328, 329, 332, 342, 343, 345, 367, 369, 370, 371, 373, 375, 393, 395, 396, 398], "summary": {"covered_lines": 71, "num_statements": 74, "percent_covered": 95.94594594594595, "percent_covered_display": "96", "missing_lines": 3, "excluded_lines": 2, "percent_statements_covered": 95.94594594594595, "percent_statements_covered_display": "96"}, "missing_lines": [153, 156, 178], "excluded_lines": [11, 12], "functions": {"QueryRewriter.__init__": {"executed_lines": [101, 102], "summary": {"covered_lines": 2, "num_statements": 2, "percent_covered": 100.0, "percent_covered_display": "100", "missing_lines": 0, "excluded_lines": 0, "percent_statements_covered": 100.0, "percent_statements_covered_display": "100"}, "missing_lines": [], "excluded_lines": [], "start_line": 85}, "QueryRewriter.rewrite": {"executed_lines": [127, 128, 129, 132, 139, 142, 143, 146, 149, 150, 151, 158, 159, 160], "summary": {"covered_lines": 14, "num_statements": 16, "percent_covered": 87.5, "percent_covered_display": "88", "missing_lines": 2, "excluded_lines": 0, "percent_statements_covered": 87.5, "percent_statements_covered_display": "88"}, "missing_lines": [153, 156], "excluded_lines": [], "start_line": 104}, "QueryRewriter.rewrite_query": {"executed_lines": [], "summary": {"covered_lines": 0, "num_statements": 1, "percent_covered": 0.0, "percent_covered_display": "0", "missing_lines": 1, "excluded_lines": 0, "percent_statements_covered": 0.0, "percent_statements_covered_display": "0"}, "missing_lines": [178], "excluded_lines": [], "start_line": 162}, "QueryRewriter._build_rewrite_prompt": {"executed_lines": [211, 214], "summary": {"covered_lines": 2, "num_statements": 2, "percent_covered": 100.0, "percent_covered_display": "100", "missing_lines": 0, "excluded_lines": 0, "percent_statements_covered": 100.0, "percent_statements_covered_display": "100"}, "missing_lines": [], "excluded_lines": [], "start_line": 180}, "QueryRewriter._format_history": {"executed_lines": [233, 235, 236, 237, 239, 240, 242], "summary": {"covered_lines": 7, "num_statements": 7, "percent_covered": 100.0, "percent_covered_display": "100", "missing_lines": 0, "excluded_lines": 0, "percent_statements_covered": 100.0, "percent_statements_covered_display": "100"}, "missing_lines": [], "excluded_lines": [], "start_line": 216}, "QueryRewriter._call_llm_safely": {"executed_lines": [256], "summary": {"covered_lines": 1, "num_statements": 1, "percent_covered": 100.0, "percent_covered_display": "100", "missing_lines": 0, "excluded_lines": 0, "percent_statements_covered": 100.0, "percent_statements_covered_display": "100"}, "missing_lines": [], "excluded_lines": [], "start_line": 244}, "QueryRewriter._clean_llm_response": {"executed_lines": [280, 283, 291, 292, 293, 294, 297, 298, 300], "summary": {"covered_lines": 9, "num_statements": 9, "percent_covered": 100.0, "percent_covered_display": "100", "missing_lines": 0, "excluded_lines": 0, "percent_statements_covered": 100.0, "percent_statements_covered_display": "100"}, "missing_lines": [], "excluded_lines": [], "start_line": 262}, "QueryRewriter._is_valid_rewrite": {"executed_lines": [320, 321, 324, 325, 328, 329, 332, 342, 343], "summary": {"covered_lines": 9, "num_statements": 9, "percent_covered": 100.0, "percent_covered_display": "100", "missing_lines": 0, "excluded_lines": 0, "percent_statements_covered": 100.0, "percent_statements_covered_display": "100"}, "missing_lines": [], "excluded_lines": [], "start_line": 302}, "QueryRewriter._is_standalone_query": {"executed_lines": [367, 369, 370, 371, 373], "summary": {"covered_lines": 5, "num_statements": 5, "percent_covered": 100.0, "percent_covered_display": "100", "missing_lines": 0, "excluded_lines": 0, "percent_statements_covered": 100.0, "percent_statements_covered_display": "100"}, "missing_lines": [], "excluded_lines": [], "start_line": 345}, "QueryRewriter.should_rewrite": {"executed_lines": [393], "summary": {"covered_lines": 1, "num_statements": 1, "percent_covered": 100.0, "percent_covered_display": "100", "missing_lines": 0, "excluded_lines": 0, "percent_statements_covered": 100.0, "percent_statements_covered_display": "100"}, "missing_lines": [], "excluded_lines": [], "start_line": 375}, "QueryRewriter.context_window": {"executed_lines": [398], "summary": {"covered_lines": 1, "num_statements": 1, "percent_covered": 100.0, "percent_covered_display": "100", "missing_lines": 0, "excluded_lines": 0, "percent_statements_covered": 100.0, "percent_statements_covered_display": "100"}, "missing_lines": [], "excluded_lines": [], "start_line": 396}, "": {"executed_lines": [7, 8, 9, 14, 16, 19, 45, 53, 85, 104, 162, 180, 216, 244, 262, 302, 345, 375, 395, 396], "summary": {"covered_lines": 20, "num_statements": 20, "percent_covered": 100.0, "percent_covered_display": "100", "missing_lines": 0, "excluded_lines": 2, "percent_statements_covered": 100.0, "percent_statements_covered_display": "100"}, "missing_lines": [], "excluded_lines": [11, 12], "start_line": 1}}, "classes": {"QueryRewriter": {"executed_lines": [101, 102, 127, 128, 129, 132, 139, 142, 143, 146, 149, 150, 151, 158, 159, 160, 211, 214, 233, 235, 236, 237, 239, 240, 242, 256, 280, 283, 291, 292, 293, 294, 297, 298, 300, 320, 321, 324, 325, 328, 329, 332, 342, 343, 367, 369, 370, 371, 373, 393, 398], "summary": {"covered_lines": 51, "num_statements": 54, "percent_covered": 94.44444444444444, "percent_covered_display": "94", "missing_lines": 3, "excluded_lines": 0, "percent_statements_covered": 94.44444444444444, "percent_statements_covered_display": "94"}, "missing_lines": [153, 156, 178], "excluded_lines": [], "start_line": 19}, "": {"executed_lines": [7, 8, 9, 14, 16, 19, 45, 53, 85, 104, 162, 180, 216, 244, 262, 302, 345, 375, 395, 396], "summary": {"covered_lines": 20, "num_statements": 20, "percent_covered": 100.0, "percent_covered_display": "100", "missing_lines": 0, "excluded_lines": 2, "percent_statements_covered": 100.0, "percent_statements_covered_display": "100"}, "missing_lines": [], "excluded_lines": [11, 12], "start_line": 1}}}, "src/secondbrain/conversation/session.py": {"executed_lines": [3, 5, 7, 10, 33, 51, 52, 53, 54, 56, 57, 80, 81, 83, 84, 108, 112, 113, 115, 116, 117, 119, 135, 138, 141, 142, 144, 166, 167, 169, 170, 172, 174, 191, 193, 208, 209, 212, 213, 215, 231, 233, 234, 248, 250, 251, 265], "summary": {"covered_lines": 47, "num_statements": 47, "percent_covered": 100.0, "percent_covered_display": "100", "missing_lines": 0, "excluded_lines": 0, "percent_statements_covered": 100.0, "percent_statements_covered_display": "100"}, "missing_lines": [], "excluded_lines": [], "functions": {"ConversationSession.__init__": {"executed_lines": [51, 52, 53, 54], "summary": {"covered_lines": 4, "num_statements": 4, "percent_covered": 100.0, "percent_covered_display": "100", "missing_lines": 0, "excluded_lines": 0, "percent_statements_covered": 100.0, "percent_statements_covered_display": "100"}, "missing_lines": [], "excluded_lines": [], "start_line": 33}, "ConversationSession.create": {"executed_lines": [80, 81], "summary": {"covered_lines": 2, "num_statements": 2, "percent_covered": 100.0, "percent_covered_display": "100", "missing_lines": 0, "excluded_lines": 0, "percent_statements_covered": 100.0, "percent_statements_covered_display": "100"}, "missing_lines": [], "excluded_lines": [], "start_line": 57}, "ConversationSession.load": {"executed_lines": [108, 112, 113, 115, 116, 117], "summary": {"covered_lines": 6, "num_statements": 6, "percent_covered": 100.0, "percent_covered_display": "100", "missing_lines": 0, "excluded_lines": 0, "percent_statements_covered": 100.0, "percent_statements_covered_display": "100"}, "missing_lines": [], "excluded_lines": [], "start_line": 84}, "ConversationSession.add_message": {"executed_lines": [135, 138, 141, 142], "summary": {"covered_lines": 4, "num_statements": 4, "percent_covered": 100.0, "percent_covered_display": "100", "missing_lines": 0, "excluded_lines": 0, "percent_statements_covered": 100.0, "percent_statements_covered_display": "100"}, "missing_lines": [], "excluded_lines": [], "start_line": 119}, "ConversationSession.get_history": {"executed_lines": [166, 167, 169, 170, 172], "summary": {"covered_lines": 5, "num_statements": 5, "percent_covered": 100.0, "percent_covered_display": "100", "missing_lines": 0, "excluded_lines": 0, "percent_statements_covered": 100.0, "percent_statements_covered_display": "100"}, "missing_lines": [], "excluded_lines": [], "start_line": 144}, "ConversationSession.get_context_messages": {"executed_lines": [191], "summary": {"covered_lines": 1, "num_statements": 1, "percent_covered": 100.0, "percent_covered_display": "100", "missing_lines": 0, "excluded_lines": 0, "percent_statements_covered": 100.0, "percent_statements_covered_display": "100"}, "missing_lines": [], "excluded_lines": [], "start_line": 174}, "ConversationSession.trim_context": {"executed_lines": [208, 209, 212, 213], "summary": {"covered_lines": 4, "num_statements": 4, "percent_covered": 100.0, "percent_covered_display": "100", "missing_lines": 0, "excluded_lines": 0, "percent_statements_covered": 100.0, "percent_statements_covered_display": "100"}, "missing_lines": [], "excluded_lines": [], "start_line": 193}, "ConversationSession.clear_history": {"executed_lines": [231], "summary": {"covered_lines": 1, "num_statements": 1, "percent_covered": 100.0, "percent_covered_display": "100", "missing_lines": 0, "excluded_lines": 0, "percent_statements_covered": 100.0, "percent_statements_covered_display": "100"}, "missing_lines": [], "excluded_lines": [], "start_line": 215}, "ConversationSession.message_count": {"executed_lines": [248], "summary": {"covered_lines": 1, "num_statements": 1, "percent_covered": 100.0, "percent_covered_display": "100", "missing_lines": 0, "excluded_lines": 0, "percent_statements_covered": 100.0, "percent_statements_covered_display": "100"}, "missing_lines": [], "excluded_lines": [], "start_line": 234}, "ConversationSession.is_empty": {"executed_lines": [265], "summary": {"covered_lines": 1, "num_statements": 1, "percent_covered": 100.0, "percent_covered_display": "100", "missing_lines": 0, "excluded_lines": 0, "percent_statements_covered": 100.0, "percent_statements_covered_display": "100"}, "missing_lines": [], "excluded_lines": [], "start_line": 251}, "": {"executed_lines": [3, 5, 7, 10, 33, 56, 57, 83, 84, 119, 144, 174, 193, 215, 233, 234, 250, 251], "summary": {"covered_lines": 18, "num_statements": 18, "percent_covered": 100.0, "percent_covered_display": "100", "missing_lines": 0, "excluded_lines": 0, "percent_statements_covered": 100.0, "percent_statements_covered_display": "100"}, "missing_lines": [], "excluded_lines": [], "start_line": 1}}, "classes": {"ConversationSession": {"executed_lines": [51, 52, 53, 54, 80, 81, 108, 112, 113, 115, 116, 117, 135, 138, 141, 142, 166, 167, 169, 170, 172, 191, 208, 209, 212, 213, 231, 248, 265], "summary": {"covered_lines": 29, "num_statements": 29, "percent_covered": 100.0, "percent_covered_display": "100", "missing_lines": 0, "excluded_lines": 0, "percent_statements_covered": 100.0, "percent_statements_covered_display": "100"}, "missing_lines": [], "excluded_lines": [], "start_line": 10}, "": {"executed_lines": [3, 5, 7, 10, 33, 56, 57, 83, 84, 119, 144, 174, 193, 215, 233, 234, 250, 251], "summary": {"covered_lines": 18, "num_statements": 18, "percent_covered": 100.0, "percent_covered_display": "100", "missing_lines": 0, "excluded_lines": 0, "percent_statements_covered": 100.0, "percent_statements_covered_display": "100"}, "missing_lines": [], "excluded_lines": [], "start_line": 1}}}, "src/secondbrain/conversation/storage.py": {"executed_lines": [3, 4, 5, 7, 8, 9, 10, 15, 16, 17, 19, 21, 24, 57, 79, 80, 81, 82, 83, 84, 85, 86, 87, 89, 103, 104, 110, 111, 129, 130, 138, 140, 141, 153, 154, 155, 157, 158, 170, 171, 172, 174, 188, 189, 190, 191, 192, 194, 217, 219, 220, 227, 228, 230, 252, 254, 260, 268, 292, 294, 304, 337, 339, 343, 344, 346, 348, 349, 350, 352, 354, 380, 382, 383, 385, 416, 418, 428, 429, 430, 431, 439, 441, 452, 453, 454, 455, 456, 457, 458, 460, 472, 474, 494], "summary": {"covered_lines": 94, "num_statements": 94, "percent_covered": 100.0, "percent_covered_display": "100", "missing_lines": 0, "excluded_lines": 0, "percent_statements_covered": 100.0, "percent_statements_covered_display": "100"}, "missing_lines": [], "excluded_lines": [], "functions": {"ConversationStorage.__init__": {"executed_lines": [79, 80, 81, 82, 83, 84, 85, 86, 87], "summary": {"covered_lines": 9, "num_statements": 9, "percent_covered": 100.0, "percent_covered_display": "100", "missing_lines": 0, "excluded_lines": 0, "percent_statements_covered": 100.0, "percent_statements_covered_display": "100"}, "missing_lines": [], "excluded_lines": [], "start_line": 57}, "ConversationStorage._require_connection": {"executed_lines": [103, 104], "summary": {"covered_lines": 2, "num_statements": 2, "percent_covered": 100.0, "percent_covered_display": "100", "missing_lines": 0, "excluded_lines": 0, "percent_statements_covered": 100.0, "percent_statements_covered_display": "100"}, "missing_lines": [], "excluded_lines": [], "start_line": 89}, "ConversationStorage.client": {"executed_lines": [129, 130, 138], "summary": {"covered_lines": 3, "num_statements": 3, "percent_covered": 100.0, "percent_covered_display": "100", "missing_lines": 0, "excluded_lines": 0, "percent_statements_covered": 100.0, "percent_statements_covered_display": "100"}, "missing_lines": [], "excluded_lines": [], "start_line": 111}, "ConversationStorage.db": {"executed_lines": [153, 154, 155], "summary": {"covered_lines": 3, "num_statements": 3, "percent_covered": 100.0, "percent_covered_display": "100", "missing_lines": 0, "excluded_lines": 0, "percent_statements_covered": 100.0, "percent_statements_covered_display": "100"}, "missing_lines": [], "excluded_lines": [], "start_line": 141}, "ConversationStorage.collection": {"executed_lines": [170, 171, 172], "summary": {"covered_lines": 3, "num_statements": 3, "percent_covered": 100.0, "percent_covered_display": "100", "missing_lines": 0, "excluded_lines": 0, "percent_statements_covered": 100.0, "percent_statements_covered_display": "100"}, "missing_lines": [], "excluded_lines": [], "start_line": 158}, "ConversationStorage._do_validate": {"executed_lines": [188, 189, 190, 191, 192], "summary": {"covered_lines": 5, "num_statements": 5, "percent_covered": 100.0, "percent_covered_display": "100", "missing_lines": 0, "excluded_lines": 0, "percent_statements_covered": 100.0, "percent_statements_covered_display": "100"}, "missing_lines": [], "excluded_lines": [], "start_line": 174}, "ConversationStorage.create_session": {"executed_lines": [217, 219, 220, 227, 228], "summary": {"covered_lines": 5, "num_statements": 5, "percent_covered": 100.0, "percent_covered_display": "100", "missing_lines": 0, "excluded_lines": 0, "percent_statements_covered": 100.0, "percent_statements_covered_display": "100"}, "missing_lines": [], "excluded_lines": [], "start_line": 194}, "ConversationStorage.save_message": {"executed_lines": [252, 254, 260], "summary": {"covered_lines": 3, "num_statements": 3, "percent_covered": 100.0, "percent_covered_display": "100", "missing_lines": 0, "excluded_lines": 0, "percent_statements_covered": 100.0, "percent_statements_covered_display": "100"}, "missing_lines": [], "excluded_lines": [], "start_line": 230}, "ConversationStorage.update_messages": {"executed_lines": [292, 294], "summary": {"covered_lines": 2, "num_statements": 2, "percent_covered": 100.0, "percent_covered_display": "100", "missing_lines": 0, "excluded_lines": 0, "percent_statements_covered": 100.0, "percent_statements_covered_display": "100"}, "missing_lines": [], "excluded_lines": [], "start_line": 268}, "ConversationStorage.get_history": {"executed_lines": [337, 339, 343, 344, 346, 348, 349, 350, 352], "summary": {"covered_lines": 9, "num_statements": 9, "percent_covered": 100.0, "percent_covered_display": "100", "missing_lines": 0, "excluded_lines": 0, "percent_statements_covered": 100.0, "percent_statements_covered_display": "100"}, "missing_lines": [], "excluded_lines": [], "start_line": 304}, "ConversationStorage.delete_session": {"executed_lines": [380, 382, 383], "summary": {"covered_lines": 3, "num_statements": 3, "percent_covered": 100.0, "percent_covered_display": "100", "missing_lines": 0, "excluded_lines": 0, "percent_statements_covered": 100.0, "percent_statements_covered_display": "100"}, "missing_lines": [], "excluded_lines": [], "start_line": 354}, "ConversationStorage.list_sessions": {"executed_lines": [416, 418, 428, 429, 430, 431, 439], "summary": {"covered_lines": 7, "num_statements": 7, "percent_covered": 100.0, "percent_covered_display": "100", "missing_lines": 0, "excluded_lines": 0, "percent_statements_covered": 100.0, "percent_statements_covered_display": "100"}, "missing_lines": [], "excluded_lines": [], "start_line": 385}, "ConversationStorage.close": {"executed_lines": [452, 453, 454, 455, 456, 457, 458], "summary": {"covered_lines": 7, "num_statements": 7, "percent_covered": 100.0, "percent_covered_display": "100", "missing_lines": 0, "excluded_lines": 0, "percent_statements_covered": 100.0, "percent_statements_covered_display": "100"}, "missing_lines": [], "excluded_lines": [], "start_line": 441}, "ConversationStorage.__enter__": {"executed_lines": [472], "summary": {"covered_lines": 1, "num_statements": 1, "percent_covered": 100.0, "percent_covered_display": "100", "missing_lines": 0, "excluded_lines": 0, "percent_statements_covered": 100.0, "percent_statements_covered_display": "100"}, "missing_lines": [], "excluded_lines": [], "start_line": 460}, "ConversationStorage.__exit__": {"executed_lines": [494], "summary": {"covered_lines": 1, "num_statements": 1, "percent_covered": 100.0, "percent_covered_display": "100", "missing_lines": 0, "excluded_lines": 0, "percent_statements_covered": 100.0, "percent_statements_covered_display": "100"}, "missing_lines": [], "excluded_lines": [], "start_line": 474}, "": {"executed_lines": [3, 4, 5, 7, 8, 9, 10, 15, 16, 17, 19, 21, 24, 57, 89, 110, 111, 140, 141, 157, 158, 174, 194, 230, 268, 304, 354, 385, 441, 460, 474], "summary": {"covered_lines": 31, "num_statements": 31, "percent_covered": 100.0, "percent_covered_display": "100", "missing_lines": 0, "excluded_lines": 0, "percent_statements_covered": 100.0, "percent_statements_covered_display": "100"}, "missing_lines": [], "excluded_lines": [], "start_line": 1}}, "classes": {"ConversationStorage": {"executed_lines": [79, 80, 81, 82, 83, 84, 85, 86, 87, 103, 104, 129, 130, 138, 153, 154, 155, 170, 171, 172, 188, 189, 190, 191, 192, 217, 219, 220, 227, 228, 252, 254, 260, 292, 294, 337, 339, 343, 344, 346, 348, 349, 350, 352, 380, 382, 383, 416, 418, 428, 429, 430, 431, 439, 452, 453, 454, 455, 456, 457, 458, 472, 494], "summary": {"covered_lines": 63, "num_statements": 63, "percent_covered": 100.0, "percent_covered_display": "100", "missing_lines": 0, "excluded_lines": 0, "percent_statements_covered": 100.0, "percent_statements_covered_display": "100"}, "missing_lines": [], "excluded_lines": [], "start_line": 24}, "": {"executed_lines": [3, 4, 5, 7, 8, 9, 10, 15, 16, 17, 19, 21, 24, 57, 89, 110, 111, 140, 141, 157, 158, 174, 194, 230, 268, 304, 354, 385, 441, 460, 474], "summary": {"covered_lines": 31, "num_statements": 31, "percent_covered": 100.0, "percent_covered_display": "100", "missing_lines": 0, "excluded_lines": 0, "percent_statements_covered": 100.0, "percent_statements_covered_display": "100"}, "missing_lines": [], "excluded_lines": [], "start_line": 1}}}, "src/secondbrain/document/__init__.py": {"executed_lines": [10, 12, 13, 14, 15, 16, 17, 18, 19, 20, 21, 23, 24, 26, 27, 28, 29, 38, 41, 42, 44, 58, 61, 62, 63, 66, 69, 71, 74, 79, 82, 83, 86, 87, 89, 94, 95, 97, 99, 101, 102, 103, 106, 125, 126, 130, 131, 132, 134, 136, 137, 140, 142, 143, 144, 145, 147, 148, 149, 150, 151, 153, 156, 157, 158, 159, 161, 167, 168, 176, 201, 202, 203, 204, 205, 207, 209, 210, 213, 214, 215, 216, 217, 218, 219, 220, 221, 222, 223, 225, 231, 234, 235, 236, 238, 241, 242, 243, 244, 245, 247, 248, 249, 250, 251, 260, 261, 262, 264, 267, 268, 270, 271, 272, 274, 275, 284, 287, 288, 289, 291, 309, 332, 333, 335, 336, 337, 339, 341, 342, 345, 347, 348, 349, 352, 353, 354, 355, 356, 358, 361, 367, 368, 369, 373, 393, 457, 459, 460, 461, 463, 464, 466, 467, 468, 469, 470, 471, 472, 473, 474, 475, 477, 478, 479, 480, 482, 485, 499, 500, 503, 531, 541, 544, 554, 555, 581, 584, 591, 606, 608, 609, 610, 611, 612, 613, 615, 616, 617, 618, 619, 622, 625, 627, 629, 640, 643, 644, 649, 650, 651, 653, 663, 664, 665, 671, 686, 688, 689, 692, 693, 694, 695, 696, 697, 698, 699, 700, 702, 704, 742, 743, 745, 747, 748, 749, 750, 751, 752, 753, 759, 777, 792, 793, 795, 796, 797, 798, 800, 801, 803, 804, 805, 815, 817, 832, 834, 835, 836, 839, 840, 841, 843, 845, 846, 848, 849, 850, 851, 853, 854, 857, 858, 861, 862, 863, 864, 866, 867, 873, 874, 876, 877, 878, 879, 881, 883, 884, 885, 886, 891, 893, 895, 910, 911, 913, 914, 916, 917, 919, 924, 926, 928, 929, 930, 932, 941, 943, 945, 963, 966, 971, 973, 1019, 1021, 1022, 1025, 1026, 1027, 1029, 1030, 1031, 1034, 1035, 1037, 1038, 1039, 1041, 1052, 1059, 1060, 1064, 1066, 1088, 1089, 1090, 1093, 1094, 1095, 1096, 1097, 1098, 1099, 1102, 1103, 1104, 1105, 1106, 1107, 1108, 1135, 1136, 1138, 1139, 1140, 1143, 1144, 1146, 1148, 1149, 1150, 1152, 1161, 1163, 1164, 1166, 1168, 1182, 1183, 1184, 1186, 1187, 1189, 1191, 1214, 1218, 1220, 1221, 1224, 1226, 1228, 1229, 1230, 1232, 1240, 1253, 1255, 1256, 1258, 1260, 1267, 1268, 1269, 1270, 1271, 1273, 1274, 1280, 1281, 1282, 1283, 1284, 1285, 1287, 1288, 1300, 1301, 1311, 1312, 1319, 1320, 1321, 1322, 1323, 1325, 1326, 1328, 1333, 1335, 1456, 1523, 1543, 1548, 1549, 1552, 1553, 1556, 1557, 1559, 1560, 1562, 1565, 1569, 1571, 1573, 1574, 1575, 1576, 1578, 1580, 1581, 1582, 1583, 1585, 1586, 1587, 1588, 1589, 1591, 1593, 1594, 1595, 1596, 1598, 1600, 1602, 1603, 1606, 1610, 1620, 1622, 1623, 1624, 1626, 1627, 1629, 1630, 1631, 1632, 1633, 1634, 1635, 1636, 1637, 1638, 1640, 1641, 1642, 1643, 1645, 1648, 1663, 1682, 1686, 1696, 1751, 1820], "summary": {"covered_lines": 477, "num_statements": 671, "percent_covered": 71.08792846497765, "percent_covered_display": "71", "missing_lines": 194, "excluded_lines": 3, "percent_statements_covered": 71.08792846497765, "percent_statements_covered_display": "71"}, "missing_lines": [90, 91, 226, 227, 228, 246, 297, 298, 299, 300, 301, 350, 362, 363, 364, 379, 381, 382, 383, 385, 690, 691, 762, 763, 764, 768, 771, 925, 1032, 1053, 1056, 1109, 1110, 1116, 1117, 1118, 1119, 1120, 1121, 1122, 1123, 1124, 1125, 1126, 1127, 1132, 1141, 1145, 1261, 1262, 1263, 1264, 1275, 1289, 1290, 1293, 1294, 1295, 1296, 1297, 1298, 1305, 1306, 1307, 1308, 1309, 1313, 1329, 1331, 1354, 1359, 1361, 1362, 1364, 1371, 1381, 1382, 1383, 1384, 1386, 1387, 1388, 1391, 1392, 1393, 1394, 1396, 1397, 1398, 1399, 1403, 1404, 1405, 1406, 1408, 1410, 1411, 1412, 1415, 1416, 1417, 1418, 1420, 1421, 1422, 1424, 1425, 1428, 1429, 1432, 1433, 1434, 1435, 1436, 1438, 1439, 1440, 1442, 1443, 1444, 1450, 1451, 1452, 1454, 1475, 1480, 1481, 1483, 1487, 1488, 1489, 1492, 1494, 1495, 1496, 1497, 1498, 1499, 1500, 1501, 1502, 1504, 1505, 1506, 1507, 1509, 1510, 1511, 1517, 1518, 1519, 1521, 1601, 1676, 1684, 1694, 1715, 1716, 1717, 1720, 1721, 1724, 1728, 1729, 1732, 1734, 1736, 1737, 1740, 1743, 1746, 1747, 1749, 1768, 1770, 1772, 1773, 1777, 1780, 1782, 1784, 1786, 1793, 1796, 1802, 1803, 1804, 1805, 1807, 1808, 1809, 1810, 1811, 1817], "excluded_lines": [33, 34, 36], "functions": {"_init_worker": {"executed_lines": [69, 71], "summary": {"covered_lines": 2, "num_statements": 2, "percent_covered": 100.0, "percent_covered_display": "100", "missing_lines": 0, "excluded_lines": 0, "percent_statements_covered": 100.0, "percent_statements_covered_display": "100"}, "missing_lines": [], "excluded_lines": [], "start_line": 66}, "_init_worker_with_queue": {"executed_lines": [79, 82, 83, 86, 87, 89, 94, 95, 97, 99, 101, 102, 103], "summary": {"covered_lines": 13, "num_statements": 15, "percent_covered": 86.66666666666667, "percent_covered_display": "87", "missing_lines": 2, "excluded_lines": 0, "percent_statements_covered": 86.66666666666667, "percent_statements_covered_display": "87"}, "missing_lines": [90, 91], "excluded_lines": [], "start_line": 74}, "_extract_and_chunk_file": {"executed_lines": [125, 126, 130, 131, 132, 134, 136, 137, 140, 142, 143, 144, 145, 147, 148, 149, 150, 151, 153, 156, 157, 158, 159, 161, 167, 168], "summary": {"covered_lines": 26, "num_statements": 26, "percent_covered": 100.0, "percent_covered_display": "100", "missing_lines": 0, "excluded_lines": 0, "percent_statements_covered": 100.0, "percent_statements_covered_display": "100"}, "missing_lines": [], "excluded_lines": [], "start_line": 106}, "_extract_chunk_and_embed_file": {"executed_lines": [201, 202, 203, 204, 205, 207, 209, 210, 213, 214, 215, 216, 217, 218, 219, 220, 221, 222, 223, 225, 231, 234, 235, 236, 238, 241, 242, 243, 244, 245, 247, 248, 249, 250, 251, 260, 261, 262, 264, 267, 268, 270, 271, 272, 274, 275, 284, 287, 288, 289, 291], "summary": {"covered_lines": 51, "num_statements": 60, "percent_covered": 85.0, "percent_covered_display": "85", "missing_lines": 9, "excluded_lines": 0, "percent_statements_covered": 85.0, "percent_statements_covered_display": "85"}, "missing_lines": [226, 227, 228, 246, 297, 298, 299, 300, 301], "excluded_lines": [], "start_line": 176}, "_extract_and_chunk_file_with_progress": {"executed_lines": [332, 333, 335, 336, 337, 339, 341, 342, 345, 347, 348, 349, 352, 353, 354, 355, 356, 358, 361, 367, 368, 369, 373], "summary": {"covered_lines": 23, "num_statements": 32, "percent_covered": 71.875, "percent_covered_display": "72", "missing_lines": 9, "excluded_lines": 0, "percent_statements_covered": 71.875, "percent_statements_covered_display": "72"}, "missing_lines": [350, 362, 363, 364, 379, 381, 382, 383, 385], "excluded_lines": [], "start_line": 309}, "_chunk_segments": {"executed_lines": [457, 459, 460, 461, 463, 464, 466, 467, 468, 469, 470, 471, 472, 473, 474, 475, 477, 478, 479, 480, 482], "summary": {"covered_lines": 21, "num_statements": 21, "percent_covered": 100.0, "percent_covered_display": "100", "missing_lines": 0, "excluded_lines": 0, "percent_statements_covered": 100.0, "percent_statements_covered_display": "100"}, "missing_lines": [], "excluded_lines": [], "start_line": 393}, "is_supported": {"executed_lines": [541], "summary": {"covered_lines": 1, "num_statements": 1, "percent_covered": 100.0, "percent_covered_display": "100", "missing_lines": 0, "excluded_lines": 0, "percent_statements_covered": 100.0, "percent_statements_covered_display": "100"}, "missing_lines": [], "excluded_lines": [], "start_line": 531}, "get_file_type": {"executed_lines": [554, 555, 581], "summary": {"covered_lines": 3, "num_statements": 3, "percent_covered": 100.0, "percent_covered_display": "100", "missing_lines": 0, "excluded_lines": 0, "percent_statements_covered": 100.0, "percent_statements_covered_display": "100"}, "missing_lines": [], "excluded_lines": [], "start_line": 544}, "DocumentIngestor.__init__": {"executed_lines": [606, 608, 609, 610, 611, 612, 613, 615, 616, 617, 618, 619, 622, 625, 627], "summary": {"covered_lines": 15, "num_statements": 15, "percent_covered": 100.0, "percent_covered_display": "100", "missing_lines": 0, "excluded_lines": 0, "percent_statements_covered": 100.0, "percent_statements_covered_display": "100"}, "missing_lines": [], "excluded_lines": [], "start_line": 591}, "DocumentIngestor._validate_file_path": {"executed_lines": [640, 643, 644, 649, 650, 651], "summary": {"covered_lines": 6, "num_statements": 6, "percent_covered": 100.0, "percent_covered_display": "100", "missing_lines": 0, "excluded_lines": 0, "percent_statements_covered": 100.0, "percent_statements_covered_display": "100"}, "missing_lines": [], "excluded_lines": [], "start_line": 629}, "DocumentIngestor._validate_file_size": {"executed_lines": [663, 664, 665], "summary": {"covered_lines": 3, "num_statements": 3, "percent_covered": 100.0, "percent_covered_display": "100", "missing_lines": 0, "excluded_lines": 0, "percent_statements_covered": 100.0, "percent_statements_covered_display": "100"}, "missing_lines": [], "excluded_lines": [], "start_line": 653}, "DocumentIngestor._collect_and_validate_files": {"executed_lines": [686, 688, 689, 692, 693, 694, 695, 696, 697, 698, 699, 700, 702], "summary": {"covered_lines": 13, "num_statements": 15, "percent_covered": 86.66666666666667, "percent_covered_display": "87", "missing_lines": 2, "excluded_lines": 0, "percent_statements_covered": 86.66666666666667, "percent_statements_covered_display": "87"}, "missing_lines": [690, 691], "excluded_lines": [], "start_line": 671}, "DocumentIngestor._process_file_for_storage": {"executed_lines": [742, 743, 745, 747, 748, 749, 750, 751, 752, 753, 759], "summary": {"covered_lines": 11, "num_statements": 16, "percent_covered": 68.75, "percent_covered_display": "69", "missing_lines": 5, "excluded_lines": 0, "percent_statements_covered": 68.75, "percent_statements_covered_display": "69"}, "missing_lines": [762, 763, 764, 768, 771], "excluded_lines": [], "start_line": 704}, "DocumentIngestor._deduplicate_and_chunk_segments": {"executed_lines": [792, 793, 795, 796, 797, 798, 800, 801, 803, 804, 805, 815], "summary": {"covered_lines": 12, "num_statements": 12, "percent_covered": 100.0, "percent_covered_display": "100", "missing_lines": 0, "excluded_lines": 0, "percent_statements_covered": 100.0, "percent_statements_covered_display": "100"}, "missing_lines": [], "excluded_lines": [], "start_line": 777}, "DocumentIngestor._generate_embeddings_with_cache": {"executed_lines": [832, 834, 835, 836, 839, 840, 841, 843, 845, 846, 848, 849, 850, 851, 853, 854, 857, 858, 861, 862, 863, 864, 866, 867, 873, 874, 876, 877, 878, 879, 881, 883, 884, 885, 886, 891, 893], "summary": {"covered_lines": 37, "num_statements": 37, "percent_covered": 100.0, "percent_covered_display": "100", "missing_lines": 0, "excluded_lines": 0, "percent_statements_covered": 100.0, "percent_statements_covered_display": "100"}, "missing_lines": [], "excluded_lines": [], "start_line": 817}, "DocumentIngestor._build_documents_from_chunks": {"executed_lines": [910, 911, 913, 914, 916, 917, 919, 924, 926, 928, 929, 930, 932, 941, 943], "summary": {"covered_lines": 15, "num_statements": 16, "percent_covered": 93.75, "percent_covered_display": "94", "missing_lines": 1, "excluded_lines": 0, "percent_statements_covered": 93.75, "percent_statements_covered_display": "94"}, "missing_lines": [925], "excluded_lines": [], "start_line": 895}, "DocumentIngestor._build_documents_with_embeddings": {"executed_lines": [963, 966, 971], "summary": {"covered_lines": 3, "num_statements": 3, "percent_covered": 100.0, "percent_covered_display": "100", "missing_lines": 0, "excluded_lines": 0, "percent_statements_covered": 100.0, "percent_statements_covered_display": "100"}, "missing_lines": [], "excluded_lines": [], "start_line": 945}, "DocumentIngestor._stream_process_chunks": {"executed_lines": [1019, 1021, 1022, 1025, 1026, 1027, 1029, 1030, 1031, 1034, 1035, 1037, 1038, 1039, 1041, 1052, 1059, 1060, 1064], "summary": {"covered_lines": 19, "num_statements": 22, "percent_covered": 86.36363636363636, "percent_covered_display": "86", "missing_lines": 3, "excluded_lines": 0, "percent_statements_covered": 86.36363636363636, "percent_statements_covered_display": "86"}, "missing_lines": [1032, 1053, 1056], "excluded_lines": [], "start_line": 973}, "DocumentIngestor._store_embedding_batch": {"executed_lines": [1088, 1089, 1090, 1093, 1094, 1095, 1096, 1097, 1098, 1099, 1102, 1103, 1104, 1105, 1106, 1107, 1108, 1135, 1136, 1138, 1139, 1140, 1143, 1144, 1146, 1148, 1149, 1150, 1152, 1161, 1163, 1164, 1166], "summary": {"covered_lines": 33, "num_statements": 50, "percent_covered": 66.0, "percent_covered_display": "66", "missing_lines": 17, "excluded_lines": 0, "percent_statements_covered": 66.0, "percent_statements_covered_display": "66"}, "missing_lines": [1109, 1110, 1116, 1117, 1118, 1119, 1120, 1121, 1122, 1123, 1124, 1125, 1126, 1127, 1132, 1141, 1145], "excluded_lines": [], "start_line": 1066}, "DocumentIngestor._resolve_core_count": {"executed_lines": [1182, 1183, 1184, 1186, 1187, 1189], "summary": {"covered_lines": 6, "num_statements": 6, "percent_covered": 100.0, "percent_covered_display": "100", "missing_lines": 0, "excluded_lines": 0, "percent_statements_covered": 100.0, "percent_statements_covered_display": "100"}, "missing_lines": [], "excluded_lines": [], "start_line": 1168}, "DocumentIngestor._process_parallel_with_progress": {"executed_lines": [1214, 1218, 1220, 1221, 1224, 1226, 1228, 1229, 1230, 1232, 1240, 1253, 1255, 1256, 1258, 1260, 1267, 1268, 1269, 1270, 1271, 1273, 1274, 1280, 1281, 1282, 1283, 1284, 1285, 1287, 1288, 1300, 1301, 1311, 1312, 1319, 1320, 1321, 1322, 1323, 1325, 1326, 1328, 1333], "summary": {"covered_lines": 44, "num_statements": 65, "percent_covered": 67.6923076923077, "percent_covered_display": "68", "missing_lines": 21, "excluded_lines": 0, "percent_statements_covered": 67.6923076923077, "percent_statements_covered_display": "68"}, "missing_lines": [1261, 1262, 1263, 1264, 1275, 1289, 1290, 1293, 1294, 1295, 1296, 1297, 1298, 1305, 1306, 1307, 1308, 1309, 1313, 1329, 1331], "excluded_lines": [], "start_line": 1191}, "DocumentIngestor._process_multiprocessing_batch": {"executed_lines": [], "summary": {"covered_lines": 0, "num_statements": 55, "percent_covered": 0.0, "percent_covered_display": "0", "missing_lines": 55, "excluded_lines": 0, "percent_statements_covered": 0.0, "percent_statements_covered_display": "0"}, "missing_lines": [1354, 1359, 1361, 1362, 1364, 1371, 1381, 1382, 1383, 1384, 1386, 1387, 1388, 1391, 1392, 1393, 1394, 1396, 1397, 1398, 1399, 1403, 1404, 1405, 1406, 1408, 1410, 1411, 1412, 1415, 1416, 1417, 1418, 1420, 1421, 1422, 1424, 1425, 1428, 1429, 1432, 1433, 1434, 1435, 1436, 1438, 1439, 1440, 1442, 1443, 1444, 1450, 1451, 1452, 1454], "excluded_lines": [], "start_line": 1335}, "DocumentIngestor._process_threadpool_batch": {"executed_lines": [], "summary": {"covered_lines": 0, "num_statements": 28, "percent_covered": 0.0, "percent_covered_display": "0", "missing_lines": 28, "excluded_lines": 0, "percent_statements_covered": 0.0, "percent_statements_covered_display": "0"}, "missing_lines": [1475, 1480, 1481, 1483, 1487, 1488, 1489, 1492, 1494, 1495, 1496, 1497, 1498, 1499, 1500, 1501, 1502, 1504, 1505, 1506, 1507, 1509, 1510, 1511, 1517, 1518, 1519, 1521], "excluded_lines": [], "start_line": 1456}, "DocumentIngestor.ingest": {"executed_lines": [1543, 1548, 1549, 1552, 1553, 1556, 1557, 1559, 1560, 1562, 1565, 1569], "summary": {"covered_lines": 12, "num_statements": 12, "percent_covered": 100.0, "percent_covered_display": "100", "missing_lines": 0, "excluded_lines": 0, "percent_statements_covered": 100.0, "percent_statements_covered_display": "100"}, "missing_lines": [], "excluded_lines": [], "start_line": 1523}, "DocumentIngestor._extract_text": {"executed_lines": [1573, 1574, 1575, 1576, 1578, 1580, 1581, 1582, 1583, 1585, 1586, 1587, 1588, 1589, 1591, 1593, 1594, 1595, 1596, 1598, 1600, 1602, 1603, 1606], "summary": {"covered_lines": 24, "num_statements": 25, "percent_covered": 96.0, "percent_covered_display": "96", "missing_lines": 1, "excluded_lines": 0, "percent_statements_covered": 96.0, "percent_statements_covered_display": "96"}, "missing_lines": [1601], "excluded_lines": [], "start_line": 1571}, "DocumentIngestor._chunk_text": {"executed_lines": [1620, 1622, 1623, 1624, 1626, 1627, 1629, 1630, 1631, 1632, 1633, 1634, 1635, 1636, 1637, 1638, 1640, 1641, 1642, 1643, 1645], "summary": {"covered_lines": 21, "num_statements": 21, "percent_covered": 100.0, "percent_covered_display": "100", "missing_lines": 0, "excluded_lines": 0, "percent_statements_covered": 100.0, "percent_statements_covered_display": "100"}, "missing_lines": [], "excluded_lines": [], "start_line": 1610}, "AsyncDocumentIngestor.__init__": {"executed_lines": [], "summary": {"covered_lines": 0, "num_statements": 1, "percent_covered": 0.0, "percent_covered_display": "0", "missing_lines": 1, "excluded_lines": 0, "percent_statements_covered": 0.0, "percent_statements_covered_display": "0"}, "missing_lines": [1676], "excluded_lines": [], "start_line": 1663}, "AsyncDocumentIngestor.__aenter__": {"executed_lines": [], "summary": {"covered_lines": 0, "num_statements": 1, "percent_covered": 0.0, "percent_covered_display": "0", "missing_lines": 1, "excluded_lines": 0, "percent_statements_covered": 0.0, "percent_statements_covered_display": "0"}, "missing_lines": [1684], "excluded_lines": [], "start_line": 1682}, "AsyncDocumentIngestor.__aexit__": {"executed_lines": [], "summary": {"covered_lines": 0, "num_statements": 1, "percent_covered": 0.0, "percent_covered_display": "0", "missing_lines": 1, "excluded_lines": 0, "percent_statements_covered": 0.0, "percent_statements_covered_display": "0"}, "missing_lines": [1694], "excluded_lines": [], "start_line": 1686}, "AsyncDocumentIngestor.ingest_async": {"executed_lines": [], "summary": {"covered_lines": 0, "num_statements": 15, "percent_covered": 0.0, "percent_covered_display": "0", "missing_lines": 15, "excluded_lines": 0, "percent_statements_covered": 0.0, "percent_statements_covered_display": "0"}, "missing_lines": [1715, 1716, 1717, 1720, 1721, 1724, 1728, 1729, 1732, 1734, 1740, 1743, 1746, 1747, 1749], "excluded_lines": [], "start_line": 1696}, "AsyncDocumentIngestor.ingest_async.process_with_semaphore": {"executed_lines": [], "summary": {"covered_lines": 0, "num_statements": 2, "percent_covered": 0.0, "percent_covered_display": "0", "missing_lines": 2, "excluded_lines": 0, "percent_statements_covered": 0.0, "percent_statements_covered_display": "0"}, "missing_lines": [1736, 1737], "excluded_lines": [], "start_line": 1734}, "AsyncDocumentIngestor.process_file_async": {"executed_lines": [], "summary": {"covered_lines": 0, "num_statements": 21, "percent_covered": 0.0, "percent_covered_display": "0", "missing_lines": 21, "excluded_lines": 0, "percent_statements_covered": 0.0, "percent_statements_covered_display": "0"}, "missing_lines": [1768, 1770, 1772, 1773, 1777, 1780, 1782, 1784, 1786, 1793, 1796, 1802, 1803, 1804, 1805, 1807, 1808, 1809, 1810, 1811, 1817], "excluded_lines": [], "start_line": 1751}, "": {"executed_lines": [10, 12, 13, 14, 15, 16, 17, 18, 19, 20, 21, 23, 24, 26, 27, 28, 29, 38, 41, 42, 44, 58, 61, 62, 63, 66, 74, 106, 176, 309, 393, 485, 499, 500, 503, 531, 544, 584, 591, 629, 653, 671, 704, 777, 817, 895, 945, 973, 1066, 1168, 1191, 1335, 1456, 1523, 1571, 1610, 1648, 1663, 1682, 1686, 1696, 1751, 1820], "summary": {"covered_lines": 63, "num_statements": 63, "percent_covered": 100.0, "percent_covered_display": "100", "missing_lines": 0, "excluded_lines": 3, "percent_statements_covered": 100.0, "percent_statements_covered_display": "100"}, "missing_lines": [], "excluded_lines": [33, 34, 36], "start_line": 1}}, "classes": {"Segment": {"executed_lines": [], "summary": {"covered_lines": 0, "num_statements": 0, "percent_covered": 100.0, "percent_covered_display": "100", "missing_lines": 0, "excluded_lines": 0, "percent_statements_covered": 100.0, "percent_statements_covered_display": "100"}, "missing_lines": [], "excluded_lines": [], "start_line": 485}, "DocumentIngestor": {"executed_lines": [606, 608, 609, 610, 611, 612, 613, 615, 616, 617, 618, 619, 622, 625, 627, 640, 643, 644, 649, 650, 651, 663, 664, 665, 686, 688, 689, 692, 693, 694, 695, 696, 697, 698, 699, 700, 702, 742, 743, 745, 747, 748, 749, 750, 751, 752, 753, 759, 792, 793, 795, 796, 797, 798, 800, 801, 803, 804, 805, 815, 832, 834, 835, 836, 839, 840, 841, 843, 845, 846, 848, 849, 850, 851, 853, 854, 857, 858, 861, 862, 863, 864, 866, 867, 873, 874, 876, 877, 878, 879, 881, 883, 884, 885, 886, 891, 893, 910, 911, 913, 914, 916, 917, 919, 924, 926, 928, 929, 930, 932, 941, 943, 963, 966, 971, 1019, 1021, 1022, 1025, 1026, 1027, 1029, 1030, 1031, 1034, 1035, 1037, 1038, 1039, 1041, 1052, 1059, 1060, 1064, 1088, 1089, 1090, 1093, 1094, 1095, 1096, 1097, 1098, 1099, 1102, 1103, 1104, 1105, 1106, 1107, 1108, 1135, 1136, 1138, 1139, 1140, 1143, 1144, 1146, 1148, 1149, 1150, 1152, 1161, 1163, 1164, 1166, 1182, 1183, 1184, 1186, 1187, 1189, 1214, 1218, 1220, 1221, 1224, 1226, 1228, 1229, 1230, 1232, 1240, 1253, 1255, 1256, 1258, 1260, 1267, 1268, 1269, 1270, 1271, 1273, 1274, 1280, 1281, 1282, 1283, 1284, 1285, 1287, 1288, 1300, 1301, 1311, 1312, 1319, 1320, 1321, 1322, 1323, 1325, 1326, 1328, 1333, 1543, 1548, 1549, 1552, 1553, 1556, 1557, 1559, 1560, 1562, 1565, 1569, 1573, 1574, 1575, 1576, 1578, 1580, 1581, 1582, 1583, 1585, 1586, 1587, 1588, 1589, 1591, 1593, 1594, 1595, 1596, 1598, 1600, 1602, 1603, 1606, 1620, 1622, 1623, 1624, 1626, 1627, 1629, 1630, 1631, 1632, 1633, 1634, 1635, 1636, 1637, 1638, 1640, 1641, 1642, 1643, 1645], "summary": {"covered_lines": 274, "num_statements": 407, "percent_covered": 67.32186732186732, "percent_covered_display": "67", "missing_lines": 133, "excluded_lines": 0, "percent_statements_covered": 67.32186732186732, "percent_statements_covered_display": "67"}, "missing_lines": [690, 691, 762, 763, 764, 768, 771, 925, 1032, 1053, 1056, 1109, 1110, 1116, 1117, 1118, 1119, 1120, 1121, 1122, 1123, 1124, 1125, 1126, 1127, 1132, 1141, 1145, 1261, 1262, 1263, 1264, 1275, 1289, 1290, 1293, 1294, 1295, 1296, 1297, 1298, 1305, 1306, 1307, 1308, 1309, 1313, 1329, 1331, 1354, 1359, 1361, 1362, 1364, 1371, 1381, 1382, 1383, 1384, 1386, 1387, 1388, 1391, 1392, 1393, 1394, 1396, 1397, 1398, 1399, 1403, 1404, 1405, 1406, 1408, 1410, 1411, 1412, 1415, 1416, 1417, 1418, 1420, 1421, 1422, 1424, 1425, 1428, 1429, 1432, 1433, 1434, 1435, 1436, 1438, 1439, 1440, 1442, 1443, 1444, 1450, 1451, 1452, 1454, 1475, 1480, 1481, 1483, 1487, 1488, 1489, 1492, 1494, 1495, 1496, 1497, 1498, 1499, 1500, 1501, 1502, 1504, 1505, 1506, 1507, 1509, 1510, 1511, 1517, 1518, 1519, 1521, 1601], "excluded_lines": [], "start_line": 584}, "AsyncDocumentIngestor": {"executed_lines": [], "summary": {"covered_lines": 0, "num_statements": 41, "percent_covered": 0.0, "percent_covered_display": "0", "missing_lines": 41, "excluded_lines": 0, "percent_statements_covered": 0.0, "percent_statements_covered_display": "0"}, "missing_lines": [1676, 1684, 1694, 1715, 1716, 1717, 1720, 1721, 1724, 1728, 1729, 1732, 1734, 1736, 1737, 1740, 1743, 1746, 1747, 1749, 1768, 1770, 1772, 1773, 1777, 1780, 1782, 1784, 1786, 1793, 1796, 1802, 1803, 1804, 1805, 1807, 1808, 1809, 1810, 1811, 1817], "excluded_lines": [], "start_line": 1648}, "": {"executed_lines": [10, 12, 13, 14, 15, 16, 17, 18, 19, 20, 21, 23, 24, 26, 27, 28, 29, 38, 41, 42, 44, 58, 61, 62, 63, 66, 69, 71, 74, 79, 82, 83, 86, 87, 89, 94, 95, 97, 99, 101, 102, 103, 106, 125, 126, 130, 131, 132, 134, 136, 137, 140, 142, 143, 144, 145, 147, 148, 149, 150, 151, 153, 156, 157, 158, 159, 161, 167, 168, 176, 201, 202, 203, 204, 205, 207, 209, 210, 213, 214, 215, 216, 217, 218, 219, 220, 221, 222, 223, 225, 231, 234, 235, 236, 238, 241, 242, 243, 244, 245, 247, 248, 249, 250, 251, 260, 261, 262, 264, 267, 268, 270, 271, 272, 274, 275, 284, 287, 288, 289, 291, 309, 332, 333, 335, 336, 337, 339, 341, 342, 345, 347, 348, 349, 352, 353, 354, 355, 356, 358, 361, 367, 368, 369, 373, 393, 457, 459, 460, 461, 463, 464, 466, 467, 468, 469, 470, 471, 472, 473, 474, 475, 477, 478, 479, 480, 482, 485, 499, 500, 503, 531, 541, 544, 554, 555, 581, 584, 591, 629, 653, 671, 704, 777, 817, 895, 945, 973, 1066, 1168, 1191, 1335, 1456, 1523, 1571, 1610, 1648, 1663, 1682, 1686, 1696, 1751, 1820], "summary": {"covered_lines": 203, "num_statements": 223, "percent_covered": 91.03139013452915, "percent_covered_display": "91", "missing_lines": 20, "excluded_lines": 3, "percent_statements_covered": 91.03139013452915, "percent_statements_covered_display": "91"}, "missing_lines": [90, 91, 226, 227, 228, 246, 297, 298, 299, 300, 301, 350, 362, 363, 364, 379, 381, 382, 383, 385], "excluded_lines": [33, 34, 36], "start_line": 1}}}, "src/secondbrain/domain/__init__.py": {"executed_lines": [14, 15, 20, 22], "summary": {"covered_lines": 4, "num_statements": 4, "percent_covered": 100.0, "percent_covered_display": "100", "missing_lines": 0, "excluded_lines": 0, "percent_statements_covered": 100.0, "percent_statements_covered_display": "100"}, "missing_lines": [], "excluded_lines": [], "functions": {"": {"executed_lines": [14, 15, 20, 22], "summary": {"covered_lines": 4, "num_statements": 4, "percent_covered": 100.0, "percent_covered_display": "100", "missing_lines": 0, "excluded_lines": 0, "percent_statements_covered": 100.0, "percent_statements_covered_display": "100"}, "missing_lines": [], "excluded_lines": [], "start_line": 1}}, "classes": {"": {"executed_lines": [14, 15, 20, 22], "summary": {"covered_lines": 4, "num_statements": 4, "percent_covered": 100.0, "percent_covered_display": "100", "missing_lines": 0, "excluded_lines": 0, "percent_statements_covered": 100.0, "percent_statements_covered_display": "100"}, "missing_lines": [], "excluded_lines": [], "start_line": 1}}}, "src/secondbrain/domain/entities.py": {"executed_lines": [7, 8, 9, 11, 14, 15, 32, 33, 34, 35, 36, 38, 40, 41, 42, 43, 46, 47, 67, 68, 69, 70, 71, 73, 75, 76, 77, 78, 80, 81, 83, 85, 86, 88, 90, 92, 94, 102], "summary": {"covered_lines": 38, "num_statements": 38, "percent_covered": 100.0, "percent_covered_display": "100", "missing_lines": 0, "excluded_lines": 0, "percent_statements_covered": 100.0, "percent_statements_covered_display": "100"}, "missing_lines": [], "excluded_lines": [], "functions": {"DocumentMetadata.__post_init__": {"executed_lines": [40, 41, 42, 43], "summary": {"covered_lines": 4, "num_statements": 4, "percent_covered": 100.0, "percent_covered_display": "100", "missing_lines": 0, "excluded_lines": 0, "percent_statements_covered": 100.0, "percent_statements_covered_display": "100"}, "missing_lines": [], "excluded_lines": [], "start_line": 38}, "DocumentChunk.__post_init__": {"executed_lines": [75, 76, 77, 78], "summary": {"covered_lines": 4, "num_statements": 4, "percent_covered": 100.0, "percent_covered_display": "100", "missing_lines": 0, "excluded_lines": 0, "percent_statements_covered": 100.0, "percent_statements_covered_display": "100"}, "missing_lines": [], "excluded_lines": [], "start_line": 73}, "DocumentChunk.char_count": {"executed_lines": [83], "summary": {"covered_lines": 1, "num_statements": 1, "percent_covered": 100.0, "percent_covered_display": "100", "missing_lines": 0, "excluded_lines": 0, "percent_statements_covered": 100.0, "percent_statements_covered_display": "100"}, "missing_lines": [], "excluded_lines": [], "start_line": 81}, "DocumentChunk.word_count": {"executed_lines": [88], "summary": {"covered_lines": 1, "num_statements": 1, "percent_covered": 100.0, "percent_covered_display": "100", "missing_lines": 0, "excluded_lines": 0, "percent_statements_covered": 100.0, "percent_statements_covered_display": "100"}, "missing_lines": [], "excluded_lines": [], "start_line": 86}, "DocumentChunk.has_embedding": {"executed_lines": [92], "summary": {"covered_lines": 1, "num_statements": 1, "percent_covered": 100.0, "percent_covered_display": "100", "missing_lines": 0, "excluded_lines": 0, "percent_statements_covered": 100.0, "percent_statements_covered_display": "100"}, "missing_lines": [], "excluded_lines": [], "start_line": 90}, "DocumentChunk.to_dict": {"executed_lines": [102], "summary": {"covered_lines": 1, "num_statements": 1, "percent_covered": 100.0, "percent_covered_display": "100", "missing_lines": 0, "excluded_lines": 0, "percent_statements_covered": 100.0, "percent_statements_covered_display": "100"}, "missing_lines": [], "excluded_lines": [], "start_line": 94}, "": {"executed_lines": [7, 8, 9, 11, 14, 15, 32, 33, 34, 35, 36, 38, 46, 47, 67, 68, 69, 70, 71, 73, 80, 81, 85, 86, 90, 94], "summary": {"covered_lines": 26, "num_statements": 26, "percent_covered": 100.0, "percent_covered_display": "100", "missing_lines": 0, "excluded_lines": 0, "percent_statements_covered": 100.0, "percent_statements_covered_display": "100"}, "missing_lines": [], "excluded_lines": [], "start_line": 1}}, "classes": {"DocumentMetadata": {"executed_lines": [40, 41, 42, 43], "summary": {"covered_lines": 4, "num_statements": 4, "percent_covered": 100.0, "percent_covered_display": "100", "missing_lines": 0, "excluded_lines": 0, "percent_statements_covered": 100.0, "percent_statements_covered_display": "100"}, "missing_lines": [], "excluded_lines": [], "start_line": 15}, "DocumentChunk": {"executed_lines": [75, 76, 77, 78, 83, 88, 92, 102], "summary": {"covered_lines": 8, "num_statements": 8, "percent_covered": 100.0, "percent_covered_display": "100", "missing_lines": 0, "excluded_lines": 0, "percent_statements_covered": 100.0, "percent_statements_covered_display": "100"}, "missing_lines": [], "excluded_lines": [], "start_line": 47}, "": {"executed_lines": [7, 8, 9, 11, 14, 15, 32, 33, 34, 35, 36, 38, 46, 47, 67, 68, 69, 70, 71, 73, 80, 81, 85, 86, 90, 94], "summary": {"covered_lines": 26, "num_statements": 26, "percent_covered": 100.0, "percent_covered_display": "100", "missing_lines": 0, "excluded_lines": 0, "percent_statements_covered": 100.0, "percent_statements_covered_display": "100"}, "missing_lines": [], "excluded_lines": [], "start_line": 1}}}, "src/secondbrain/domain/interfaces.py": {"executed_lines": [7, 8, 9, 11, 14, 15, 21, 36, 52, 53, 59, 74, 89, 90, 95, 96, 102, 117, 132, 156, 171], "summary": {"covered_lines": 21, "num_statements": 31, "percent_covered": 67.74193548387096, "percent_covered_display": "68", "missing_lines": 10, "excluded_lines": 0, "percent_statements_covered": 67.74193548387096, "percent_statements_covered_display": "68"}, "missing_lines": [34, 49, 72, 87, 92, 115, 130, 154, 169, 179], "excluded_lines": [], "functions": {"DocumentConverter.convert": {"executed_lines": [], "summary": {"covered_lines": 0, "num_statements": 1, "percent_covered": 0.0, "percent_covered_display": "0", "missing_lines": 1, "excluded_lines": 0, "percent_statements_covered": 0.0, "percent_statements_covered_display": "0"}, "missing_lines": [34], "excluded_lines": [], "start_line": 21}, "DocumentConverter.supports_format": {"executed_lines": [], "summary": {"covered_lines": 0, "num_statements": 1, "percent_covered": 0.0, "percent_covered_display": "0", "missing_lines": 1, "excluded_lines": 0, "percent_statements_covered": 0.0, "percent_statements_covered_display": "0"}, "missing_lines": [49], "excluded_lines": [], "start_line": 36}, "EmbeddingGenerator.generate": {"executed_lines": [], "summary": {"covered_lines": 0, "num_statements": 1, "percent_covered": 0.0, "percent_covered_display": "0", "missing_lines": 1, "excluded_lines": 0, "percent_statements_covered": 0.0, "percent_st
[...]
lay": "100"}, "missing_lines": [], "excluded_lines": [], "start_line": 54}, "EmbeddingCache.misses": {"executed_lines": [61], "summary": {"covered_lines": 1, "num_statements": 1, "percent_covered": 100.0, "percent_covered_display": "100", "missing_lines": 0, "excluded_lines": 0, "percent_statements_covered": 100.0, "percent_statements_covered_display": "100"}, "missing_lines": [], "excluded_lines": [], "start_line": 59}, "EmbeddingCache.size": {"executed_lines": [66], "summary": {"covered_lines": 1, "num_statements": 1, "percent_covered": 100.0, "percent_covered_display": "100", "missing_lines": 0, "excluded_lines": 0, "percent_statements_covered": 100.0, "percent_statements_covered_display": "100"}, "missing_lines": [], "excluded_lines": [], "start_line": 64}, "EmbeddingCache._generate_key": {"executed_lines": [78], "summary": {"covered_lines": 1, "num_statements": 1, "percent_covered": 100.0, "percent_covered_display": "100", "missing_lines": 0, "excluded_lines": 0, "percent_statements_covered": 100.0, "percent_statements_covered_display": "100"}, "missing_lines": [], "excluded_lines": [], "start_line": 68}, "EmbeddingCache.get": {"executed_lines": [90, 92, 93, 94, 95, 96, 98, 99], "summary": {"covered_lines": 8, "num_statements": 8, "percent_covered": 100.0, "percent_covered_display": "100", "missing_lines": 0, "excluded_lines": 0, "percent_statements_covered": 100.0, "percent_statements_covered_display": "100"}, "missing_lines": [], "excluded_lines": [], "start_line": 80}, "EmbeddingCache.set": {"executed_lines": [111, 113, 115, 116, 118, 119, 120, 122, 123, 125], "summary": {"covered_lines": 10, "num_statements": 10, "percent_covered": 100.0, "percent_covered_display": "100", "missing_lines": 0, "excluded_lines": 0, "percent_statements_covered": 100.0, "percent_statements_covered_display": "100"}, "missing_lines": [], "excluded_lines": [], "start_line": 101}, "EmbeddingCache.get_or_create": {"executed_lines": [142, 143, 144, 146, 147, 148], "summary": {"covered_lines": 6, "num_statements": 6, "percent_covered": 100.0, "percent_covered_display": "100", "missing_lines": 0, "excluded_lines": 0, "percent_statements_covered": 100.0, "percent_statements_covered_display": "100"}, "missing_lines": [], "excluded_lines": [], "start_line": 127}, "EmbeddingCache.get_or_create_async": {"executed_lines": [165, 166, 167, 169, 170, 171], "summary": {"covered_lines": 6, "num_statements": 6, "percent_covered": 100.0, "percent_covered_display": "100", "missing_lines": 0, "excluded_lines": 0, "percent_statements_covered": 100.0, "percent_statements_covered_display": "100"}, "missing_lines": [], "excluded_lines": [], "start_line": 150}, "EmbeddingCache.clear": {"executed_lines": [175, 176, 177, 178], "summary": {"covered_lines": 4, "num_statements": 4, "percent_covered": 100.0, "percent_covered_display": "100", "missing_lines": 0, "excluded_lines": 0, "percent_statements_covered": 100.0, "percent_statements_covered_display": "100"}, "missing_lines": [], "excluded_lines": [], "start_line": 173}, "EmbeddingCache.get_stats": {"executed_lines": [188, 189, 191], "summary": {"covered_lines": 3, "num_statements": 3, "percent_covered": 100.0, "percent_covered_display": "100", "missing_lines": 0, "excluded_lines": 0, "percent_statements_covered": 100.0, "percent_statements_covered_display": "100"}, "missing_lines": [], "excluded_lines": [], "start_line": 180}, "EmbeddingCache.__contains__": {"executed_lines": [209, 210, 211], "summary": {"covered_lines": 3, "num_statements": 3, "percent_covered": 100.0, "percent_covered_display": "100", "missing_lines": 0, "excluded_lines": 0, "percent_statements_covered": 100.0, "percent_statements_covered_display": "100"}, "missing_lines": [], "excluded_lines": [], "start_line": 199}, "EmbeddingCache.__len__": {"executed_lines": [220, 221], "summary": {"covered_lines": 2, "num_statements": 2, "percent_covered": 100.0, "percent_covered_display": "100", "missing_lines": 0, "excluded_lines": 0, "percent_statements_covered": 100.0, "percent_statements_covered_display": "100"}, "missing_lines": [], "excluded_lines": [], "start_line": 213}, "": {"executed_lines": [7, 8, 9, 10, 11, 14, 41, 53, 54, 58, 59, 63, 64, 68, 80, 101, 127, 150, 173, 180, 199, 213], "summary": {"covered_lines": 22, "num_statements": 22, "percent_covered": 100.0, "percent_covered_display": "100", "missing_lines": 0, "excluded_lines": 0, "percent_statements_covered": 100.0, "percent_statements_covered_display": "100"}, "missing_lines": [], "excluded_lines": [], "start_line": 1}}, "classes": {"EmbeddingCache": {"executed_lines": [47, 48, 49, 50, 51, 56, 61, 66, 78, 90, 92, 93, 94, 95, 96, 98, 99, 111, 113, 115, 116, 118, 119, 120, 122, 123, 125, 142, 143, 144, 146, 147, 148, 165, 166, 167, 169, 170, 171, 175, 176, 177, 178, 188, 189, 191, 209, 210, 211, 220, 221], "summary": {"covered_lines": 51, "num_statements": 51, "percent_covered": 100.0, "percent_covered_display": "100", "missing_lines": 0, "excluded_lines": 0, "percent_statements_covered": 100.0, "percent_statements_covered_display": "100"}, "missing_lines": [], "excluded_lines": [], "start_line": 14}, "": {"executed_lines": [7, 8, 9, 10, 11, 14, 41, 53, 54, 58, 59, 63, 64, 68, 80, 101, 127, 150, 173, 180, 199, 213], "summary": {"covered_lines": 22, "num_statements": 22, "percent_covered": 100.0, "percent_covered_display": "100", "missing_lines": 0, "excluded_lines": 0, "percent_statements_covered": 100.0, "percent_statements_covered_display": "100"}, "missing_lines": [], "excluded_lines": [], "start_line": 1}}}, "src/secondbrain/utils/perf_monitor.py": {"executed_lines": [3, 4, 5, 6, 7, 8, 10, 13, 29, 30, 31, 33, 35, 36, 37, 38, 40, 42, 43, 44, 46, 47, 55, 57, 58, 59, 61, 65, 68, 79, 80, 81, 82, 83, 84, 86, 87, 88, 90, 92, 95, 108, 109, 110, 111, 112, 113, 115, 116, 117, 119, 121], "summary": {"covered_lines": 52, "num_statements": 52, "percent_covered": 100.0, "percent_covered_display": "100", "missing_lines": 0, "excluded_lines": 0, "percent_statements_covered": 100.0, "percent_statements_covered_display": "100"}, "missing_lines": [], "excluded_lines": [], "functions": {"PerfMetrics.__init__": {"executed_lines": [30, 31], "summary": {"covered_lines": 2, "num_statements": 2, "percent_covered": 100.0, "percent_covered_display": "100", "missing_lines": 0, "excluded_lines": 0, "percent_statements_covered": 100.0, "percent_statements_covered_display": "100"}, "missing_lines": [], "excluded_lines": [], "start_line": 29}, "PerfMetrics.record": {"executed_lines": [35, 36, 37, 38], "summary": {"covered_lines": 4, "num_statements": 4, "percent_covered": 100.0, "percent_covered_display": "100", "missing_lines": 0, "excluded_lines": 0, "percent_statements_covered": 100.0, "percent_statements_covered_display": "100"}, "missing_lines": [], "excluded_lines": [], "start_line": 33}, "PerfMetrics.get_stats": {"executed_lines": [42, 43, 44, 46, 47], "summary": {"covered_lines": 5, "num_statements": 5, "percent_covered": 100.0, "percent_covered_display": "100", "missing_lines": 0, "excluded_lines": 0, "percent_statements_covered": 100.0, "percent_statements_covered_display": "100"}, "missing_lines": [], "excluded_lines": [], "start_line": 40}, "PerfMetrics.reset": {"executed_lines": [57, 58, 59, 61], "summary": {"covered_lines": 4, "num_statements": 4, "percent_covered": 100.0, "percent_covered_display": "100", "missing_lines": 0, "excluded_lines": 0, "percent_statements_covered": 100.0, "percent_statements_covered_display": "100"}, "missing_lines": [], "excluded_lines": [], "start_line": 55}, "timing": {"executed_lines": [79, 80, 92], "summary": {"covered_lines": 3, "num_statements": 3, "percent_covered": 100.0, "percent_covered_display": "100", "missing_lines": 0, "excluded_lines": 0, "percent_statements_covered": 100.0, "percent_statements_covered_display": "100"}, "missing_lines": [], "excluded_lines": [], "start_line": 68}, "timing.decorator": {"executed_lines": [81, 90], "summary": {"covered_lines": 2, "num_statements": 2, "percent_covered": 100.0, "percent_covered_display": "100", "missing_lines": 0, "excluded_lines": 0, "percent_statements_covered": 100.0, "percent_statements_covered_display": "100"}, "missing_lines": [], "excluded_lines": [], "start_line": 79}, "timing.decorator.wrapper": {"executed_lines": [82, 83, 84, 86, 87, 88], "summary": {"covered_lines": 6, "num_statements": 6, "percent_covered": 100.0, "percent_covered_display": "100", "missing_lines": 0, "excluded_lines": 0, "percent_statements_covered": 100.0, "percent_statements_covered_display": "100"}, "missing_lines": [], "excluded_lines": [], "start_line": 81}, "async_timing": {"executed_lines": [108, 109, 121], "summary": {"covered_lines": 3, "num_statements": 3, "percent_covered": 100.0, "percent_covered_display": "100", "missing_lines": 0, "excluded_lines": 0, "percent_statements_covered": 100.0, "percent_statements_covered_display": "100"}, "missing_lines": [], "excluded_lines": [], "start_line": 95}, "async_timing.decorator": {"executed_lines": [110, 119], "summary": {"covered_lines": 2, "num_statements": 2, "percent_covered": 100.0, "percent_covered_display": "100", "missing_lines": 0, "excluded_lines": 0, "percent_statements_covered": 100.0, "percent_statements_covered_display": "100"}, "missing_lines": [], "excluded_lines": [], "start_line": 108}, "async_timing.decorator.wrapper": {"executed_lines": [111, 112, 113, 115, 116, 117], "summary": {"covered_lines": 6, "num_statements": 6, "percent_covered": 100.0, "percent_covered_display": "100", "missing_lines": 0, "excluded_lines": 0, "percent_statements_covered": 100.0, "percent_statements_covered_display": "100"}, "missing_lines": [], "excluded_lines": [], "start_line": 110}, "": {"executed_lines": [3, 4, 5, 6, 7, 8, 10, 13, 29, 33, 40, 55, 65, 68, 95], "summary": {"covered_lines": 15, "num_statements": 15, "percent_covered": 100.0, "percent_covered_display": "100", "missing_lines": 0, "excluded_lines": 0, "percent_statements_covered": 100.0, "percent_statements_covered_display": "100"}, "missing_lines": [], "excluded_lines": [], "start_line": 1}}, "classes": {"PerfMetrics": {"executed_lines": [30, 31, 35, 36, 37, 38, 42, 43, 44, 46, 47, 57, 58, 59, 61], "summary": {"covered_lines": 15, "num_statements": 15, "percent_covered": 100.0, "percent_covered_display": "100", "missing_lines": 0, "excluded_lines": 0, "percent_statements_covered": 100.0, "percent_statements_covered_display": "100"}, "missing_lines": [], "excluded_lines": [], "start_line": 13}, "": {"executed_lines": [3, 4, 5, 6, 7, 8, 10, 13, 29, 33, 40, 55, 65, 68, 79, 80, 81, 82, 83, 84, 86, 87, 88, 90, 92, 95, 108, 109, 110, 111, 112, 113, 115, 116, 117, 119, 121], "summary": {"covered_lines": 37, "num_statements": 37, "percent_covered": 100.0, "percent_covered_display": "100", "missing_lines": 0, "excluded_lines": 0, "percent_statements_covered": 100.0, "percent_statements_covered_display": "100"}, "missing_lines": [], "excluded_lines": [], "start_line": 1}}}, "src/secondbrain/utils/tracing.py": {"executed_lines": [25, 27, 28, 29, 30, 31, 32, 34, 37, 38, 39, 40, 43, 48, 54, 55, 58, 66, 67, 68, 71, 94, 95, 96, 98, 99, 100, 102, 104, 105, 106, 111, 120, 123, 126, 127, 130, 132, 140, 153, 154, 156, 157, 159, 160, 162, 165, 166, 181, 182, 183, 185, 186, 187, 190, 225, 228, 230, 232, 234, 237, 247, 248, 250, 251, 253, 255, 257, 258, 264, 265, 268, 271, 272, 274, 275, 277, 279, 281, 283, 285, 287, 289, 291], "summary": {"covered_lines": 84, "num_statements": 105, "percent_covered": 80.0, "percent_covered_display": "80", "missing_lines": 21, "excluded_lines": 0, "percent_statements_covered": 80.0, "percent_statements_covered_display": "80"}, "missing_lines": [49, 50, 51, 136, 137, 209, 210, 211, 212, 213, 215, 216, 217, 218, 220, 222, 252, 259, 260, 261, 262], "excluded_lines": [], "functions": {"is_tracing_enabled": {"executed_lines": [66, 67, 68], "summary": {"covered_lines": 3, "num_statements": 3, "percent_covered": 100.0, "percent_covered_display": "100", "missing_lines": 0, "excluded_lines": 0, "percent_statements_covered": 100.0, "percent_statements_covered_display": "100"}, "missing_lines": [], "excluded_lines": [], "start_line": 58}, "setup_tracing": {"executed_lines": [94, 95, 96, 98, 99, 100, 102, 104, 105, 106, 111, 120, 123, 126, 127, 130, 132], "summary": {"covered_lines": 17, "num_statements": 19, "percent_covered": 89.47368421052632, "percent_covered_display": "89", "missing_lines": 2, "excluded_lines": 0, "percent_statements_covered": 89.47368421052632, "percent_statements_covered_display": "89"}, "missing_lines": [136, 137], "excluded_lines": [], "start_line": 71}, "get_tracer": {"executed_lines": [153, 154, 156, 157, 159, 160, 162], "summary": {"covered_lines": 7, "num_statements": 7, "percent_covered": 100.0, "percent_covered_display": "100", "missing_lines": 0, "excluded_lines": 0, "percent_statements_covered": 100.0, "percent_statements_covered_display": "100"}, "missing_lines": [], "excluded_lines": [], "start_line": 140}, "trace_operation": {"executed_lines": [181, 182, 183, 185, 186, 187], "summary": {"covered_lines": 6, "num_statements": 6, "percent_covered": 100.0, "percent_covered_display": "100", "missing_lines": 0, "excluded_lines": 0, "percent_statements_covered": 100.0, "percent_statements_covered_display": "100"}, "missing_lines": [], "excluded_lines": [], "start_line": 166}, "trace_decorator": {"executed_lines": [], "summary": {"covered_lines": 0, "num_statements": 3, "percent_covered": 0.0, "percent_covered_display": "0", "missing_lines": 3, "excluded_lines": 0, "percent_statements_covered": 0.0, "percent_statements_covered_display": "0"}, "missing_lines": [209, 210, 222], "excluded_lines": [], "start_line": 190}, "trace_decorator.decorator": {"executed_lines": [], "summary": {"covered_lines": 0, "num_statements": 2, "percent_covered": 0.0, "percent_covered_display": "0", "missing_lines": 2, "excluded_lines": 0, "percent_statements_covered": 0.0, "percent_statements_covered_display": "0"}, "missing_lines": [211, 220], "excluded_lines": [], "start_line": 209}, "trace_decorator.decorator.wrapper": {"executed_lines": [], "summary": {"covered_lines": 0, "num_statements": 6, "percent_covered": 0.0, "percent_covered_display": "0", "missing_lines": 6, "excluded_lines": 0, "percent_statements_covered": 0.0, "percent_statements_covered_display": "0"}, "missing_lines": [212, 213, 215, 216, 217, 218], "excluded_lines": [], "start_line": 211}, "_NoOpTracer.start_as_current_span": {"executed_lines": [230], "summary": {"covered_lines": 1, "num_statements": 1, "percent_covered": 100.0, "percent_covered_display": "100", "missing_lines": 0, "excluded_lines": 0, "percent_statements_covered": 100.0, "percent_statements_covered_display": "100"}, "missing_lines": [], "excluded_lines": [], "start_line": 228}, "_NoOpTracer.__getattr__": {"executed_lines": [234], "summary": {"covered_lines": 1, "num_statements": 1, "percent_covered": 100.0, "percent_covered_display": "100", "missing_lines": 0, "excluded_lines": 0, "percent_statements_covered": 100.0, "percent_statements_covered_display": "100"}, "missing_lines": [], "excluded_lines": [], "start_line": 232}, "shutdown_tracing": {"executed_lines": [247, 248, 250, 251, 253, 255, 257, 258, 264, 265], "summary": {"covered_lines": 10, "num_statements": 15, "percent_covered": 66.66666666666667, "percent_covered_display": "67", "missing_lines": 5, "excluded_lines": 0, "percent_statements_covered": 66.66666666666667, "percent_statements_covered_display": "67"}, "missing_lines": [252, 259, 260, 261, 262], "excluded_lines": [], "start_line": 237}, "_NoOpSpan.__enter__": {"executed_lines": [272], "summary": {"covered_lines": 1, "num_statements": 1, "percent_covered": 100.0, "percent_covered_display": "100", "missing_lines": 0, "excluded_lines": 0, "percent_statements_covered": 100.0, "percent_statements_covered_display": "100"}, "missing_lines": [], "excluded_lines": [], "start_line": 271}, "_NoOpSpan.__exit__": {"executed_lines": [275], "summary": {"covered_lines": 1, "num_statements": 1, "percent_covered": 100.0, "percent_covered_display": "100", "missing_lines": 0, "excluded_lines": 0, "percent_statements_covered": 100.0, "percent_statements_covered_display": "100"}, "missing_lines": [], "excluded_lines": [], "start_line": 274}, "_NoOpSpan.set_attribute": {"executed_lines": [279], "summary": {"covered_lines": 1, "num_statements": 1, "percent_covered": 100.0, "percent_covered_display": "100", "missing_lines": 0, "excluded_lines": 0, "percent_statements_covered": 100.0, "percent_statements_covered_display": "100"}, "missing_lines": [], "excluded_lines": [], "start_line": 277}, "_NoOpSpan.set_status": {"executed_lines": [283], "summary": {"covered_lines": 1, "num_statements": 1, "percent_covered": 100.0, "percent_covered_display": "100", "missing_lines": 0, "excluded_lines": 0, "percent_statements_covered": 100.0, "percent_statements_covered_display": "100"}, "missing_lines": [], "excluded_lines": [], "start_line": 281}, "_NoOpSpan.record_exception": {"executed_lines": [287], "summary": {"covered_lines": 1, "num_statements": 1, "percent_covered": 100.0, "percent_covered_display": "100", "missing_lines": 0, "excluded_lines": 0, "percent_statements_covered": 100.0, "percent_statements_covered_display": "100"}, "missing_lines": [], "excluded_lines": [], "start_line": 285}, "_NoOpSpan.add_event": {"executed_lines": [291], "summary": {"covered_lines": 1, "num_statements": 1, "percent_covered": 100.0, "percent_covered_display": "100", "missing_lines": 0, "excluded_lines": 0, "percent_statements_covered": 100.0, "percent_statements_covered_display": "100"}, "missing_lines": [], "excluded_lines": [], "start_line": 289}, "": {"executed_lines": [25, 27, 28, 29, 30, 31, 32, 34, 37, 38, 39, 40, 43, 48, 54, 55, 58, 71, 140, 165, 166, 190, 225, 228, 232, 237, 268, 271, 274, 277, 281, 285, 289], "summary": {"covered_lines": 33, "num_statements": 36, "percent_covered": 91.66666666666667, "percent_covered_display": "92", "missing_lines": 3, "excluded_lines": 0, "percent_statements_covered": 91.66666666666667, "percent_statements_covered_display": "92"}, "missing_lines": [49, 50, 51], "excluded_lines": [], "start_line": 1}}, "classes": {"_NoOpTracer": {"executed_lines": [230, 234], "summary": {"covered_lines": 2, "num_statements": 2, "percent_covered": 100.0, "percent_covered_display": "100", "missing_lines": 0, "excluded_lines": 0, "percent_statements_covered": 100.0, "percent_statements_covered_display": "100"}, "missing_lines": [], "excluded_lines": [], "start_line": 225}, "_NoOpSpan": {"executed_lines": [272, 275, 279, 283, 287, 291], "summary": {"covered_lines": 6, "num_statements": 6, "percent_covered": 100.0, "percent_covered_display": "100", "missing_lines": 0, "excluded_lines": 0, "percent_statements_covered": 100.0, "percent_statements_covered_display": "100"}, "missing_lines": [], "excluded_lines": [], "start_line": 268}, "": {"executed_lines": [25, 27, 28, 29, 30, 31, 32, 34, 37, 38, 39, 40, 43, 48, 54, 55, 58, 66, 67, 68, 71, 94, 95, 96, 98, 99, 100, 102, 104, 105, 106, 111, 120, 123, 126, 127, 130, 132, 140, 153, 154, 156, 157, 159, 160, 162, 165, 166, 181, 182, 183, 185, 186, 187, 190, 225, 228, 232, 237, 247, 248, 250, 251, 253, 255, 257, 258, 264, 265, 268, 271, 274, 277, 281, 285, 289], "summary": {"covered_lines": 76, "num_statements": 97, "percent_covered": 78.35051546391753, "percent_covered_display": "78", "missing_lines": 21, "excluded_lines": 0, "percent_statements_covered": 78.35051546391753, "percent_statements_covered_display": "78"}, "missing_lines": [49, 50, 51, 136, 137, 209, 210, 211, 212, 213, 215, 216, 217, 218, 220, 222, 252, 259, 260, 261, 262], "excluded_lines": [], "start_line": 1}}}}, "totals": {"covered_lines": 2728, "num_statements": 3094, "percent_covered": 88.17065287653523, "percent_covered_display": "88", "missing_lines": 366, "excluded_lines": 18, "percent_statements_covered": 88.17065287653523, "percent_statements_covered_display": "88"}}