{"meta": {"format": 3, "version": "7.8.0", "timestamp": "2026-03-29T22:45:50.773953", "branch_coverage": false, "show_contexts": false}, "files": {"src/secondbrain/__init__.py": {"executed_lines": [1, 7], "summary": {"covered_lines": 1, "num_statements": 1, "percent_covered": 100.0, "percent_covered_display": "100", "missing_lines": 0, "excluded_lines": 0}, "missing_lines": [], "excluded_lines": [], "functions": {"": {"executed_lines": [1, 7], "summary": {"covered_lines": 1, "num_statements": 1, "percent_covered": 100.0, "percent_covered_display": "100", "missing_lines": 0, "excluded_lines": 0}, "missing_lines": [], "excluded_lines": []}}, "classes": {"": {"executed_lines": [1, 7], "summary": {"covered_lines": 1, "num_statements": 1, "percent_covered": 100.0, "percent_covered_display": "100", "missing_lines": 0, "excluded_lines": 0}, "missing_lines": [], "excluded_lines": []}}}, "src/secondbrain/cli/__init__.py": {"executed_lines": [1, 10, 11, 13, 15, 18, 34, 35, 38, 39, 40, 46, 47, 48, 50, 55, 58, 60, 63], "summary": {"covered_lines": 17, "num_statements": 26, "percent_covered": 65.38461538461539, "percent_covered_display": "65", "missing_lines": 9, "excluded_lines": 2}, "missing_lines": [21, 22, 24, 25, 27, 28, 29, 30, 31], "excluded_lines": [63, 64], "functions": {"_ensure_mongodb": {"executed_lines": [], "summary": {"covered_lines": 0, "num_statements": 9, "percent_covered": 0.0, "percent_covered_display": "0", "missing_lines": 9, "excluded_lines": 0}, "missing_lines": [21, 22, 24, 25, 27, 28, 29, 30, 31], "excluded_lines": []}, "cli": {"executed_lines": [46, 47, 48, 50], "summary": {"covered_lines": 4, "num_statements": 4, "percent_covered": 100.0, "percent_covered_display": "100", "missing_lines": 0, "excluded_lines": 0}, "missing_lines": [], "excluded_lines": []}, "main": {"executed_lines": [60], "summary": {"covered_lines": 1, "num_statements": 1, "percent_covered": 100.0, "percent_covered_display": "100", "missing_lines": 0, "excluded_lines": 0}, "missing_lines": [], "excluded_lines": []}, "": {"executed_lines": [1, 10, 11, 13, 15, 18, 34, 35, 38, 39, 40, 55, 58, 63], "summary": {"covered_lines": 12, "num_statements": 12, "percent_covered": 100.0, "percent_covered_display": "100", "missing_lines": 0, "excluded_lines": 2}, "missing_lines": [], "excluded_lines": [63, 64]}}, "classes": {"": {"executed_lines": [1, 10, 11, 13, 15, 18, 34, 35, 38, 39, 40, 46, 47, 48, 50, 55, 58, 60, 63], "summary": {"covered_lines": 17, "num_statements": 26, "percent_covered": 65.38461538461539, "percent_covered_display": "65", "missing_lines": 9, "excluded_lines": 2}, "missing_lines": [21, 22, 24, 25, 27, 28, 29, 30, 31], "excluded_lines": [63, 64]}}}, "src/secondbrain/cli/commands.py": {"executed_lines": [1, 15, 16, 17, 18, 19, 21, 22, 24, 25, 30, 31, 33, 34, 40, 42, 43, 45, 48, 49, 50, 51, 52, 59, 60, 61, 67, 68, 81, 83, 84, 85, 88, 99, 101, 104, 106, 108, 109, 112, 113, 115, 118, 119, 120, 121, 123, 125, 131, 134, 142, 152, 160, 161, 165, 166, 167, 168, 169, 174, 179, 185, 191, 192, 205, 207, 208, 210, 214, 220, 223, 224, 225, 226, 227, 228, 229, 230, 231, 240, 242, 244, 245, 250, 252, 253, 255, 259, 261, 267, 270, 271, 272, 273, 274, 275, 276, 277, 285, 288, 289, 290, 292, 293, 296, 299, 300, 301, 302, 303, 305, 306, 307, 309, 313, 314, 315, 316, 321, 322, 325, 326, 327, 328, 330, 332, 336, 337, 340, 341, 342, 348, 349, 351, 352, 353, 354, 356, 359, 360, 361, 362, 363, 365, 367, 368, 369, 370, 407, 408, 409, 410, 411, 412, 413, 414, 415, 416, 417, 418, 419, 420, 441, 442, 443, 445, 447, 448, 449, 450, 451, 453, 454, 455, 456, 461, 464, 466, 467, 468, 469, 470, 472, 473, 475, 476, 479, 480, 484, 487, 490, 492, 493, 494, 497, 498, 499, 500, 503, 504, 505, 506, 507, 508, 509, 514, 515, 517, 518, 520, 521, 528, 530, 540, 549, 550, 551, 552, 553, 555, 557, 558, 559, 560, 562, 563, 564, 568, 575, 576, 580, 581, 584, 585, 586, 587, 588, 589, 590, 592, 595, 603, 604, 605, 606, 607, 609, 611, 612, 613, 614, 617, 618, 619, 620, 621, 627, 628, 629, 634, 642, 643, 644, 646, 650, 651, 652, 653, 654, 655, 656, 657, 658, 659, 660, 661, 662, 663, 664, 669, 670, 674, 675, 678, 690, 694, 697, 698], "summary": {"covered_lines": 287, "num_statements": 336, "percent_covered": 85.41666666666667, "percent_covered_display": "85", "missing_lines": 49, "excluded_lines": 0}, "missing_lines": [89, 90, 91, 92, 93, 96, 110, 135, 136, 139, 140, 162, 243, 260, 372, 373, 386, 387, 389, 390, 391, 392, 393, 394, 395, 396, 397, 398, 399, 401, 402, 501, 591, 622, 623, 647, 666, 667, 679, 680, 681, 684, 685, 686, 687, 688, 691, 695, 696], "excluded_lines": [], "functions": {"ingest": {"executed_lines": [81, 83, 84, 85, 88, 99, 101, 104, 106, 108, 109, 112, 113, 115, 118, 119, 120, 121, 123, 125, 131, 134, 142, 152, 160, 161], "summary": {"covered_lines": 26, "num_statements": 34, "percent_covered": 76.47058823529412, "percent_covered_display": "76", "missing_lines": 8, "excluded_lines": 0}, "missing_lines": [89, 90, 91, 92, 93, 96, 110, 162], "excluded_lines": []}, "ingest.progress_callback": {"executed_lines": [], "summary": {"covered_lines": 0, "num_statements": 4, "percent_covered": 0.0, "percent_covered_display": "0", "missing_lines": 4, "excluded_lines": 0}, "missing_lines": [135, 136, 139, 140], "excluded_lines": []}, "search": {"executed_lines": [205, 207, 208, 210, 214, 220], "summary": {"covered_lines": 6, "num_statements": 6, "percent_covered": 100.0, "percent_covered_display": "100", "missing_lines": 0, "excluded_lines": 0}, "missing_lines": [], "excluded_lines": []}, "list_cmd": {"executed_lines": [240, 242, 244, 245, 250, 252, 253, 255, 259, 261, 267], "summary": {"covered_lines": 11, "num_statements": 13, "percent_covered": 84.61538461538461, "percent_covered_display": "85", "missing_lines": 2, "excluded_lines": 0}, "missing_lines": [243, 260], "excluded_lines": []}, "delete": {"executed_lines": [285, 288, 289, 290, 292, 293, 296, 299, 300, 301, 302, 303, 305, 306, 307, 309, 313, 314, 315, 316, 321, 322], "summary": {"covered_lines": 22, "num_statements": 22, "percent_covered": 100.0, "percent_covered_display": "100", "missing_lines": 0, "excluded_lines": 0}, "missing_lines": [], "excluded_lines": []}, "status": {"executed_lines": [330, 332, 336, 337], "summary": {"covered_lines": 4, "num_statements": 4, "percent_covered": 100.0, "percent_covered_display": "100", "missing_lines": 0, "excluded_lines": 0}, "missing_lines": [], "excluded_lines": []}, "health": {"executed_lines": [351, 352, 353, 354, 356], "summary": {"covered_lines": 5, "num_statements": 5, "percent_covered": 100.0, "percent_covered_display": "100", "missing_lines": 0, "excluded_lines": 0}, "missing_lines": [], "excluded_lines": []}, "metrics": {"executed_lines": [365, 367, 368, 369, 370], "summary": {"covered_lines": 5, "num_statements": 22, "percent_covered": 22.727272727272727, "percent_covered_display": "23", "missing_lines": 17, "excluded_lines": 0}, "missing_lines": [372, 373, 386, 387, 389, 390, 391, 392, 393, 394, 395, 396, 397, 398, 399, 401, 402], "excluded_lines": []}, "chat": {"executed_lines": [441, 442, 443, 445, 447, 448, 449, 450, 451, 453, 454, 455, 456, 461, 464, 466, 467, 468, 469, 470, 472, 473, 475, 476, 479, 480, 484, 487, 490, 492, 493, 494, 497, 498, 499, 500, 503, 504, 505, 506, 507, 508, 509, 514, 515, 517, 518, 520, 521, 528, 530], "summary": {"covered_lines": 51, "num_statements": 52, "percent_covered": 98.07692307692308, "percent_covered_display": "98", "missing_lines": 1, "excluded_lines": 0}, "missing_lines": [501], "excluded_lines": []}, "_single_turn_chat": {"executed_lines": [549, 550, 551, 552, 553, 555, 557, 558, 559, 560, 562, 563, 564, 568, 575, 576, 580, 581, 584, 585, 586, 587, 588, 589, 590, 592], "summary": {"covered_lines": 26, "num_statements": 27, "percent_covered": 96.29629629629629, "percent_covered_display": "96", "missing_lines": 1, "excluded_lines": 0}, "missing_lines": [591], "excluded_lines": []}, "_interactive_chat": {"executed_lines": [603, 604, 605, 606, 607, 609, 611, 612, 613, 614, 617, 618, 619, 620, 621, 627, 628, 629, 634, 642, 643, 644, 646, 650, 651, 652, 653, 654, 655, 656, 657, 658, 659, 660, 661, 662, 663, 664, 669, 670, 674, 675, 678, 690, 694, 697, 698], "summary": {"covered_lines": 47, "num_statements": 63, "percent_covered": 74.60317460317461, "percent_covered_display": "75", "missing_lines": 16, "excluded_lines": 0}, "missing_lines": [622, 623, 647, 666, 667, 679, 680, 681, 684, 685, 686, 687, 688, 691, 695, 696], "excluded_lines": []}, "": {"executed_lines": [1, 15, 16, 17, 18, 19, 21, 22, 24, 25, 30, 31, 33, 34, 40, 42, 43, 45, 48, 49, 50, 51, 52, 59, 60, 61, 67, 68, 165, 166, 167, 168, 169, 174, 179, 185, 191, 192, 223, 224, 225, 226, 227, 228, 229, 230, 231, 270, 271, 272, 273, 274, 275, 276, 277, 325, 326, 327, 328, 340, 341, 342, 348, 349, 359, 360, 361, 362, 363, 407, 408, 409, 410, 411, 412, 413, 414, 415, 416, 417, 418, 419, 420, 540, 595], "summary": {"covered_lines": 84, "num_statements": 84, "percent_covered": 100.0, "percent_covered_display": "100", "missing_lines": 0, "excluded_lines": 0}, "missing_lines": [], "excluded_lines": []}}, "classes": {"": {"executed_lines": [1, 15, 16, 17, 18, 19, 21, 22, 24, 25, 30, 31, 33, 34, 40, 42, 43, 45, 48, 49, 50, 51, 52, 59, 60, 61, 67, 68, 81, 83, 84, 85, 88, 99, 101, 104, 106, 108, 109, 112, 113, 115, 118, 119, 120, 121, 123, 125, 131, 134, 142, 152, 160, 161, 165, 166, 167, 168, 169, 174, 179, 185, 191, 192, 205, 207, 208, 210, 214, 220, 223, 224, 225, 226, 227, 228, 229, 230, 231, 240, 242, 244, 245, 250, 252, 253, 255, 259, 261, 267, 270, 271, 272, 273, 274, 275, 276, 277, 285, 288, 289, 290, 292, 293, 296, 299, 300, 301, 302, 303, 305, 306, 307, 309, 313, 314, 315, 316, 321, 322, 325, 326, 327, 328, 330, 332, 336, 337, 340, 341, 342, 348, 349, 351, 352, 353, 354, 356, 359, 360, 361, 362, 363, 365, 367, 368, 369, 370, 407, 408, 409, 410, 411, 412, 413, 414, 415, 416, 417, 418, 419, 420, 441, 442, 443, 445, 447, 448, 449, 450, 451, 453, 454, 455, 456, 461, 464, 466, 467, 468, 469, 470, 472, 473, 475, 476, 479, 480, 484, 487, 490, 492, 493, 494, 497, 498, 499, 500, 503, 504, 505, 506, 507, 508, 509, 514, 515, 517, 518, 520, 521, 528, 530, 540, 549, 550, 551, 552, 553, 555, 557, 558, 559, 560, 562, 563, 564, 568, 575, 576, 580, 581, 584, 585, 586, 587, 588, 589, 590, 592, 595, 603, 604, 605, 606, 607, 609, 611, 612, 613, 614, 617, 618, 619, 620, 621, 627, 628, 629, 634, 642, 643, 644, 646, 650, 651, 652, 653, 654, 655, 656, 657, 658, 659, 660, 661, 662, 663, 664, 669, 670, 674, 675, 678, 690, 694, 697, 698], "summary": {"covered_lines": 287, "num_statements": 336, "percent_covered": 85.41666666666667, "percent_covered_display": "85", "missing_lines": 49, "excluded_lines": 0}, "missing_lines": [89, 90, 91, 92, 93, 96, 110, 135, 136, 139, 140, 162, 243, 260, 372, 373, 386, 387, 389, 390, 391, 392, 393, 394, 395, 396, 397, 398, 399, 401, 402, 501, 591, 622, 623, 647, 666, 667, 679, 680, 681, 684, 685, 686, 687, 688, 691, 695, 696], "excluded_lines": []}}}, "src/secondbrain/cli/display.py": {"executed_lines": [1, 3, 4, 5, 7, 8, 10, 11, 13, 17, 20, 33, 34, 35, 37, 38, 39, 42, 44, 45, 48, 49, 51, 52, 53, 54, 61, 67, 68, 69, 71, 72, 73, 74, 76, 77, 83, 86, 92, 93, 94, 95, 96, 99, 105, 106, 107, 110, 111, 112, 113, 114, 115], "summary": {"covered_lines": 52, "num_statements": 52, "percent_covered": 100.0, "percent_covered_display": "100", "missing_lines": 0, "excluded_lines": 0}, "missing_lines": [], "excluded_lines": [], "functions": {"display_search_results": {"executed_lines": [33, 34, 35, 37, 38, 39, 42, 44, 45, 48, 49, 51, 52, 53, 54], "summary": {"covered_lines": 15, "num_statements": 15, "percent_covered": 100.0, "percent_covered_display": "100", "missing_lines": 0, "excluded_lines": 0}, "missing_lines": [], "excluded_lines": []}, "display_list_results": {"executed_lines": [67, 68, 69, 71, 72, 73, 74, 76, 77, 83], "summary": {"covered_lines": 10, "num_statements": 10, "percent_covered": 100.0, "percent_covered_display": "100", "missing_lines": 0, "excluded_lines": 0}, "missing_lines": [], "excluded_lines": []}, "display_status": {"executed_lines": [92, 93, 94, 95, 96], "summary": {"covered_lines": 5, "num_statements": 5, "percent_covered": 100.0, "percent_covered_display": "100", "missing_lines": 0, "excluded_lines": 0}, "missing_lines": [], "excluded_lines": []}, "display_health_status": {"executed_lines": [105, 106, 107, 110, 111, 112, 113, 114, 115], "summary": {"covered_lines": 9, "num_statements": 9, "percent_covered": 100.0, "percent_covered_display": "100", "missing_lines": 0, "excluded_lines": 0}, "missing_lines": [], "excluded_lines": []}, "": {"executed_lines": [1, 3, 4, 5, 7, 8, 10, 11, 13, 17, 20, 61, 86, 99], "summary": {"covered_lines": 13, "num_statements": 13, "percent_covered": 100.0, "percent_covered_display": "100", "missing_lines": 0, "excluded_lines": 0}, "missing_lines": [], "excluded_lines": []}}, "classes": {"": {"executed_lines": [1, 3, 4, 5, 7, 8, 10, 11, 13, 17, 20, 33, 34, 35, 37, 38, 39, 42, 44, 45, 48, 49, 51, 52, 53, 54, 61, 67, 68, 69, 71, 72, 73, 74, 76, 77, 83, 86, 92, 93, 94, 95, 96, 99, 105, 106, 107, 110, 111, 112, 113, 114, 115], "summary": {"covered_lines": 52, "num_statements": 52, "percent_covered": 100.0, "percent_covered_display": "100", "missing_lines": 0, "excluded_lines": 0}, "missing_lines": [], "excluded_lines": []}}}, "src/secondbrain/cli/errors.py": {"executed_lines": [1, 3, 4, 5, 6, 7, 9, 10, 11, 13, 15, 16, 18, 19, 22, 36, 37, 38, 39, 40, 41, 42, 43, 44, 45, 46, 47, 48, 49, 50, 51, 52, 53, 54, 56], "summary": {"covered_lines": 34, "num_statements": 34, "percent_covered": 100.0, "percent_covered_display": "100", "missing_lines": 0, "excluded_lines": 0}, "missing_lines": [], "excluded_lines": [], "functions": {"handle_cli_errors": {"executed_lines": [36, 37, 56], "summary": {"covered_lines": 3, "num_statements": 3, "percent_covered": 100.0, "percent_covered_display": "100", "missing_lines": 0, "excluded_lines": 0}, "missing_lines": [], "excluded_lines": []}, "handle_cli_errors.wrapper": {"executed_lines": [38, 39, 40, 41, 42, 43, 44, 45, 46, 47, 48, 49, 50, 51, 52, 53, 54], "summary": {"covered_lines": 17, "num_statements": 17, "percent_covered": 100.0, "percent_covered_display": "100", "missing_lines": 0, "excluded_lines": 0}, "missing_lines": [], "excluded_lines": []}, "": {"executed_lines": [1, 3, 4, 5, 6, 7, 9, 10, 11, 13, 15, 16, 18, 19, 22], "summary": {"covered_lines": 14, "num_statements": 14, "percent_covered": 100.0, "percent_covered_display": "100", "missing_lines": 0, "excluded_lines": 0}, "missing_lines": [], "excluded_lines": []}}, "classes": {"": {"executed_lines": [1, 3, 4, 5, 6, 7, 9, 10, 11, 13, 15, 16, 18, 19, 22, 36, 37, 38, 39, 40, 41, 42, 43, 44, 45, 46, 47, 48, 49, 50, 51, 52, 53, 54, 56], "summary": {"covered_lines": 34, "num_statements": 34, "percent_covered": 100.0, "percent_covered_display": "100", "missing_lines": 0, "excluded_lines": 0}, "missing_lines": [], "excluded_lines": []}}}, "src/secondbrain/config/__init__.py": {"executed_lines": [1, 8, 9, 10, 11, 13, 14, 16, 19, 33, 34, 37, 40, 41, 46, 54, 59, 60, 61, 71, 73, 77, 82, 88, 92, 96, 100, 104, 108, 114, 118, 124, 131, 137, 145, 153, 164, 170, 178, 187, 195, 205, 211, 217, 225, 234, 238, 244, 249, 254, 259, 264, 269, 270, 271, 285, 286, 287, 289, 290, 291, 305, 306, 307, 309, 310, 311, 325, 326, 327, 329, 330, 331, 345, 346, 347, 349, 350, 351, 365, 367, 369, 370, 371, 385, 387, 389, 390, 391, 405, 407, 409, 410, 411, 425, 427, 429, 430, 431, 445, 447, 449, 450, 461, 462, 463, 464, 465, 466, 467, 469, 471, 473, 478, 479, 480, 481, 482, 483, 486, 488, 489, 496, 498, 501, 502, 512, 515, 518, 525, 526, 529, 536], "summary": {"covered_lines": 131, "num_statements": 147, "percent_covered": 89.1156462585034, "percent_covered_display": "89", "missing_lines": 16, "excluded_lines": 0}, "missing_lines": [366, 386, 406, 426, 446, 468, 470, 472, 477, 520, 521, 522, 527, 530, 531, 533], "excluded_lines": [], "functions": {"_validate_mongo_uri": {"executed_lines": [33, 34, 37], "summary": {"covered_lines": 3, "num_statements": 3, "percent_covered": 100.0, "percent_covered_display": "100", "missing_lines": 0, "excluded_lines": 0}, "missing_lines": [], "excluded_lines": []}, "Config.validate_mongo_uri": {"executed_lines": [71], "summary": {"covered_lines": 1, "num_statements": 1, "percent_covered": 100.0, "percent_covered_display": "100", "missing_lines": 0, "excluded_lines": 0}, "missing_lines": [], "excluded_lines": []}, "Config.validate_chunk_size": {"executed_lines": [285, 286, 287], "summary": {"covered_lines": 3, "num_statements": 3, "percent_covered": 100.0, "percent_covered_display": "100", "missing_lines": 0, "excluded_lines": 0}, "missing_lines": [], "excluded_lines": []}, "Config.validate_chunk_overlap": {"executed_lines": [305, 306, 307], "summary": {"covered_lines": 3, "num_statements": 3, "percent_covered": 100.0, "percent_covered_display": "100", "missing_lines": 0, "excluded_lines": 0}, "missing_lines": [], "excluded_lines": []}, "Config.validate_embedding_cache_size": {"executed_lines": [325, 326, 327], "summary": {"covered_lines": 3, "num_statements": 3, "percent_covered": 100.0, "percent_covered_display": "100", "missing_lines": 0, "excluded_lines": 0}, "missing_lines": [], "excluded_lines": []}, "Config.validate_embedding_batch_size": {"executed_lines": [345, 346, 347], "summary": {"covered_lines": 3, "num_statements": 3, "percent_covered": 100.0, "percent_covered_display": "100", "missing_lines": 0, "excluded_lines": 0}, "missing_lines": [], "excluded_lines": []}, "Config.validate_streaming_chunk_batch_size": {"executed_lines": [365, 367], "summary": {"covered_lines": 2, "num_statements": 3, "percent_covered": 66.66666666666667, "percent_covered_display": "67", "missing_lines": 1, "excluded_lines": 0}, "missing_lines": [366], "excluded_lines": []}, "Config.validate_llm_temperature": {"executed_lines": [385, 387], "summary": {"covered_lines": 2, "num_statements": 3, "percent_covered": 66.66666666666667, "percent_covered_display": "67", "missing_lines": 1, "excluded_lines": 0}, "missing_lines": [386], "excluded_lines": []}, "Config.validate_llm_max_tokens": {"executed_lines": [405, 407], "summary": {"covered_lines": 2, "num_statements": 3, "percent_covered": 66.66666666666667, "percent_covered_display": "67", "missing_lines": 1, "excluded_lines": 0}, "missing_lines": [406], "excluded_lines": []}, "Config.validate_llm_timeout": {"executed_lines": [425, 427], "summary": {"covered_lines": 2, "num_statements": 3, "percent_covered": 66.66666666666667, "percent_covered_display": "67", "missing_lines": 1, "excluded_lines": 0}, "missing_lines": [426], "excluded_lines": []}, "Config.validate_rag_context_window": {"executed_lines": [445, 447], "summary": {"covered_lines": 2, "num_statements": 3, "percent_covered": 66.66666666666667, "percent_covered_display": "67", "missing_lines": 1, "excluded_lines": 0}, "missing_lines": [446], "excluded_lines": []}, "Config.validate_config_values": {"executed_lines": [461, 462, 463, 464, 465, 466, 467, 469, 471, 473, 478, 479, 480, 481, 482, 483, 486], "summary": {"covered_lines": 17, "num_statements": 21, "percent_covered": 80.95238095238095, "percent_covered_display": "81", "missing_lines": 4, "excluded_lines": 0}, "missing_lines": [468, 470, 472, 477], "excluded_lines": []}, "Config.extensions_set": {"executed_lines": [496, 498], "summary": {"covered_lines": 2, "num_statements": 2, "percent_covered": 100.0, "percent_covered_display": "100", "missing_lines": 0, "excluded_lines": 0}, "missing_lines": [], "excluded_lines": []}, "get_config": {"executed_lines": [512], "summary": {"covered_lines": 1, "num_statements": 1, "percent_covered": 100.0, "percent_covered_display": "100", "missing_lines": 0, "excluded_lines": 0}, "missing_lines": [], "excluded_lines": []}, "get_config_instance": {"executed_lines": [], "summary": {"covered_lines": 0, "num_statements": 3, "percent_covered": 0.0, "percent_covered_display": "0", "missing_lines": 3, "excluded_lines": 0}, "missing_lines": [520, 521, 522], "excluded_lines": []}, "_ConfigProxy.__getattr__": {"executed_lines": [], "summary": {"covered_lines": 0, "num_statements": 1, "percent_covered": 0.0, "percent_covered_display": "0", "missing_lines": 1, "excluded_lines": 0}, "missing_lines": [527], "excluded_lines": []}, "_ConfigProxy.__setattr__": {"executed_lines": [], "summary": {"covered_lines": 0, "num_statements": 3, "percent_covered": 0.0, "percent_covered_display": "0", "missing_lines": 3, "excluded_lines": 0}, "missing_lines": [530, 531, 533], "excluded_lines": []}, "": {"executed_lines": [1, 8, 9, 10, 11, 13, 14, 16, 19, 40, 41, 46, 54, 59, 60, 61, 73, 77, 82, 88, 92, 96, 100, 104, 108, 114, 118, 124, 131, 137, 145, 153, 164, 170, 178, 187, 195, 205, 211, 217, 225, 234, 238, 244, 249, 254, 259, 264, 269, 270, 271, 289, 290, 291, 309, 310, 311, 329, 330, 331, 349, 350, 351, 369, 370, 371, 389, 390, 391, 409, 410, 411, 429, 430, 431, 449, 450, 488, 489, 501, 502, 515, 518, 525, 526, 529, 536], "summary": {"covered_lines": 85, "num_statements": 85, "percent_covered": 100.0, "percent_covered_display": "100", "missing_lines": 0, "excluded_lines": 0}, "missing_lines": [], "excluded_lines": []}}, "classes": {"Config": {"executed_lines": [71, 285, 286, 287, 305, 306, 307, 325, 326, 327, 345, 346, 347, 365, 367, 385, 387, 405, 407, 425, 427, 445, 447, 461, 462, 463, 464, 465, 466, 467, 469, 471, 473, 478, 479, 480, 481, 482, 483, 486, 496, 498], "summary": {"covered_lines": 42, "num_statements": 51, "percent_covered": 82.3529411764706, "percent_covered_display": "82", "missing_lines": 9, "excluded_lines": 0}, "missing_lines": [366, 386, 406, 426, 446, 468, 470, 472, 477], "excluded_lines": []}, "_ConfigProxy": {"executed_lines": [], "summary": {"covered_lines": 0, "num_statements": 4, "percent_covered": 0.0, "percent_covered_display": "0", "missing_lines": 4, "excluded_lines": 0}, "missing_lines": [527, 530, 531, 533], "excluded_lines": []}, "": {"executed_lines": [1, 8, 9, 10, 11, 13, 14, 16, 19, 33, 34, 37, 40, 41, 46, 54, 59, 60, 61, 73, 77, 82, 88, 92, 96, 100, 104, 108, 114, 118, 124, 131, 137, 145, 153, 164, 170, 178, 187, 195, 205, 211, 217, 225, 234, 238, 244, 249, 254, 259, 264, 269, 270, 271, 289, 290, 291, 309, 310, 311, 329, 330, 331, 349, 350, 351, 369, 370, 371, 389, 390, 391, 409, 410, 411, 429, 430, 431, 449, 450, 488, 489, 501, 502, 512, 515, 518, 525, 526, 529, 536], "summary": {"covered_lines": 89, "num_statements": 92, "percent_covered": 96.73913043478261, "percent_covered_display": "97", "missing_lines": 3, "excluded_lines": 0}, "missing_lines": [520, 521, 522], "excluded_lines": []}}}, "src/secondbrain/config/validator.py": {"executed_lines": [], "summary": {"covered_lines": 0, "num_statements": 92, "percent_covered": 0.0, "percent_covered_display": "0", "missing_lines": 92, "excluded_lines": 0}, "missing_lines": [7, 9, 10, 12, 13, 16, 23, 32, 40, 45, 52, 56, 64, 70, 78, 82, 88, 94, 99, 106, 111, 116, 123, 128, 135, 139, 143, 150, 151, 152, 164, 165, 167, 168, 174, 175, 177, 179, 180, 181, 193, 194, 196, 197, 199, 200, 202, 203, 205, 207, 208, 209, 221, 222, 225, 231, 232, 238, 240, 241, 242, 254, 255, 257, 258, 262, 264, 265, 266, 279, 280, 281, 284, 286, 287, 297, 298, 301, 302, 306, 308, 314, 316, 322, 325, 334, 337, 343, 345, 346, 347, 349], "excluded_lines": [], "functions": {"SecondBrainSettings.validate_mongo_uri": {"executed_lines": [], "summary": {"covered_lines": 0, "num_statements": 7, "percent_covered": 0.0, "percent_covered_display": "0", "missing_lines": 7, "excluded_lines": 0}, "missing_lines": [164, 165, 167, 168, 174, 175, 177], "excluded_lines": []}, "SecondBrainSettings.validate_database_name": {"executed_lines": [], "summary": {"covered_lines": 0, "num_statements": 9, "percent_covered": 0.0, "percent_covered_display": "0", "missing_lines": 9, "excluded_lines": 0}, "missing_lines": [193, 194, 196, 197, 199, 200, 202, 203, 205], "excluded_lines": []}, "SecondBrainSettings.validate_embedding_model": {"executed_lines": [], "summary": {"covered_lines": 0, "num_statements": 6, "percent_covered": 0.0, "percent_covered_display": "0", "missing_lines": 6, "excluded_lines": 0}, "missing_lines": [221, 222, 225, 231, 232, 238], "excluded_lines": []}, "SecondBrainSettings.validate_ollama_url": {"executed_lines": [], "summary": {"covered_lines": 0, "num_statements": 5, "percent_covered": 0.0, "percent_covered_display": "0", "missing_lines": 5, "excluded_lines": 0}, "missing_lines": [254, 255, 257, 258, 262], "excluded_lines": []}, "SecondBrainSettings.validate_chunk_overlap": {"executed_lines": [], "summary": {"covered_lines": 0, "num_statements": 4, "percent_covered": 0.0, "percent_covered_display": "0", "missing_lines": 4, "excluded_lines": 0}, "missing_lines": [279, 280, 281, 284], "excluded_lines": []}, "SecondBrainSettings.validate_configuration": {"executed_lines": [], "summary": {"covered_lines": 0, "num_statements": 5, "percent_covered": 0.0, "percent_covered_display": "0", "missing_lines": 5, "excluded_lines": 0}, "missing_lines": [297, 298, 301, 302, 306], "excluded_lines": []}, "SecondBrainSettings.get_mongo_connection_string": {"executed_lines": [], "summary": {"covered_lines": 0, "num_statements": 1, "percent_covered": 0.0, "percent_covered_display": "0", "missing_lines": 1, "excluded_lines": 0}, "missing_lines": [314], "excluded_lines": []}, "SecondBrainSettings.get_mongo_collection_path": {"executed_lines": [], "summary": {"covered_lines": 0, "num_statements": 1, "percent_covered": 0.0, "percent_covered_display": "0", "missing_lines": 1, "excluded_lines": 0}, "missing_lines": [322], "excluded_lines": []}, "validate_settings": {"executed_lines": [], "summary": {"covered_lines": 0, "num_statements": 1, "percent_covered": 0.0, "percent_covered_display": "0", "missing_lines": 1, "excluded_lines": 0}, "missing_lines": [334], "excluded_lines": []}, "get_settings": {"executed_lines": [], "summary": {"covered_lines": 0, "num_statements": 4, "percent_covered": 0.0, "percent_covered_display": "0", "missing_lines": 4, "excluded_lines": 0}, "missing_lines": [343, 345, 346, 349], "excluded_lines": []}, "get_settings._get_settings": {"executed_lines": [], "summary": {"covered_lines": 0, "num_statements": 1, "percent_covered": 0.0, "percent_covered_display": "0", "missing_lines": 1, "excluded_lines": 0}, "missing_lines": [347], "excluded_lines": []}, "": {"executed_lines": [], "summary": {"covered_lines": 0, "num_statements": 48, "percent_covered": 0.0, "percent_covered_display": "0", "missing_lines": 48, "excluded_lines": 0}, "missing_lines": [7, 9, 10, 12, 13, 16, 23, 32, 40, 45, 52, 56, 64, 70, 78, 82, 88, 94, 99, 106, 111, 116, 123, 128, 135, 139, 143, 150, 151, 152, 179, 180, 181, 207, 208, 209, 240, 241, 242, 264, 265, 266, 286, 287, 308, 316, 325, 337], "excluded_lines": []}}, "classes": {"SecondBrainSettings": {"executed_lines": [], "summary": {"covered_lines": 0, "num_statements": 38, "percent_covered": 0.0, "percent_covered_display": "0", "missing_lines": 38, "excluded_lines": 0}, "missing_lines": [164, 165, 167, 168, 174, 175, 177, 193, 194, 196, 197, 199, 200, 202, 203, 205, 221, 222, 225, 231, 232, 238, 254, 255, 257, 258, 262, 279, 280, 281, 284, 297, 298, 301, 302, 306, 314, 322], "excluded_lines": []}, "": {"executed_lines": [], "summary": {"covered_lines": 0, "num_statements": 54, "percent_covered": 0.0, "percent_covered_display": "0", "missing_lines": 54, "excluded_lines": 0}, "missing_lines": [7, 9, 10, 12, 13, 16, 23, 32, 40, 45, 52, 56, 64, 70, 78, 82, 88, 94, 99, 106, 111, 116, 123, 128, 135, 139, 143, 150, 151, 152, 179, 180, 181, 207, 208, 209, 240, 241, 242, 264, 265, 266, 286, 287, 308, 316, 325, 334, 337, 343, 345, 346, 347, 349], "excluded_lines": []}}}, "src/secondbrain/constants.py": {"executed_lines": [], "summary": {"covered_lines": 0, "num_statements": 32, "percent_covered": 0.0, "percent_covered_display": "0", "missing_lines": 32, "excluded_lines": 0}, "missing_lines": [8, 11, 12, 15, 16, 17, 18, 21, 22, 23, 24, 25, 28, 29, 30, 33, 34, 37, 38, 39, 42, 43, 44, 47, 48, 49, 50, 51, 56, 57, 58, 59], "excluded_lines": [], "functions": {"": {"executed_lines": [], "summary": {"covered_lines": 0, "num_statements": 32, "percent_covered": 0.0, "percent_covered_display": "0", "missing_lines": 32, "excluded_lines": 0}, "missing_lines": [8, 11, 12, 15, 16, 17, 18, 21, 22, 23, 24, 25, 28, 29, 30, 33, 34, 37, 38, 39, 42, 43, 44, 47, 48, 49, 50, 51, 56, 57, 58, 59], "excluded_lines": []}}, "classes": {"": {"executed_lines": [], "summary": {"covered_lines": 0, "num_statements": 32, "percent_covered": 0.0, "percent_covered_display": "0", "missing_lines": 32, "excluded_lines": 0}, "missing_lines": [8, 11, 12, 15, 16, 17, 18, 21, 22, 23, 24, 25, 28, 29, 30, 33, 34, 37, 38, 39, 42, 43, 44, 47, 48, 49, 50, 51, 56, 57, 58, 59], "excluded_lines": []}}}, "src/secondbrain/conversation/__init__.py": {"executed_lines": [1, 9, 10, 11, 13], "summary": {"covered_lines": 4, "num_statements": 4, "percent_covered": 100.0, "percent_covered_display": "100", "missing_lines": 0, "excluded_lines": 0}, "missing_lines": [], "excluded_lines": [], "functions": {"": {"executed_lines": [1, 9, 10, 11, 13], "summary": {"covered_lines": 4, "num_statements": 4, "percent_covered": 100.0, "percent_covered_display": "100", "missing_lines": 0, "excluded_lines": 0}, "missing_lines": [], "excluded_lines": []}}, "classes": {"": {"executed_lines": [1, 9, 10, 11, 13], "summary": {"covered_lines": 4, "num_statements": 4, "percent_covered": 100.0, "percent_covered_display": "100", "missing_lines": 0, "excluded_lines": 0}, "missing_lines": [], "excluded_lines": []}}}, "src/secondbrain/conversation/rewriter.py": {"executed_lines": [1, 7, 8, 9, 11, 14, 16, 19, 20, 45, 53, 85, 101, 102, 104, 127, 128, 129, 132, 139, 142, 143, 146, 149, 150, 151, 158, 159, 160, 162, 178, 180, 211, 214, 216, 233, 235, 236, 237, 239, 240, 242, 244, 256, 262, 280, 283, 291, 292, 293, 294, 297, 298, 300, 302, 320, 321, 324, 325, 328, 329, 332, 342, 343, 345, 367, 369, 370, 371, 373, 375, 393, 395, 396, 398], "summary": {"covered_lines": 72, "num_statements": 74, "percent_covered": 97.29729729729729, "percent_covered_display": "97", "missing_lines": 2, "excluded_lines": 2}, "missing_lines": [153, 156], "excluded_lines": [11, 12], "functions": {"QueryRewriter.__init__": {"executed_lines": [101, 102], "summary": {"covered_lines": 2, "num_statements": 2, "percent_covered": 100.0, "percent_covered_display": "100", "missing_lines": 0, "excluded_lines": 0}, "missing_lines": [], "excluded_lines": []}, "QueryRewriter.rewrite": {"executed_lines": [127, 128, 129, 132, 139, 142, 143, 146, 149, 150, 151, 158, 159, 160], "summary": {"covered_lines": 14, "num_statements": 16, "percent_covered": 87.5, "percent_covered_display": "88", "missing_lines": 2, "excluded_lines": 0}, "missing_lines": [153, 156], "excluded_lines": []}, "QueryRewriter.rewrite_query": {"executed_lines": [178], "summary": {"covered_lines": 1, "num_statements": 1, "percent_covered": 100.0, "percent_covered_display": "100", "missing_lines": 0, "excluded_lines": 0}, "missing_lines": [], "excluded_lines": []}, "QueryRewriter._build_rewrite_prompt": {"executed_lines": [211, 214], "summary": {"covered_lines": 2, "num_statements": 2, "percent_covered": 100.0, "percent_covered_display": "100", "missing_lines": 0, "excluded_lines": 0}, "missing_lines": [], "excluded_lines": []}, "QueryRewriter._format_history": {"executed_lines": [233, 235, 236, 237, 239, 240, 242], "summary": {"covered_lines": 7, "num_statements": 7, "percent_covered": 100.0, "percent_covered_display": "100", "missing_lines": 0, "excluded_lines": 0}, "missing_lines": [], "excluded_lines": []}, "QueryRewriter._call_llm_safely": {"executed_lines": [256], "summary": {"covered_lines": 1, "num_statements": 1, "percent_covered": 100.0, "percent_covered_display": "100", "missing_lines": 0, "excluded_lines": 0}, "missing_lines": [], "excluded_lines": []}, "QueryRewriter._clean_llm_response": {"executed_lines": [280, 283, 291, 292, 293, 294, 297, 298, 300], "summary": {"covered_lines": 9, "num_statements": 9, "percent_covered": 100.0, "percent_covered_display": "100", "missing_lines": 0, "excluded_lines": 0}, "missing_lines": [], "excluded_lines": []}, "QueryRewriter._is_valid_rewrite": {"executed_lines": [320, 321, 324, 325, 328, 329, 332, 342, 343], "summary": {"covered_lines": 9, "num_statements": 9, "percent_covered": 100.0, "percent_covered_display": "100", "missing_lines": 0, "excluded_lines": 0}, "missing_lines": [], "excluded_lines": []}, "QueryRewriter._is_standalone_query": {"executed_lines": [367, 369, 370, 371, 373], "summary": {"covered_lines": 5, "num_statements": 5, "percent_covered": 100.0, "percent_covered_display": "100", "missing_lines": 0, "excluded_lines": 0}, "missing_lines": [], "excluded_lines": []}, "QueryRewriter.should_rewrite": {"executed_lines": [393], "summary": {"covered_lines": 1, "num_statements": 1, "percent_covered": 100.0, "percent_covered_display": "100", "missing_lines": 0, "excluded_lines": 0}, "missing_lines": [], "excluded_lines": []}, "QueryRewriter.context_window": {"executed_lines": [398], "summary": {"covered_lines": 1, "num_statements": 1, "percent_covered": 100.0, "percent_covered_display": "100", "missing_lines": 0, "excluded_lines": 0}, "missing_lines": [], "excluded_lines": []}, "": {"executed_lines": [1, 7, 8, 9, 11, 14, 16, 19, 20, 45, 53, 85, 104, 162, 180, 216, 244, 262, 302, 345, 375, 395, 396], "summary": {"covered_lines": 20, "num_statements": 20, "percent_covered": 100.0, "percent_covered_display": "100", "missing_lines": 0, "excluded_lines": 2}, "missing_lines": [], "excluded_lines": [11, 12]}}, "classes": {"QueryRewriter": {"executed_lines": [101, 102, 127, 128, 129, 132, 139, 142, 143, 146, 149, 150, 151, 158, 159, 160, 178, 211, 214, 233, 235, 236, 237, 239, 240, 242, 256, 280, 283, 291, 292, 293, 294, 297, 298, 300, 320, 321, 324, 325, 328, 329, 332, 342, 343, 367, 369, 370, 371, 373, 393, 398], "summary": {"covered_lines": 52, "num_statements": 54, "percent_covered": 96.29629629629629, "percent_covered_display": "96", "missing_lines": 2, "excluded_lines": 0}, "missing_lines": [153, 156], "excluded_lines": []}, "": {"executed_lines": [1, 7, 8, 9, 11, 14, 16, 19, 20, 45, 53, 85, 104, 162, 180, 216, 244, 262, 302, 345, 375, 395, 396], "summary": {"covered_lines": 20, "num_statements": 20, "percent_covered": 100.0, "percent_covered_display": "100", "missing_lines": 0, "excluded_lines": 2}, "missing_lines": [], "excluded_lines": [11, 12]}}}, "src/secondbrain/conversation/session.py": {"executed_lines": [1, 3, 5, 7, 10, 11, 33, 51, 52, 53, 54, 56, 57, 80, 81, 83, 84, 108, 112, 113, 115, 116, 117, 119, 135, 138, 141, 142, 144, 166, 167, 169, 172, 174, 191, 193, 208, 212, 213, 215, 231, 233, 234, 248, 250, 251, 265], "summary": {"covered_lines": 45, "num_statements": 47, "percent_covered": 95.74468085106383, "percent_covered_display": "96", "missing_lines": 2, "excluded_lines": 0}, "missing_lines": [170, 209], "excluded_lines": [], "functions": {"ConversationSession.__init__": {"executed_lines": [51, 52, 53, 54], "summary": {"covered_lines": 4, "num_statements": 4, "percent_covered": 100.0, "percent_covered_display": "100", "missing_lines": 0, "excluded_lines": 0}, "missing_lines": [], "excluded_lines": []}, "ConversationSession.create": {"executed_lines": [80, 81], "summary": {"covered_lines": 2, "num_statements": 2, "percent_covered": 100.0, "percent_covered_display": "100", "missing_lines": 0, "excluded_lines": 0}, "missing_lines": [], "excluded_lines": []}, "ConversationSession.load": {"executed_lines": [108, 112, 113, 115, 116, 117], "summary": {"covered_lines": 6, "num_statements": 6, "percent_covered": 100.0, "percent_covered_display": "100", "missing_lines": 0, "excluded_lines": 0}, "missing_lines": [], "excluded_lines": []}, "ConversationSession.add_message": {"executed_lines": [135, 138, 141, 142], "summary": {"covered_lines": 4, "num_statements": 4, "percent_covered": 100.0, "percent_covered_display": "100", "missing_lines": 0, "excluded_lines": 0}, "missing_lines": [], "excluded_lines": []}, "ConversationSession.get_history": {"executed_lines": [166, 167, 169, 172], "summary": {"covered_lines": 4, "num_statements": 5, "percent_covered": 80.0, "percent_covered_display": "80", "missing_lines": 1, "excluded_lines": 0}, "missing_lines": [170], "excluded_lines": []}, "ConversationSession.get_context_messages": {"executed_lines": [191], "summary": {"covered_lines": 1, "num_statements": 1, "percent_covered": 100.0, "percent_covered_display": "100", "missing_lines": 0, "excluded_lines": 0}, "missing_lines": [], "excluded_lines": []}, "ConversationSession.trim_context": {"executed_lines": [208, 212, 213], "summary": {"covered_lines": 3, "num_statements": 4, "percent_covered": 75.0, "percent_covered_display": "75", "missing_lines": 1, "excluded_lines": 0}, "missing_lines": [209], "excluded_lines": []}, "ConversationSession.clear_history": {"executed_lines": [231], "summary": {"covered_lines": 1, "num_statements": 1, "percent_covered": 100.0, "percent_covered_display": "100", "missing_lines": 0, "excluded_lines": 0}, "missing_lines": [], "excluded_lines": []}, "ConversationSession.message_count": {"executed_lines": [248], "summary": {"covered_lines": 1, "num_statements": 1, "percent_covered": 100.0, "percent_covered_display": "100", "missing_lines": 0, "excluded_lines": 0}, "missing_lines": [], "excluded_lines": []}, "ConversationSession.is_empty": {"executed_lines": [265], "summary": {"covered_lines": 1, "num_statements": 1, "percent_covered": 100.0, "percent_covered_display": "100", "missing_lines": 0, "excluded_lines": 0}, "missing_lines": [], "excluded_lines": []}, "": {"executed_lines": [1, 3, 5, 7, 10, 11, 33, 56, 57, 83, 84, 119, 144, 174, 193, 215, 233, 234, 250, 251], "summary": {"covered_lines": 18, "num_statements": 18, "percent_covered": 100.0, "percent_covered_display": "100", "missing_lines": 0, "excluded_lines": 0}, "missing_lines": [], "excluded_lines": []}}, "classes": {"ConversationSession": {"executed_lines": [51, 52, 53, 54, 80, 81, 108, 112, 113, 115, 116, 117, 135, 138, 141, 142, 166, 167, 169, 172, 191, 208, 212, 213, 231, 248, 265], "summary": {"covered_lines": 27, "num_statements": 29, "percent_covered": 93.10344827586206, "percent_covered_display": "93", "missing_lines": 2, "excluded_lines": 0}, "missing_lines": [170, 209], "excluded_lines": []}, "": {"executed_lines": [1, 3, 5, 7, 10, 11, 33, 56, 57, 83, 84, 119, 144, 174, 193, 215, 233, 234, 250, 251], "summary": {"covered_lines": 18, "num_statements": 18, "percent_covered": 100.0, "percent_covered_display": "100", "missing_lines": 0, "excluded_lines": 0}, "missing_lines": [], "excluded_lines": []}}}, "src/secondbrain/conversation/storage.py": {"executed_lines": [1, 3, 4, 5, 7, 8, 9, 10, 15, 16, 17, 19, 21, 24, 25, 57, 79, 80, 81, 82, 83, 84, 85, 86, 87, 89, 103, 104, 110, 111, 129, 130, 138, 140, 141, 153, 154, 155, 157, 158, 170, 171, 172, 174, 188, 189, 190, 194, 217, 219, 220, 227, 228, 230, 252, 254, 260, 268, 292, 294, 304, 337, 339, 343, 344, 346, 348, 349, 350, 352, 354, 380, 382, 383, 385, 416, 418, 428, 429, 430, 431, 439, 441, 452, 453, 454, 455, 456, 457, 458, 460, 472, 474, 494], "summary": {"covered_lines": 92, "num_statements": 94, "percent_covered": 97.87234042553192, "percent_covered_display": "98", "missing_lines": 2, "excluded_lines": 0}, "missing_lines": [191, 192], "excluded_lines": [], "functions": {"ConversationStorage.__init__": {"executed_lines": [79, 80, 81, 82, 83, 84, 85, 86, 87], "summary": {"covered_lines": 9, "num_statements": 9, "percent_covered": 100.0, "percent_covered_display": "100", "missing_lines": 0, "excluded_lines": 0}, "missing_lines": [], "excluded_lines": []}, "ConversationStorage._require_connection": {"executed_lines": [103, 104], "summary": {"covered_lines": 2, "num_statements": 2, "percent_covered": 100.0, "percent_covered_display": "100", "missing_lines": 0, "excluded_lines": 0}, "missing_lines": [], "excluded_lines": []}, "ConversationStorage.client": {"executed_lines": [129, 130, 138], "summary": {"covered_lines": 3, "num_statements": 3, "percent_covered": 100.0, "percent_covered_display": "100", "missing_lines": 0, "excluded_lines": 0}, "missing_lines": [], "excluded_lines": []}, "ConversationStorage.db": {"executed_lines": [153, 154, 155], "summary": {"covered_lines": 3, "num_statements": 3, "percent_covered": 100.0, "percent_covered_display": "100", "missing_lines": 0, "excluded_lines": 0}, "missing_lines": [], "excluded_lines": []}, "ConversationStorage.collection": {"executed_lines": [170, 171, 172], "summary": {"covered_lines": 3, "num_statements": 3, "percent_covered": 100.0, "percent_covered_display": "100", "missing_lines": 0, "excluded_lines": 0}, "missing_lines": [], "excluded_lines": []}, "ConversationStorage._do_validate": {"executed_lines": [188, 189, 190], "summary": {"covered_lines": 3, "num_statements": 5, "percent_covered": 60.0, "percent_covered_display": "60", "missing_lines": 2, "excluded_lines": 0}, "missing_lines": [191, 192], "excluded_lines": []}, "ConversationStorage.create_session": {"executed_lines": [217, 219, 220, 227, 228], "summary": {"covered_lines": 5, "num_statements": 5, "percent_covered": 100.0, "percent_covered_display": "100", "missing_lines": 0, "excluded_lines": 0}, "missing_lines": [], "excluded_lines": []}, "ConversationStorage.save_message": {"executed_lines": [252, 254, 260], "summary": {"covered_lines": 3, "num_statements": 3, "percent_covered": 100.0, "percent_covered_display": "100", "missing_lines": 0, "excluded_lines": 0}, "missing_lines": [], "excluded_lines": []}, "ConversationStorage.update_messages": {"executed_lines": [292, 294], "summary": {"covered_lines": 2, "num_statements": 2, "percent_covered": 100.0, "percent_covered_display": "100", "missing_lines": 0, "excluded_lines": 0}, "missing_lines": [], "excluded_lines": []}, "ConversationStorage.get_history": {"executed_lines": [337, 339, 343, 344, 346, 348, 349, 350, 352], "summary": {"covered_lines": 9, "num_statements": 9, "percent_covered": 100.0, "percent_covered_display": "100", "missing_lines": 0, "excluded_lines": 0}, "missing_lines": [], "excluded_lines": []}, "ConversationStorage.delete_session": {"executed_lines": [380, 382, 383], "summary": {"covered_lines": 3, "num_statements": 3, "percent_covered": 100.0, "percent_covered_display": "100", "missing_lines": 0, "excluded_lines": 0}, "missing_lines": [], "excluded_lines": []}, "ConversationStorage.list_sessions": {"executed_lines": [416, 418, 428, 429, 430, 431, 439], "summary": {"covered_lines": 7, "num_statements": 7, "percent_covered": 100.0, "percent_covered_display": "100", "missing_lines": 0, "excluded_lines": 0}, "missing_lines": [], "excluded_lines": []}, "ConversationStorage.close": {"executed_lines": [452, 453, 454, 455, 456, 457, 458], "summary": {"covered_lines": 7, "num_statements": 7, "percent_covered": 100.0, "percent_covered_display": "100", "missing_lines": 0, "excluded_lines": 0}, "missing_lines": [], "excluded_lines": []}, "ConversationStorage.__enter__": {"executed_lines": [472], "summary": {"covered_lines": 1, "num_statements": 1, "percent_covered": 100.0, "percent_covered_display": "100", "missing_lines": 0, "excluded_lines": 0}, "missing_lines": [], "excluded_lines": []}, "ConversationStorage.__exit__": {"executed_lines": [494], "summary": {"covered_lines": 1, "num_statements": 1, "percent_covered": 100.0, "percent_covered_display": "100", "missing_lines": 0, "excluded_lines": 0}, "missing_lines": [], "excluded_lines": []}, "": {"executed_lines": [1, 3, 4, 5, 7, 8, 9, 10, 15, 16, 17, 19, 21, 24, 25, 57, 89, 110, 111, 140, 141, 157, 158, 174, 194, 230, 268, 304, 354, 385, 441, 460, 474], "summary": {"covered_lines": 31, "num_statements": 31, "percent_covered": 100.0, "percent_covered_display": "100", "missing_lines": 0, "excluded_lines": 0}, "missing_lines": [], "excluded_lines": []}}, "classes": {"ConversationStorage": {"executed_lines": [79, 80, 81, 82, 83, 84, 85, 86, 87, 103, 104, 129, 130, 138, 153, 154, 155, 170, 171, 172, 188, 189, 190, 217, 219, 220, 227, 228, 252, 254, 260, 292, 294, 337, 339, 343, 344, 346, 348, 349, 350, 352, 380, 382, 383, 416, 418, 428, 429, 430, 431, 439, 452, 453, 454, 455, 456, 457, 458, 472, 494], "summary": {"covered_lines": 61, "num_statements": 63, "percent_covered": 96.82539682539682, "percent_covered_display": "97", "missing_lines": 2, "excluded_lines": 0}, "missing_lines": [191, 192], "excluded_lines": []}, "": {"executed_lines": [1, 3, 4, 5, 7, 8, 9, 10, 15, 16, 17, 19, 21, 24, 25, 57, 89, 110, 111, 140, 141, 157, 158, 174, 194, 230, 268, 304, 354, 385, 441, 460, 474], "summary": {"covered_lines": 31, "num_statements": 31, "percent_covered": 100.0, "percent_covered_display": "100", "missing_lines": 0, "excluded_lines": 0}, "missing_lines": [], "excluded_lines": []}}}, "src/secondbrain/document/__init__.py": {"executed_lines": [1, 11, 13, 15, 16, 17, 18, 19, 20, 26, 29, 30, 31, 32, 33, 38, 39, 40, 43, 46, 48, 51, 56, 58, 59, 61, 62, 64, 68, 69, 71, 73, 75, 76, 77, 80], "summary": {"covered_lines": 35, "num_statements": 37, "percent_covered": 94.5945945945946, "percent_covered_display": "95", "missing_lines": 2, "excluded_lines": 0}, "missing_lines": [65, 66], "excluded_lines": [], "functions": {"_init_worker": {"executed_lines": [46, 48], "summary": {"covered_lines": 2, "num_statements": 2, "percent_covered": 100.0, "percent_covered_display": "100", "missing_lines": 0, "excluded_lines": 0}, "missing_lines": [], "excluded_lines": []}, "_init_worker_with_queue": {"executed_lines": [56, 58, 59, 61, 62, 64, 68, 69, 71, 73, 75, 76, 77], "summary": {"covered_lines": 13, "num_statements": 15, "percent_covered": 86.66666666666667, "percent_covered_display": "87", "missing_lines": 2, "excluded_lines": 0}, "missing_lines": [65, 66], "excluded_lines": []}, "": {"executed_lines": [1, 11, 13, 15, 16, 17, 18, 19, 20, 26, 29, 30, 31, 32, 33, 38, 39, 40, 43, 51, 80], "summary": {"covered_lines": 20, "num_statements": 20, "percent_covered": 100.0, "percent_covered_display": "100", "missing_lines": 0, "excluded_lines": 0}, "missing_lines": [], "excluded_lines": []}}, "classes": {"": {"executed_lines": [1, 11, 13, 15, 16, 17, 18, 19, 20, 26, 29, 30, 31, 32, 33, 38, 39, 40, 43, 46, 48, 51, 56, 58, 59, 61, 62, 64, 68, 69, 71, 73, 75, 76, 77, 80], "summary": {"covered_lines": 35, "num_statements": 37, "percent_covered": 94.5945945945946, "percent_covered_display": "95", "missing_lines": 2, "excluded_lines": 0}, "missing_lines": [65, 66], "excluded_lines": []}}}, "src/secondbrain/document/async_ingestor.py": {"executed_lines": [1, 3, 5, 6, 7, 8, 10, 11, 12, 13, 14, 15, 17, 20, 21, 28, 32, 41, 87], "summary": {"covered_lines": 17, "num_statements": 61, "percent_covered": 27.868852459016395, "percent_covered_display": "28", "missing_lines": 44, "excluded_lines": 0}, "missing_lines": [30, 39, 50, 51, 53, 59, 60, 62, 64, 66, 67, 68, 71, 72, 73, 74, 75, 76, 77, 79, 80, 82, 83, 85, 94, 95, 100, 101, 105, 107, 109, 110, 117, 119, 125, 126, 127, 128, 130, 131, 132, 133, 134, 140], "excluded_lines": [], "functions": {"AsyncDocumentIngestor.__aenter__": {"executed_lines": [], "summary": {"covered_lines": 0, "num_statements": 1, "percent_covered": 0.0, "percent_covered_display": "0", "missing_lines": 1, "excluded_lines": 0}, "missing_lines": [30], "excluded_lines": []}, "AsyncDocumentIngestor.__aexit__": {"executed_lines": [], "summary": {"covered_lines": 0, "num_statements": 1, "percent_covered": 0.0, "percent_covered_display": "0", "missing_lines": 1, "excluded_lines": 0}, "missing_lines": [39], "excluded_lines": []}, "AsyncDocumentIngestor.ingest_async": {"executed_lines": [], "summary": {"covered_lines": 0, "num_statements": 12, "percent_covered": 0.0, "percent_covered_display": "0", "missing_lines": 12, "excluded_lines": 0}, "missing_lines": [50, 51, 53, 59, 60, 62, 64, 79, 80, 82, 83, 85], "excluded_lines": []}, "AsyncDocumentIngestor.ingest_async.process_with_semaphore": {"executed_lines": [], "summary": {"covered_lines": 0, "num_statements": 10, "percent_covered": 0.0, "percent_covered_display": "0", "missing_lines": 10, "excluded_lines": 0}, "missing_lines": [66, 67, 68, 71, 72, 73, 74, 75, 76, 77], "excluded_lines": []}, "AsyncDocumentIngestor.process_file_async": {"executed_lines": [], "summary": {"covered_lines": 0, "num_statements": 20, "percent_covered": 0.0, "percent_covered_display": "0", "missing_lines": 20, "excluded_lines": 0}, "missing_lines": [94, 95, 100, 101, 105, 107, 109, 110, 117, 119, 125, 126, 127, 128, 130, 131, 132, 133, 134, 140], "excluded_lines": []}, "": {"executed_lines": [1, 3, 5, 6, 7, 8, 10, 11, 12, 13, 14, 15, 17, 20, 21, 28, 32, 41, 87], "summary": {"covered_lines": 17, "num_statements": 17, "percent_covered": 100.0, "percent_covered_display": "100", "missing_lines": 0, "excluded_lines": 0}, "missing_lines": [], "excluded_lines": []}}, "classes": {"AsyncDocumentIngestor": {"executed_lines": [], "summary": {"covered_lines": 0, "num_statements": 44, "percent_covered": 0.0, "percent_covered_display": "0", "missing_lines": 44, "excluded_lines": 0}, "missing_lines": [30, 39, 50, 51, 53, 59, 60, 62, 64, 66, 67, 68, 71, 72, 73, 74, 75, 76, 77, 79, 80, 82, 83, 85, 94, 95, 100, 101, 105, 107, 109, 110, 117, 119, 125, 126, 127, 128, 130, 131, 132, 133, 134, 140], "excluded_lines": []}, "": {"executed_lines": [1, 3, 5, 6, 7, 8, 10, 11, 12, 13, 14, 15, 17, 20, 21, 28, 32, 41, 87], "summary": {"covered_lines": 17, "num_statements": 17, "percent_covered": 100.0, "percent_covered_display": "100", "missing_lines": 0, "excluded_lines": 0}, "missing_lines": [], "excluded_lines": []}}}, "src/secondbrain/document/converter.py": {"executed_lines": [1, 3, 5, 6, 8, 9, 10, 13, 14, 16, 18, 20, 22, 27, 29, 31, 34, 35, 36, 37, 39, 40, 41, 44, 45, 46, 47, 48, 50, 65, 66, 67, 68, 70, 76], "summary": {"covered_lines": 33, "num_statements": 43, "percent_covered": 76.74418604651163, "percent_covered_display": "77", "missing_lines": 10, "excluded_lines": 0}, "missing_lines": [42, 51, 52, 53, 55, 56, 57, 60, 71, 72], "excluded_lines": [], "functions": {"DocumentConverterWrapper.__init__": {"executed_lines": [18, 20], "summary": {"covered_lines": 2, "num_statements": 2, "percent_covered": 100.0, "percent_covered_display": "100", "missing_lines": 0, "excluded_lines": 0}, "missing_lines": [], "excluded_lines": []}, "DocumentConverterWrapper.convert": {"executed_lines": [27], "summary": {"covered_lines": 1, "num_statements": 1, "percent_covered": 100.0, "percent_covered_display": "100", "missing_lines": 0, "excluded_lines": 0}, "missing_lines": [], "excluded_lines": []}, "DocumentConverterWrapper.extract_text": {"executed_lines": [31, 34, 35, 36, 37, 39, 40, 41, 44, 45, 46, 47, 48, 50, 65, 66, 67, 68, 70, 76], "summary": {"covered_lines": 20, "num_statements": 30, "percent_covered": 66.66666666666667, "percent_covered_display": "67", "missing_lines": 10, "excluded_lines": 0}, "missing_lines": [42, 51, 52, 53, 55, 56, 57, 60, 71, 72], "excluded_lines": []}, "": {"executed_lines": [1, 3, 5, 6, 8, 9, 10, 13, 14, 16, 22, 29], "summary": {"covered_lines": 10, "num_statements": 10, "percent_covered": 100.0, "percent_covered_display": "100", "missing_lines": 0, "excluded_lines": 0}, "missing_lines": [], "excluded_lines": []}}, "classes": {"DocumentConverterWrapper": {"executed_lines": [18, 20, 27, 31, 34, 35, 36, 37, 39, 40, 41, 44, 45, 46, 47, 48, 50, 65, 66, 67, 68, 70, 76], "summary": {"covered_lines": 23, "num_statements": 33, "percent_covered": 69.6969696969697, "percent_covered_display": "70", "missing_lines": 10, "excluded_lines": 0}, "missing_lines": [42, 51, 52, 53, 55, 56, 57, 60, 71, 72], "excluded_lines": []}, "": {"executed_lines": [1, 3, 5, 6, 8, 9, 10, 13, 14, 16, 22, 29], "summary": {"covered_lines": 10, "num_statements": 10, "percent_covered": 100.0, "percent_covered_display": "100", "missing_lines": 0, "excluded_lines": 0}, "missing_lines": [], "excluded_lines": []}}}, "src/secondbrain/document/ingestor.py": {"executed_lines": [1, 3, 5, 6, 7, 8, 9, 10, 11, 12, 13, 16, 17, 18, 19, 20, 21, 22, 23, 24, 26, 27, 30, 31, 33, 41, 43, 45, 46, 47, 48, 49, 50, 52, 53, 54, 55, 56, 57, 58, 60, 62, 63, 64, 67, 68, 69, 71, 73, 74, 75, 81, 83, 85, 86, 87, 88, 89, 90, 91, 92, 93, 94, 95, 96, 97, 98, 102, 104, 106, 112, 114, 116, 124, 127, 128, 129, 130, 131, 132, 133, 134, 135, 141, 146, 149, 150, 151, 152, 153, 154, 163, 165, 171, 173, 174, 175, 177, 178, 179, 180, 181, 182, 183, 184, 185, 187, 188, 189, 190, 191, 192, 193, 194, 195, 196, 199, 200, 201, 202, 203, 204, 205, 206, 207, 208, 209, 210, 211, 213, 217, 218, 219, 220, 221, 222, 223, 224, 226, 227, 228, 229, 230, 239, 240, 242, 246, 247, 250, 252, 262, 264, 265, 266, 267, 268, 269, 270, 271, 273, 274, 275, 276, 277, 278, 287, 288, 291, 292, 293, 296, 298, 306, 307, 308, 309, 310, 311, 312, 313, 314, 315, 316, 317, 318, 319, 320, 321, 322, 323, 324, 327, 328, 329, 330, 331, 332, 333, 342, 343, 344, 345, 346, 348, 349, 351, 352, 353, 354, 355, 364, 365, 366, 367, 369, 375, 377, 378, 379, 380, 381, 382, 383, 384, 390, 402, 404, 406, 407, 408, 409, 410, 411, 413, 422, 423, 428, 431, 434, 437, 444, 454, 456, 460, 461, 464, 466, 467, 469, 470, 471, 472, 473, 481, 492, 493, 494, 499, 500, 501, 502, 503, 504, 505, 511, 512, 514, 515, 547, 548, 549, 551, 553, 562, 564, 565, 566, 567, 568, 570, 572, 573, 576], "summary": {"covered_lines": 281, "num_statements": 328, "percent_covered": 85.67073170731707, "percent_covered_display": "86", "missing_lines": 47, "excluded_lines": 0}, "missing_lines": [100, 225, 272, 334, 335, 336, 337, 338, 341, 347, 350, 391, 392, 393, 396, 398, 495, 496, 497, 498, 506, 513, 516, 517, 518, 519, 522, 523, 524, 525, 526, 527, 528, 531, 532, 533, 534, 535, 536, 537, 543, 544, 545, 546, 550, 563, 569], "excluded_lines": [], "functions": {"DocumentIngestor.__init__": {"executed_lines": [41, 43, 45, 46, 47, 48, 49, 50, 52, 53, 54, 55, 56, 57, 58], "summary": {"covered_lines": 15, "num_statements": 15, "percent_covered": 100.0, "percent_covered_display": "100", "missing_lines": 0, "excluded_lines": 0}, "missing_lines": [], "excluded_lines": []}, "DocumentIngestor._validate_file_path": {"executed_lines": [62, 63, 64, 67, 68, 69], "summary": {"covered_lines": 6, "num_statements": 6, "percent_covered": 100.0, "percent_covered_display": "100", "missing_lines": 0, "excluded_lines": 0}, "missing_lines": [], "excluded_lines": []}, "DocumentIngestor._validate_file_size": {"executed_lines": [73, 74, 75], "summary": {"covered_lines": 3, "num_statements": 3, "percent_covered": 100.0, "percent_covered_display": "100", "missing_lines": 0, "excluded_lines": 0}, "missing_lines": [], "excluded_lines": []}, "DocumentIngestor._collect_and_validate_files": {"executed_lines": [83, 85, 86, 87, 88, 89, 90, 91, 92, 93, 94, 95, 96, 97, 98], "summary": {"covered_lines": 15, "num_statements": 16, "percent_covered": 93.75, "percent_covered_display": "94", "missing_lines": 1, "excluded_lines": 0}, "missing_lines": [100], "excluded_lines": []}, "DocumentIngestor._extract_text": {"executed_lines": [104], "summary": {"covered_lines": 1, "num_statements": 1, "percent_covered": 100.0, "percent_covered_display": "100", "missing_lines": 0, "excluded_lines": 0}, "missing_lines": [], "excluded_lines": []}, "DocumentIngestor._chunk_text": {"executed_lines": [112, 114], "summary": {"covered_lines": 2, "num_statements": 2, "percent_covered": 100.0, "percent_covered_display": "100", "missing_lines": 0, "excluded_lines": 0}, "missing_lines": [], "excluded_lines": []}, "DocumentIngestor._deduplicate_and_chunk_segments": {"executed_lines": [124, 127, 128, 129, 130, 131, 132, 133, 134, 135, 141, 146, 149, 150, 151, 152, 153, 154, 163], "summary": {"covered_lines": 19, "num_statements": 19, "percent_covered": 100.0, "percent_covered_display": "100", "missing_lines": 0, "excluded_lines": 0}, "missing_lines": [], "excluded_lines": []}, "DocumentIngestor._generate_embeddings_with_cache": {"executed_lines": [171, 173, 174, 175, 177, 178, 179, 180, 181, 182, 183, 184, 185, 187, 188, 189, 190, 191, 192, 193, 194, 195, 196, 199, 200, 201, 202, 203, 204, 205, 206, 207, 208, 209, 210, 211], "summary": {"covered_lines": 36, "num_statements": 36, "percent_covered": 100.0, "percent_covered_display": "100", "missing_lines": 0, "excluded_lines": 0}, "missing_lines": [], "excluded_lines": []}, "DocumentIngestor._build_documents_from_chunks": {"executed_lines": [217, 218, 219, 220, 221, 222, 223, 224, 226, 227, 228, 229, 230, 239, 240], "summary": {"covered_lines": 15, "num_statements": 16, "percent_covered": 93.75, "percent_covered_display": "94", "missing_lines": 1, "excluded_lines": 0}, "missing_lines": [225], "excluded_lines": []}, "DocumentIngestor._build_documents_with_embeddings": {"executed_lines": [246, 247, 250], "summary": {"covered_lines": 3, "num_statements": 3, "percent_covered": 100.0, "percent_covered_display": "100", "missing_lines": 0, "excluded_lines": 0}, "missing_lines": [], "excluded_lines": []}, "DocumentIngestor._stream_process_chunks": {"executed_lines": [262, 264, 265, 266, 267, 268, 269, 270, 271, 273, 274, 275, 276, 277, 278, 287, 288, 291, 292, 293, 296], "summary": {"covered_lines": 21, "num_statements": 22, "percent_covered": 95.45454545454545, "percent_covered_display": "95", "missing_lines": 1, "excluded_lines": 0}, "missing_lines": [272], "excluded_lines": []}, "DocumentIngestor._store_embedding_batch": {"executed_lines": [306, 307, 308, 309, 310, 311, 312, 313, 314, 315, 316, 317, 318, 319, 320, 321, 322, 323, 324, 327, 328, 329, 330, 331, 332, 333, 342, 343, 344, 345, 346, 348, 349, 351, 352, 353, 354, 355, 364, 365, 366, 367], "summary": {"covered_lines": 42, "num_statements": 50, "percent_covered": 84.0, "percent_covered_display": "84", "missing_lines": 8, "excluded_lines": 0}, "missing_lines": [334, 335, 336, 337, 338, 341, 347, 350], "excluded_lines": []}, "DocumentIngestor._process_file_for_storage": {"executed_lines": [375, 377, 378, 379, 380, 381, 382, 383, 384, 390], "summary": {"covered_lines": 10, "num_statements": 15, "percent_covered": 66.66666666666667, "percent_covered_display": "67", "missing_lines": 5, "excluded_lines": 0}, "missing_lines": [391, 392, 393, 396, 398], "excluded_lines": []}, "DocumentIngestor._resolve_core_count": {"executed_lines": [404, 406, 407, 408, 409, 410, 411], "summary": {"covered_lines": 7, "num_statements": 7, "percent_covered": 100.0, "percent_covered_display": "100", "missing_lines": 0, "excluded_lines": 0}, "missing_lines": [], "excluded_lines": []}, "DocumentIngestor._get_safe_worker_count": {"executed_lines": [422, 423, 428, 431, 434, 437, 444, 454], "summary": {"covered_lines": 8, "num_statements": 8, "percent_covered": 100.0, "percent_covered_display": "100", "missing_lines": 0, "excluded_lines": 0}, "missing_lines": [], "excluded_lines": []}, "DocumentIngestor._process_parallel_with_progress": {"executed_lines": [460, 461, 464, 466, 467, 469, 470, 471, 472, 473, 481, 492, 493, 494, 499, 500, 501, 502, 503, 504, 505, 511, 512, 514, 515, 547, 548, 549, 551], "summary": {"covered_lines": 29, "num_statements": 58, "percent_covered": 50.0, "percent_covered_display": "50", "missing_lines": 29, "excluded_lines": 0}, "missing_lines": [495, 496, 497, 498, 506, 513, 516, 517, 518, 519, 522, 523, 524, 525, 526, 527, 528, 531, 532, 533, 534, 535, 536, 537, 543, 544, 545, 546, 550], "excluded_lines": []}, "DocumentIngestor.ingest": {"executed_lines": [562, 564, 565, 566, 567, 568, 570, 572, 573, 576], "summary": {"covered_lines": 10, "num_statements": 12, "percent_covered": 83.33333333333333, "percent_covered_display": "83", "missing_lines": 2, "excluded_lines": 0}, "missing_lines": [563, 569], "excluded_lines": []}, "": {"executed_lines": [1, 3, 5, 6, 7, 8, 9, 10, 11, 12, 13, 16, 17, 18, 19, 20, 21, 22, 23, 24, 26, 27, 30, 31, 33, 60, 71, 81, 102, 106, 116, 165, 213, 242, 252, 298, 369, 402, 413, 456, 553], "summary": {"covered_lines": 39, "num_statements": 39, "percent_covered": 100.0, "percent_covered_display": "100", "missing_lines": 0, "excluded_lines": 0}, "missing_lines": [], "excluded_lines": []}}, "classes": {"DocumentIngestor": {"executed_lines": [41, 43, 45, 46, 47, 48, 49, 50, 52, 53, 54, 55, 56, 57, 58, 62, 63, 64, 67, 68, 69, 73, 74, 75, 83, 85, 86, 87, 88, 89, 90, 91, 92, 93, 94, 95, 96, 97, 98, 104, 112, 114, 124, 127, 128, 129, 130, 131, 132, 133, 134, 135, 141, 146, 149, 150, 151, 152, 153, 154, 163, 171, 173, 174, 175, 177, 178, 179, 180, 181, 182, 183, 184, 185, 187, 188, 189, 190, 191, 192, 193, 194, 195, 196, 199, 200, 201, 202, 203, 204, 205, 206, 207, 208, 209, 210, 211, 217, 218, 219, 220, 221, 222, 223, 224, 226, 227, 228, 229, 230, 239, 240, 246, 247, 250, 262, 264, 265, 266, 267, 268, 269, 270, 271, 273, 274, 275, 276, 277, 278, 287, 288, 291, 292, 293, 296, 306, 307, 308, 309, 310, 311, 312, 313, 314, 315, 316, 317, 318, 319, 320, 321, 322, 323, 324, 327, 328, 329, 330, 331, 332, 333, 342, 343, 344, 345, 346, 348, 349, 351, 352, 353, 354, 355, 364, 365, 366, 367, 375, 377, 378, 379, 380, 381, 382, 383, 384, 390, 404, 406, 407, 408, 409, 410, 411, 422, 423, 428, 431, 434, 437, 444, 454, 460, 461, 464, 466, 467, 469, 470, 471, 472, 473, 481, 492, 493, 494, 499, 500, 501, 502, 503, 504, 505, 511, 512, 514, 515, 547, 548, 549, 551, 562, 564, 565, 566, 567, 568, 570, 572, 573, 576], "summary": {"covered_lines": 242, "num_statements": 289, "percent_covered": 83.73702422145328, "percent_covered_display": "84", "missing_lines": 47, "excluded_lines": 0}, "missing_lines": [100, 225, 272, 334, 335, 336, 337, 338, 341, 347, 350, 391, 392, 393, 396, 398, 495, 496, 497, 498, 506, 513, 516, 517, 518, 519, 522, 523, 524, 525, 526, 527, 528, 531, 532, 533, 534, 535, 536, 537, 543, 544, 545, 546, 550, 563, 569], "excluded_lines": []}, "": {"executed_lines": [1, 3, 5, 6, 7, 8, 9, 10, 11, 12, 13, 16, 17, 18, 19, 20, 21, 22, 23, 24, 26, 27, 30, 31, 33, 60, 71, 81, 102, 106, 116, 165, 213, 242, 252, 298, 369, 402, 413, 456, 553], "summary": {"covered_lines": 39, "num_statements": 39, "percent_covered": 100.0, "percent_covered_display": "100", "missing_lines": 0, "excluded_lines": 0}, "missing_lines": [], "excluded_lines": []}}}, "src/secondbrain/document/segment.py": {"executed_lines": [1, 3, 5, 8, 9, 11, 12, 15, 19, 21, 22, 23, 25, 26, 28, 29, 31, 32, 33, 34, 35, 36, 39, 40, 41, 42, 43, 44, 46, 47, 49, 51], "summary": {"covered_lines": 30, "num_statements": 31, "percent_covered": 96.7741935483871, "percent_covered_display": "97", "missing_lines": 1, "excluded_lines": 0}, "missing_lines": [48], "excluded_lines": [], "functions": {"chunk_segments": {"executed_lines": [19, 21, 22, 23, 25, 26, 28, 29, 31, 32, 33, 34, 35, 36, 39, 40, 41, 42, 43, 44, 46, 47, 49, 51], "summary": {"covered_lines": 24, "num_statements": 25, "percent_covered": 96.0, "percent_covered_display": "96", "missing_lines": 1, "excluded_lines": 0}, "missing_lines": [48], "excluded_lines": []}, "": {"executed_lines": [1, 3, 5, 8, 9, 11, 12, 15], "summary": {"covered_lines": 6, "num_statements": 6, "percent_covered": 100.0, "percent_covered_display": "100", "missing_lines": 0, "excluded_lines": 0}, "missing_lines": [], "excluded_lines": []}}, "classes": {"Segment": {"executed_lines": [], "summary": {"covered_lines": 0, "num_statements": 0, "percent_covered": 100.0, "percent_covered_display": "100", "missing_lines": 0, "excluded_lines": 0}, "missing_lines": [], "excluded_lines": []}, "": {"executed_lines": [1, 3, 5, 8, 9, 11, 12, 15, 19, 21, 22, 23, 25, 26, 28, 29, 31, 32, 33, 34, 35, 36, 39, 40, 41, 42, 43, 44, 46, 47, 49, 51], "summary": {"covered_lines": 30, "num_statements": 31, "percent_covered": 96.7741935483871, "percent_covered_display": "97", "missing_lines": 1, "excluded_lines": 0}, "missing_lines": [48], "excluded_lines": []}}}, "src/secondbrain/document/utils.py": {"executed_lines": [1, 3, 5, 7, 35, 37, 40, 42, 43, 69], "summary": {"covered_lines": 9, "num_statements": 9, "percent_covered": 100.0, "percent_covered_display": "100", "missing_lines": 0, "excluded_lines": 0}, "missing_lines": [], "excluded_lines": [], "functions": {"is_supported": {"executed_lines": [37], "summary": {"covered_lines": 1, "num_statements": 1, "percent_covered": 100.0, "percent_covered_display": "100", "missing_lines": 0, "excluded_lines": 0}, "missing_lines": [], "excluded_lines": []}, "get_file_type": {"executed_lines": [42, 43, 69], "summary": {"covered_lines": 3, "num_statements": 3, "percent_covered": 100.0, "percent_covered_display": "100", "missing_lines": 0, "excluded_lines": 0}, "missing_lines": [], "excluded_lines": []}, "": {"executed_lines": [1, 3, 5, 7, 35, 40], "summary": {"covered_lines": 5, "num_statements": 5, "percent_covered": 100.0, "percent_covered_display": "100", "missing_lines": 0, "excluded_lines": 0}, "missing_lines": [], "excluded_lines": []}}, "classes": {"": {"executed_lines": [1, 3, 5, 7, 35, 37, 40, 42, 43, 69], "summary": {"covered_lines": 9, "num_statements": 9, "percent_covered": 100.0, "percent_covered_display": "100", "missing_lines": 0, "excluded_lines": 0}, "missing_lines": [], "excluded_lines": []}}}, "src/secondbrain/document/worker.py": {"executed_lines": [1, 3, 5, 6, 7, 8, 9, 10, 11, 12, 14, 15, 17, 24, 25, 26, 29, 37, 43, 44, 46, 47, 49, 53, 54, 56, 58, 60, 61, 62, 65, 67, 70, 75, 77, 80, 82, 83, 84, 87, 100, 104, 106, 107, 108, 109, 110, 112, 114, 115, 117, 119, 120, 121, 122, 123, 124, 125, 126, 127, 128, 130, 131, 132, 133, 135, 136, 140, 146, 147, 155, 163, 164, 165, 166, 167, 169, 171, 172, 174, 175, 176, 177, 178, 179, 180, 181, 182, 183, 184, 186, 191, 197, 198, 199, 201, 203, 204, 205, 206, 207, 209, 210, 211, 212, 213, 217, 218, 219, 221, 223, 224, 225, 227, 228, 237, 239, 241, 247, 248, 249, 257, 270, 278, 281, 282, 283, 285], "summary": {"covered_lines": 127, "num_statements": 137, "percent_covered": 92.7007299270073, "percent_covered_display": "93", "missing_lines": 10, "excluded_lines": 0}, "missing_lines": [32, 34, 50, 51, 72, 138, 187, 188, 189, 208], "excluded_lines": [], "functions": {"init_worker": {"executed_lines": [], "summary": {"covered_lines": 0, "num_statements": 2, "percent_covered": 0.0, "percent_covered_display": "0", "missing_lines": 2, "excluded_lines": 0}, "missing_lines": [32, 34], "excluded_lines": []}, "init_worker_with_queue": {"executed_lines": [43, 44, 46, 47, 49, 53, 54, 56, 58, 60, 61, 62], "summary": {"covered_lines": 12, "num_statements": 14, "percent_covered": 85.71428571428571, "percent_covered_display": "86", "missing_lines": 2, "excluded_lines": 0}, "missing_lines": [50, 51], "excluded_lines": []}, "get_worker_converter": {"executed_lines": [67], "summary": {"covered_lines": 1, "num_statements": 1, "percent_covered": 100.0, "percent_covered_display": "100", "missing_lines": 0, "excluded_lines": 0}, "missing_lines": [], "excluded_lines": []}, "get_worker_progress_queue": {"executed_lines": [], "summary": {"covered_lines": 0, "num_statements": 1, "percent_covered": 0.0, "percent_covered_display": "0", "missing_lines": 1, "excluded_lines": 0}, "missing_lines": [72], "excluded_lines": []}, "get_worker_embedding_model": {"executed_lines": [77], "summary": {"covered_lines": 1, "num_statements": 1, "percent_covered": 100.0, "percent_covered_display": "100", "missing_lines": 0, "excluded_lines": 0}, "missing_lines": [], "excluded_lines": []}, "send_progress_update": {"executed_lines": [82, 83, 84], "summary": {"covered_lines": 3, "num_statements": 3, "percent_covered": 100.0, "percent_covered_display": "100", "missing_lines": 0, "excluded_lines": 0}, "missing_lines": [], "excluded_lines": []}, "extract_and_chunk_file": {"executed_lines": [104, 106, 107, 108, 109, 110, 112, 114, 115, 117, 119, 120, 121, 122, 123, 124, 125, 126, 127, 128, 130, 131, 132, 133, 135, 136, 140, 146, 147], "summary": {"covered_lines": 29, "num_statements": 30, "percent_covered": 96.66666666666667, "percent_covered_display": "97", "missing_lines": 1, "excluded_lines": 0}, "missing_lines": [138], "excluded_lines": []}, "extract_chunk_and_embed_file": {"executed_lines": [163, 164, 165, 166, 167, 169, 171, 172, 174, 175, 176, 177, 178, 179, 180, 181, 182, 183, 184, 186, 191, 197, 198, 199, 201, 203, 204, 205, 206, 207, 209, 210, 211, 212, 213, 217, 218, 219, 221, 223, 224, 225, 227, 228, 237, 239, 241, 247, 248, 249], "summary": {"covered_lines": 50, "num_statements": 54, "percent_covered": 92.5925925925926, "percent_covered_display": "93", "missing_lines": 4, "excluded_lines": 0}, "missing_lines": [187, 188, 189, 208], "excluded_lines": []}, "extract_and_chunk_file_with_progress": {"executed_lines": [278, 281, 282, 283, 285], "summary": {"covered_lines": 5, "num_statements": 5, "percent_covered": 100.0, "percent_covered_display": "100", "missing_lines": 0, "excluded_lines": 0}, "missing_lines": [], "excluded_lines": []}, "": {"executed_lines": [1, 3, 5, 6, 7, 8, 9, 10, 11, 12, 14, 15, 17, 24, 25, 26, 29, 37, 65, 70, 75, 80, 87, 100, 155, 257, 270], "summary": {"covered_lines": 26, "num_statements": 26, "percent_covered": 100.0, "percent_covered_display": "100", "missing_lines": 0, "excluded_lines": 0}, "missing_lines": [], "excluded_lines": []}}, "classes": {"": {"executed_lines": [1, 3, 5, 6, 7, 8, 9, 10, 11, 12, 14, 15, 17, 24, 25, 26, 29, 37, 43, 44, 46, 47, 49, 53, 54, 56, 58, 60, 61, 62, 65, 67, 70, 75, 77, 80, 82, 83, 84, 87, 100, 104, 106, 107, 108, 109, 110, 112, 114, 115, 117, 119, 120, 121, 122, 123, 124, 125, 126, 127, 128, 130, 131, 132, 133, 135, 136, 140, 146, 147, 155, 163, 164, 165, 166, 167, 169, 171, 172, 174, 175, 176, 177, 178, 179, 180, 181, 182, 183, 184, 186, 191, 197, 198, 199, 201, 203, 204, 205, 206, 207, 209, 210, 211, 212, 213, 217, 218, 219, 221, 223, 224, 225, 227, 228, 237, 239, 241, 247, 248, 249, 257, 270, 278, 281, 282, 283, 285], "summary": {"covered_lines": 127, "num_statements": 137, "percent_covered": 92.7007299270073, "percent_covered_display": "93", "missing_lines": 10, "excluded_lines": 0}, "missing_lines": [32, 34, 50, 51, 72, 138, 187, 188, 189, 208], "excluded_lines": []}}}, "src/secondbrain/domain/__init__.py": {"executed_lines": [1, 14, 15, 20, 22], "summary": {"covered_lines": 4, "num_statements": 4, "percent_covered": 100.0, "percent_covered_display": "100", "missing_lines": 0, "excluded_lines": 0}, "missing_lines": [], "excluded_lines": [], "functions": {"": {"executed_lines": [1, 14, 15, 20, 22], "summary": {"covered_lines": 4, "num_statements": 4, "percent_covered": 100.0, "percent_covered_display": "100", "missing_lines": 0, "excluded_lines": 0}, "missing_lines": [], "excluded_lines": []}}, "classes": {"": {"executed_lines": [1, 14, 15, 20, 22], "summary": {"covered_lines": 4, "num_statements": 4, "percent_covered": 100.0, "percent_covered_display": "100", "missing_lines": 0, "excluded_lines": 0}, "missing_lines": [], "excluded_lines": []}}}, "src/secondbrain/domain/entities.py": {"executed_lines": [1, 7, 8, 9, 11, 14, 15, 16, 32, 33, 34, 35, 36, 38, 40, 41, 42, 43, 46, 47, 48, 67, 68, 69, 70, 71, 73, 75, 76, 77, 78, 80, 81, 83, 85, 86, 88, 90, 92, 94, 102], "summary": {"covered_lines": 38, "num_statements": 38, "percent_covered": 100.0, "percent_covered_display": "100", "missing_lines": 0, "excluded_lines": 0}, "missing_lines": [], "excluded_lines": [], "functions": {"DocumentMetadata.__post_init__": {"executed_lines": [40, 41, 42, 43], "summary": {"covered_lines": 4, "num_statements": 4, "percent_covered": 100.0, "percent_covered_display": "100", "missing_lines": 0, "excluded_lines": 0}, "missing_lines": [], "excluded_lines": []}, "DocumentChunk.__post_init__": {"executed_lines": [75, 76, 77, 78], "summary": {"covered_lines": 4, "num_statements": 4, "percent_covered": 100.0, "percent_covered_display": "100", "missing_lines": 0, "excluded_lines": 0}, "missing_lines": [], "excluded_lines": []}, "DocumentChunk.char_count": {"executed_lines": [83], "summary": {"covered_lines": 1, "num_statements": 1, "percent_covered": 100.0, "percent_covered_display": "100", "missing_lines": 0, "excluded_lines": 0}, "missing_lines": [], "excluded_lines": []}, "DocumentChunk.word_count": {"executed_lines": [88], "summary": {"covered_lines": 1, "num_statements": 1, "percent_covered": 100.0, "percent_covered_display": "100", "missing_lines": 0, "excluded_lines": 0}, "missing_lines": [], "excluded_lines": []}, "DocumentChunk.has_embedding": {"executed_lines": [92], "summary": {"covered_lines": 1, "num_statements": 1, "percent_covered": 100.0, "percent_covered_display": "100", "missing_lines": 0, "excluded_lines": 0}, "missing_lines": [], "excluded_lines": []}, "DocumentChunk.to_dict": {"executed_lines": [102], "summary": {"covered_lines": 1, "num_statements": 1, "percent_covered": 100.0, "percent_covered_display": "100", "missing_lines": 0, "excluded_lines": 0}, "missing_lines": [], "excluded_lines": []}, "": {"executed_lines": [1, 7, 8, 9, 11, 14, 15, 16, 32, 33, 34, 35, 36, 38, 46, 47, 48, 67, 68, 69, 70, 71, 73, 80, 81, 85, 86, 90, 94], "summary": {"covered_lines": 26, "num_statements": 26, "percent_covered": 100.0, "percent_covered_display": "100", "missing_lines": 0, "excluded_lines": 0}, "missing_lines": [], "excluded_lines": []}}, "classes": {"DocumentMetadata": {"executed_lines": [40, 41, 42, 43], "summary": {"covered_lines": 4, "num_statements": 4, "percent_covered": 100.0, "percent_covered_display": "100", "missing_lines": 0, "excluded_lines": 0}, "missing_lines": [], "excluded_lines": []}, "DocumentChunk": {"executed_lines": [75, 76, 77, 78, 83, 88, 92, 102], "summary": {"covered_lines": 8, "num_statements": 8, "percent_covered": 100.0, "percent_covered_display": "100", "missing_lines": 0, "excluded_lines": 0}, "missing_lines": [], "excluded_lines": []}, "": {"executed_lines": [1, 7, 8, 9, 11, 14, 15, 16, 32, 33, 34, 35, 36, 38, 46, 47, 48, 67, 68, 69, 70, 71, 73, 80, 81, 85, 86, 90, 94], "summary": {"covered_lines": 26, "num_statements": 26, "percent_covered": 100.0, "percent_covered_display": "100", "missing_lines": 0, "excluded_lines": 0}, "missing_lines": [], "excluded_lines": []}}}, "src/secondbrain/domain/interfaces.py": {"executed_lines": [1, 7, 8, 9, 11, 14, 15, 16, 21, 36, 52, 53, 54, 59, 74, 89, 90, 95, 96, 97, 102, 117, 132, 156, 171], "summary": {"covered_lines": 21, "num_statements": 31, "percent_covered": 67.74193548387096, "percent_covered_display": "68", "missing_lines": 10, "excluded_lines": 0}, "missing_lines": [34, 49, 72, 87, 92, 115, 130, 154, 169, 179], "excluded_lines": [], "functions": {"DocumentConverter.convert": {"executed_lines": [], "summary": {"covered_lines": 0, "num_statements": 1, "percent_covered": 0.0, "percent_covered_display": "0", "missing_lines": 1, "excluded_lines": 0}, "missing_lines": [34], "excluded_lines": []}, "DocumentConverter.supports_format": {"executed_lines": [], "summary": {"covered_lines": 0, "num_statements": 1, "percent_covered": 0.0, "percent_covered_display": "0", "missing_lines": 1, "excluded_lines": 0}, "missing_lines": [49], "excluded_lines": []}, "EmbeddingGenerator.generate": {"executed_lines": [], "summary": {"covered_lines": 0, "num_statements": 1, "percent_covered": 0.0, "percent_covered_display": "0", "missing_lines": 1, "excluded_lines": 0}, "missing_lines": [72], "excluded_lines": []}, "EmbeddingGenerator.generate_batch": {"executed_lines": [], "summary": {"covered_lines": 0, "num_statements": 1, "percent_covered": 0.0, "percent_covered_display": "0", "missing_lines": 1, "excluded_lines": 0}, "missing_lines": [87], "excluded_lines": []}, "EmbeddingGenerator.dimensions": {"executed_lines": [], "summary": {"covered_lines": 0, "num_statements": 1, "percent_covered": 0.0, "percent_covered_display": "0", "missing_lines": 1, "excluded_lines": 0}, "missing_lines": [92], "excluded_lines": []}, "VectorStore.store": {"executed_lines": [], "summary": {"covered_lines": 0, "num_statements": 1, "percent_covered": 0.0, "percent_covered_display": "0", "missing_lines": 1, "excluded_lines": 0}, "missing_lines": [115], "excluded_lines": []}, "VectorStore.store_batch": {"executed_lines": [], "summary": {"covered_lines": 0, "num_statements": 1, "percent_covered": 0.0, "percent_covered_display": "0", "missing_lines": 1, "excluded_lines": 0}, "missing_lines": [130], "excluded_lines": []}, "VectorStore.search": {"executed_lines": [], "summary": {"covered_lines": 0, "num_statements": 1, "percent_covered": 0.0, "percent_covered_display": "0", "missing_lines": 1, "excluded_lines": 0}, "missing_lines": [154], "excluded_lines": []}, "VectorStore.delete_by_source": {"executed_lines": [], "summary": {"covered_lines": 0, "num_statements": 1, "percent_covered": 0.0, "percent_covered_display": "0", "missing_lines": 1, "excluded_lines": 0}, "missing_lines": [169], "excluded_lines": []}, "VectorStore.delete_all": {"executed_lines": [], "summary": {"covered_lines": 0, "num_statements": 1, "percent_covered": 0.0, "percent_covered_display": "0", "missing_lines": 1, "excluded_lines": 0}, "missing_lines": [179], "excluded_lines": []}, "": {"executed_lines": [1, 7, 8, 9, 11, 14, 15, 16, 21, 36, 52, 53, 54, 59, 74, 89, 90, 95, 96, 97, 102, 117, 132, 156, 171], "summary": {"covered_lines": 21, "num_statements": 21, "percent_covered": 100.0, "percent_covered_display": "100", "missing_lines": 0, "excluded_lines": 0}, "missing_lines": [], "excluded_lines": []}}, "classes": {"DocumentConverter": {"executed_lines": [], "summary": {"covered_lines": 0, "num_statements": 2, "percent_covered": 0.0, "percent_covered_display": "0", "missing_lines": 2, "excluded_lines": 0}, "missing_lines": [34, 49], "excluded_lines": []}, "EmbeddingGenerator": {"executed_lines": [], "summary": {"covered_lines": 0, "num_statements": 3, "percent_covered": 0.0, "percent_covered_display": "0", "missing_lines": 3, "excluded_lines": 0}, "missing_lines": [72, 87, 92], "excluded_lines": []}, "VectorStore": {"executed_lines": [], "summary": {"covered_lines": 0, "num_statements": 5, "percent_covered": 0.0, "percent_covered_display": "0", "missing_lines": 5, "excluded_lines": 0}, "missing_lines": [115, 130, 154, 169, 179], "excluded_lines": []}, "": {"executed_lines": [1, 7, 8, 9, 11, 14, 15, 16, 21, 36, 52, 53, 54, 59, 74, 89, 90, 95, 96, 97, 102, 117, 132, 156, 171], "summary": {"covered_lines": 21, "num_statements": 21, "percent_covered": 100.0, "percent_covered_display": "100", "missing_lines": 0, "excluded_lines": 0}, "missing_lines": [], "excluded_lines": []}}}, "src/secondbrain/domain/value_objects.py": {"executed_lines": [1, 7, 8, 11, 12, 13, 16, 17, 18, 26, 28, 30, 31, 33, 34, 36, 38, 39, 41, 43, 45, 46, 47, 48, 49, 52, 53, 54, 62, 64, 66, 67, 69, 71], "summary": {"covered_lines": 31, "num_statements": 31, "percent_covered": 100.0, "percent_covered_display": "100", "missing_lines": 0, "excluded_lines": 0}, "missing_lines": [], "excluded_lines": [], "functions": {"FileSize.__post_init__": {"executed_lines": [30, 31], "summary": {"covered_lines": 2, "num_statements": 2, "percent_covered": 100.0, "percent_covered_display": "100", "missing_lines": 0, "excluded_lines": 0}, "missing_lines": [], "excluded_lines": []}, "FileSize.kilobytes": {"executed_lines": [36], "summary": {"covered_lines": 1, "num_statements": 1, "percent_covered": 100.0, "percent_covered_display": "100", "missing_lines": 0, "excluded_lines": 0}, "missing_lines": [], "excluded_lines": []}, "FileSize.megabytes": {"executed_lines": [41], "summary": {"covered_lines": 1, "num_statements": 1, "percent_covered": 100.0, "percent_covered_display": "100", "missing_lines": 0, "excluded_lines": 0}, "missing_lines": [], "excluded_lines": []}, "FileSize.__str__": {"executed_lines": [45, 46, 47, 48, 49], "summary": {"covered_lines": 5, "num_statements": 5, "percent_covered": 100.0, "percent_covered_display": "100", "missing_lines": 0, "excluded_lines": 0}, "missing_lines": [], "excluded_lines": []}, "PageNumber.__post_init__": {"executed_lines": [66, 67], "summar
[...]
, 571, 572, 576, 583, 584, 588, 589, 592, 593, 594, 595, 596, 597, 598, 599, 600], "excluded_lines": []}, "_interactive_chat": {"executed_lines": [], "summary": {"covered_lines": 0, "num_statements": 63, "percent_covered": 0.0, "percent_covered_display": "0", "missing_lines": 63, "excluded_lines": 0}, "missing_lines": [611, 612, 613, 614, 615, 617, 619, 620, 621, 622, 625, 626, 627, 628, 629, 630, 631, 635, 636, 637, 642, 650, 651, 652, 654, 655, 658, 659, 660, 661, 662, 663, 664, 665, 666, 667, 668, 669, 670, 671, 672, 674, 675, 677, 678, 682, 683, 686, 687, 688, 689, 692, 693, 694, 695, 696, 698, 699, 702, 703, 704, 705, 706], "excluded_lines": []}, "": {"executed_lines": [], "summary": {"covered_lines": 0, "num_statements": 85, "percent_covered": 0.0, "percent_covered_display": "0", "missing_lines": 85, "excluded_lines": 0}, "missing_lines": [15, 16, 17, 18, 19, 21, 22, 24, 25, 30, 31, 33, 34, 40, 42, 43, 45, 48, 49, 50, 51, 52, 59, 60, 61, 67, 74, 75, 173, 174, 175, 176, 177, 182, 187, 193, 199, 200, 231, 232, 233, 234, 235, 236, 237, 238, 239, 278, 279, 280, 281, 282, 283, 284, 285, 333, 334, 335, 336, 348, 349, 350, 356, 357, 367, 368, 369, 370, 371, 415, 416, 417, 418, 419, 420, 421, 422, 423, 424, 425, 426, 427, 428, 548, 603], "excluded_lines": []}}, "classes": {"": {"executed_lines": [], "summary": {"covered_lines": 0, "num_statements": 337, "percent_covered": 0.0, "percent_covered_display": "0", "missing_lines": 337, "excluded_lines": 0}, "missing_lines": [15, 16, 17, 18, 19, 21, 22, 24, 25, 30, 31, 33, 34, 40, 42, 43, 45, 48, 49, 50, 51, 52, 59, 60, 61, 67, 74, 75, 89, 91, 92, 93, 96, 97, 98, 99, 100, 101, 104, 107, 109, 112, 114, 116, 117, 118, 120, 121, 123, 126, 127, 128, 129, 131, 133, 139, 142, 143, 144, 147, 148, 150, 160, 168, 169, 170, 173, 174, 175, 176, 177, 182, 187, 193, 199, 200, 213, 215, 216, 218, 222, 228, 231, 232, 233, 234, 235, 236, 237, 238, 239, 248, 250, 251, 252, 253, 258, 260, 261, 263, 267, 268, 269, 275, 278, 279, 280, 281, 282, 283, 284, 285, 293, 296, 297, 298, 300, 301, 304, 307, 308, 309, 310, 311, 313, 314, 315, 317, 321, 322, 323, 324, 329, 330, 333, 334, 335, 336, 338, 340, 344, 345, 348, 349, 350, 356, 357, 359, 360, 361, 362, 364, 367, 368, 369, 370, 371, 373, 375, 376, 377, 378, 380, 381, 394, 395, 397, 398, 399, 400, 401, 402, 403, 404, 405, 406, 407, 409, 410, 415, 416, 417, 418, 419, 420, 421, 422, 423, 424, 425, 426, 427, 428, 449, 450, 451, 453, 455, 456, 457, 458, 459, 461, 462, 463, 464, 469, 472, 474, 475, 476, 477, 478, 480, 481, 483, 484, 487, 488, 492, 495, 498, 500, 501, 502, 505, 506, 507, 508, 509, 511, 512, 513, 514, 515, 516, 517, 522, 523, 525, 526, 528, 529, 536, 538, 548, 557, 558, 559, 560, 561, 563, 565, 566, 567, 568, 570, 571, 572, 576, 583, 584, 588, 589, 592, 593, 594, 595, 596, 597, 598, 599, 600, 603, 611, 612, 613, 614, 615, 617, 619, 620, 621, 622, 625, 626, 627, 628, 629, 630, 631, 635, 636, 637, 642, 650, 651, 652, 654, 655, 658, 659, 660, 661, 662, 663, 664, 665, 666, 667, 668, 669, 670, 671, 672, 674, 675, 677, 678, 682, 683, 686, 687, 688, 689, 692, 693, 694, 695, 696, 698, 699, 702, 703, 704, 705, 706], "excluded_lines": []}}}, "src/secondbrain_cli/cli/display.py": {"executed_lines": [], "summary": {"covered_lines": 0, "num_statements": 52, "percent_covered": 0.0, "percent_covered_display": "0", "missing_lines": 52, "excluded_lines": 0}, "missing_lines": [3, 4, 5, 7, 8, 10, 11, 13, 17, 20, 33, 34, 35, 37, 38, 39, 42, 44, 45, 48, 49, 51, 52, 53, 54, 61, 67, 68, 69, 71, 72, 73, 74, 76, 77, 83, 86, 92, 93, 94, 95, 96, 99, 105, 106, 107, 110, 111, 112, 113, 114, 115], "excluded_lines": [], "functions": {"display_search_results": {"executed_lines": [], "summary": {"covered_lines": 0, "num_statements": 15, "percent_covered": 0.0, "percent_covered_display": "0", "missing_lines": 15, "excluded_lines": 0}, "missing_lines": [33, 34, 35, 37, 38, 39, 42, 44, 45, 48, 49, 51, 52, 53, 54], "excluded_lines": []}, "display_list_results": {"executed_lines": [], "summary": {"covered_lines": 0, "num_statements": 10, "percent_covered": 0.0, "percent_covered_display": "0", "missing_lines": 10, "excluded_lines": 0}, "missing_lines": [67, 68, 69, 71, 72, 73, 74, 76, 77, 83], "excluded_lines": []}, "display_status": {"executed_lines": [], "summary": {"covered_lines": 0, "num_statements": 5, "percent_covered": 0.0, "percent_covered_display": "0", "missing_lines": 5, "excluded_lines": 0}, "missing_lines": [92, 93, 94, 95, 96], "excluded_lines": []}, "display_health_status": {"executed_lines": [], "summary": {"covered_lines": 0, "num_statements": 9, "percent_covered": 0.0, "percent_covered_display": "0", "missing_lines": 9, "excluded_lines": 0}, "missing_lines": [105, 106, 107, 110, 111, 112, 113, 114, 115], "excluded_lines": []}, "": {"executed_lines": [], "summary": {"covered_lines": 0, "num_statements": 13, "percent_covered": 0.0, "percent_covered_display": "0", "missing_lines": 13, "excluded_lines": 0}, "missing_lines": [3, 4, 5, 7, 8, 10, 11, 13, 17, 20, 61, 86, 99], "excluded_lines": []}}, "classes": {"": {"executed_lines": [], "summary": {"covered_lines": 0, "num_statements": 52, "percent_covered": 0.0, "percent_covered_display": "0", "missing_lines": 52, "excluded_lines": 0}, "missing_lines": [3, 4, 5, 7, 8, 10, 11, 13, 17, 20, 33, 34, 35, 37, 38, 39, 42, 44, 45, 48, 49, 51, 52, 53, 54, 61, 67, 68, 69, 71, 72, 73, 74, 76, 77, 83, 86, 92, 93, 94, 95, 96, 99, 105, 106, 107, 110, 111, 112, 113, 114, 115], "excluded_lines": []}}}, "src/secondbrain_cli/cli/errors.py": {"executed_lines": [], "summary": {"covered_lines": 0, "num_statements": 34, "percent_covered": 0.0, "percent_covered_display": "0", "missing_lines": 34, "excluded_lines": 0}, "missing_lines": [3, 4, 5, 6, 7, 9, 10, 11, 13, 15, 16, 18, 19, 22, 36, 37, 38, 39, 40, 41, 42, 43, 44, 45, 46, 47, 48, 49, 50, 51, 52, 53, 54, 56], "excluded_lines": [], "functions": {"handle_cli_errors": {"executed_lines": [], "summary": {"covered_lines": 0, "num_statements": 3, "percent_covered": 0.0, "percent_covered_display": "0", "missing_lines": 3, "excluded_lines": 0}, "missing_lines": [36, 37, 56], "excluded_lines": []}, "handle_cli_errors.wrapper": {"executed_lines": [], "summary": {"covered_lines": 0, "num_statements": 17, "percent_covered": 0.0, "percent_covered_display": "0", "missing_lines": 17, "excluded_lines": 0}, "missing_lines": [38, 39, 40, 41, 42, 43, 44, 45, 46, 47, 48, 49, 50, 51, 52, 53, 54], "excluded_lines": []}, "": {"executed_lines": [], "summary": {"covered_lines": 0, "num_statements": 14, "percent_covered": 0.0, "percent_covered_display": "0", "missing_lines": 14, "excluded_lines": 0}, "missing_lines": [3, 4, 5, 6, 7, 9, 10, 11, 13, 15, 16, 18, 19, 22], "excluded_lines": []}}, "classes": {"": {"executed_lines": [], "summary": {"covered_lines": 0, "num_statements": 34, "percent_covered": 0.0, "percent_covered_display": "0", "missing_lines": 34, "excluded_lines": 0}, "missing_lines": [3, 4, 5, 6, 7, 9, 10, 11, 13, 15, 16, 18, 19, 22, 36, 37, 38, 39, 40, 41, 42, 43, 44, 45, 46, 47, 48, 49, 50, 51, 52, 53, 54, 56], "excluded_lines": []}}}, "src/secondbrain_mcp/__init__.py": {"executed_lines": [1], "summary": {"covered_lines": 0, "num_statements": 0, "percent_covered": 100.0, "percent_covered_display": "100", "missing_lines": 0, "excluded_lines": 0}, "missing_lines": [], "excluded_lines": [], "functions": {"": {"executed_lines": [1], "summary": {"covered_lines": 0, "num_statements": 0, "percent_covered": 100.0, "percent_covered_display": "100", "missing_lines": 0, "excluded_lines": 0}, "missing_lines": [], "excluded_lines": []}}, "classes": {"": {"executed_lines": [1], "summary": {"covered_lines": 0, "num_statements": 0, "percent_covered": 100.0, "percent_covered_display": "100", "missing_lines": 0, "excluded_lines": 0}, "missing_lines": [], "excluded_lines": []}}}, "src/secondbrain_mcp/handlers/__init__.py": {"executed_lines": [], "summary": {"covered_lines": 0, "num_statements": 0, "percent_covered": 100.0, "percent_covered_display": "100", "missing_lines": 0, "excluded_lines": 0}, "missing_lines": [], "excluded_lines": [], "functions": {"": {"executed_lines": [], "summary": {"covered_lines": 0, "num_statements": 0, "percent_covered": 100.0, "percent_covered_display": "100", "missing_lines": 0, "excluded_lines": 0}, "missing_lines": [], "excluded_lines": []}}, "classes": {"": {"executed_lines": [], "summary": {"covered_lines": 0, "num_statements": 0, "percent_covered": 100.0, "percent_covered_display": "100", "missing_lines": 0, "excluded_lines": 0}, "missing_lines": [], "excluded_lines": []}}}, "src/secondbrain_mcp/server.py": {"executed_lines": [1, 7, 8, 9, 11, 12, 13, 19, 30, 33, 36, 48, 49, 238, 239, 274, 291], "summary": {"covered_lines": 15, "num_statements": 30, "percent_covered": 50.0, "percent_covered_display": "50", "missing_lines": 15, "excluded_lines": 2}, "missing_lines": [51, 241, 243, 244, 245, 255, 256, 257, 261, 262, 263, 276, 281, 283, 284], "excluded_lines": [291, 292], "functions": {"list_tools": {"executed_lines": [], "summary": {"covered_lines": 0, "num_statements": 1, "percent_covered": 0.0, "percent_covered_display": "0", "missing_lines": 1, "excluded_lines": 0}, "missing_lines": [51], "excluded_lines": []}, "call_tool": {"executed_lines": [], "summary": {"covered_lines": 0, "num_statements": 10, "percent_covered": 0.0, "percent_covered_display": "0", "missing_lines": 10, "excluded_lines": 0}, "missing_lines": [241, 243, 244, 245, 255, 256, 257, 261, 262, 263], "excluded_lines": []}, "main": {"executed_lines": [], "summary": {"covered_lines": 0, "num_statements": 4, "percent_covered": 0.0, "percent_covered_display": "0", "missing_lines": 4, "excluded_lines": 0}, "missing_lines": [276, 281, 283, 284], "excluded_lines": []}, "": {"executed_lines": [1, 7, 8, 9, 11, 12, 13, 19, 30, 33, 36, 48, 49, 238, 239, 274, 291], "summary": {"covered_lines": 15, "num_statements": 15, "percent_covered": 100.0, "percent_covered_display": "100", "missing_lines": 0, "excluded_lines": 2}, "missing_lines": [], "excluded_lines": [291, 292]}}, "classes": {"": {"executed_lines": [1, 7, 8, 9, 11, 12, 13, 19, 30, 33, 36, 48, 49, 238, 239, 274, 291], "summary": {"covered_lines": 15, "num_statements": 30, "percent_covered": 50.0, "percent_covered_display": "50", "missing_lines": 15, "excluded_lines": 2}, "missing_lines": [51, 241, 243, 244, 245, 255, 256, 257, 261, 262, 263, 276, 281, 283, 284], "excluded_lines": [291, 292]}}}, "src/secondbrain_mcp/tools/__init__.py": {"executed_lines": [1, 3, 4, 5, 6, 7, 9], "summary": {"covered_lines": 6, "num_statements": 6, "percent_covered": 100.0, "percent_covered_display": "100", "missing_lines": 0, "excluded_lines": 0}, "missing_lines": [], "excluded_lines": [], "functions": {"": {"executed_lines": [1, 3, 4, 5, 6, 7, 9], "summary": {"covered_lines": 6, "num_statements": 6, "percent_covered": 100.0, "percent_covered_display": "100", "missing_lines": 0, "excluded_lines": 0}, "missing_lines": [], "excluded_lines": []}}, "classes": {"": {"executed_lines": [1, 3, 4, 5, 6, 7, 9], "summary": {"covered_lines": 6, "num_statements": 6, "percent_covered": 100.0, "percent_covered_display": "100", "missing_lines": 0, "excluded_lines": 0}, "missing_lines": [], "excluded_lines": []}}}, "src/secondbrain_mcp/tools/admin.py": {"executed_lines": [1, 3, 4, 6, 9, 18, 20, 21, 23, 24, 25, 27, 28, 29, 30, 31, 32, 36, 40, 41, 42, 43, 59, 68, 70, 72, 73, 74, 76, 77], "summary": {"covered_lines": 29, "num_statements": 61, "percent_covered": 47.540983606557376, "percent_covered_display": "48", "missing_lines": 32, "excluded_lines": 0}, "missing_lines": [46, 47, 48, 49, 53, 54, 55, 56, 79, 80, 81, 83, 84, 86, 87, 88, 89, 90, 91, 92, 94, 95, 96, 97, 98, 101, 102, 103, 105, 106, 107, 108], "excluded_lines": [], "functions": {"handle_ls": {"executed_lines": [18, 20, 21, 23, 24, 25, 27, 28, 29, 30, 31, 32, 36, 40, 41, 42, 43], "summary": {"covered_lines": 17, "num_statements": 25, "percent_covered": 68.0, "percent_covered_display": "68", "missing_lines": 8, "excluded_lines": 0}, "missing_lines": [46, 47, 48, 49, 53, 54, 55, 56], "excluded_lines": []}, "handle_delete": {"executed_lines": [68, 70, 72, 73, 74, 76, 77], "summary": {"covered_lines": 7, "num_statements": 31, "percent_covered": 22.580645161290324, "percent_covered_display": "23", "missing_lines": 24, "excluded_lines": 0}, "missing_lines": [79, 80, 81, 83, 84, 86, 87, 88, 89, 90, 91, 92, 94, 95, 96, 97, 98, 101, 102, 103, 105, 106, 107, 108], "excluded_lines": []}, "": {"executed_lines": [1, 3, 4, 6, 9, 59], "summary": {"covered_lines": 5, "num_statements": 5, "percent_covered": 100.0, "percent_covered_display": "100", "missing_lines": 0, "excluded_lines": 0}, "missing_lines": [], "excluded_lines": []}}, "classes": {"": {"executed_lines": [1, 3, 4, 6, 9, 18, 20, 21, 23, 24, 25, 27, 28, 29, 30, 31, 32, 36, 40, 41, 42, 43, 59, 68, 70, 72, 73, 74, 76, 77], "summary": {"covered_lines": 29, "num_statements": 61, "percent_covered": 47.540983606557376, "percent_covered_display": "48", "missing_lines": 32, "excluded_lines": 0}, "missing_lines": [46, 47, 48, 49, 53, 54, 55, 56, 79, 80, 81, 83, 84, 86, 87, 88, 89, 90, 91, 92, 94, 95, 96, 97, 98, 101, 102, 103, 105, 106, 107, 108], "excluded_lines": []}}}, "src/secondbrain_mcp/tools/chat.py": {"executed_lines": [1, 3, 4, 6, 9, 18, 19, 20, 21, 22, 24, 25, 26], "summary": {"covered_lines": 12, "num_statements": 41, "percent_covered": 29.26829268292683, "percent_covered_display": "29", "missing_lines": 29, "excluded_lines": 0}, "missing_lines": [28, 29, 30, 31, 33, 34, 37, 38, 39, 40, 42, 43, 44, 50, 57, 64, 66, 67, 68, 69, 70, 71, 72, 73, 74, 76, 77, 78, 79], "excluded_lines": [], "functions": {"handle_chat": {"executed_lines": [18, 19, 20, 21, 22, 24, 25, 26], "summary": {"covered_lines": 8, "num_statements": 37, "percent_covered": 21.62162162162162, "percent_covered_display": "22", "missing_lines": 29, "excluded_lines": 0}, "missing_lines": [28, 29, 30, 31, 33, 34, 37, 38, 39, 40, 42, 43, 44, 50, 57, 64, 66, 67, 68, 69, 70, 71, 72, 73, 74, 76, 77, 78, 79], "excluded_lines": []}, "": {"executed_lines": [1, 3, 4, 6, 9], "summary": {"covered_lines": 4, "num_statements": 4, "percent_covered": 100.0, "percent_covered_display": "100", "missing_lines": 0, "excluded_lines": 0}, "missing_lines": [], "excluded_lines": []}}, "classes": {"": {"executed_lines": [1, 3, 4, 6, 9, 18, 19, 20, 21, 22, 24, 25, 26], "summary": {"covered_lines": 12, "num_statements": 41, "percent_covered": 29.26829268292683, "percent_covered_display": "29", "missing_lines": 29, "excluded_lines": 0}, "missing_lines": [28, 29, 30, 31, 33, 34, 37, 38, 39, 40, 42, 43, 44, 50, 57, 64, 66, 67, 68, 69, 70, 71, 72, 73, 74, 76, 77, 78, 79], "excluded_lines": []}}}, "src/secondbrain_mcp/tools/health.py": {"executed_lines": [1, 3, 4, 6, 9, 18, 20, 21, 23, 24, 25, 26, 28, 29, 30, 32, 38, 47, 48, 50, 51, 53, 54, 56, 57, 59, 60, 61, 62, 64, 70, 79, 80, 82, 83, 85, 86, 87, 88, 90, 91, 92, 94], "summary": {"covered_lines": 42, "num_statements": 51, "percent_covered": 82.3529411764706, "percent_covered_display": "82", "missing_lines": 9, "excluded_lines": 0}, "missing_lines": [33, 34, 35, 65, 66, 67, 95, 96, 97], "excluded_lines": [], "functions": {"handle_health": {"executed_lines": [18, 20, 21, 23, 24, 25, 26, 28, 29, 30, 32], "summary": {"covered_lines": 11, "num_statements": 14, "percent_covered": 78.57142857142857, "percent_covered_display": "79", "missing_lines": 3, "excluded_lines": 0}, "missing_lines": [33, 34, 35], "excluded_lines": []}, "handle_status": {"executed_lines": [47, 48, 50, 51, 53, 54, 56, 57, 59, 60, 61, 62, 64], "summary": {"covered_lines": 13, "num_statements": 16, "percent_covered": 81.25, "percent_covered_display": "81", "missing_lines": 3, "excluded_lines": 0}, "missing_lines": [65, 66, 67], "excluded_lines": []}, "handle_metrics": {"executed_lines": [79, 80, 82, 83, 85, 86, 87, 88, 90, 91, 92, 94], "summary": {"covered_lines": 12, "num_statements": 15, "percent_covered": 80.0, "percent_covered_display": "80", "missing_lines": 3, "excluded_lines": 0}, "missing_lines": [95, 96, 97], "excluded_lines": []}, "": {"executed_lines": [1, 3, 4, 6, 9, 38, 70], "summary": {"covered_lines": 6, "num_statements": 6, "percent_covered": 100.0, "percent_covered_display": "100", "missing_lines": 0, "excluded_lines": 0}, "missing_lines": [], "excluded_lines": []}}, "classes": {"": {"executed_lines": [1, 3, 4, 6, 9, 18, 20, 21, 23, 24, 25, 26, 28, 29, 30, 32, 38, 47, 48, 50, 51, 53, 54, 56, 57, 59, 60, 61, 62, 64, 70, 79, 80, 82, 83, 85, 86, 87, 88, 90, 91, 92, 94], "summary": {"covered_lines": 42, "num_statements": 51, "percent_covered": 82.3529411764706, "percent_covered_display": "82", "missing_lines": 9, "excluded_lines": 0}, "missing_lines": [33, 34, 35, 65, 66, 67, 95, 96, 97], "excluded_lines": []}}}, "src/secondbrain_mcp/tools/ingest.py": {"executed_lines": [1, 3, 4, 5, 7, 8, 10, 11, 14, 23, 24, 26, 27, 28, 30, 31, 32, 33, 34, 35, 36, 39, 40, 41, 46, 49, 52, 58, 61, 69, 76, 84, 85, 87, 91, 92, 93], "summary": {"covered_lines": 36, "num_statements": 43, "percent_covered": 83.72093023255815, "percent_covered_display": "84", "missing_lines": 7, "excluded_lines": 0}, "missing_lines": [43, 44, 50, 62, 63, 66, 67], "excluded_lines": [], "functions": {"handle_ingest": {"executed_lines": [23, 24, 26, 27, 28, 30, 31, 32, 33, 34, 35, 36, 39, 40, 41, 46, 49, 52, 58, 61, 69, 76, 84, 85, 87, 91, 92, 93], "summary": {"covered_lines": 28, "num_statements": 31, "percent_covered": 90.3225806451613, "percent_covered_display": "90", "missing_lines": 3, "excluded_lines": 0}, "missing_lines": [43, 44, 50], "excluded_lines": []}, "handle_ingest.progress_callback": {"executed_lines": [], "summary": {"covered_lines": 0, "num_statements": 4, "percent_covered": 0.0, "percent_covered_display": "0", "missing_lines": 4, "excluded_lines": 0}, "missing_lines": [62, 63, 66, 67], "excluded_lines": []}, "": {"executed_lines": [1, 3, 4, 5, 7, 8, 10, 11, 14], "summary": {"covered_lines": 8, "num_statements": 8, "percent_covered": 100.0, "percent_covered_display": "100", "missing_lines": 0, "excluded_lines": 0}, "missing_lines": [], "excluded_lines": []}}, "classes": {"": {"executed_lines": [1, 3, 4, 5, 7, 8, 10, 11, 14, 23, 24, 26, 27, 28, 30, 31, 32, 33, 34, 35, 36, 39, 40, 41, 46, 49, 52, 58, 61, 69, 76, 84, 85, 87, 91, 92, 93], "summary": {"covered_lines": 36, "num_statements": 43, "percent_covered": 83.72093023255815, "percent_covered_display": "84", "missing_lines": 7, "excluded_lines": 0}, "missing_lines": [43, 44, 50, 62, 63, 66, 67], "excluded_lines": []}}}, "src/secondbrain_mcp/tools/search.py": {"executed_lines": [1, 3, 4, 6, 9, 18, 20, 21, 22, 24, 25, 27, 28, 31, 32, 34, 35, 37, 38, 39, 46, 47, 48, 49], "summary": {"covered_lines": 23, "num_statements": 23, "percent_covered": 100.0, "percent_covered_display": "100", "missing_lines": 0, "excluded_lines": 0}, "missing_lines": [], "excluded_lines": [], "functions": {"handle_search": {"executed_lines": [18, 20, 21, 22, 24, 25, 27, 28, 31, 32, 34, 35, 37, 38, 39, 46, 47, 48, 49], "summary": {"covered_lines": 19, "num_statements": 19, "percent_covered": 100.0, "percent_covered_display": "100", "missing_lines": 0, "excluded_lines": 0}, "missing_lines": [], "excluded_lines": []}, "": {"executed_lines": [1, 3, 4, 6, 9], "summary": {"covered_lines": 4, "num_statements": 4, "percent_covered": 100.0, "percent_covered_display": "100", "missing_lines": 0, "excluded_lines": 0}, "missing_lines": [], "excluded_lines": []}}, "classes": {"": {"executed_lines": [1, 3, 4, 6, 9, 18, 20, 21, 22, 24, 25, 27, 28, 31, 32, 34, 35, 37, 38, 39, 46, 47, 48, 49], "summary": {"covered_lines": 23, "num_statements": 23, "percent_covered": 100.0, "percent_covered_display": "100", "missing_lines": 0, "excluded_lines": 0}, "missing_lines": [], "excluded_lines": []}}}}, "totals": {"covered_lines": 3431, "num_statements": 4532, "percent_covered": 75.70609002647838, "percent_covered_display": "76", "missing_lines": 1101, "excluded_lines": 27}}