{"meta": {"format": 3, "version": "7.14.1", "timestamp": "2026-05-30T02:56:13.056111", "branch_coverage": false, "show_contexts": false}, "files": {"src/secondbrain/__init__.py": {"executed_lines": [7, 9, 10], "summary": {"covered_lines": 3, "num_statements": 3, "percent_covered": 100.0, "percent_covered_display": "100", "missing_lines": 0, "excluded_lines": 0, "percent_statements_covered": 100.0, "percent_statements_covered_display": "100"}, "missing_lines": [], "excluded_lines": [], "functions": {"": {"executed_lines": [7, 9, 10], "summary": {"covered_lines": 3, "num_statements": 3, "percent_covered": 100.0, "percent_covered_display": "100", "missing_lines": 0, "excluded_lines": 0, "percent_statements_covered": 100.0, "percent_statements_covered_display": "100"}, "missing_lines": [], "excluded_lines": [], "start_line": 1}}, "classes": {"": {"executed_lines": [7, 9, 10], "summary": {"covered_lines": 3, "num_statements": 3, "percent_covered": 100.0, "percent_covered_display": "100", "missing_lines": 0, "excluded_lines": 0, "percent_statements_covered": 100.0, "percent_statements_covered_display": "100"}, "missing_lines": [], "excluded_lines": [], "start_line": 1}}}, "src/secondbrain/cli/__init__.py": {"executed_lines": [10, 11, 13, 15, 18, 19, 22, 23, 24, 30, 31, 32, 37, 40, 42], "summary": {"covered_lines": 15, "num_statements": 15, "percent_covered": 100.0, "percent_covered_display": "100", "missing_lines": 0, "excluded_lines": 2, "percent_statements_covered": 100.0, "percent_statements_covered_display": "100"}, "missing_lines": [], "excluded_lines": [45, 46], "functions": {"cli": {"executed_lines": [30, 31, 32], "summary": {"covered_lines": 3, "num_statements": 3, "percent_covered": 100.0, "percent_covered_display": "100", "missing_lines": 0, "excluded_lines": 0, "percent_statements_covered": 100.0, "percent_statements_covered_display": "100"}, "missing_lines": [], "excluded_lines": [], "start_line": 24}, "main": {"executed_lines": [42], "summary": {"covered_lines": 1, "num_statements": 1, "percent_covered": 100.0, "percent_covered_display": "100", "missing_lines": 0, "excluded_lines": 0, "percent_statements_covered": 100.0, "percent_statements_covered_display": "100"}, "missing_lines": [], "excluded_lines": [], "start_line": 40}, "": {"executed_lines": [10, 11, 13, 15, 18, 19, 22, 23, 24, 37, 40], "summary": {"covered_lines": 11, "num_statements": 11, "percent_covered": 100.0, "percent_covered_display": "100", "missing_lines": 0, "excluded_lines": 2, "percent_statements_covered": 100.0, "percent_statements_covered_display": "100"}, "missing_lines": [], "excluded_lines": [45, 46], "start_line": 1}}, "classes": {"": {"executed_lines": [10, 11, 13, 15, 18, 19, 22, 23, 24, 30, 31, 32, 37, 40, 42], "summary": {"covered_lines": 15, "num_statements": 15, "percent_covered": 100.0, "percent_covered_display": "100", "missing_lines": 0, "excluded_lines": 2, "percent_statements_covered": 100.0, "percent_statements_covered_display": "100"}, "missing_lines": [], "excluded_lines": [45, 46], "start_line": 1}}}, "src/secondbrain/cli/commands.py": {"executed_lines": [15, 16, 17, 18, 19, 20, 21, 23, 24, 26, 27, 32, 33, 34, 39, 40, 46, 48, 49, 51, 54, 55, 56, 57, 58, 65, 66, 67, 73, 74, 87, 89, 90, 91, 94, 95, 96, 97, 98, 99, 102, 105, 107, 110, 112, 114, 115, 116, 118, 119, 121, 123, 124, 126, 132, 135, 136, 137, 140, 141, 143, 153, 157, 162, 166, 167, 168, 171, 172, 173, 174, 175, 180, 185, 191, 197, 198, 211, 212, 214, 215, 217, 221, 225, 231, 234, 235, 236, 237, 238, 239, 240, 241, 242, 251, 253, 254, 255, 256, 261, 263, 264, 266, 270, 271, 272, 278, 281, 282, 283, 284, 285, 286, 287, 288, 296, 299, 300, 301, 303, 304, 307, 310, 311, 312, 316, 317, 318, 320, 324, 325, 326, 327, 332, 333, 336, 337, 338, 339, 341, 343, 347, 348, 351, 352, 353, 359, 360, 362, 363, 364, 365, 367, 370, 371, 372, 373, 374, 376, 378, 379, 380, 381, 383, 384, 397, 398, 400, 401, 402, 403, 412, 413, 418, 419, 420, 421, 422, 429, 430, 431, 432, 433, 434, 435, 441, 442, 443, 465, 466, 467, 469, 471, 472, 473, 474, 475, 477, 478, 479, 480, 485, 488, 490, 491, 492, 493, 494, 496, 497, 498, 499, 501, 502, 504, 505, 506, 507, 511, 512, 515, 517, 518, 519, 522, 523, 524, 525, 528, 529, 530, 531, 532, 533, 534, 539, 540, 542, 543, 544, 545, 547, 548, 555, 557, 567, 576, 577, 578, 579, 580, 582, 584, 585, 586, 587, 589, 590, 591, 593, 594, 595, 599, 606, 607, 611, 612, 615, 616, 617, 618, 619, 620, 621, 623, 626, 634, 635, 636, 637, 638, 640, 642, 643, 644, 645, 648, 649, 653, 654, 655, 656, 657, 662, 663, 664, 669, 676, 678, 679, 681, 683, 684, 685, 686, 687, 688, 689, 690, 692, 693, 696, 697, 698, 699, 700, 701, 702, 703, 704, 705, 706, 707, 708, 709, 710, 712, 713, 715, 716, 720, 721, 724, 737, 738, 739, 740, 741, 745, 746, 749, 750, 751, 758, 765, 771, 772, 788, 791, 793, 798, 799, 800, 801, 803, 809, 811, 812, 815, 816, 822, 823, 830, 831, 834, 835, 836, 837, 839, 840, 844, 845, 846, 847, 848, 849, 850, 851, 852, 855, 856, 857, 864, 871, 877, 883, 884, 901, 904, 906, 911, 912, 913, 914, 916, 923, 924, 925, 928, 929, 931, 934, 940, 944, 946, 948, 958, 959, 961, 962, 969, 970, 971, 975, 977, 978, 980, 981, 985, 986, 987, 988], "summary": {"covered_lines": 422, "num_statements": 451, "percent_covered": 93.56984478935698, "percent_covered_display": "94", "missing_lines": 29, "excluded_lines": 0, "percent_statements_covered": 93.56984478935698, "percent_statements_covered_display": "94"}, "missing_lines": [313, 314, 404, 405, 406, 407, 408, 409, 410, 526, 622, 650, 651, 658, 725, 726, 727, 730, 731, 732, 733, 734, 742, 743, 804, 917, 989, 990, 991], "excluded_lines": [], "functions": {"ingest": {"executed_lines": [87, 89, 90, 91, 94, 95, 96, 97, 98, 99, 102, 105, 107, 110, 112, 114, 115, 116, 118, 119, 121, 123, 124, 126, 132, 135, 143, 153, 157, 162, 166, 167, 168], "summary": {"covered_lines": 33, "num_statements": 33, "percent_covered": 100.0, "percent_covered_display": "100", "missing_lines": 0, "excluded_lines": 0, "percent_statements_covered": 100.0, "percent_statements_covered_display": "100"}, "missing_lines": [], "excluded_lines": [], "start_line": 74}, "ingest.progress_callback": {"executed_lines": [136, 137, 140, 141], "summary": {"covered_lines": 4, "num_statements": 4, "percent_covered": 100.0, "percent_covered_display": "100", "missing_lines": 0, "excluded_lines": 0, "percent_statements_covered": 100.0, "percent_statements_covered_display": "100"}, "missing_lines": [], "excluded_lines": [], "start_line": 135}, "search": {"executed_lines": [211, 212, 214, 215, 217, 221, 225, 231], "summary": {"covered_lines": 8, "num_statements": 8, "percent_covered": 100.0, "percent_covered_display": "100", "missing_lines": 0, "excluded_lines": 0, "percent_statements_covered": 100.0, "percent_statements_covered_display": "100"}, "missing_lines": [], "excluded_lines": [], "start_line": 198}, "ls": {"executed_lines": [251, 253, 254, 255, 256, 261, 263, 264, 266, 270, 271, 272, 278], "summary": {"covered_lines": 13, "num_statements": 13, "percent_covered": 100.0, "percent_covered_display": "100", "missing_lines": 0, "excluded_lines": 0, "percent_statements_covered": 100.0, "percent_statements_covered_display": "100"}, "missing_lines": [], "excluded_lines": [], "start_line": 242}, "delete": {"executed_lines": [296, 299, 300, 301, 303, 304, 307, 310, 311, 312, 316, 317, 318, 320, 324, 325, 326, 327, 332, 333], "summary": {"covered_lines": 20, "num_statements": 22, "percent_covered": 90.9090909090909, "percent_covered_display": "91", "missing_lines": 2, "excluded_lines": 0, "percent_statements_covered": 90.9090909090909, "percent_statements_covered_display": "91"}, "missing_lines": [313, 314], "excluded_lines": [], "start_line": 288}, "status": {"executed_lines": [341, 343, 347, 348], "summary": {"covered_lines": 4, "num_statements": 4, "percent_covered": 100.0, "percent_covered_display": "100", "missing_lines": 0, "excluded_lines": 0, "percent_statements_covered": 100.0, "percent_statements_covered_display": "100"}, "missing_lines": [], "excluded_lines": [], "start_line": 339}, "health": {"executed_lines": [362, 363, 364, 365, 367], "summary": {"covered_lines": 5, "num_statements": 5, "percent_covered": 100.0, "percent_covered_display": "100", "missing_lines": 0, "excluded_lines": 0, "percent_statements_covered": 100.0, "percent_statements_covered_display": "100"}, "missing_lines": [], "excluded_lines": [], "start_line": 360}, "metrics": {"executed_lines": [376, 378, 379, 380, 381, 383, 384, 397, 398, 400, 401, 402, 403, 412, 413], "summary": {"covered_lines": 15, "num_statements": 22, "percent_covered": 68.18181818181819, "percent_covered_display": "68", "missing_lines": 7, "excluded_lines": 0, "percent_statements_covered": 68.18181818181819, "percent_statements_covered_display": "68"}, "missing_lines": [404, 405, 406, 407, 408, 409, 410], "excluded_lines": [], "start_line": 374}, "chat": {"executed_lines": [465, 466, 467, 469, 471, 472, 473, 474, 475, 477, 478, 479, 480, 485, 488, 490, 491, 492, 493, 494, 496, 497, 498, 499, 501, 502, 504, 505, 506, 507, 511, 512, 515, 517, 518, 519, 522, 523, 524, 525, 528, 529, 530, 531, 532, 533, 534, 539, 540, 542, 543, 544, 545, 547, 548, 555, 557], "summary": {"covered_lines": 57, "num_statements": 58, "percent_covered": 98.27586206896552, "percent_covered_display": "98", "missing_lines": 1, "excluded_lines": 0, "percent_statements_covered": 98.27586206896552, "percent_statements_covered_display": "98"}, "missing_lines": [526], "excluded_lines": [], "start_line": 443}, "_single_turn_chat": {"executed_lines": [576, 577, 578, 579, 580, 582, 584, 585, 586, 587, 589, 590, 591, 593, 594, 595, 599, 606, 607, 611, 612, 615, 616, 617, 618, 619, 620, 621, 623], "summary": {"covered_lines": 29, "num_statements": 30, "percent_covered": 96.66666666666667, "percent_covered_display": "97", "missing_lines": 1, "excluded_lines": 0, "percent_statements_covered": 96.66666666666667, "percent_statements_covered_display": "97"}, "missing_lines": [622], "excluded_lines": [], "start_line": 567}, "_interactive_chat": {"executed_lines": [634, 635, 636, 637, 638, 640, 642, 643, 644, 645, 648, 649, 653, 654, 655, 656, 657, 662, 663, 664, 669, 676, 678, 679, 681, 683, 684, 685, 686, 687, 688, 689, 690, 692, 693, 696, 697, 698, 699, 700, 701, 702, 703, 704, 705, 706, 707, 708, 709, 710, 712, 713, 715, 716, 720, 721, 724, 737, 738, 739, 740, 741, 745, 746], "summary": {"covered_lines": 64, "num_statements": 77, "percent_covered": 83.11688311688312, "percent_covered_display": "83", "missing_lines": 13, "excluded_lines": 0, "percent_statements_covered": 83.11688311688312, "percent_statements_covered_display": "83"}, "missing_lines": [650, 651, 658, 725, 726, 727, 730, 731, 732, 733, 734, 742, 743], "excluded_lines": [], "start_line": 626}, "start": {"executed_lines": [788, 791, 793, 798, 799, 800, 801, 803, 809, 811, 812, 815, 816, 822, 823, 830, 831, 834, 835, 836, 837, 839, 840, 844, 845, 846, 847, 848, 849, 850, 851, 852], "summary": {"covered_lines": 32, "num_statements": 33, "percent_covered": 96.96969696969697, "percent_covered_display": "97", "missing_lines": 1, "excluded_lines": 0, "percent_statements_covered": 96.96969696969697, "percent_statements_covered_display": "97"}, "missing_lines": [804], "excluded_lines": [], "start_line": 772}, "stop": {"executed_lines": [901, 904, 906, 911, 912, 913, 914, 916, 923, 924, 925, 928, 929, 931, 934, 940, 944, 946, 948, 958, 959, 961, 962, 969, 970, 971, 975, 977, 978, 980, 981, 985, 986, 987, 988], "summary": {"covered_lines": 35, "num_statements": 39, "percent_covered": 89.74358974358974, "percent_covered_display": "90", "missing_lines": 4, "excluded_lines": 0, "percent_statements_covered": 89.74358974358974, "percent_statements_covered_display": "90"}, "missing_lines": [917, 989, 990, 991], "excluded_lines": [], "start_line": 884}, "": {"executed_lines": [15, 16, 17, 18, 19, 20, 21, 23, 24, 26, 27, 32, 33, 34, 39, 40, 46, 48, 49, 51, 54, 55, 56, 57, 58, 65, 66, 67, 73, 74, 171, 172, 173, 174, 175, 180, 185, 191, 197, 198, 234, 235, 236, 237, 238, 239, 240, 241, 242, 281, 282, 283, 284, 285, 286, 287, 288, 336, 337, 338, 339, 351, 352, 353, 359, 360, 370, 371, 372, 373, 374, 418, 419, 420, 421, 422, 429, 430, 431, 432, 433, 434, 435, 441, 442, 443, 567, 626, 749, 750, 751, 758, 765, 771, 772, 855, 856, 857, 864, 871, 877, 883, 884], "summary": {"covered_lines": 103, "num_statements": 103, "percent_covered": 100.0, "percent_covered_display": "100", "missing_lines": 0, "excluded_lines": 0, "percent_statements_covered": 100.0, "percent_statements_covered_display": "100"}, "missing_lines": [], "excluded_lines": [], "start_line": 1}}, "classes": {"": {"executed_lines": [15, 16, 17, 18, 19, 20, 21, 23, 24, 26, 27, 32, 33, 34, 39, 40, 46, 48, 49, 51, 54, 55, 56, 57, 58, 65, 66, 67, 73, 74, 87, 89, 90, 91, 94, 95, 96, 97, 98, 99, 102, 105, 107, 110, 112, 114, 115, 116, 118, 119, 121, 123, 124, 126, 132, 135, 136, 137, 140, 141, 143, 153, 157, 162, 166, 167, 168, 171, 172, 173, 174, 175, 180, 185, 191, 197, 198, 211, 212, 214, 215, 217, 221, 225, 231, 234, 235, 236, 237, 238, 239, 240, 241, 242, 251, 253, 254, 255, 256, 261, 263, 264, 266, 270, 271, 272, 278, 281, 282, 283, 284, 285, 286, 287, 288, 296, 299, 300, 301, 303, 304, 307, 310, 311, 312, 316, 317, 318, 320, 324, 325, 326, 327, 332, 333, 336, 337, 338, 339, 341, 343, 347, 348, 351, 352, 353, 359, 360, 362, 363, 364, 365, 367, 370, 371, 372, 373, 374, 376, 378, 379, 380, 381, 383, 384, 397, 398, 400, 401, 402, 403, 412, 413, 418, 419, 420, 421, 422, 429, 430, 431, 432, 433, 434, 435, 441, 442, 443, 465, 466, 467, 469, 471, 472, 473, 474, 475, 477, 478, 479, 480, 485, 488, 490, 491, 492, 493, 494, 496, 497, 498, 499, 501, 502, 504, 505, 506, 507, 511, 512, 515, 517, 518, 519, 522, 523, 524, 525, 528, 529, 530, 531, 532, 533, 534, 539, 540, 542, 543, 544, 545, 547, 548, 555, 557, 567, 576, 577, 578, 579, 580, 582, 584, 585, 586, 587, 589, 590, 591, 593, 594, 595, 599, 606, 607, 611, 612, 615, 616, 617, 618, 619, 620, 621, 623, 626, 634, 635, 636, 637, 638, 640, 642, 643, 644, 645, 648, 649, 653, 654, 655, 656, 657, 662, 663, 664, 669, 676, 678, 679, 681, 683, 684, 685, 686, 687, 688, 689, 690, 692, 693, 696, 697, 698, 699, 700, 701, 702, 703, 704, 705, 706, 707, 708, 709, 710, 712, 713, 715, 716, 720, 721, 724, 737, 738, 739, 740, 741, 745, 746, 749, 750, 751, 758, 765, 771, 772, 788, 791, 793, 798, 799, 800, 801, 803, 809, 811, 812, 815, 816, 822, 823, 830, 831, 834, 835, 836, 837, 839, 840, 844, 845, 846, 847, 848, 849, 850, 851, 852, 855, 856, 857, 864, 871, 877, 883, 884, 901, 904, 906, 911, 912, 913, 914, 916, 923, 924, 925, 928, 929, 931, 934, 940, 944, 946, 948, 958, 959, 961, 962, 969, 970, 971, 975, 977, 978, 980, 981, 985, 986, 987, 988], "summary": {"covered_lines": 422, "num_statements": 451, "percent_covered": 93.56984478935698, "percent_covered_display": "94", "missing_lines": 29, "excluded_lines": 0, "percent_statements_covered": 93.56984478935698, "percent_statements_covered_display": "94"}, "missing_lines": [313, 314, 404, 405, 406, 407, 408, 409, 410, 526, 622, 650, 651, 658, 725, 726, 727, 730, 731, 732, 733, 734, 742, 743, 804, 917, 989, 990, 991], "excluded_lines": [], "start_line": 1}}}, "src/secondbrain/cli/display.py": {"executed_lines": [3, 4, 5, 7, 8, 10, 11, 12, 14, 17, 29, 30, 31, 33, 34, 35, 37, 39, 40, 43, 44, 46, 47, 48, 49, 56, 62, 63, 64, 66, 67, 68, 69, 71, 72, 78, 81, 87, 88, 89, 90, 91, 94, 100, 101, 102, 105, 106, 107, 108, 109, 110], "summary": {"covered_lines": 52, "num_statements": 52, "percent_covered": 100.0, "percent_covered_display": "100", "missing_lines": 0, "excluded_lines": 0, "percent_statements_covered": 100.0, "percent_statements_covered_display": "100"}, "missing_lines": [], "excluded_lines": [], "functions": {"display_search_results": {"executed_lines": [29, 30, 31, 33, 34, 35, 37, 39, 40, 43, 44, 46, 47, 48, 49], "summary": {"covered_lines": 15, "num_statements": 15, "percent_covered": 100.0, "percent_covered_display": "100", "missing_lines": 0, "excluded_lines": 0, "percent_statements_covered": 100.0, "percent_statements_covered_display": "100"}, "missing_lines": [], "excluded_lines": [], "start_line": 17}, "display_list_results": {"executed_lines": [62, 63, 64, 66, 67, 68, 69, 71, 72, 78], "summary": {"covered_lines": 10, "num_statements": 10, "percent_covered": 100.0, "percent_covered_display": "100", "missing_lines": 0, "excluded_lines": 0, "percent_statements_covered": 100.0, "percent_statements_covered_display": "100"}, "missing_lines": [], "excluded_lines": [], "start_line": 56}, "display_status": {"executed_lines": [87, 88, 89, 90, 91], "summary": {"covered_lines": 5, "num_statements": 5, "percent_covered": 100.0, "percent_covered_display": "100", "missing_lines": 0, "excluded_lines": 0, "percent_statements_covered": 100.0, "percent_statements_covered_display": "100"}, "missing_lines": [], "excluded_lines": [], "start_line": 81}, "display_health_status": {"executed_lines": [100, 101, 102, 105, 106, 107, 108, 109, 110], "summary": {"covered_lines": 9, "num_statements": 9, "percent_covered": 100.0, "percent_covered_display": "100", "missing_lines": 0, "excluded_lines": 0, "percent_statements_covered": 100.0, "percent_statements_covered_display": "100"}, "missing_lines": [], "excluded_lines": [], "start_line": 94}, "": {"executed_lines": [3, 4, 5, 7, 8, 10, 11, 12, 14, 17, 56, 81, 94], "summary": {"covered_lines": 13, "num_statements": 13, "percent_covered": 100.0, "percent_covered_display": "100", "missing_lines": 0, "excluded_lines": 0, "percent_statements_covered": 100.0, "percent_statements_covered_display": "100"}, "missing_lines": [], "excluded_lines": [], "start_line": 1}}, "classes": {"": {"executed_lines": [3, 4, 5, 7, 8, 10, 11, 12, 14, 17, 29, 30, 31, 33, 34, 35, 37, 39, 40, 43, 44, 46, 47, 48, 49, 56, 62, 63, 64, 66, 67, 68, 69, 71, 72, 78, 81, 87, 88, 89, 90, 91, 94, 100, 101, 102, 105, 106, 107, 108, 109, 110], "summary": {"covered_lines": 52, "num_statements": 52, "percent_covered": 100.0, "percent_covered_display": "100", "missing_lines": 0, "excluded_lines": 0, "percent_statements_covered": 100.0, "percent_statements_covered_display": "100"}, "missing_lines": [], "excluded_lines": [], "start_line": 1}}}, "src/secondbrain/cli/errors.py": {"executed_lines": [3, 4, 5, 6, 7, 9, 10, 11, 13, 15, 16, 18, 19, 22, 36, 37, 38, 39, 40, 41, 42, 43, 44, 45, 46, 47, 48, 49, 50, 51, 52, 53, 54, 56], "summary": {"covered_lines": 34, "num_statements": 34, "percent_covered": 100.0, "percent_covered_display": "100", "missing_lines": 0, "excluded_lines": 0, "percent_statements_covered": 100.0, "percent_statements_covered_display": "100"}, "missing_lines": [], "excluded_lines": [], "functions": {"handle_cli_errors": {"executed_lines": [36, 37, 56], "summary": {"covered_lines": 3, "num_statements": 3, "percent_covered": 100.0, "percent_covered_display": "100", "missing_lines": 0, "excluded_lines": 0, "percent_statements_covered": 100.0, "percent_statements_covered_display": "100"}, "missing_lines": [], "excluded_lines": [], "start_line": 22}, "handle_cli_errors.wrapper": {"executed_lines": [38, 39, 40, 41, 42, 43, 44, 45, 46, 47, 48, 49, 50, 51, 52, 53, 54], "summary": {"covered_lines": 17, "num_statements": 17, "percent_covered": 100.0, "percent_covered_display": "100", "missing_lines": 0, "excluded_lines": 0, "percent_statements_covered": 100.0, "percent_statements_covered_display": "100"}, "missing_lines": [], "excluded_lines": [], "start_line": 37}, "": {"executed_lines": [3, 4, 5, 6, 7, 9, 10, 11, 13, 15, 16, 18, 19, 22], "summary": {"covered_lines": 14, "num_statements": 14, "percent_covered": 100.0, "percent_covered_display": "100", "missing_lines": 0, "excluded_lines": 0, "percent_statements_covered": 100.0, "percent_statements_covered_display": "100"}, "missing_lines": [], "excluded_lines": [], "start_line": 1}}, "classes": {"": {"executed_lines": [3, 4, 5, 6, 7, 9, 10, 11, 13, 15, 16, 18, 19, 22, 36, 37, 38, 39, 40, 41, 42, 43, 44, 45, 46, 47, 48, 49, 50, 51, 52, 53, 54, 56], "summary": {"covered_lines": 34, "num_statements": 34, "percent_covered": 100.0, "percent_covered_display": "100", "missing_lines": 0, "excluded_lines": 0, "percent_statements_covered": 100.0, "percent_statements_covered_display": "100"}, "missing_lines": [], "excluded_lines": [], "start_line": 1}}}, "src/secondbrain/config/__init__.py": {"executed_lines": [8, 9, 10, 11, 12, 13, 15, 16, 18, 21, 61, 75, 76, 79, 82, 91, 92, 97, 104, 112, 113, 114, 123, 125, 126, 127, 128, 130, 133, 134, 135, 136, 137, 138, 139, 140, 141, 142, 143, 144, 147, 148, 150, 152, 153, 154, 155, 156, 157, 159, 162, 167, 168, 169, 179, 181, 185, 190, 195, 199, 203, 207, 211, 215, 219, 225, 255, 259, 265, 272, 278, 286, 294, 305, 311, 319, 328, 336, 346, 352, 357, 361, 367, 372, 377, 382, 387, 392, 393, 394, 408, 409, 410, 412, 413, 414, 428, 429, 430, 432, 433, 434, 448, 449, 450, 452, 453, 454, 468, 469, 470, 472, 473, 474, 488, 490, 492, 493, 494, 508, 509, 510, 512, 513, 514, 528, 530, 532, 533, 534, 548, 550, 552, 553, 554, 568, 570, 572, 573, 584, 585, 586, 587, 588, 589, 590, 591, 592, 594, 596, 601, 602, 603, 604, 605, 606, 609, 611, 612, 619, 621, 624, 625, 631, 634, 640], "summary": {"covered_lines": 166, "num_statements": 192, "percent_covered": 86.45833333333333, "percent_covered_display": "86", "missing_lines": 26, "excluded_lines": 0, "percent_statements_covered": 86.45833333333333, "percent_statements_covered_display": "86"}, "missing_lines": [33, 36, 37, 38, 39, 41, 44, 45, 46, 47, 48, 49, 50, 52, 55, 56, 94, 149, 151, 489, 529, 549, 569, 593, 595, 600], "excluded_lines": [], "functions": {"preload_env": {"executed_lines": [], "summary": {"covered_lines": 0, "num_statements": 16, "percent_covered": 0.0, "percent_covered_display": "0", "missing_lines": 16, "excluded_lines": 0, "percent_statements_covered": 0.0, "percent_statements_covered_display": "0"}, "missing_lines": [33, 36, 37, 38, 39, 41, 44, 45, 46, 47, 48, 49, 50, 52, 55, 56], "excluded_lines": [], "start_line": 21}, "_validate_mongo_uri": {"executed_lines": [75, 76, 79], "summary": {"covered_lines": 3, "num_statements": 3, "percent_covered": 100.0, "percent_covered_display": "100", "missing_lines": 0, "excluded_lines": 0, "percent_statements_covered": 100.0, "percent_statements_covered_display": "100"}, "missing_lines": [], "excluded_lines": [], "start_line": 61}, "_get_default_ollama_host": {"executed_lines": [91, 92], "summary": {"covered_lines": 2, "num_statements": 3, "percent_covered": 66.66666666666667, "percent_covered_display": "67", "missing_lines": 1, "excluded_lines": 0, "percent_statements_covered": 66.66666666666667, "percent_statements_covered_display": "67"}, "missing_lines": [94], "excluded_lines": [], "start_line": 82}, "Config._load_env_file": {"executed_lines": [123, 125, 126, 127, 128, 130, 133, 134, 135, 136, 137, 138, 139, 140, 141, 142, 143, 144, 147, 148, 150, 152, 153, 154, 155, 156, 157, 159], "summary": {"covered_lines": 28, "num_statements": 30, "percent_covered": 93.33333333333333, "percent_covered_display": "93", "missing_lines": 2, "excluded_lines": 0, "percent_statements_covered": 93.33333333333333, "percent_statements_covered_display": "93"}, "missing_lines": [149, 151], "excluded_lines": [], "start_line": 114}, "Config.validate_mongo_uri": {"executed_lines": [179], "summary": {"covered_lines": 1, "num_statements": 1, "percent_covered": 100.0, "percent_covered_display": "100", "missing_lines": 0, "excluded_lines": 0, "percent_statements_covered": 100.0, "percent_statements_covered_display": "100"}, "missing_lines": [], "excluded_lines": [], "start_line": 169}, "Config.validate_chunk_size": {"executed_lines": [408, 409, 410], "summary": {"covered_lines": 3, "num_statements": 3, "percent_covered": 100.0, "percent_covered_display": "100", "missing_lines": 0, "excluded_lines": 0, "percent_statements_covered": 100.0, "percent_statements_covered_display": "100"}, "missing_lines": [], "excluded_lines": [], "start_line": 394}, "Config.validate_chunk_overlap": {"executed_lines": [428, 429, 430], "summary": {"covered_lines": 3, "num_statements": 3, "percent_covered": 100.0, "percent_covered_display": "100", "missing_lines": 0, "excluded_lines": 0, "percent_statements_covered": 100.0, "percent_statements_covered_display": "100"}, "missing_lines": [], "excluded_lines": [], "start_line": 414}, "Config.validate_embedding_cache_size": {"executed_lines": [448, 449, 450], "summary": {"covered_lines": 3, "num_statements": 3, "percent_covered": 100.0, "percent_covered_display": "100", "missing_lines": 0, "excluded_lines": 0, "percent_statements_covered": 100.0, "percent_statements_covered_display": "100"}, "missing_lines": [], "excluded_lines": [], "start_line": 434}, "Config.validate_embedding_batch_size": {"executed_lines": [468, 469, 470], "summary": {"covered_lines": 3, "num_statements": 3, "percent_covered": 100.0, "percent_covered_display": "100", "missing_lines": 0, "excluded_lines": 0, "percent_statements_covered": 100.0, "percent_statements_covered_display": "100"}, "missing_lines": [], "excluded_lines": [], "start_line": 454}, "Config.validate_streaming_chunk_batch_size": {"executed_lines": [488, 490], "summary": {"covered_lines": 2, "num_statements": 3, "percent_covered": 66.66666666666667, "percent_covered_display": "67", "missing_lines": 1, "excluded_lines": 0, "percent_statements_covered": 66.66666666666667, "percent_statements_covered_display": "67"}, "missing_lines": [489], "excluded_lines": [], "start_line": 474}, "Config.validate_llm_temperature": {"executed_lines": [508, 509, 510], "summary": {"covered_lines": 3, "num_statements": 3, "percent_covered": 100.0, "percent_covered_display": "100", "missing_lines": 0, "excluded_lines": 0, "percent_statements_covered": 100.0, "percent_statements_covered_display": "100"}, "missing_lines": [], "excluded_lines": [], "start_line": 494}, "Config.validate_llm_max_tokens": {"executed_lines": [528, 530], "summary": {"covered_lines": 2, "num_statements": 3, "percent_covered": 66.66666666666667, "percent_covered_display": "67", "missing_lines": 1, "excluded_lines": 0, "percent_statements_covered": 66.66666666666667, "percent_statements_covered_display": "67"}, "missing_lines": [529], "excluded_lines": [], "start_line": 514}, "Config.validate_llm_timeout": {"executed_lines": [548, 550], "summary": {"covered_lines": 2, "num_statements": 3, "percent_covered": 66.66666666666667, "percent_covered_display": "67", "missing_lines": 1, "excluded_lines": 0, "percent_statements_covered": 66.66666666666667, "percent_statements_covered_display": "67"}, "missing_lines": [549], "excluded_lines": [], "start_line": 534}, "Config.validate_rag_context_window": {"executed_lines": [568, 570], "summary": {"covered_lines": 2, "num_statements": 3, "percent_covered": 66.66666666666667, "percent_covered_display": "67", "missing_lines": 1, "excluded_lines": 0, "percent_statements_covered": 66.66666666666667, "percent_statements_covered_display": "67"}, "missing_lines": [569], "excluded_lines": [], "start_line": 554}, "Config.validate_config_values": {"executed_lines": [584, 585, 586, 587, 588, 589, 590, 591, 592, 594, 596, 601, 602, 603, 604, 605, 606, 609], "summary": {"covered_lines": 18, "num_statements": 21, "percent_covered": 85.71428571428571, "percent_covered_display": "86", "missing_lines": 3, "excluded_lines": 0, "percent_statements_covered": 85.71428571428571, "percent_statements_covered_display": "86"}, "missing_lines": [593, 595, 600], "excluded_lines": [], "start_line": 573}, "Config.extensions_set": {"executed_lines": [619, 621], "summary": {"covered_lines": 2, "num_statements": 2, "percent_covered": 100.0, "percent_covered_display": "100", "missing_lines": 0, "excluded_lines": 0, "percent_statements_covered": 100.0, "percent_statements_covered_display": "100"}, "missing_lines": [], "excluded_lines": [], "start_line": 612}, "get_config": {"executed_lines": [631], "summary": {"covered_lines": 1, "num_statements": 1, "percent_covered": 100.0, "percent_covered_display": "100", "missing_lines": 0, "excluded_lines": 0, "percent_statements_covered": 100.0, "percent_statements_covered_display": "100"}, "missing_lines": [], "excluded_lines": [], "start_line": 625}, "config": {"executed_lines": [640], "summary": {"covered_lines": 1, "num_statements": 1, "percent_covered": 100.0, "percent_covered_display": "100", "missing_lines": 0, "excluded_lines": 0, "percent_statements_covered": 100.0, "percent_statements_covered_display": "100"}, "missing_lines": [], "excluded_lines": [], "start_line": 634}, "": {"executed_lines": [8, 9, 10, 11, 12, 13, 15, 16, 18, 21, 61, 82, 97, 104, 112, 113, 114, 162, 167, 168, 169, 181, 185, 190, 195, 199, 203, 207, 211, 215, 219, 225, 255, 259, 265, 272, 278, 286, 294, 305, 311, 319, 328, 336, 346, 352, 357, 361, 367, 372, 377, 382, 387, 392, 393, 394, 412, 413, 414, 432, 433, 434, 452, 453, 454, 472, 473, 474, 492, 493, 494, 512, 513, 514, 532, 533, 534, 552, 553, 554, 572, 573, 611, 612, 624, 625, 634], "summary": {"covered_lines": 87, "num_statements": 87, "percent_covered": 100.0, "percent_covered_display": "100", "missing_lines": 0, "excluded_lines": 0, "percent_statements_covered": 100.0, "percent_statements_covered_display": "100"}, "missing_lines": [], "excluded_lines": [], "start_line": 1}}, "classes": {"Config": {"executed_lines": [123, 125, 126, 127, 128, 130, 133, 134, 135, 136, 137, 138, 139, 140, 141, 142, 143, 144, 147, 148, 150, 152, 153, 154, 155, 156, 157, 159, 179, 408, 409, 410, 428, 429, 430, 448, 449, 450, 468, 469, 470, 488, 490, 508, 509, 510, 528, 530, 548, 550, 568, 570, 584, 585, 586, 587, 588, 589, 590, 591, 592, 594, 596, 601, 602, 603, 604, 605, 606, 609, 619, 621], "summary": {"covered_lines": 72, "num_statements": 81, "percent_covered": 88.88888888888889, "percent_covered_display": "89", "missing_lines": 9, "excluded_lines": 0, "percent_statements_covered": 88.88888888888889, "percent_statements_covered_display": "89"}, "missing_lines": [149, 151, 489, 529, 549, 569, 593, 595, 600], "excluded_lines": [], "start_line": 97}, "": {"executed_lines": [8, 9, 10, 11, 12, 13, 15, 16, 18, 21, 61, 75, 76, 79, 82, 91, 92, 97, 104, 112, 113, 114, 162, 167, 168, 169, 181, 185, 190, 195, 199, 203, 207, 211, 215, 219, 225, 255, 259, 265, 272, 278, 286, 294, 305, 311, 319, 328, 336, 346, 352, 357, 361, 367, 372, 377, 382, 387, 392, 393, 394, 412, 413, 414, 432, 433, 434, 452, 453, 454, 472, 473, 474, 492, 493, 494, 512, 513, 514, 532, 533, 534, 552, 553, 554, 572, 573, 611, 612, 624, 625, 631, 634, 640], "summary": {"covered_lines": 94, "num_statements": 111, "percent_covered": 84.68468468468468, "percent_covered_display": "85", "missing_lines": 17, "excluded_lines": 0, "percent_statements_covered": 84.68468468468468, "percent_statements_covered_display": "85"}, "missing_lines": [33, 36, 37, 38, 39, 41, 44, 45, 46, 47, 48, 49, 50, 52, 55, 56, 94], "excluded_lines": [], "start_line": 1}}}, "src/secondbrain/constants.py": {"executed_lines": [8, 11, 14, 17, 18, 19, 20, 23, 24, 25, 26, 27, 30, 31, 32, 35, 36, 39, 40, 41, 44, 45, 46, 49, 50, 51, 52, 53, 58, 59, 60, 61], "summary": {"covered_lines": 32, "num_statements": 32, "percent_covered": 100.0, "percent_covered_display": "100", "missing_lines": 0, "excluded_lines": 0, "percent_statements_covered": 100.0, "percent_statements_covered_display": "100"}, "missing_lines": [], "excluded_lines": [], "functions": {"": {"executed_lines": [8, 11, 14, 17, 18, 19, 20, 23, 24, 25, 26, 27, 30, 31, 32, 35, 36, 39, 40, 41, 44, 45, 46, 49, 50, 51, 52, 53, 58, 59, 60, 61], "summary": {"covered_lines": 32, "num_statements": 32, "percent_covered": 100.0, "percent_covered_display": "100", "missing_lines": 0, "excluded_lines": 0, "percent_statements_covered": 100.0, "percent_statements_covered_display": "100"}, "missing_lines": [], "excluded_lines": [], "start_line": 1}}, "classes": {"": {"executed_lines": [8, 11, 14, 17, 18, 19, 20, 23, 24, 25, 26, 27, 30, 31, 32, 35, 36, 39, 40, 41, 44, 45, 46, 49, 50, 51, 52, 53, 58, 59, 60, 61], "summary": {"covered_lines": 32, "num_statements": 32, "percent_covered": 100.0, "percent_covered_display": "100", "missing_lines": 0, "excluded_lines": 0, "percent_statements_covered": 100.0, "percent_statements_covered_display": "100"}, "missing_lines": [], "excluded_lines": [], "start_line": 1}}}, "src/secondbrain/conversation/__init__.py": {"executed_lines": [9, 10, 11, 13], "summary": {"covered_lines": 4, "num_statements": 4, "percent_covered": 100.0, "percent_covered_display": "100", "missing_lines": 0, "excluded_lines": 0, "percent_statements_covered": 100.0, "percent_statements_covered_display": "100"}, "missing_lines": [], "excluded_lines": [], "functions": {"": {"executed_lines": [9, 10, 11, 13], "summary": {"covered_lines": 4, "num_statements": 4, "percent_covered": 100.0, "percent_covered_display": "100", "missing_lines": 0, "excluded_lines": 0, "percent_statements_covered": 100.0, "percent_statements_covered_display": "100"}, "missing_lines": [], "excluded_lines": [], "start_line": 1}}, "classes": {"": {"executed_lines": [9, 10, 11, 13], "summary": {"covered_lines": 4, "num_statements": 4, "percent_covered": 100.0, "percent_covered_display": "100", "missing_lines": 0, "excluded_lines": 0, "percent_statements_covered": 100.0, "percent_statements_covered_display": "100"}, "missing_lines": [], "excluded_lines": [], "start_line": 1}}}, "src/secondbrain/conversation/rewriter.py": {"executed_lines": [7, 8, 9, 14, 16, 19, 45, 53, 85, 101, 102, 104, 127, 128, 129, 132, 139, 142, 143, 146, 149, 150, 151, 158, 159, 160, 162, 180, 211, 214, 216, 233, 235, 236, 237, 239, 240, 242, 244, 256, 262, 280, 283, 291, 292, 293, 294, 297, 298, 300, 302, 320, 321, 324, 325, 328, 329, 332, 342, 343, 345, 367, 369, 370, 371, 373, 375, 393, 395, 396, 398], "summary": {"covered_lines": 71, "num_statements": 74, "percent_covered": 95.94594594594595, "percent_covered_display": "96", "missing_lines": 3, "excluded_lines": 2, "percent_statements_covered": 95.94594594594595, "percent_statements_covered_display": "96"}, "missing_lines": [153, 156, 178], "excluded_lines": [11, 12], "functions": {"QueryRewriter.__init__": {"executed_lines": [101, 102], "summary": {"covered_lines": 2, "num_statements": 2, "percent_covered": 100.0, "percent_covered_display": "100", "missing_lines": 0, "excluded_lines": 0, "percent_statements_covered": 100.0, "percent_statements_covered_display": "100"}, "missing_lines": [], "excluded_lines": [], "start_line": 85}, "QueryRewriter.rewrite": {"executed_lines": [127, 128, 129, 132, 139, 142, 143, 146, 149, 150, 151, 158, 159, 160], "summary": {"covered_lines": 14, "num_statements": 16, "percent_covered": 87.5, "percent_covered_display": "88", "missing_lines": 2, "excluded_lines": 0, "percent_statements_covered": 87.5, "percent_statements_covered_display": "88"}, "missing_lines": [153, 156], "excluded_lines": [], "start_line": 104}, "QueryRewriter.rewrite_query": {"executed_lines": [], "summary": {"covered_lines": 0, "num_statements": 1, "percent_covered": 0.0, "percent_covered_display": "0", "missing_lines": 1, "excluded_lines": 0, "percent_statements_covered": 0.0, "percent_statements_covered_display": "0"}, "missing_lines": [178], "excluded_lines": [], "start_line": 162}, "QueryRewriter._build_rewrite_prompt": {"executed_lines": [211, 214], "summary": {"covered_lines": 2, "num_statements": 2, "percent_covered": 100.0, "percent_covered_display": "100", "missing_lines": 0, "excluded_lines": 0, "percent_statements_covered": 100.0, "percent_statements_covered_display": "100"}, "missing_lines": [], "excluded_lines": [], "start_line": 180}, "QueryRewriter._format_history": {"executed_lines": [233, 235, 236, 237, 239, 240, 242], "summary": {"covered_lines": 7, "num_statements": 7, "percent_covered": 100.0, "percent_covered_display": "100", "missing_lines": 0, "excluded_lines": 0, "percent_statements_covered": 100.0, "percent_statements_covered_display": "100"}, "missing_lines": [], "excluded_lines": [], "start_line": 216}, "QueryRewriter._call_llm_safely": {"executed_lines": [256], "summary": {"covered_lines": 1, "num_statements": 1, "percent_covered": 100.0, "percent_covered_display": "100", "missing_lines": 0, "excluded_lines": 0, "percent_statements_covered": 100.0, "percent_statements_covered_display": "100"}, "missing_lines": [], "excluded_lines": [], "start_line": 244}, "QueryRewriter._clean_llm_response": {"executed_lines": [280, 283, 291, 292, 293, 294, 297, 298, 300], "summary": {"covered_lines": 9, "num_statements": 9, "percent_covered": 100.0, "percent_covered_display": "100", "missing_lines": 0, "excluded_lines": 0, "percent_statements_covered": 100.0, "percent_statements_covered_display": "100"}, "missing_lines": [], "excluded_lines": [], "start_line": 262}, "QueryRewriter._is_valid_rewrite": {"executed_lines": [320, 321, 324, 325, 328, 329, 332, 342, 343], "summary": {"covered_lines": 9, "num_statements": 9, "percent_covered": 100.0, "percent_covered_display": "100", "missing_lines": 0, "excluded_lines": 0, "percent_statements_covered": 100.0, "percent_statements_covered_display": "100"}, "missing_lines": [], "excluded_lines": [], "start_line": 302}, "QueryRewriter._is_standalone_query": {"executed_lines": [367, 369, 370, 371, 373], "summary": {"covered_lines": 5, "num_statements": 5, "percent_covered": 100.0, "percent_covered_display": "100", "missing_lines": 0, "excluded_lines": 0, "percent_statements_covered": 100.0, "percent_statements_covered_display": "100"}, "missing_lines": [], "excluded_lines": [], "start_line": 345}, "QueryRewriter.should_rewrite": {"executed_lines": [393], "summary": {"covered_lines": 1, "num_statements": 1, "percent_covered": 100.0, "percent_covered_display": "100", "missing_lines": 0, "excluded_lines": 0, "percent_statements_covered": 100.0, "percent_statements_covered_display": "100"}, "missing_lines": [], "excluded_lines": [], "start_line": 375}, "QueryRewriter.context_window": {"executed_lines": [398], "summary": {"covered_lines": 1, "num_statements": 1, "percent_covered": 100.0, "percent_covered_display": "100", "missing_lines": 0, "excluded_lines": 0, "percent_statements_covered": 100.0, "percent_statements_covered_display": "100"}, "missing_lines": [], "excluded_lines": [], "start_line": 396}, "": {"executed_lines": [7, 8, 9, 14, 16, 19, 45, 53, 85, 104, 162, 180, 216, 244, 262, 302, 345, 375, 395, 396], "summary": {"covered_lines": 20, "num_statements": 20, "percent_covered": 100.0, "percent_covered_display": "100", "missing_lines": 0, "excluded_lines": 2, "percent_statements_covered": 100.0, "percent_statements_covered_display": "100"}, "missing_lines": [], "excluded_lines": [11, 12], "start_line": 1}}, "classes": {"QueryRewriter": {"executed_lines": [101, 102, 127, 128, 129, 132, 139, 142, 143, 146, 149, 150, 151, 158, 159, 160, 211, 214, 233, 235, 236, 237, 239, 240, 242, 256, 280, 283, 291, 292, 293, 294, 297, 298, 300, 320, 321, 324, 325, 328, 329, 332, 342, 343, 367, 369, 370, 371, 373, 393, 398], "summary": {"covered_lines": 51, "num_statements": 54, "percent_covered": 94.44444444444444, "percent_covered_display": "94", "missing_lines": 3, "excluded_lines": 0, "percent_statements_covered": 94.44444444444444, "percent_statements_covered_display": "94"}, "missing_lines": [153, 156, 178], "excluded_lines": [], "start_line": 19}, "": {"executed_lines": [7, 8, 9, 14, 16, 19, 45, 53, 85, 104, 162, 180, 216, 244, 262, 302, 345, 375, 395, 396], "summary": {"covered_lines": 20, "num_statements": 20, "percent_covered": 100.0, "percent_covered_display": "100", "missing_lines": 0, "excluded_lines": 2, "percent_statements_covered": 100.0, "percent_statements_covered_display": "100"}, "missing_lines": [], "excluded_lines": [11, 12], "start_line": 1}}}, "src/secondbrain/conversation/session.py": {"executed_lines": [3, 5, 6, 8, 11, 34, 53, 54, 55, 56, 58, 59, 91, 92, 94, 95, 97, 98, 100, 101, 125, 129, 130, 132, 133, 134, 136, 152, 155, 158, 159, 161, 183, 184, 186, 187, 189, 191, 208, 210, 225, 226, 229, 230, 232, 247, 249, 250, 252, 253, 264, 266, 267, 281, 283, 284, 298], "summary": {"covered_lines": 57, "num_statements": 57, "percent_covered": 100.0, "percent_covered_display": "100", "missing_lines": 0, "excluded_lines": 0, "percent_statements_covered": 100.0, "percent_statements_covered_display": "100"}, "missing_lines": [], "excluded_lines": [], "functions": {"ConversationSession.__init__": {"executed_lines": [53, 54, 55, 56], "summary": {"covered_lines": 4, "num_statements": 4, "percent_covered": 100.0, "percent_covered_display": "100", "missing_lines": 0, "excluded_lines": 0, "percent_statements_covered": 100.0, "percent_statements_covered_display": "100"}, "missing_lines": [], "excluded_lines": [], "start_line": 34}, "ConversationSession.create": {"executed_lines": [91, 92, 94, 95, 97, 98], "summary": {"covered_lines": 6, "num_statements": 6, "percent_covered": 100.0, "percent_covered_display": "100", "missing_lines": 0, "excluded_lines": 0, "percent_statements_covered": 100.0, "percent_statements_covered_display": "100"}, "missing_lines": [], "excluded_lines": [], "start_line": 59}, "ConversationSession.load": {"executed_lines": [125, 129, 130, 132, 133, 134], "summary": {"covered_lines": 6, "num_statements": 6, "percent_covered": 100.0, "percent_covered_display": "100", "missing_lines": 0, "excluded_lines": 0, "percent_statements_covered": 100.0, "percent_statements_covered_display": "100"}, "missing_lines": [], "excluded_lines": [], "start_line": 101}, "ConversationSession.add_message": {"executed_lines": [152, 155, 158, 159], "summary": {"covered_lines": 4, "num_statements": 4, "percent_covered": 100.0, "percent_covered_display": "100", "missing_lines": 0, "excluded_lines": 0, "percent_statements_covered": 100.0, "percent_statements_covered_display": "100"}, "missing_lines": [], "excluded_lines": [], "start_line": 136}, "ConversationSession.get_history": {"executed_lines": [183, 184, 186, 187, 189], "summary": {"covered_lines": 5, "num_statements": 5, "percent_covered": 100.0, "percent_covered_display": "100", "missing_lines": 0, "excluded_lines": 0, "percent_statements_covered": 100.0, "percent_statements_covered_display": "100"}, "missing_lines": [], "excluded_lines": [], "start_line": 161}, "ConversationSession.get_context_messages": {"executed_lines": [208], "summary": {"covered_lines": 1, "num_statements": 1, "percent_covered": 100.0, "percent_covered_display": "100", "missing_lines": 0, "excluded_lines": 0, "percent_statements_covered": 100.0, "percent_statements_covered_display": "100"}, "missing_lines": [], "excluded_lines": [], "start_line": 191}, "ConversationSession.trim_context": {"executed_lines": [225, 226, 229, 230], "summary": {"covered_lines": 4, "num_statements": 4, "percent_covered": 100.0, "percent_covered_display": "100", "missing_lines": 0, "excluded_lines": 0, "percent_statements_covered": 100.0, "percent_statements_covered_display": "100"}, "missing_lines": [], "excluded_lines": [], "start_line": 210}, "ConversationSession.clear_history": {"executed_lines": [247, 249, 250], "summary": {"covered_lines": 3, "num_statements": 3, "percent_covered": 100.0, "percent_covered_display": "100", "missing_lines": 0, "excluded_lines": 0, "percent_statements_covered": 100.0, "percent_statements_covered_display": "100"}, "missing_lines": [], "excluded_lines": [], "start_line": 232}, "ConversationSession.session_id": {"executed_lines": [264], "summary": {"covered_lines": 1, "num_statements": 1, "percent_covered": 100.0, "percent_covered_display": "100", "missing_lines": 0, "excluded_lines": 0, "percent_statements_covered": 100.0, "percent_statements_covered_display": "100"}, "missing_lines": [], "excluded_lines": [], "start_line": 253}, "ConversationSession.message_count": {"executed_lines": [281], "summary": {"covered_lines": 1, "num_statements": 1, "percent_covered": 100.0, "percent_covered_display": "100", "missing_lines": 0, "excluded_lines": 0, "percent_statements_covered": 100.0, "percent_statements_covered_display": "100"}, "missing_lines": [], "excluded_lines": [], "start_line": 267}, "ConversationSession.is_empty": {"executed_lines": [298], "summary": {"covered_lines": 1, "num_statements": 1, "percent_covered": 100.0, "percent_covered_display": "100", "missing_lines": 0, "excluded_lines": 0, "percent_statements_covered": 100.0, "percent_statements_covered_display": "100"}, "missing_lines": [], "excluded_lines": [], "start_line": 284}, "": {"executed_lines": [3, 5, 6, 8, 11, 34, 58, 59, 100, 101, 136, 161, 191, 210, 232, 252, 253, 266, 267, 283, 284], "summary": {"covered_lines": 21, "num_statements": 21, "percent_covered": 100.0, "percent_covered_display": "100", "missing_lines": 0, "excluded_lines": 0, "percent_statements_covered": 100.0, "percent_statements_covered_display": "100"}, "missing_lines": [], "excluded_lines": [], "start_line": 1}}, "classes": {"ConversationSession": {"executed_lines": [53, 54, 55, 56, 91, 92, 94, 95, 97, 98, 125, 129, 130, 132, 133, 134, 152, 155, 158, 159, 183, 184, 186, 187, 189, 208, 225, 226, 229, 230, 247, 249, 250, 264, 281, 298], "summary": {"covered_lines": 36, "num_statements": 36, "percent_covered": 100.0, "percent_covered_display": "100", "missing_lines": 0, "excluded_lines": 0, "percent_statements_covered": 100.0, "percent_statements_covered_display": "100"}, "missing_lines": [], "excluded_lines": [], "start_line": 11}, "": {"executed_lines": [3, 5, 6, 8, 11, 34, 58, 59, 100, 101, 136, 161, 191, 210, 232, 252, 253, 266, 267, 283, 284], "summary": {"covered_lines": 21, "num_statements": 21, "percent_covered": 100.0, "percent_covered_display": "100", "missing_lines": 0, "excluded_lines": 0, "percent_statements_covered": 100.0, "percent_statements_covered_display": "100"}, "missing_lines": [], "excluded_lines": [], "start_line": 1}}}, "src/secondbrain/conversation/storage.py": {"executed_lines": [3, 4, 5, 7, 8, 9, 10, 15, 16, 17, 19, 21, 24, 57, 79, 80, 81, 82, 83, 84, 85, 86, 87, 89, 103, 104, 110, 111, 129, 130, 138, 140, 141, 153, 154, 155, 157, 158, 170, 171, 172, 174, 188, 189, 190, 194, 217, 219, 220, 227, 228, 230, 252, 254, 260, 268, 292, 294, 304, 337, 339, 343, 344, 346, 348, 349, 350, 352, 354, 380, 382, 383, 385, 416, 418, 428, 429, 430, 431, 439, 441, 452, 453, 454, 455, 456, 457, 458, 460, 472, 474, 494], "summary": {"covered_lines": 92, "num_statements": 94, "percent_covered": 97.87234042553192, "percent_covered_display": "98", "missing_lines": 2, "excluded_lines": 0, "percent_statements_covered": 97.87234042553192, "percent_statements_covered_display": "98"}, "missing_lines": [191, 192], "excluded_lines": [], "functions": {"ConversationStorage.__init__": {"executed_lines": [79, 80, 81, 82, 83, 84, 85, 86, 87], "summary": {"covered_lines": 9, "num_statements": 9, "percent_covered": 100.0, "percent_covered_display": "100", "missing_lines": 0, "excluded_lines": 0, "percent_statements_covered": 100.0, "percent_statements_covered_display": "100"}, "missing_lines": [], "excluded_lines": [], "start_line": 57}, "ConversationStorage._require_connection": {"executed_lines": [103, 104], "summary": {"covered_lines": 2, "num_statements": 2, "percent_covered": 100.0, "percent_covered_display": "100", "missing_lines": 0, "excluded_lines": 0, "percent_statements_covered": 100.0, "percent_statements_covered_display": "100"}, "missing_lines": [], "excluded_lines": [], "start_line": 89}, "ConversationStorage.client": {"executed_lines": [129, 130, 138], "summary": {"covered_lines": 3, "num_statements": 3, "percent_covered": 100.0, "percent_covered_display": "100", "missing_lines": 0, "excluded_lines": 0, "percent_statements_covered": 100.0, "percent_statements_covered_display": "100"}, "missing_lines": [], "excluded_lines": [], "start_line": 111}, "ConversationStorage.db": {"executed_lines": [153, 154, 155], "summary": {"covered_lines": 3, "num_statements": 3, "percent_covered": 100.0, "percent_covered_display": "100", "missing_lines": 0, "excluded_lines": 0, "percent_statements_covered": 100.0, "percent_statements_covered_display": "100"}, "missing_lines": [], "excluded_lines": [], "start_line": 141}, "ConversationStorage.collection": {"executed_lines": [170, 171, 172], "summary": {"covered_lines": 3, "num_statements": 3, "percent_covered": 100.0, "percent_covered_display": "100", "missing_lines": 0, "excluded_lines": 0, "percent_statements_covered": 100.0, "percent_statements_covered_display": "100"}, "missing_lines": [], "excluded_lines": [], "start_line": 158}, "ConversationStorage._do_validate": {"executed_lines": [188, 189, 190], "summary": {"covered_lines": 3, "num_statements": 5, "percent_covered": 60.0, "percent_covered_display": "60", "missing_lines": 2, "excluded_lines": 0, "percent_statements_covered": 60.0, "percent_statements_covered_display": "60"}, "missing_lines": [191, 192], "excluded_lines": [], "start_line": 174}, "ConversationStorage.create_session": {"executed_lines": [217, 219, 220, 227, 228], "summary": {"covered_lines": 5, "num_statements": 5, "percent_covered": 100.0, "percent_covered_display": "100", "missing_lines": 0, "excluded_lines": 0, "percent_statements_covered": 100.0, "percent_statements_covered_display": "100"}, "missing_lines": [], "excluded_lines": [], "start_line": 194}, "ConversationStorage.save_message": {"executed_lines": [252, 254, 260], "summary": {"covered_lines": 3, "num_statements": 3, "percent_covered": 100.0, "percent_covered_display": "100", "missing_lines": 0, "excluded_lines": 0, "percent_statements_covered": 100.0, "percent_statements_covered_display": "100"}, "missing_lines": [], "excluded_lines": [], "start_line": 230}, "ConversationStorage.update_messages": {"executed_lines": [292, 294], "summary": {"covered_lines": 2, "num_statements": 2, "percent_covered": 100.0, "percent_covered_display": "100", "missing_lines": 0, "excluded_lines": 0, "percent_statements_covered": 100.0, "percent_statements_covered_display": "100"}, "missing_lines": [], "excluded_lines": [], "start_line": 268}, "ConversationStorage.get_history": {"executed_lines": [337, 339, 343, 344, 346, 348, 349, 350, 352], "summary": {"covered_lines": 9, "num_statements": 9, "percent_covered": 100.0, "percent_covered_display": "100", "missing_lines": 0, "excluded_lines": 0, "percent_statements_covered": 100.0, "percent_statements_covered_display": "100"}, "missing_lines": [], "excluded_lines": [], "start_line": 304}, "ConversationStorage.delete_session": {"executed_lines": [380, 382, 383], "summary": {"covered_lines": 3, "num_statements": 3, "percent_covered": 100.0, "percent_covered_display": "100", "missing_lines": 0, "excluded_lines": 0, "percent_statements_covered": 100.0, "percent_statements_covered_display": "100"}, "missing_lines": [], "excluded_lines": [], "start_line": 354}, "ConversationStorage.list_sessions": {"executed_lines": [416, 418, 428, 429, 430, 431, 439], "summary": {"covered_lines": 7, "num_statements": 7, "percent_covered": 100.0, "percent_covered_display": "100", "missing_lines": 0, "excluded_lines": 0, "percent_statements_covered": 100.0, "percent_statements_covered_display": "100"}, "missing_lines": [], "excluded_lines": [], "start_line": 385}, "ConversationStorage.close": {"executed_lines": [452, 453, 454, 455, 456, 457, 458], "summary": {"covered_lines": 7, "num_statements": 7, "percent_covered": 100.0, "percent_covered_display": "100", "missing_lines": 0, "excluded_lines": 0, "percent_statements_covered": 100.0, "percent_statements_covered_display": "100"}, "missing_lines": [], "excluded_lines": [], "start_line": 441}, "ConversationStorage.__enter__": {"executed_lines": [472], "summary": {"covered_lines": 1, "num_statements": 1, "percent_covered": 100.0, "percent_covered_display": "100", "missing_lines": 0, "excluded_lines": 0, "percent_statements_covered": 100.0, "percent_statements_covered_display": "100"}, "missing_lines": [], "excluded_lines": [], "start_line": 460}, "ConversationStorage.__exit__": {"executed_lines": [494], "summary": {"covered_lines": 1, "num_statements": 1, "percent_covered": 100.0, "percent_covered_display": "100", "missing_lines": 0, "excluded_lines": 0, "percent_statements_covered": 100.0, "percent_statements_covered_display": "100"}, "missing_lines": [], "excluded_lines": [], "start_line": 474}, "": {"executed_lines": [3, 4, 5, 7, 8, 9, 10, 15, 16, 17, 19, 21, 24, 57, 89, 110, 111, 140, 141, 157, 158, 174, 194, 230, 268, 304, 354, 385, 441, 460, 474], "summary": {"covered_lines": 31, "num_statements": 31, "percent_covered": 100.0, "percent_covered_display": "100", "missing_lines": 0, "excluded_lines": 0, "percent_statements_covered": 100.0, "percent_statements_covered_display": "100"}, "missing_lines": [], "excluded_lines": [], "start_line": 1}}, "classes": {"ConversationStorage": {"executed_lines": [79, 80, 81, 82, 83, 84, 85, 86, 87, 103, 104, 129, 130, 138, 153, 154, 155, 170, 171, 172, 188, 189, 190, 217, 219, 220, 227, 228, 252, 254, 260, 292, 294, 337, 339, 343, 344, 346, 348, 349, 350, 352, 380, 382, 383, 416, 418, 428, 429, 430, 431, 439, 452, 453, 454, 455, 456, 457, 458, 472, 494], "summary": {"covered_lines": 61, "num_statements": 63, "percent_covered": 96.82539682539682, "percent_covered_display": "97", "missing_lines": 2, "excluded_lines": 0, "percent_statements_covered": 96.82539682539682, "percent_statements_covered_display": "97"}, "missing_lines": [191, 192], "excluded_lines": [], "start_line": 24}, "": {"executed_lines": [3, 4, 5, 7, 8, 9, 10, 15, 16, 17, 19, 21, 24, 57, 89, 110, 111, 140, 141, 157, 158, 174, 194, 230, 268, 304, 354, 385, 441, 460, 474], "summary": {"covered_lines": 31, "num_statements": 31, "percent_covered": 100.0, "percent_covered_display": "100", "missing_lines": 0, "excluded_lines": 0, "percent_statements_covered": 100.0, "percent_statements_covered_display": "100"}, "missing_lines": [], "excluded_lines": [], "start_line": 1}}}, "src/secondbrain/document/__init__.py": {"executed_lines": [10, 12, 13, 14, 15, 16, 17, 18, 19, 20, 21, 23, 24, 26, 27, 28, 29, 30, 31, 34, 43, 46, 47, 49, 63, 66, 67, 68, 71, 74, 76, 79, 84, 87, 88, 91, 92, 94, 99, 100, 102, 104, 105, 107, 108, 109, 110, 113, 132, 133, 137, 138, 139, 141, 143, 144, 147, 149, 150, 151, 152, 154, 155, 156, 157, 158, 160, 163, 164, 165, 166, 168, 174, 175, 183, 208, 209, 210, 211, 212, 214, 216, 217, 220, 221, 222, 223, 224, 225, 226, 227, 228, 229, 230, 232, 238, 241, 242, 243, 245, 248, 249, 250, 251, 252, 254, 255, 256, 257, 258, 267, 268, 269, 271, 274, 275, 277, 278, 279, 281, 282, 291, 294, 295, 296, 298, 316, 339, 340, 342, 343, 344, 346, 348, 349, 352, 354, 355, 356, 359, 360, 361, 362, 363, 365, 368, 374, 375, 376, 380, 400, 473, 476, 477, 478, 480, 481, 482, 484, 485, 487, 490, 498, 499, 501, 503, 504, 512, 513, 516, 518, 519, 520, 522, 525, 526, 527, 528, 529, 530, 531, 533, 534, 535, 536, 537, 539, 540, 541, 543, 544, 546, 549, 563, 564, 567, 595, 605, 608, 618, 619, 645, 648, 655, 670, 672, 673, 674, 675, 676, 677, 679, 680, 681, 682, 683, 686, 689, 691, 693, 704, 707, 708, 713, 714, 715, 717, 727, 728, 729, 735, 750, 752, 753, 754, 755, 756, 757, 758, 759, 760, 761, 762, 763, 764, 766, 768, 806, 808, 810, 811, 812, 813, 814, 815, 816, 822, 840, 855, 856, 858, 859, 860, 861, 863, 864, 866, 867, 868, 878, 880, 895, 897, 898, 899, 902, 903, 904, 906, 908, 909, 911, 912, 913, 914, 916, 917, 920, 921, 924, 925, 926, 927, 929, 930, 936, 937, 939, 940, 941, 942, 944, 946, 947, 948, 949, 954, 956, 958, 973, 974, 976, 977, 979, 980, 982, 987, 989, 991, 992, 993, 995, 1004, 1006, 1008, 1026, 1029, 1034, 1036, 1082, 1084, 1085, 1088, 1089, 1090, 1092, 1093, 1094, 1097, 1098, 1100, 1101, 1102, 1104, 1115, 1122, 1123, 1127, 1129, 1151, 1152, 1153, 1156, 1157, 1158, 1159, 1160, 1161, 1162, 1165, 1166, 1167, 1168, 1169, 1170, 1171, 1198, 1199, 1201, 1202, 1203, 1206, 1207, 1209, 1211, 1212, 1213, 1215, 1224, 1226, 1227, 1229, 1231, 1245, 1246, 1247, 1249, 1250, 1252, 1254, 1279, 1280, 1284, 1286, 1288, 1289, 1292, 1294, 1295, 1296, 1298, 1306, 1309, 1322, 1324, 1325, 1327, 1329, 1336, 1337, 1338, 1339, 1340, 1342, 1343, 1344, 1349, 1350, 1351, 1352, 1353, 1354, 1356, 1357, 1358, 1362, 1363, 1364, 1365, 1366, 1367, 1369, 1370, 1374, 1375, 1376, 1377, 1378, 1380, 1381, 1382, 1388, 1389, 1390, 1392, 1394, 1395, 1397, 1402, 1404, 1528, 1595, 1615, 1620, 1621, 1624, 1625, 1628, 1629, 1631, 1632, 1634, 1637, 1641, 1643, 1645, 1646, 1647, 1648, 1650, 1652, 1653, 1654, 1655, 1657, 1658, 1659, 1660, 1661, 1663, 1665, 1666, 1667, 1668, 1670, 1672, 1674, 1675, 1678, 1682, 1692, 1694, 1695, 1696, 1698, 1699, 1701, 1702, 1703, 1704, 1705, 1706, 1707, 1708, 1709, 1710, 1712, 1713, 1714, 1715, 1717, 1720, 1735, 1748, 1754, 1756, 1758, 1766, 1768, 1787, 1788, 1789, 1792, 1793, 1795, 1797, 1801, 1802, 1805, 1807, 1809, 1810, 1813, 1816, 1819, 1820, 1822, 1825, 1826, 1829, 1830, 1834, 1845, 1847, 1850, 1851, 1852, 1854, 1855, 1856, 1859, 1860, 1862, 1864, 1866, 1877, 1884, 1885, 1889, 1891, 1903, 1904, 1905, 1908, 1909, 1910, 1913, 1914, 1917, 1918, 1920, 1921, 1929, 1930, 1931, 1932, 1933, 1934, 1939, 1940, 1941, 1942, 1943, 1946, 1947, 1954, 1955, 1960, 1963, 1964, 1966, 1967, 1968, 1969, 1971, 1972, 1974, 1976, 1977, 1978, 1980, 1989, 1991, 1992, 1994, 1996, 2009, 2084, 2103, 2104, 2106, 2113, 2115, 2116, 2119, 2142], "summary": {"covered_lines": 616, "num_statements": 836, "percent_covered": 73.6842105263158, "percent_covered_display": "74", "missing_lines": 220, "excluded_lines": 3, "percent_statements_covered": 73.6842105263158, "percent_statements_covered_display": "74"}, "missing_lines": [95, 96, 233, 234, 235, 253, 304, 305, 306, 307, 308, 357, 369, 370, 371, 386, 388, 389, 390, 392, 507, 508, 509, 523, 825, 826, 827, 831, 834, 988, 1095, 1116, 1119, 1172, 1173, 1179, 1180, 1181, 1182, 1183, 1184, 1185, 1186, 1187, 1188, 1189, 1190, 1195, 1204, 1208, 1307, 1308, 1330, 1331, 1332, 1333, 1359, 1391, 1398, 1400, 1423, 1428, 1430, 1431, 1433, 1440, 1441, 1442, 1443, 1453, 1454, 1455, 1456, 1458, 1459, 1460, 1463, 1464, 1465, 1466, 1468, 1469, 1470, 1471, 1475, 1476, 1477, 1478, 1480, 1482, 1483, 1484, 1487, 1488, 1489, 1490, 1492, 1493, 1494, 1496, 1497, 1500, 1501, 1504, 1505, 1506, 1507, 1508, 1510, 1511, 1512, 1514, 1515, 1516, 1522, 1523, 1524, 1526, 1547, 1552, 1553, 1555, 1559, 1560, 1561, 1564, 1566, 1567, 1568, 1569, 1570, 1571, 1572, 1573, 1574, 1576, 1577, 1578, 1579, 1581, 1582, 1583, 1589, 1590, 1591, 1593, 1673, 1827, 1828, 1831, 1832, 1857, 1863, 1878, 1881, 1911, 1912, 1925, 1944, 1945, 1949, 1952, 1953, 1973, 2003, 2004, 2007, 2015, 2017, 2018, 2020, 2021, 2022, 2024, 2025, 2026, 2028, 2029, 2030, 2031, 2033, 2034, 2036, 2037, 2038, 2042, 2046, 2047, 2048, 2049, 2051, 2052, 2057, 2058, 2059, 2060, 2061, 2062, 2064, 2065, 2069, 2072, 2073, 2074, 2075, 2080, 2082, 2107, 2111, 2121, 2124, 2125, 2126, 2127, 2129, 2130, 2131, 2132, 2133, 2139], "excluded_lines": [38, 39, 41], "functions": {"_init_worker": {"executed_lines": [74, 76], "summary": {"covered_lines": 2, "num_statements": 2, "percent_covered": 100.0, "percent_covered_display": "100", "missing_lines": 0, "excluded_lines": 0, "percent_statements_covered": 100.0, "percent_statements_covered_display": "100"}, "missing_lines": [], "excluded_lines": [], "start_line": 71}, "_init_worker_with_queue": {"executed_lines": [84, 87, 88, 91, 92, 94, 99, 100, 102, 104, 105, 107, 108, 109, 110], "summary": {"covered_lines": 15, "num_statements": 17, "percent_covered": 88.23529411764706, "percent_covered_display": "88", "missing_lines": 2, "excluded_lines": 0, "percent_statements_covered": 88.23529411764706, "percent_statements_covered_display": "88"}, "missing_lines": [95, 96], "excluded_lines": [], "start_line": 79}, "_extract_and_chunk_file": {"executed_lines": [132, 133, 137, 138, 139, 141, 143, 144, 147, 149, 150, 151, 152, 154, 155, 156, 157, 158, 160, 163, 164, 165, 166, 168, 174, 175], "summary": {"covered_lines": 26, "num_statements": 26, "percent_covered": 100.0, "percent_covered_display": "100", "missing_lines": 0, "excluded_lines": 0, "percent_statements_covered": 100.0, "percent_statements_covered_display": "100"}, "missing_lines": [], "excluded_lines": [], "start_line": 113}, "_extract_chunk_and_embed_file": {"executed_lines": [208, 209, 210, 211, 212, 214, 216, 217, 220, 221, 222, 223, 224, 225, 226, 227, 228, 229, 230, 232, 238, 241, 242, 243, 245, 248, 249, 250, 251, 252, 254, 255, 256, 257, 258, 267, 268, 269, 271, 274, 275, 277, 278, 279, 281, 282, 291, 294, 295, 296, 298], "summary": {"covered_lines": 51, "num_statements": 60, "percent_covered": 85.0, "percent_covered_display": "85", "missing_lines": 9, "excluded_lines": 0, "percent_statements_covered": 85.0, "percent_statements_covered_display": "85"}, "missing_lines": [233, 234, 235, 253, 304, 305, 306, 307, 308], "excluded_lines": [], "start_line": 183}, "_extract_and_chunk_file_with_progress": {"executed_lines": [339, 340, 342, 343, 344, 346, 348, 349, 352, 354, 355, 356, 359, 360, 361, 362, 363, 365, 368, 374, 375, 376, 380], "summary": {"covered_lines": 23, "num_statements": 32, "percent_covered": 71.875, "percent_covered_display": "72", "missing_lines": 9, "excluded_lines": 0, "percent_statements_covered": 71.875, "percent_statements_covered_display": "72"}, "missing_lines": [357, 369, 370, 371, 386, 388, 389, 390, 392], "excluded_lines": [], "start_line": 316}, "_chunk_segments": {"executed_lines": [473, 476, 477, 478, 480, 481, 482, 484, 485, 487, 490, 498, 499, 501, 503, 504, 512, 513, 516, 518, 519, 520, 522, 525, 526, 527, 528, 529, 530, 531, 533, 534, 535, 536, 537, 539, 540, 541, 543, 544, 546], "summary": {"covered_lines": 41, "num_statements": 45, "percent_covered": 91.11111111111111, "percent_covered_display": "91", "missing_lines": 4, "excluded_lines": 0, "percent_statements_covered": 91.11111111111111, "percent_statements_covered_display": "91"}, "missing_lines": [507, 508, 509, 523], "excluded_lines": [], "start_line": 400}, "is_supported": {"executed_lines": [605], "summary": {"covered_lines": 1, "num_statements": 1, "percent_covered": 100.0, "percent_covered_display": "100", "missing_lines": 0, "excluded_lines": 0, "percent_statements_covered": 100.0, "percent_statements_covered_display": "100"}, "missing_lines": [], "excluded_lines": [], "start_line": 595}, "get_file_type": {"executed_lines": [618, 619, 645], "summary": {"covered_lines": 3, "num_statements": 3, "percent_covered": 100.0, "percent_covered_display": "100", "missing_lines": 0, "excluded_lines": 0, "percent_statements_covered": 100.0, "percent_statements_covered_display": "100"}, "missing_lines": [], "excluded_lines": [], "start_line": 608}, "DocumentIngestor.__init__": {"executed_lines": [670, 672, 673, 674, 675, 676, 677, 679, 680, 681, 682, 683, 686, 689, 691], "summary": {"covered_lines": 15, "num_statements": 15, "percent_covered": 100.0, "percent_covered_display": "100", "missing_lines": 0, "excluded_lines": 0, "percent_statements_covered": 100.0, "percent_statements_covered_display": "100"}, "missing_lines": [], "excluded_lines": [], "start_line": 655}, "DocumentIngestor._validate_file_path": {"executed_lines": [704, 707, 708, 713, 714, 715], "summary": {"covered_lines": 6, "num_statements": 6, "percent_covered": 100.0, "percent_covered_display": "100", "missing_lines": 0, "excluded_lines": 0, "percent_statements_covered": 100.0, "percent_statements_covered_display": "100"}, "missing_lines": [], "excluded_lines": [], "start_line": 693}, "DocumentIngestor._validate_file_size": {"executed_lines": [727, 728, 729], "summary": {"covered_lines": 3, "num_statements": 3, "percent_covered": 100.0, "percent_covered_display": "100", "missing_lines": 0, "excluded_lines": 0, "percent_statements_covered": 100.0, "percent_statements_covered_display": "100"}, "missing_lines": [], "excluded_lines": [], "start_line": 717}, "DocumentIngestor._collect_and_validate_files": {"executed_lines": [750, 752, 753, 754, 755, 756, 757, 758, 759, 760, 761, 762, 763, 764, 766], "summary": {"covered_lines": 15, "num_statements": 15, "percent_covered": 100.0, "percent_covered_display": "100", "missing_lines": 0, "excluded_lines": 0, "percent_statements_covered": 100.0, "percent_statements_covered_display": "100"}, "missing_lines": [], "excluded_lines": [], "start_line": 735}, "DocumentIngestor._process_file_for_storage": {"executed_lines": [806, 808, 810, 811, 812, 813, 814, 815, 816, 822], "summary": {"covered_lines": 10, "num_statements": 15, "percent_covered": 66.66666666666667, "percent_covered_display": "67", "missing_lines": 5, "excluded_lines": 0, "percent_statements_covered": 66.66666666666667, "percent_statements_covered_display": "67"}, "missing_lines": [825, 826, 827, 831, 834], "excluded_lines": [], "start_line": 768}, "DocumentIngestor._deduplicate_and_chunk_segments": {"executed_lines": [855, 856, 858, 859, 860, 861, 863, 864, 866, 867, 868, 878], "summary": {"covered_lines": 12, "num_statements": 12, "percent_covered": 100.0, "percent_covered_display": "100", "missing_lines": 0, "excluded_lines": 0, "percent_statements_covered": 100.0, "percent_statements_covered_display": "100"}, "missing_lines": [], "excluded_lines": [], "start_line": 840}, "DocumentIngestor._generate_embeddings_with_cache": {"executed_lines": [895, 897, 898, 899, 902, 903, 904, 906, 908, 909, 911, 912, 913, 914, 916, 917, 920, 921, 924, 925, 926, 927, 929, 930, 936, 937, 939, 940, 941, 942, 944, 946, 947, 948, 949, 954, 956], "summary": {"covered_lines": 37, "num_statements": 37, "percent_covered": 100.0, "percent_covered_display": "100", "missing_lines": 0, "excluded_lines": 0, "percent_statements_covered": 100.0, "percent_statements_covered_display": "100"}, "missing_lines": [], "excluded_lines": [], "start_line": 880}, "DocumentIngestor._build_documents_from_chunks": {"executed_lines": [973, 974, 976, 977, 979, 980, 982, 987, 989, 991, 992, 993, 995, 1004, 1006], "summary": {"covered_lines": 15, "num_statements": 16, "percent_covered": 93.75, "percent_covered_display": "94", "missing_lines": 1, "excluded_lines": 0, "percent_statements_covered": 93.75, "percent_statements_covered_display": "94"}, "missing_lines": [988], "excluded_lines": [], "start_line": 958}, "DocumentIngestor._build_documents_with_embeddings": {"executed_lines": [1026, 1029, 1034], "summary": {"covered_lines": 3, "num_statements": 3, "percent_covered": 100.0, "percent_covered_display": "100", "missing_lines": 0, "excluded_lines": 0, "percent_statements_covered": 100.0, "percent_statements_covered_display": "100"}, "missing_lines": [], "excluded_lines": [], "start_line": 1008}, "DocumentIngestor._stream_process_chunks": {"executed_lines": [1082, 1084, 1085, 1088, 1089, 1090, 1092, 1093, 1094, 1097, 1098, 1100, 1101, 1102, 1104, 1115, 1122, 1123, 1127], "summary": {"covered_lines": 19, "num_statements": 22, "percent_covered": 86.36363636363636, "percent_covered_display": "86", "missing_lines": 3, "excluded_lines": 0, "percent_statements_covered": 86.36363636363636, "percent_statements_covered_display": "86"}, "missing_lines": [1095, 1116, 1119], "excluded_lines": [], "start_line": 1036}, "DocumentIngestor._store_embedding_batch": {"executed_lines": [1151, 1152, 1153, 1156, 1157, 1158, 1159, 1160, 1161, 1162, 1165, 1166, 1167, 1168, 1169, 1170, 1171, 1198, 1199, 1201, 1202, 1203, 1206, 1207, 1209, 1211, 1212, 1213, 1215, 1224, 1226, 1227, 1229], "summary": {"covered_lines": 33, "num_statements": 50, "percent_covered": 66.0, "percent_covered_display": "66", "missing_lines": 17, "excluded_lines": 0, "percent_statements_covered": 66.0, "percent_statements_covered_display": "66"}, "missing_lines": [1172, 1173, 1179, 1180, 1181, 1182, 1183, 1184, 1185, 1186, 1187, 1188, 1189, 1190, 1195, 1204, 1208], "excluded_lines": [], "start_line": 1129}, "DocumentIngestor._resolve_core_count": {"executed_lines": [1245, 1246, 1247, 1249, 1250, 1252], "summary": {"covered_lines": 6, "num_statements": 6, "percent_covered": 100.0, "percent_covered_display": "100", "missing_lines": 0, "excluded_lines": 0, "percent_statements_covered": 100.0, "percent_statements_covered_display": "100"}, "missing_lines": [], "excluded_lines": [], "start_line": 1231}, "DocumentIngestor._process_parallel_with_progress": {"executed_lines": [1279, 1280, 1284, 1286, 1288, 1289, 1292, 1294, 1295, 1296, 1298, 1306, 1309, 1322, 1324, 1325, 1327, 1329, 1336, 1337, 1338, 1339, 1340, 1342, 1343, 1344, 1349, 1350, 1351, 1352, 1353, 1354, 1356, 1357, 1358, 1362, 1363, 1364, 1365, 1366, 1367, 1369, 1370, 1374, 1375, 1376, 1377, 1378, 1380, 1381, 1382, 1388, 1389, 1390, 1392, 1394, 1395, 1397, 1402], "summary": {"covered_lines": 59, "num_statements": 69, "percent_covered": 85.5072463768116, "percent_covered_display": "86", "missing_lines": 10, "excluded_lines": 0, "percent_statements_covered": 85.5072463768116, "percent_statements_covered_display": "86"}, "missing_lines": [1307, 1308, 1330, 1331, 1332, 1333, 1359, 1391, 1398, 1400], "excluded_lines": [], "start_line": 1254}, "DocumentIngestor._process_multiprocessing_batch": {"executed_lines": [], "summary": {"covered_lines": 0, "num_statements": 58, "percent_covered": 0.0, "percent_covered_display": "0", "missing_lines": 58, "excluded_lines": 0, "percent_statements_covered": 0.0, "percent_statements_covered_display": "0"}, "missing_lines": [1423, 1428, 1430, 1431, 1433, 1440, 1441, 1442, 1443, 1453, 1454, 1455, 1456, 1458, 1459, 1460, 1463, 1464, 1465, 1466, 1468, 1469, 1470, 1471, 1475, 1476, 1477, 1478, 1480, 1482, 1483, 1484, 1487, 1488, 1489, 1490, 1492, 1493, 1494, 1496, 1497, 1500, 1501, 1504, 1505, 1506, 1507, 1508, 1510, 1511, 1512, 1514, 1515, 1516, 1522, 1523, 1524, 1526], "excluded_lines": [], "start_line": 1404}, "DocumentIngestor._process_threadpool_batch": {"executed_lines": [], "summary": {"covered_lines": 0, "num_statements": 28, "percent_covered": 0.0, "percent_covered_display": "0", "missing_lines": 28, "excluded_lines": 0, "percent_statements_covered": 0.0, "percent_statements_covered_display": "0"}, "missing_lines": [1547, 1552, 1553, 1555, 1559, 1560, 1561, 1564, 1566, 1567, 1568, 1569, 1570, 1571, 1572, 1573, 1574, 1576, 1577, 1578, 1579, 1581, 1582, 1583, 1589, 1590, 1591, 1593], "excluded_lines": [], "start_line": 1528}, "DocumentIngestor.ingest": {"executed_lines": [1615, 1620, 1621, 1624, 1625, 1628, 1629, 1631, 1632, 1634, 1637, 1641], "summary": {"covered_lines": 12, "num_statements": 12, "percent_covered": 100.0, "percent_covered_display": "100", "missing_lines": 0, "excluded_lines": 0, "percent_statements_covered": 100.0, "percent_statements_covered_display": "100"}, "missing_lines": [], "excluded_lines": [], "start_line": 1595}, "DocumentIngestor._extract_text": {"executed_lines": [1645, 1646, 1647, 1648, 1650, 1652, 1653, 1654, 1655, 1657, 1658, 1659, 1660, 1661, 1663, 1665, 1666, 1667, 1668, 1670, 1672, 1674, 1675, 1678], "summary": {"covered_lines": 24, "num_statements": 25, "percent_covered": 96.0, "percent_covered_display": "96", "missing_lines": 1, "excluded_lines": 0, "percent_statements_covered": 96.0, "percent_statements_covered_display": "96"}, "missing_lines": [1673], "excluded_lines": [], "start_line": 1643}, "DocumentIngestor._chunk_text": {"executed_lines": [1692, 1694, 1695, 1696, 1698, 1699, 1701, 1702, 1703, 1704, 1705, 1706, 1707, 1708, 1709, 1710, 1712, 1713, 1714, 1715, 1717], "summary": {"covered_lines": 21, "num_statements": 21, "percent_covered": 100.0, "percent_covered_display": "100", "missing_lines": 0, "excluded_lines": 0, "percent_statements_covered": 100.0, "percent_statements_covered_display": "100"}, "missing_lines": [], "excluded_lines": [], "start_line": 1682}, "AsyncDocumentIngestor.__init__": {"executed_lines": [1748], "summary": {"covered_lines": 1, "num_statements": 1, "percent_covered": 100.0, "percent_covered_display": "100", "missing_lines": 0, "excluded_lines": 0, "percent_statements_covered": 100.0, "percent_statements_covered_display": "100"}, "missing_lines": [], "excluded_lines": [], "start_line": 1735}, "AsyncDocumentIngestor.__aenter__": {"executed_lines": [1756], "summary": {"covered_lines": 1, "num_statements": 1, "percent_covered": 100.0, "percent_covered_display": "100", "missing_lines": 0, "excluded_lines": 0, "percent_statements_covered": 100.0, "percent_statements_covered_display": "100"}, "missing_lines": [], "excluded_lines": [], "start_line": 1754}, "AsyncDocumentIngestor.__aexit__": {"executed_lines": [1766], "summary": {"covered_lines": 1, "num_statements": 1, "percent_covered": 100.0, "percent_covered_display": "100", "missing_lines": 0, "excluded_lines": 0, "percent_statements_covered": 100.0, "percent_statements_covered_display": "100"}, "missing_lines": [], "excluded_lines": [], "start_line": 1758}, "AsyncDocumentIngestor.ingest_async": {"executed_lines": [1787, 1788, 1789, 1792, 1793, 1795, 1797, 1801, 1802, 1805, 1807, 1813, 1816, 1819, 1820, 1822, 1825, 1826, 1829, 1830], "summary": {"covered_lines": 20, "num_statements": 24, "percent_covered": 83.33333333333333, "percent_covered_display": "83", "missing_lines": 4, "excluded_lines": 0, "percent_statements_covered": 83.33333333333333, "percent_statements_covered_display": "83"}, "missing_lines": [1827, 1828, 1831, 1832], "excluded_lines": [], "start_line": 1768}, "AsyncDocumentIngestor.ingest_async.process_with_semaphore": {"executed_lines": [1809, 1810], "summary": {"covered_lines": 2, "num_statements": 2, "percent_covered": 100.0, "percent_covered_display": "100", "missing_lines": 0, "excluded_lines": 0, "percent_statements_covered": 100.0, "percent_statements_covered_display": "100"}, "missing_lines": [], "excluded_lines": [], "start_line": 1807}, "AsyncDocumentIngestor._stream_process_chunks_async": {"executed_lines": [1845, 1847, 1850, 1851, 1852, 1854, 1855, 1856, 1859, 1860, 1862, 1864, 1866, 1877, 1884, 1885, 1889], "summary": {"covered_lines": 17, "num_statements": 21, "percent_covered": 80.95238095238095, "percent_covered_display": "81", "missing_lines": 4, "excluded_lines": 0, "percent_statements_covered": 80.95238095238095, "percent_statements_covered_display": "81"}, "missing_lines": [1857, 1863, 1878, 1881], "excluded_lines": [], "start_line": 1834}, "AsyncDocumentIngestor._store_embedding_batch_async": {"executed_lines": [1903, 1904, 1905, 1908, 1909, 1910, 1913, 1914, 1917, 1918, 1920, 1921, 1929, 1930, 1931, 1932, 1933, 1934, 1939, 1940, 1941, 1942, 1943, 1946, 1947, 1954, 1955, 1960, 1963, 1964, 1966, 1967, 1968, 1969, 1971, 1972, 1974, 1976, 1977, 1978, 1980, 1989, 1991, 1992, 1994], "summary": {"covered_lines": 45, "num_statements": 54, "percent_covered": 83.33333333333333, "percent_covered_display": "83", "missing_lines": 9, "excluded_lines": 0, "percent_statements_covered": 83.33333333333333, "percent_statements_covered_display": "83"}, "missing_lines": [1911, 1912, 1925, 1944, 1945, 1949, 1952, 1953, 1973], "excluded_lines": [], "start_line": 1891}, "AsyncDocumentIngestor._build_documents_with_embeddings_async": {"executed_lines": [], "summary": {"covered_lines": 0, "num_statements": 3, "percent_covered": 0.0, "percent_covered_display": "0", "missing_lines": 3, "excluded_lines": 0, "percent_statements_covered": 0.0, "percent_statements_covered_display": "0"}, "missing_lines": [2003, 2004, 2007], "excluded_lines": [], "start_line": 1996}, "AsyncDocumentIngestor._generate_embeddings_with_cache_async": {"executed_lines": [], "summary": {"covered_lines": 0, "num_statements": 40, "percent_covered": 0.0, "percent_covered_display": "0", "missing_lines": 40, "excluded_lines": 0, "percent_statements_covered": 0.0, "percent_statements_covered_display": "0"}, "missing_lines": [2015, 2017, 2018, 2020, 2021, 2022, 2024, 2025, 2026, 2028, 2029, 2030, 2031, 2033, 2034, 2036, 2037, 2038, 2042, 2046, 2047, 2048, 2049, 2051, 2052, 2057, 2058, 2059, 2060, 2061, 2062, 2064, 2065, 2069, 2072, 2073, 2074, 2075, 2080, 2082], "excluded_lines": [], "start_line": 2009}, "AsyncDocumentIngestor.process_file_async": {"executed_lines": [2103, 2104, 2106, 2113, 2115, 2116, 2119], "summary": {"covered_lines": 7, "num_statements": 20, "percent_covered": 35.0, "percent_covered_display": "35", "missing_lines": 13, "excluded_lines": 0, "percent_statements_covered": 35.0, "percent_statements_covered_display": "35"}, "missing_lines": [2107, 2111, 2121, 2124, 2125, 2126, 2127, 2129, 2130, 2131, 2132, 2133, 2139], "excluded_lines": [], "start_line": 2084}, "": {"executed_lines": [10, 12, 13, 14, 15, 16, 17, 18, 19, 20, 21, 23, 24, 26, 27, 28, 29, 30, 31, 34, 43, 46, 47, 49, 63, 66, 67, 68, 71, 79, 113, 183, 316, 400, 549, 563, 564, 567, 595, 608, 648, 655, 693, 717, 735, 768, 840, 880, 958, 1008, 1036, 1129, 1231, 1254, 1404, 1528, 1595, 1643, 1682, 1720, 1735, 1754, 1758, 1768, 1834, 1891, 1996, 2009, 2084, 2142], "summary": {"covered_lines": 70, "num_statements": 70, "percent_covered": 100.0, "percent_covered_display": "100", "missing_lines": 0, "excluded_lines": 3, "percent_statements_covered": 100.0, "percent_statements_covered_display": "100"}, "missing_lines": [], "excluded_lines": [38, 39, 41], "start_line": 1}}, "classes": {"Segment": {"executed_lines": [], "summary": {"covered_lines": 0, "num_statements": 0, "percent_covered": 100.0, "percent_covered_display": "100", "missing_lines": 0, "excluded_lines": 0, "percent_statements_covered": 100.0, "percent_statements_covered_display": "100"}, "missing_lines": [], "excluded_lines": [], "start_line": 549}, "DocumentIngestor": {"executed_lines": [670, 672, 673, 674, 675, 676, 677, 679, 680, 681, 682, 683, 686, 689, 691, 704, 707, 708, 713, 714, 715, 727, 728, 729, 750, 752, 753, 754, 755, 756, 757, 758, 759, 760, 761, 762, 763, 764, 766, 806, 808, 810, 811, 812, 813, 814, 815, 816, 822, 855, 856, 858, 859, 860, 861, 863, 864, 866, 867, 868, 878, 895, 897, 898, 899, 902, 903, 904, 906, 908, 909, 911, 912, 913, 914, 916, 917, 920, 921, 924, 925, 926, 927, 929, 930, 936, 937, 939, 940, 941, 942, 944, 946, 947, 948, 949, 954, 956, 973, 974, 976, 977, 979, 980, 982, 987, 989, 991, 992, 993, 995, 1004, 1006, 1026, 1029, 1034, 1082, 1084, 1085, 1088, 1089, 1090, 1092, 1093, 1094, 1097, 1098, 1100, 1101, 1102, 1104, 1115, 1122, 1123, 1127, 1151, 1152, 1153, 1156, 1157, 1158, 1159, 1160, 1161, 1162, 1165, 1166, 1167, 1168, 1169, 1170, 1171, 1198, 1199, 1201, 1202, 1203, 1206, 1207, 1209, 1211, 1212, 1213, 1215, 1224, 1226, 1227, 1229, 1245, 1246, 1247, 1249, 1250, 1252, 1279, 1280, 1284, 1286, 1288, 1289, 1292, 1294, 1295, 1296, 1298, 1306, 1309, 1322, 1324, 1325, 1327, 1329, 1336, 1337, 1338, 1339, 1340, 1342, 1343, 1344, 1349, 1350, 1351, 1352, 1353, 1354, 1356, 1357, 1358, 1362, 1363, 1364, 1365, 1366, 1367, 1369, 1370, 1374, 1375, 1376, 1377, 1378, 1380, 1381, 1382, 1388, 1389, 1390, 1392, 1394, 1395, 1397, 1402, 1615, 1620, 1621, 1624, 1625, 1628, 1629, 1631, 1632, 1634, 1637, 1641, 1645, 1646, 1647, 1648, 1650, 1652, 1653, 1654, 1655, 1657, 1658, 1659, 1660, 1661, 1663, 1665, 1666, 1667, 1668, 1670, 1672, 1674, 1675, 1678, 1692, 1694, 1695, 1696, 1698, 1699, 1701, 1702, 1703, 1704, 1705, 1706, 1707, 1708, 1709, 1710, 1712, 1713, 1714, 1715, 1717], "summary": {"covered_lines": 290, "num_statements": 413, "percent_covered": 70.2179176755448, "percent_covered_display": "70", "missing_lines": 123, "excluded_lines": 0, "percent_statements_covered": 70.2179176755448, "percent_statements_covered_display": "70"}, "missing_lines": [825, 826, 827, 831, 834, 988, 1095, 1116, 1119, 1172, 1173, 1179, 1180, 1181, 1182, 1183, 1184, 1185, 1186, 1187, 1188, 1189, 1190, 1195, 1204, 1208, 1307, 1308, 1330, 1331, 1332, 1333, 1359, 1391, 1398, 1400, 1423, 1428, 1430, 1431, 1433, 1440, 1441, 1442, 1443, 1453, 1454, 1455, 1456, 1458, 1459, 1460, 1463, 1464, 1465, 1466, 1468, 1469, 1470, 1471, 1475, 1476, 1477, 1478, 1480, 1482, 1483, 1484, 1487, 1488, 1489, 1490, 1492, 1493, 1494, 1496, 1497, 1500, 1501, 1504, 1505, 1506, 1507, 1508, 1510, 1511, 1512, 1514, 1515, 1516, 1522, 1523, 1524, 1526, 1547, 1552, 1553, 1555, 1559
[...]
nd_acquire": {"executed_lines": [80, 82, 83, 84, 87, 88, 89, 90, 91, 96, 97, 98, 99, 100, 102], "summary": {"covered_lines": 15, "num_statements": 16, "percent_covered": 93.75, "percent_covered_display": "94", "missing_lines": 1, "excluded_lines": 0, "percent_statements_covered": 93.75, "percent_statements_covered_display": "94"}, "missing_lines": [93], "excluded_lines": [], "start_line": 70}, "SharedRateLimiter.max_requests": {"executed_lines": [107], "summary": {"covered_lines": 1, "num_statements": 1, "percent_covered": 100.0, "percent_covered_display": "100", "missing_lines": 0, "excluded_lines": 0, "percent_statements_covered": 100.0, "percent_statements_covered_display": "100"}, "missing_lines": [], "excluded_lines": [], "start_line": 105}, "SharedRateLimiter.window_seconds": {"executed_lines": [112], "summary": {"covered_lines": 1, "num_statements": 1, "percent_covered": 100.0, "percent_covered_display": "100", "missing_lines": 0, "excluded_lines": 0, "percent_statements_covered": 100.0, "percent_statements_covered_display": "100"}, "missing_lines": [], "excluded_lines": [], "start_line": 110}, "SharedRateLimiter.get_remaining": {"executed_lines": [121, 122, 124, 126, 127, 129], "summary": {"covered_lines": 6, "num_statements": 6, "percent_covered": 100.0, "percent_covered_display": "100", "missing_lines": 0, "excluded_lines": 0, "percent_statements_covered": 100.0, "percent_statements_covered_display": "100"}, "missing_lines": [], "excluded_lines": [], "start_line": 114}, "get_shared_rate_limiter": {"executed_lines": [155, 157, 158, 159, 163], "summary": {"covered_lines": 5, "num_statements": 5, "percent_covered": 100.0, "percent_covered_display": "100", "missing_lines": 0, "excluded_lines": 0, "percent_statements_covered": 100.0, "percent_statements_covered_display": "100"}, "missing_lines": [], "excluded_lines": [], "start_line": 137}, "shutdown_shared_rate_limiter": {"executed_lines": [173, 174, 175, 177], "summary": {"covered_lines": 4, "num_statements": 4, "percent_covered": 100.0, "percent_covered_display": "100", "missing_lines": 0, "excluded_lines": 0, "percent_statements_covered": 100.0, "percent_statements_covered_display": "100"}, "missing_lines": [], "excluded_lines": [], "start_line": 166}, "": {"executed_lines": [7, 9, 10, 11, 14, 29, 48, 70, 104, 105, 109, 110, 114, 133, 134, 137, 166], "summary": {"covered_lines": 17, "num_statements": 17, "percent_covered": 100.0, "percent_covered_display": "100", "missing_lines": 0, "excluded_lines": 0, "percent_statements_covered": 100.0, "percent_statements_covered_display": "100"}, "missing_lines": [], "excluded_lines": [], "start_line": 1}}, "classes": {"SharedRateLimiter": {"executed_lines": [42, 43, 44, 45, 46, 55, 56, 58, 60, 61, 64, 65, 66, 68, 80, 82, 83, 84, 87, 88, 89, 90, 91, 96, 97, 98, 99, 100, 102, 107, 112, 121, 122, 124, 126, 127, 129], "summary": {"covered_lines": 37, "num_statements": 38, "percent_covered": 97.36842105263158, "percent_covered_display": "97", "missing_lines": 1, "excluded_lines": 0, "percent_statements_covered": 97.36842105263158, "percent_statements_covered_display": "97"}, "missing_lines": [93], "excluded_lines": [], "start_line": 14}, "": {"executed_lines": [7, 9, 10, 11, 14, 29, 48, 70, 104, 105, 109, 110, 114, 133, 134, 137, 155, 157, 158, 159, 163, 166, 173, 174, 175, 177], "summary": {"covered_lines": 26, "num_statements": 26, "percent_covered": 100.0, "percent_covered_display": "100", "missing_lines": 0, "excluded_lines": 0, "percent_statements_covered": 100.0, "percent_statements_covered_display": "100"}, "missing_lines": [], "excluded_lines": [], "start_line": 1}}}, "src/secondbrain/utils/tracing.py": {"executed_lines": [3, 5, 6, 7, 8, 9, 10, 11, 12, 13, 15, 17, 18, 19, 20, 21, 25, 26, 27, 38, 39, 40, 41, 43, 44, 45, 46, 47, 48, 49, 50, 52, 53, 58, 59, 60, 62, 63, 65, 66, 67, 68, 70, 72, 73, 74, 76, 79, 80, 81, 83, 84, 85, 86, 88, 89, 90, 92, 94, 97, 100, 101, 104, 105, 108, 111, 112, 113, 114, 115, 117, 122, 123, 125, 126, 127, 129, 132, 134, 135, 138, 141, 143, 144, 145, 148, 158, 159, 160, 161, 162, 166, 168, 169, 170, 172, 173, 174, 176, 177, 178, 179, 180, 185, 189, 190, 198, 200, 201, 206, 207, 212, 216, 217, 218, 220, 245, 246, 252, 261, 266, 267, 270, 273, 274, 276, 277, 279, 282, 285, 300, 303, 304, 319, 320, 321, 322, 323, 325, 327, 328, 329, 330, 331, 332, 340, 341, 344, 363, 364, 365, 367, 368, 371, 374, 375, 377, 378, 380, 381, 383, 384, 390, 391, 394, 397, 398, 400, 401, 403, 404, 406, 407, 409, 410, 412, 413, 416, 417, 420, 423, 427, 428, 432, 433], "summary": {"covered_lines": 185, "num_statements": 257, "percent_covered": 71.98443579766537, "percent_covered_display": "72", "missing_lines": 72, "excluded_lines": 0, "percent_statements_covered": 71.98443579766537, "percent_statements_covered_display": "72"}, "missing_lines": [28, 30, 31, 33, 34, 35, 37, 95, 202, 203, 221, 222, 227, 228, 229, 230, 232, 233, 236, 238, 239, 253, 255, 256, 257, 258, 259, 262, 280, 288, 289, 291, 292, 294, 295, 297, 306, 307, 308, 309, 310, 311, 312, 315, 316, 333, 334, 335, 336, 337, 338, 347, 348, 349, 350, 351, 353, 354, 355, 356, 358, 360, 379, 385, 386, 387, 388, 418, 421, 424, 429, 434], "excluded_lines": [], "functions": {"extract_trace_context": {"executed_lines": [59, 60, 62, 63, 65, 66, 67, 68, 70, 72, 73, 74, 76], "summary": {"covered_lines": 13, "num_statements": 13, "percent_covered": 100.0, "percent_covered_display": "100", "missing_lines": 0, "excluded_lines": 0, "percent_statements_covered": 100.0, "percent_statements_covered_display": "100"}, "missing_lines": [], "excluded_lines": [], "start_line": 58}, "inject_trace_context": {"executed_lines": [80, 81, 83, 84, 85, 86, 88, 89, 90, 92, 94, 97], "summary": {"covered_lines": 12, "num_statements": 13, "percent_covered": 92.3076923076923, "percent_covered_display": "92", "missing_lines": 1, "excluded_lines": 0, "percent_statements_covered": 92.3076923076923, "percent_statements_covered_display": "92"}, "missing_lines": [95], "excluded_lines": [], "start_line": 79}, "get_current_trace_context": {"executed_lines": [101], "summary": {"covered_lines": 1, "num_statements": 1, "percent_covered": 100.0, "percent_covered_display": "100", "missing_lines": 0, "excluded_lines": 0, "percent_statements_covered": 100.0, "percent_statements_covered_display": "100"}, "missing_lines": [], "excluded_lines": [], "start_line": 100}, "set_trace_context": {"executed_lines": [108, 111, 112, 113, 114, 115, 117, 122, 123, 125, 126, 127, 129], "summary": {"covered_lines": 13, "num_statements": 13, "percent_covered": 100.0, "percent_covered_display": "100", "missing_lines": 0, "excluded_lines": 0, "percent_statements_covered": 100.0, "percent_statements_covered_display": "100"}, "missing_lines": [], "excluded_lines": [], "start_line": 105}, "is_tracing_enabled": {"executed_lines": [134, 135, 138], "summary": {"covered_lines": 3, "num_statements": 3, "percent_covered": 100.0, "percent_covered_display": "100", "missing_lines": 0, "excluded_lines": 0, "percent_statements_covered": 100.0, "percent_statements_covered_display": "100"}, "missing_lines": [], "excluded_lines": [], "start_line": 132}, "is_metrics_enabled": {"executed_lines": [143, 144, 145], "summary": {"covered_lines": 3, "num_statements": 3, "percent_covered": 100.0, "percent_covered_display": "100", "missing_lines": 0, "excluded_lines": 0, "percent_statements_covered": 100.0, "percent_statements_covered_display": "100"}, "missing_lines": [], "excluded_lines": [], "start_line": 141}, "setup_tracing": {"executed_lines": [158, 159, 160, 161, 162, 166, 168, 169, 170, 172, 173, 174, 176, 177, 178, 179, 180, 185, 189, 190, 198, 200, 201, 206, 207, 212, 216, 217, 218, 220, 245, 246, 252, 261, 266, 267], "summary": {"covered_lines": 36, "num_statements": 56, "percent_covered": 64.28571428571429, "percent_covered_display": "64", "missing_lines": 20, "excluded_lines": 0, "percent_statements_covered": 64.28571428571429, "percent_statements_covered_display": "64"}, "missing_lines": [202, 203, 221, 222, 227, 228, 229, 230, 232, 233, 236, 238, 239, 253, 255, 256, 257, 258, 259, 262], "excluded_lines": [], "start_line": 148}, "get_tracer": {"executed_lines": [273, 274, 276, 277, 279, 282], "summary": {"covered_lines": 6, "num_statements": 7, "percent_covered": 85.71428571428571, "percent_covered_display": "86", "missing_lines": 1, "excluded_lines": 0, "percent_statements_covered": 85.71428571428571, "percent_statements_covered_display": "86"}, "missing_lines": [280], "excluded_lines": [], "start_line": 270}, "get_meter": {"executed_lines": [], "summary": {"covered_lines": 0, "num_statements": 7, "percent_covered": 0.0, "percent_covered_display": "0", "missing_lines": 7, "excluded_lines": 0, "percent_statements_covered": 0.0, "percent_statements_covered_display": "0"}, "missing_lines": [288, 289, 291, 292, 294, 295, 297], "excluded_lines": [], "start_line": 285}, "record_operation": {"executed_lines": [303, 304], "summary": {"covered_lines": 2, "num_statements": 11, "percent_covered": 18.181818181818183, "percent_covered_display": "18", "missing_lines": 9, "excluded_lines": 0, "percent_statements_covered": 18.181818181818183, "percent_statements_covered_display": "18"}, "missing_lines": [306, 307, 308, 309, 310, 311, 312, 315, 316], "excluded_lines": [], "start_line": 300}, "trace_operation": {"executed_lines": [321, 322, 323, 325, 327, 328, 329, 330, 331, 332, 340, 341], "summary": {"covered_lines": 12, "num_statements": 18, "percent_covered": 66.66666666666667, "percent_covered_display": "67", "missing_lines": 6, "excluded_lines": 0, "percent_statements_covered": 66.66666666666667, "percent_statements_covered_display": "67"}, "missing_lines": [333, 334, 335, 336, 337, 338], "excluded_lines": [], "start_line": 320}, "trace_decorator": {"executed_lines": [], "summary": {"covered_lines": 0, "num_statements": 3, "percent_covered": 0.0, "percent_covered_display": "0", "missing_lines": 3, "excluded_lines": 0, "percent_statements_covered": 0.0, "percent_statements_covered_display": "0"}, "missing_lines": [347, 348, 360], "excluded_lines": [], "start_line": 344}, "trace_decorator.decorator": {"executed_lines": [], "summary": {"covered_lines": 0, "num_statements": 2, "percent_covered": 0.0, "percent_covered_display": "0", "missing_lines": 2, "excluded_lines": 0, "percent_statements_covered": 0.0, "percent_statements_covered_display": "0"}, "missing_lines": [349, 358], "excluded_lines": [], "start_line": 347}, "trace_decorator.decorator.wrapper": {"executed_lines": [], "summary": {"covered_lines": 0, "num_statements": 6, "percent_covered": 0.0, "percent_covered_display": "0", "missing_lines": 6, "excluded_lines": 0, "percent_statements_covered": 0.0, "percent_statements_covered_display": "0"}, "missing_lines": [350, 351, 353, 354, 355, 356], "excluded_lines": [], "start_line": 349}, "_NoOpTracer.start_as_current_span": {"executed_lines": [365], "summary": {"covered_lines": 1, "num_statements": 1, "percent_covered": 100.0, "percent_covered_display": "100", "missing_lines": 0, "excluded_lines": 0, "percent_statements_covered": 100.0, "percent_statements_covered_display": "100"}, "missing_lines": [], "excluded_lines": [], "start_line": 364}, "_NoOpTracer.__getattr__": {"executed_lines": [368], "summary": {"covered_lines": 1, "num_statements": 1, "percent_covered": 100.0, "percent_covered_display": "100", "missing_lines": 0, "excluded_lines": 0, "percent_statements_covered": 100.0, "percent_statements_covered_display": "100"}, "missing_lines": [], "excluded_lines": [], "start_line": 367}, "shutdown_tracing": {"executed_lines": [374, 375, 377, 378, 380, 381, 383, 384, 390, 391], "summary": {"covered_lines": 10, "num_statements": 15, "percent_covered": 66.66666666666667, "percent_covered_display": "67", "missing_lines": 5, "excluded_lines": 0, "percent_statements_covered": 66.66666666666667, "percent_statements_covered_display": "67"}, "missing_lines": [379, 385, 386, 387, 388], "excluded_lines": [], "start_line": 371}, "_NoOpSpan.__enter__": {"executed_lines": [398], "summary": {"covered_lines": 1, "num_statements": 1, "percent_covered": 100.0, "percent_covered_display": "100", "missing_lines": 0, "excluded_lines": 0, "percent_statements_covered": 100.0, "percent_statements_covered_display": "100"}, "missing_lines": [], "excluded_lines": [], "start_line": 397}, "_NoOpSpan.__exit__": {"executed_lines": [401], "summary": {"covered_lines": 1, "num_statements": 1, "percent_covered": 100.0, "percent_covered_display": "100", "missing_lines": 0, "excluded_lines": 0, "percent_statements_covered": 100.0, "percent_statements_covered_display": "100"}, "missing_lines": [], "excluded_lines": [], "start_line": 400}, "_NoOpSpan.set_attribute": {"executed_lines": [404], "summary": {"covered_lines": 1, "num_statements": 1, "percent_covered": 100.0, "percent_covered_display": "100", "missing_lines": 0, "excluded_lines": 0, "percent_statements_covered": 100.0, "percent_statements_covered_display": "100"}, "missing_lines": [], "excluded_lines": [], "start_line": 403}, "_NoOpSpan.set_status": {"executed_lines": [407], "summary": {"covered_lines": 1, "num_statements": 1, "percent_covered": 100.0, "percent_covered_display": "100", "missing_lines": 0, "excluded_lines": 0, "percent_statements_covered": 100.0, "percent_statements_covered_display": "100"}, "missing_lines": [], "excluded_lines": [], "start_line": 406}, "_NoOpSpan.record_exception": {"executed_lines": [410], "summary": {"covered_lines": 1, "num_statements": 1, "percent_covered": 100.0, "percent_covered_display": "100", "missing_lines": 0, "excluded_lines": 0, "percent_statements_covered": 100.0, "percent_statements_covered_display": "100"}, "missing_lines": [], "excluded_lines": [], "start_line": 409}, "_NoOpSpan.add_event": {"executed_lines": [413], "summary": {"covered_lines": 1, "num_statements": 1, "percent_covered": 100.0, "percent_covered_display": "100", "missing_lines": 0, "excluded_lines": 0, "percent_statements_covered": 100.0, "percent_statements_covered_display": "100"}, "missing_lines": [], "excluded_lines": [], "start_line": 412}, "_NoOpMeter.create_counter": {"executed_lines": [], "summary": {"covered_lines": 0, "num_statements": 1, "percent_covered": 0.0, "percent_covered_display": "0", "missing_lines": 1, "excluded_lines": 0, "percent_statements_covered": 0.0, "percent_statements_covered_display": "0"}, "missing_lines": [418], "excluded_lines": [], "start_line": 417}, "_NoOpMeter.create_histogram": {"executed_lines": [], "summary": {"covered_lines": 0, "num_statements": 1, "percent_covered": 0.0, "percent_covered_display": "0", "missing_lines": 1, "excluded_lines": 0, "percent_statements_covered": 0.0, "percent_statements_covered_display": "0"}, "missing_lines": [421], "excluded_lines": [], "start_line": 420}, "_NoOpMeter.__getattr__": {"executed_lines": [], "summary": {"covered_lines": 0, "num_statements": 1, "percent_covered": 0.0, "percent_covered_display": "0", "missing_lines": 1, "excluded_lines": 0, "percent_statements_covered": 0.0, "percent_statements_covered_display": "0"}, "missing_lines": [424], "excluded_lines": [], "start_line": 423}, "_NoOpCounter.add": {"executed_lines": [], "summary": {"covered_lines": 0, "num_statements": 1, "percent_covered": 0.0, "percent_covered_display": "0", "missing_lines": 1, "excluded_lines": 0, "percent_statements_covered": 0.0, "percent_statements_covered_display": "0"}, "missing_lines": [429], "excluded_lines": [], "start_line": 428}, "_NoOpHistogram.record": {"executed_lines": [], "summary": {"covered_lines": 0, "num_statements": 1, "percent_covered": 0.0, "percent_covered_display": "0", "missing_lines": 1, "excluded_lines": 0, "percent_statements_covered": 0.0, "percent_statements_covered_display": "0"}, "missing_lines": [434], "excluded_lines": [], "start_line": 433}, "": {"executed_lines": [3, 5, 6, 7, 8, 9, 10, 11, 12, 13, 15, 17, 18, 19, 20, 21, 25, 26, 27, 38, 39, 40, 41, 43, 44, 45, 46, 47, 48, 49, 50, 52, 53, 58, 79, 100, 104, 105, 132, 141, 148, 270, 285, 300, 319, 320, 344, 363, 364, 367, 371, 394, 397, 400, 403, 406, 409, 412, 416, 417, 420, 423, 427, 428, 432, 433], "summary": {"covered_lines": 66, "num_statements": 73, "percent_covered": 90.41095890410959, "percent_covered_display": "90", "missing_lines": 7, "excluded_lines": 0, "percent_statements_covered": 90.41095890410959, "percent_statements_covered_display": "90"}, "missing_lines": [28, 30, 31, 33, 34, 35, 37], "excluded_lines": [], "start_line": 1}}, "classes": {"_NoOpTracer": {"executed_lines": [365, 368], "summary": {"covered_lines": 2, "num_statements": 2, "percent_covered": 100.0, "percent_covered_display": "100", "missing_lines": 0, "excluded_lines": 0, "percent_statements_covered": 100.0, "percent_statements_covered_display": "100"}, "missing_lines": [], "excluded_lines": [], "start_line": 363}, "_NoOpSpan": {"executed_lines": [398, 401, 404, 407, 410, 413], "summary": {"covered_lines": 6, "num_statements": 6, "percent_covered": 100.0, "percent_covered_display": "100", "missing_lines": 0, "excluded_lines": 0, "percent_statements_covered": 100.0, "percent_statements_covered_display": "100"}, "missing_lines": [], "excluded_lines": [], "start_line": 394}, "_NoOpMeter": {"executed_lines": [], "summary": {"covered_lines": 0, "num_statements": 3, "percent_covered": 0.0, "percent_covered_display": "0", "missing_lines": 3, "excluded_lines": 0, "percent_statements_covered": 0.0, "percent_statements_covered_display": "0"}, "missing_lines": [418, 421, 424], "excluded_lines": [], "start_line": 416}, "_NoOpCounter": {"executed_lines": [], "summary": {"covered_lines": 0, "num_statements": 1, "percent_covered": 0.0, "percent_covered_display": "0", "missing_lines": 1, "excluded_lines": 0, "percent_statements_covered": 0.0, "percent_statements_covered_display": "0"}, "missing_lines": [429], "excluded_lines": [], "start_line": 427}, "_NoOpHistogram": {"executed_lines": [], "summary": {"covered_lines": 0, "num_statements": 1, "percent_covered": 0.0, "percent_covered_display": "0", "missing_lines": 1, "excluded_lines": 0, "percent_statements_covered": 0.0, "percent_statements_covered_display": "0"}, "missing_lines": [434], "excluded_lines": [], "start_line": 432}, "": {"executed_lines": [3, 5, 6, 7, 8, 9, 10, 11, 12, 13, 15, 17, 18, 19, 20, 21, 25, 26, 27, 38, 39, 40, 41, 43, 44, 45, 46, 47, 48, 49, 50, 52, 53, 58, 59, 60, 62, 63, 65, 66, 67, 68, 70, 72, 73, 74, 76, 79, 80, 81, 83, 84, 85, 86, 88, 89, 90, 92, 94, 97, 100, 101, 104, 105, 108, 111, 112, 113, 114, 115, 117, 122, 123, 125, 126, 127, 129, 132, 134, 135, 138, 141, 143, 144, 145, 148, 158, 159, 160, 161, 162, 166, 168, 169, 170, 172, 173, 174, 176, 177, 178, 179, 180, 185, 189, 190, 198, 200, 201, 206, 207, 212, 216, 217, 218, 220, 245, 246, 252, 261, 266, 267, 270, 273, 274, 276, 277, 279, 282, 285, 300, 303, 304, 319, 320, 321, 322, 323, 325, 327, 328, 329, 330, 331, 332, 340, 341, 344, 363, 364, 367, 371, 374, 375, 377, 378, 380, 381, 383, 384, 390, 391, 394, 397, 400, 403, 406, 409, 412, 416, 417, 420, 423, 427, 428, 432, 433], "summary": {"covered_lines": 177, "num_statements": 244, "percent_covered": 72.54098360655738, "percent_covered_display": "73", "missing_lines": 67, "excluded_lines": 0, "percent_statements_covered": 72.54098360655738, "percent_statements_covered_display": "73"}, "missing_lines": [28, 30, 31, 33, 34, 35, 37, 95, 202, 203, 221, 222, 227, 228, 229, 230, 232, 233, 236, 238, 239, 253, 255, 256, 257, 258, 259, 262, 280, 288, 289, 291, 292, 294, 295, 297, 306, 307, 308, 309, 310, 311, 312, 315, 316, 333, 334, 335, 336, 337, 338, 347, 348, 349, 350, 351, 353, 354, 355, 356, 358, 360, 379, 385, 386, 387, 388], "excluded_lines": [], "start_line": 1}}}}, "totals": {"covered_lines": 3717, "num_statements": 4646, "percent_covered": 80.00430477830392, "percent_covered_display": "80", "missing_lines": 929, "excluded_lines": 11, "percent_statements_covered": 80.00430477830392, "percent_statements_covered_display": "80"}}