============================= test session starts ==============================
platform linux -- Python 3.12.3, pytest-9.0.2, pluggy-1.6.0 -- /usr/bin/python3
cachedir: .pytest_cache
hypothesis profile 'default'
rootdir: /home/bchand/secondbrain
configfile: pyproject.toml
testpaths: tests
plugins: Faker-40.11.0, cov-7.0.0, timeout-2.4.0, anyio-4.12.1, hypothesis-6.151.9, xdist-3.8.0, asyncio-1.3.0
timeout: 60.0s
timeout method: signal
timeout func_only: False
asyncio: mode=Mode.AUTO, debug=False, asyncio_default_fixture_loop_scope=function, asyncio_default_test_loop_scope=function
created: 4/4 workers
4 workers [1140 items]

scheduling tests via LoadScheduling

tests/integration/test_mongo_real.py::TestMongoRealConnection::test_storage_real_mongo_connection 
tests/test_document/test_async_api.py::TestAsyncDocumentIngestor::test_async_exit_returns_none 
tests/test_config/test_config.py::TestConfigExtensionsSet::test_extensions_set_parametrized[pdf,docx-2-expected_members2] 
tests/test_cli/test_display.py::TestDisplayHealthStatus::test_display_health_status_some_unhealthy 
[gw1] [  0%] PASSED tests/test_cli/test_display.py::TestDisplayHealthStatus::test_display_health_status_some_unhealthy 
[gw2] [  0%] PASSED tests/test_config/test_config.py::TestConfigExtensionsSet::test_extensions_set_parametrized[pdf,docx-2-expected_members2] 
tests/test_cli/test_display.py::TestDisplayHealthStatus::test_display_health_status_json_format 
tests/test_config/test_config.py::TestConfigExtensionsSet::test_extensions_set_parametrized[-0-expected_members3] 
[gw1] [  0%] PASSED tests/test_cli/test_display.py::TestDisplayHealthStatus::test_display_health_status_json_format 
[gw2] [  0%] PASSED tests/test_config/test_config.py::TestConfigExtensionsSet::test_extensions_set_parametrized[-0-expected_members3] 
tests/test_cli/test_errors.py::TestHandleCliErrors::test_handles_click_bad_parameter 
tests/test_config/test_config.py::TestConfigExtensionsSet::test_extensions_set_parametrized[pdf,pdf-1-expected_members4] 
[gw2] [  0%] PASSED tests/test_config/test_config.py::TestConfigExtensionsSet::test_extensions_set_parametrized[pdf,pdf-1-expected_members4] 
tests/test_config/test_config.py::TestConfigExtensionsSet::test_extensions_set_parametrized[pdf, docx-2-expected_members5] 
[gw2] [  0%] PASSED tests/test_config/test_config.py::TestConfigExtensionsSet::test_extensions_set_parametrized[pdf, docx-2-expected_members5] 
tests/test_config/test_config.py::TestConfig::test_default_config_values 
[gw2] [  0%] PASSED tests/test_config/test_config.py::TestConfig::test_default_config_values 
tests/test_config/test_config.py::TestConfig::test_custom_config_values 
[gw1] [  0%] PASSED tests/test_cli/test_errors.py::TestHandleCliErrors::test_handles_click_bad_parameter 
[gw2] [  0%] PASSED tests/test_config/test_config.py::TestConfig::test_custom_config_values 
tests/test_config/test_config.py::TestConfig::test_config_validation_errors[updates0-mongo_uri must start] 
tests/test_cli/test_errors.py::TestHandleCliErrors::test_handles_value_error 
[gw1] [  0%] PASSED tests/test_cli/test_errors.py::TestHandleCliErrors::test_handles_value_error 
tests/test_cli/test_errors.py::TestHandleCliErrors::test_handles_file_not_found 
[gw2] [  0%] PASSED tests/test_config/test_config.py::TestConfig::test_config_validation_errors[updates0-mongo_uri must start] 
tests/test_config/test_config.py::TestConfig::test_config_validation_errors[updates1-chunk_overlap must be less than] 
[gw2] [  1%] PASSED tests/test_config/test_config.py::TestConfig::test_config_validation_errors[updates1-chunk_overlap must be less than] 
[gw1] [  1%] PASSED tests/test_cli/test_errors.py::TestHandleCliErrors::test_handles_file_not_found 
tests/test_cli/test_errors.py::TestHandleCliErrors::test_handles_cli_validation_error 
tests/test_config/test_config.py::TestConfig::test_config_validation_errors[updates2-chunk_overlap must be non-negative] 
[gw1] [  1%] PASSED tests/test_cli/test_errors.py::TestHandleCliErrors::test_handles_cli_validation_error 
tests/test_cli/test_errors.py::TestHandleCliErrors::test_handles_generic_exception 
[gw2] [  1%] PASSED tests/test_config/test_config.py::TestConfig::test_config_validation_errors[updates2-chunk_overlap must be non-negative] 
tests/test_config/test_config.py::TestConfig::test_config_validation_errors[updates3-embedding_dimensions must be positive] 
[gw1] [  1%] PASSED tests/test_cli/test_errors.py::TestHandleCliErrors::test_handles_generic_exception 
[gw2] [  1%] PASSED tests/test_config/test_config.py::TestConfig::test_config_validation_errors[updates3-embedding_dimensions must be positive] 
tests/test_config/test_config.py::TestConfig::test_config_validation_errors[updates4-default_top_k must be positive] 
tests/test_cli/test_errors.py::TestHandleCliErrors::test_verbose_suggestion_shown 
[gw1] [  1%] PASSED tests/test_cli/test_errors.py::TestHandleCliErrors::test_verbose_suggestion_shown 
tests/test_cli/test_errors.py::TestHandleCliErrors::test_successful_execution_no_error 
[gw2] [  1%] PASSED tests/test_config/test_config.py::TestConfig::test_config_validation_errors[updates4-default_top_k must be positive] 
tests/test_config/test_config.py::TestConfig::test_config_validation_errors[updates5-chunk_size must be positive] 
[gw1] [  1%] PASSED tests/test_cli/test_errors.py::TestHandleCliErrors::test_successful_execution_no_error 
tests/test_cli/test_errors.py::TestHandleCliErrors::test_logging_called_on_error 
[gw2] [  1%] PASSED tests/test_config/test_config.py::TestConfig::test_config_validation_errors[updates5-chunk_size must be positive] 
tests/test_config/test_config.py::TestConfig::test_get_config_reloads_after_cache_clear 
[gw1] [  1%] PASSED tests/test_cli/test_errors.py::TestHandleCliErrors::test_logging_called_on_error 
tests/test_cli/test_errors.py::TestHandleCliErrors::test_logging_exception_on_unexpected_error 
[gw1] [  2%] PASSED tests/test_cli/test_errors.py::TestHandleCliErrors::test_logging_exception_on_unexpected_error 
tests/test_cli/test_errors.py::TestHandleCliErrors::test_click_bad_parameter_with_full_message 
[gw2] [  2%] PASSED tests/test_config/test_config.py::TestConfig::test_get_config_reloads_after_cache_clear 
tests/test_config/test_config.py::TestConfig::test_config_validation_chunk_size 
[gw2] [  2%] PASSED tests/test_config/test_config.py::TestConfig::test_config_validation_chunk_size 
tests/test_config/test_config.py::TestConfig::test_embedding_cache_size_validation_valid 
[gw1] [  2%] PASSED tests/test_cli/test_errors.py::TestHandleCliErrors::test_click_bad_parameter_with_full_message 
tests/test_cli/test_errors.py::TestHandleCliErrors::test_file_not_found_with_path 
[gw1] [  2%] PASSED tests/test_cli/test_errors.py::TestHandleCliErrors::test_file_not_found_with_path 
tests/test_cli/test_errors.py::TestHandleCliErrors::test_cli_validation_error_preserves_message 
[gw1] [  2%] PASSED tests/test_cli/test_errors.py::TestHandleCliErrors::test_cli_validation_error_preserves_message 
tests/test_cli/test_errors.py::TestHandleCliErrorsWithCliRunner::test_error_handling_in_click_command 
[gw2] [  2%] PASSED tests/test_config/test_config.py::TestConfig::test_embedding_cache_size_validation_valid 
tests/test_config/test_config.py::TestConfig::test_embedding_cache_size_validation_invalid 
[gw2] [  2%] PASSED tests/test_config/test_config.py::TestConfig::test_embedding_cache_size_validation_invalid 
tests/test_config/test_config.py::TestConfig::test_embedding_batch_size_validation_valid 
[gw2] [  2%] PASSED tests/test_config/test_config.py::TestConfig::test_embedding_batch_size_validation_valid 
tests/test_config/test_config.py::TestConfig::test_embedding_batch_size_validation_invalid 
[gw2] [  2%] PASSED tests/test_config/test_config.py::TestConfig::test_embedding_batch_size_validation_invalid 
tests/test_conversation/test_rewriter.py::TestQueryRewriterInit::test_init_with_defaults 
[gw2] [  2%] PASSED tests/test_conversation/test_rewriter.py::TestQueryRewriterInit::test_init_with_defaults 
[gw1] [  2%] PASSED tests/test_cli/test_errors.py::TestHandleCliErrorsWithCliRunner::test_error_handling_in_click_command 
tests/test_cli/test_errors.py::TestHandleCliErrorsWithCliRunner::test_successful_click_command 
[gw1] [  3%] PASSED tests/test_cli/test_errors.py::TestHandleCliErrorsWithCliRunner::test_successful_click_command 
tests/test_cli/test_errors.py::TestHandleCliErrorsWithCliRunner::test_click_bad_parameter_in_command 
[gw1] [  3%] PASSED tests/test_cli/test_errors.py::TestHandleCliErrorsWithCliRunner::test_click_bad_parameter_in_command 
tests/test_cli/test_errors.py::TestHandleCliErrorsEdgeCases::test_nested_exception_handling 
[gw1] [  3%] PASSED tests/test_cli/test_errors.py::TestHandleCliErrorsEdgeCases::test_nested_exception_handling 
tests/test_cli/test_errors.py::TestHandleCliErrorsEdgeCases::test_exception_with_none_message 
[gw1] [  3%] PASSED tests/test_cli/test_errors.py::TestHandleCliErrorsEdgeCases::test_exception_with_none_message 
tests/test_cli/test_errors.py::TestHandleCliErrorsEdgeCases::test_exception_with_empty_string_message 
[gw1] [  3%] PASSED tests/test_cli/test_errors.py::TestHandleCliErrorsEdgeCases::test_exception_with_empty_string_message 
tests/test_cli/test_errors.py::TestHandleCliErrorsEdgeCases::test_multiple_sequential_errors 
tests/test_conversation/test_rewriter.py::TestQueryRewriterInit::test_init_with_custom_context_window 
[gw2] [  3%] PASSED tests/test_conversation/test_rewriter.py::TestQueryRewriterInit::test_init_with_custom_context_window 
tests/test_conversation/test_rewriter.py::TestQueryRewriterShouldRewrite::test_should_rewrite_pronoun_it 
[gw2] [  3%] PASSED tests/test_conversation/test_rewriter.py::TestQueryRewriterShouldRewrite::test_should_rewrite_pronoun_it 
tests/test_conversation/test_rewriter.py::TestQueryRewriterShouldRewrite::test_should_rewrite_pronoun_this 
[gw2] [  3%] PASSED tests/test_conversation/test_rewriter.py::TestQueryRewriterShouldRewrite::test_should_rewrite_pronoun_this 
tests/test_conversation/test_rewriter.py::TestQueryRewriterShouldRewrite::test_should_rewrite_pronoun_that 
[gw2] [  3%] PASSED tests/test_conversation/test_rewriter.py::TestQueryRewriterShouldRewrite::test_should_rewrite_pronoun_that 
tests/test_conversation/test_rewriter.py::TestQueryRewriterShouldRewrite::test_should_rewrite_pronoun_they 
[gw2] [  3%] PASSED tests/test_conversation/test_rewriter.py::TestQueryRewriterShouldRewrite::test_should_rewrite_pronoun_they 
tests/test_conversation/test_rewriter.py::TestQueryRewriterShouldRewrite::test_should_rewrite_ambiguous_contract 
[gw2] [  3%] PASSED tests/test_conversation/test_rewriter.py::TestQueryRewriterShouldRewrite::test_should_rewrite_ambiguous_contract 
tests/test_conversation/test_rewriter.py::TestQueryRewriterShouldRewrite::test_should_rewrite_standalone_query 
[gw2] [  4%] PASSED tests/test_conversation/test_rewriter.py::TestQueryRewriterShouldRewrite::test_should_rewrite_standalone_query 
tests/test_conversation/test_rewriter.py::TestQueryRewriterShouldRewrite::test_should_rewrite_no_pronouns 
[gw2] [  4%] PASSED tests/test_conversation/test_rewriter.py::TestQueryRewriterShouldRewrite::test_should_rewrite_no_pronouns 
tests/test_conversation/test_rewriter.py::TestQueryRewriterRewrite::test_rewrite_with_history 
[gw2] [  4%] PASSED tests/test_conversation/test_rewriter.py::TestQueryRewriterRewrite::test_rewrite_with_history 
tests/test_conversation/test_rewriter.py::TestQueryRewriterRewrite::test_rewrite_empty_history 
[gw2] [  4%] PASSED tests/test_conversation/test_rewriter.py::TestQueryRewriterRewrite::test_rewrite_empty_history 
tests/test_conversation/test_rewriter.py::TestQueryRewriterRewrite::test_rewrite_no_history 
[gw2] [  4%] PASSED tests/test_conversation/test_rewriter.py::TestQueryRewriterRewrite::test_rewrite_no_history 
tests/test_conversation/test_rewriter.py::TestQueryRewriterRewrite::test_rewrite_fallback_on_error 
[gw2] [  4%] PASSED tests/test_conversation/test_rewriter.py::TestQueryRewriterRewrite::test_rewrite_fallback_on_error 
tests/test_conversation/test_rewriter.py::TestQueryRewriterRewrite::test_rewrite_limits_context_window 
[gw2] [  4%] PASSED tests/test_conversation/test_rewriter.py::TestQueryRewriterRewrite::test_rewrite_limits_context_window 
tests/test_conversation/test_rewriter.py::TestQueryRewriterFormatHistory::test_format_history_single_message 
[gw2] [  4%] PASSED tests/test_conversation/test_rewriter.py::TestQueryRewriterFormatHistory::test_format_history_single_message 
tests/test_conversation/test_rewriter.py::TestQueryRewriterFormatHistory::test_format_history_multiple_messages 
[gw2] [  4%] PASSED tests/test_conversation/test_rewriter.py::TestQueryRewriterFormatHistory::test_format_history_multiple_messages 
tests/test_conversation/test_rewriter.py::TestQueryRewriterFormatHistory::test_format_history_empty 
[gw2] [  4%] PASSED tests/test_conversation/test_rewriter.py::TestQueryRewriterFormatHistory::test_format_history_empty 
tests/test_conversation/test_rewriter.py::TestQueryRewriterCleanResponse::test_clean_response_strips_whitespace 
[gw2] [  4%] PASSED tests/test_conversation/test_rewriter.py::TestQueryRewriterCleanResponse::test_clean_response_strips_whitespace 
tests/test_conversation/test_rewriter.py::TestQueryRewriterCleanResponse::test_clean_response_removes_prefix 
[gw2] [  5%] PASSED tests/test_conversation/test_rewriter.py::TestQueryRewriterCleanResponse::test_clean_response_removes_prefix 
tests/test_conversation/test_rewriter.py::TestQueryRewriterCleanResponse::test_clean_response_removes_multiple_newlines 
[gw2] [  5%] PASSED tests/test_conversation/test_rewriter.py::TestQueryRewriterCleanResponse::test_clean_response_removes_multiple_newlines 
tests/test_conversation/test_rewriter.py::TestQueryRewriterIsValidRewrite::test_is_valid_good_rewrite 
[gw2] [  5%] PASSED tests/test_conversation/test_rewriter.py::TestQueryRewriterIsValidRewrite::test_is_valid_good_rewrite 
tests/test_conversation/test_rewriter.py::TestQueryRewriterIsValidRewrite::test_is_valid_empty_rewrite 
[gw2] [  5%] PASSED tests/test_conversation/test_rewriter.py::TestQueryRewriterIsValidRewrite::test_is_valid_empty_rewrite 
tests/test_conversation/test_rewriter.py::TestQueryRewriterIsValidRewrite::test_is_valid_whitespace_only 
[gw1] [  5%] PASSED tests/test_cli/test_errors.py::TestHandleCliErrorsEdgeCases::test_multiple_sequential_errors 
tests/test_cli/test_ingest_commands.py::TestIngestProgressCallback::test_ingest_progress_callback 
[gw2] [  5%] PASSED tests/test_conversation/test_rewriter.py::TestQueryRewriterIsValidRewrite::test_is_valid_whitespace_only 
tests/test_conversation/test_rewriter.py::TestQueryRewriterIsValidRewrite::test_is_valid_too_short 
[gw2] [  5%] PASSED tests/test_conversation/test_rewriter.py::TestQueryRewriterIsValidRewrite::test_is_valid_too_short 
tests/test_conversation/test_rewriter.py::TestQueryRewriterIsValidRewrite::test_is_valid_same_as_original 
[gw2] [  5%] PASSED tests/test_conversation/test_rewriter.py::TestQueryRewriterIsValidRewrite::test_is_valid_same_as_original 
tests/test_conversation/test_rewriter.py::TestQueryRewriterIsValidRewrite::test_is_valid_failure_pattern 
[gw2] [  5%] PASSED tests/test_conversation/test_rewriter.py::TestQueryRewriterIsValidRewrite::test_is_valid_failure_pattern 
tests/test_conversation/test_rewriter.py::TestQueryRewriterIsStandaloneQuery::test_is_standalone_no_pronouns 
[gw2] [  5%] PASSED tests/test_conversation/test_rewriter.py::TestQueryRewriterIsStandaloneQuery::test_is_standalone_no_pronouns 
tests/test_conversation/test_rewriter.py::TestQueryRewriterIsStandaloneQuery::test_is_standalone_with_it 
[gw2] [  5%] PASSED tests/test_conversation/test_rewriter.py::TestQueryRewriterIsStandaloneQuery::test_is_standalone_with_it 
tests/test_conversation/test_rewriter.py::TestQueryRewriterIsStandaloneQuery::test_is_standalone_with_this 
[gw2] [  5%] PASSED tests/test_conversation/test_rewriter.py::TestQueryRewriterIsStandaloneQuery::test_is_standalone_with_this 
tests/test_conversation/test_rewriter.py::TestQueryRewriterIsStandaloneQuery::test_is_standalone_with_contract 
[gw2] [  6%] PASSED tests/test_conversation/test_rewriter.py::TestQueryRewriterIsStandaloneQuery::test_is_standalone_with_contract 
tests/test_conversation/test_session.py::TestConversationSessionInit::test_session_init_with_defaults 
[gw2] [  6%] PASSED tests/test_conversation/test_session.py::TestConversationSessionInit::test_session_init_with_defaults 
tests/test_conversation/test_session.py::TestConversationSessionInit::test_session_init_with_custom_context_window 
[gw2] [  6%] PASSED tests/test_conversation/test_session.py::TestConversationSessionInit::test_session_init_with_custom_context_window 
tests/test_conversation/test_session.py::TestConversationSessionCreate::test_create_new_session 
[gw2] [  6%] PASSED tests/test_conversation/test_session.py::TestConversationSessionCreate::test_create_new_session 
tests/test_conversation/test_session.py::TestConversationSessionCreate::test_create_session_with_custom_context_window 
[gw2] [  6%] PASSED tests/test_conversation/test_session.py::TestConversationSessionCreate::test_create_session_with_custom_context_window 
tests/test_conversation/test_session.py::TestConversationSessionLoad::test_load_existing_session 
[gw2] [  6%] PASSED tests/test_conversation/test_session.py::TestConversationSessionLoad::test_load_existing_session 
tests/test_conversation/test_session.py::TestConversationSessionLoad::test_load_nonexistent_session 
[gw2] [  6%] PASSED tests/test_conversation/test_session.py::TestConversationSessionLoad::test_load_nonexistent_session 
tests/test_conversation/test_session.py::TestConversationSessionLoad::test_load_session_with_custom_context_window 
[gw2] [  6%] PASSED tests/test_conversation/test_session.py::TestConversationSessionLoad::test_load_session_with_custom_context_window 
tests/test_conversation/test_session.py::TestConversationSessionAddMessage::test_add_message_user 
[gw2] [  6%] PASSED tests/test_conversation/test_session.py::TestConversationSessionAddMessage::test_add_message_user 
tests/test_conversation/test_session.py::TestConversationSessionAddMessage::test_add_message_assistant 
[gw2] [  6%] PASSED tests/test_conversation/test_session.py::TestConversationSessionAddMessage::test_add_message_assistant 
tests/test_conversation/test_session.py::TestConversationSessionAddMessage::test_add_message_trims_when_exceeds_context_window 
[gw2] [  6%] PASSED tests/test_conversation/test_session.py::TestConversationSessionAddMessage::test_add_message_trims_when_exceeds_context_window 
tests/test_conversation/test_session.py::TestConversationSessionGetHistory::test_get_history_all_messages 
[gw2] [  7%] PASSED tests/test_conversation/test_session.py::TestConversationSessionGetHistory::test_get_history_all_messages 
tests/test_conversation/test_session.py::TestConversationSessionGetHistory::test_get_history_with_limit 
[gw2] [  7%] PASSED tests/test_conversation/test_session.py::TestConversationSessionGetHistory::test_get_history_with_limit 
tests/test_conversation/test_session.py::TestConversationSessionGetHistory::test_get_history_with_zero_limit 
[gw2] [  7%] PASSED tests/test_conversation/test_session.py::TestConversationSessionGetHistory::test_get_history_with_zero_limit 
tests/test_conversation/test_session.py::TestConversationSessionGetHistory::test_get_history_returns_copy 
[gw2] [  7%] PASSED tests/test_conversation/test_session.py::TestConversationSessionGetHistory::test_get_history_returns_copy 
tests/test_conversation/test_session.py::TestConversationSessionGetContextMessages::test_get_context_messages_respects_window 
[gw2] [  7%] PASSED tests/test_conversation/test_session.py::TestConversationSessionGetContextMessages::test_get_context_messages_respects_window 
tests/test_conversation/test_session.py::TestConversationSessionTrimContext::test_trim_context_when_exceeds_window 
[gw2] [  7%] PASSED tests/test_conversation/test_session.py::TestConversationSessionTrimContext::test_trim_context_when_exceeds_window 
tests/test_conversation/test_session.py::TestConversationSessionTrimContext::test_trim_context_no_op_when_within_window 
[gw2] [  7%] PASSED tests/test_conversation/test_session.py::TestConversationSessionTrimContext::test_trim_context_no_op_when_within_window 
tests/test_conversation/test_session.py::TestConversationSessionClearHistory::test_clear_history_empties_messages 
[gw2] [  7%] PASSED tests/test_conversation/test_session.py::TestConversationSessionClearHistory::test_clear_history_empties_messages 
tests/test_conversation/test_session.py::TestConversationSessionClearHistory::test_clear_history_preserves_session 
[gw2] [  7%] PASSED tests/test_conversation/test_session.py::TestConversationSessionClearHistory::test_clear_history_preserves_session 
tests/test_conversation/test_session.py::TestConversationSessionProperties::test_message_count 
[gw2] [  7%] PASSED tests/test_conversation/test_session.py::TestConversationSessionProperties::test_message_count 
tests/test_conversation/test_session.py::TestConversationSessionProperties::test_is_empty_true 
[gw2] [  7%] PASSED tests/test_conversation/test_session.py::TestConversationSessionProperties::test_is_empty_true 
tests/test_conversation/test_session.py::TestConversationSessionProperties::test_is_empty_false 
[gw2] [  7%] PASSED tests/test_conversation/test_session.py::TestConversationSessionProperties::test_is_empty_false 
tests/test_document/test_async_api.py::TestAsyncDocumentIngestor::test_async_context_manager 
[gw0] [  8%] PASSED tests/integration/test_mongo_real.py::TestMongoRealConnection::test_storage_real_mongo_connection 
tests/integration/test_mongo_real.py::TestMongoRealConnection::test_storage_real_store_and_retrieve 
[gw0] [  8%] PASSED tests/integration/test_mongo_real.py::TestMongoRealConnection::test_storage_real_store_and_retrieve 
tests/integration/test_mongo_real.py::TestMongoRealConnection::test_storage_real_batch_operations 
[gw0] [  8%] PASSED tests/integration/test_mongo_real.py::TestMongoRealConnection::test_storage_real_batch_operations 
tests/integration/test_mongo_real.py::TestMongoRealConnection::test_storage_real_search_similarity 
[gw1] [  8%] PASSED tests/test_cli/test_ingest_commands.py::TestIngestProgressCallback::test_ingest_progress_callback 
tests/test_cli/test_ingest_commands.py::TestIngestCoresValidation::test_ingest_cores_validation 
[gw0] [  8%] PASSED tests/integration/test_mongo_real.py::TestMongoRealConnection::test_storage_real_search_similarity 
tests/integration/test_mongo_real.py::TestMongoRealConnection::test_storage_real_filter_by_source 
[gw0] [  8%] PASSED tests/integration/test_mongo_real.py::TestMongoRealConnection::test_storage_real_filter_by_source 
tests/integration/test_mongo_real.py::TestMongoRealConnection::test_storage_real_filter_by_file_type 
[gw0] [  8%] PASSED tests/integration/test_mongo_real.py::TestMongoRealConnection::test_storage_real_filter_by_file_type 
tests/integration/test_mongo_real.py::TestMongoRealConnection::test_storage_real_delete_operations 
[gw0] [  8%] PASSED tests/integration/test_mongo_real.py::TestMongoRealConnection::test_storage_real_delete_operations 
tests/integration/test_mongo_real.py::TestMongoRealConnection::test_storage_real_pagination 
[gw0] [  8%] PASSED tests/integration/test_mongo_real.py::TestMongoRealConnection::test_storage_real_pagination 
tests/integration/test_mongo_real.py::TestMongoRealConnection::test_storage_real_concurrent_writes 
[gw0] [  8%] PASSED tests/integration/test_mongo_real.py::TestMongoRealConnection::test_storage_real_concurrent_writes 
tests/integration/test_mongo_real.py::TestMongoRealConnection::test_storage_real_connection_recovery 
[gw0] [  8%] PASSED tests/integration/test_mongo_real.py::TestMongoRealConnection::test_storage_real_connection_recovery 
tests/test_cli/test_chat_commands.py::TestChatCommands::test_single_turn_chat 
[gw0] [  9%] PASSED tests/test_cli/test_chat_commands.py::TestChatCommands::test_single_turn_chat 
tests/test_cli/test_chat_commands.py::TestChatCommands::test_interactive_chat_commands 
[gw0] [  9%] PASSED tests/test_cli/test_chat_commands.py::TestChatCommands::test_interactive_chat_commands 
tests/test_cli/test_chat_commands.py::TestChatCommands::test_interactive_chat_error_handling 
[gw0] [  9%] PASSED tests/test_cli/test_chat_commands.py::TestChatCommands::test_interactive_chat_error_handling 
tests/test_cli/test_chat_commands.py::TestChatCommands::test_list_sessions 
[gw0] [  9%] PASSED tests/test_cli/test_chat_commands.py::TestChatCommands::test_list_sessions 
tests/test_cli/test_chat_commands.py::TestChatCommands::test_delete_session 
[gw0] [  9%] PASSED tests/test_cli/test_chat_commands.py::TestChatCommands::test_delete_session 
tests/test_cli/test_chat_commands.py::TestChatCommands::test_check_llm 
[gw0] [  9%] PASSED tests/test_cli/test_chat_commands.py::TestChatCommands::test_check_llm 
tests/test_cli/test_cli.py::TestCLI::test_cli_help 
[gw0] [  9%] PASSED tests/test_cli/test_cli.py::TestCLI::test_cli_help 
tests/test_cli/test_cli.py::TestCLI::test_cli_verbose_flag 
[gw0] [  9%] PASSED tests/test_cli/test_cli.py::TestCLI::test_cli_verbose_flag 
tests/test_cli/test_cli.py::TestCLI::test_ingest_command 
[gw0] [  9%] PASSED tests/test_cli/test_cli.py::TestCLI::test_ingest_command 
tests/test_cli/test_cli.py::TestCLI::test_ingest_command_recursive 
[gw0] [  9%] PASSED tests/test_cli/test_cli.py::TestCLI::test_ingest_command_recursive 
tests/test_cli/test_cli.py::TestCLI::test_search_command 
[gw0] [  9%] PASSED tests/test_cli/test_cli.py::TestCLI::test_search_command 
tests/test_cli/test_cli.py::TestCLI::test_search_command_with_top_k 
[gw0] [ 10%] PASSED tests/test_cli/test_cli.py::TestCLI::test_search_command_with_top_k 
tests/test_cli/test_cli.py::TestCLI::test_delete_with_chunk_id 
[gw0] [ 10%] PASSED tests/test_cli/test_cli.py::TestCLI::test_delete_with_chunk_id 
tests/test_cli/test_cli.py::TestCLI::test_delete_all_with_confirmation 
[gw0] [ 10%] PASSED tests/test_cli/test_cli.py::TestCLI::test_delete_all_with_confirmation 
tests/test_cli/test_cli.py::TestCLI::test_delete_cancelled_by_user 
[gw0] [ 10%] PASSED tests/test_cli/test_cli.py::TestCLI::test_delete_cancelled_by_user 
tests/test_cli/test_cli.py::TestCLI::test_ingest_with_failed_files_displayed 
[gw0] [ 10%] PASSED tests/test_cli/test_cli.py::TestCLI::test_ingest_with_failed_files_displayed 
tests/test_cli/test_cli.py::TestCLI::test_search_verbose_format_empty_results 
[gw0] [ 10%] PASSED tests/test_cli/test_cli.py::TestCLI::test_search_verbose_format_empty_results 
tests/test_cli/test_cli.py::TestCLI::test_delete_validation_no_options 
[gw0] [ 10%] PASSED tests/test_cli/test_cli.py::TestCLI::test_delete_validation_no_options 
tests/test_cli/test_cli.py::TestCLI::test_delete_validation_multiple_options 
[gw0] [ 10%] PASSED tests/test_cli/test_cli.py::TestCLI::test_delete_validation_multiple_options 
tests/test_cli/test_cli.py::TestCLI::test_metrics_reset_command 
[gw0] [ 10%] PASSED tests/test_cli/test_cli.py::TestCLI::test_metrics_reset_command 
tests/test_cli/test_cli_edge_cases.py::TestCLIChunkValidation::test_ingest_with_custom_chunk_size 
[gw0] [ 10%] PASSED tests/test_cli/test_cli_edge_cases.py::TestCLIChunkValidation::test_ingest_with_custom_chunk_size 
tests/test_cli/test_cli_edge_cases.py::TestCLIChunkValidation::test_ingest_with_custom_chunk_overlap 
[gw0] [ 10%] PASSED tests/test_cli/test_cli_edge_cases.py::TestCLIChunkValidation::test_ingest_with_custom_chunk_overlap 
tests/test_cli/test_cli_edge_cases.py::TestCLIChunkValidation::test_ingest_with_both_chunk_options 
[gw0] [ 10%] PASSED tests/test_cli/test_cli_edge_cases.py::TestCLIChunkValidation::test_ingest_with_both_chunk_options 
tests/test_cli/test_cli_edge_cases.py::TestCLIBatchValidation::test_ingest_with_batch_size 
[gw0] [ 11%] PASSED tests/test_cli/test_cli_edge_cases.py::TestCLIBatchValidation::test_ingest_with_batch_size 
tests/test_cli/test_cli_edge_cases.py::TestCLIBatchValidation::test_ingest_with_batch_size_short_flag 
[gw0] [ 11%] PASSED tests/test_cli/test_cli_edge_cases.py::TestCLIBatchValidation::test_ingest_with_batch_size_short_flag 
tests/test_cli/test_cli_edge_cases.py::TestCLIBatchValidation::test_ingest_batch_size_zero 
[gw0] [ 11%] PASSED tests/test_cli/test_cli_edge_cases.py::TestCLIBatchValidation::test_ingest_batch_size_zero 
tests/test_cli/test_cli_edge_cases.py::TestCLIPaginationEdgeCases::test_list_with_large_limit 
[gw0] [ 11%] PASSED tests/test_cli/test_cli_edge_cases.py::TestCLIPaginationEdgeCases::test_list_with_large_limit 
tests/test_cli/test_cli_edge_cases.py::TestCLIPaginationEdgeCases::test_list_with_zero_limit 
[gw0] [ 11%] PASSED tests/test_cli/test_cli_edge_cases.py::TestCLIPaginationEdgeCases::test_list_with_zero_limit 
tests/test_cli/test_cli_edge_cases.py::TestCLIPaginationEdgeCases::test_list_with_negative_offset 
[gw0] [ 11%] PASSED tests/test_cli/test_cli_edge_cases.py::TestCLIPaginationEdgeCases::test_list_with_negative_offset 
tests/test_cli/test_cli_edge_cases.py::TestCLIJSONFormat::test_search_with_json_format 
[gw0] [ 11%] PASSED tests/test_cli/test_cli_edge_cases.py::TestCLIJSONFormat::test_search_with_json_format 
tests/test_cli/test_cli_edge_cases.py::TestCLIJSONFormat::test_search_json_format_with_empty_results 
[gw0] [ 11%] PASSED tests/test_cli/test_cli_edge_cases.py::TestCLIJSONFormat::test_search_json_format_with_empty_results 
tests/test_cli/test_cli_edge_cases.py::TestCLIJSONFormat::test_search_with_empty_results_table_format 
[gw0] [ 11%] PASSED tests/test_cli/test_cli_edge_cases.py::TestCLIJSONFormat::test_search_with_empty_results_table_format 
tests/test_cli/test_cli_edge_cases.py::TestCLIJSONFormat::test_search_with_low_score_results_filtered 
[gw0] [ 11%] PASSED tests/test_cli/test_cli_edge_cases.py::TestCLIJSONFormat::test_search_with_low_score_results_filtered 
tests/test_cli/test_cli_edge_cases.py::TestCLIJSONFormat::test_search_with_mixed_scores_applies_threshold 
[gw0] [ 11%] PASSED tests/test_cli/test_cli_edge_cases.py::TestCLIJSONFormat::test_search_with_mixed_scores_applies_threshold 
tests/test_cli/test_cli_edge_cases.py::TestCLIJSONFormat::test_search_min_score_option_defaults_to_0_3 
[gw0] [ 12%] PASSED tests/test_cli/test_cli_edge_cases.py::TestCLIJSONFormat::test_search_min_score_option_defaults_to_0_3 
tests/test_cli/test_cli_edge_cases.py::TestCLIJSONFormat::test_list_with_large_result_set 
[gw0] [ 12%] PASSED tests/test_cli/test_cli_edge_cases.py::TestCLIJSONFormat::test_list_with_large_result_set 
tests/test_cli/test_cli_edge_cases.py::TestCLILargeResultSets::test_list_handles_large_result_set 
[gw0] [ 12%] PASSED tests/test_cli/test_cli_edge_cases.py::TestCLILargeResultSets::test_list_handles_large_result_set 
tests/test_cli/test_cli_edge_cases.py::TestCLILargeResultSets::test_list_with_max_limit 
[gw0] [ 12%] PASSED tests/test_cli/test_cli_edge_cases.py::TestCLILargeResultSets::test_list_with_max_limit 
tests/test_cli/test_cli_edge_cases.py::TestCLIHealthEdgeCases::test_health_command_with_degraded_services 
[gw0] [ 12%] PASSED tests/test_cli/test_cli_edge_cases.py::TestCLIHealthEdgeCases::test_health_command_with_degraded_services 
tests/test_cli/test_cli_edge_cases.py::TestCLIHealthEdgeCases::test_health_command_json_format 
[gw0] [ 12%] PASSED tests/test_cli/test_cli_edge_cases.py::TestCLIHealthEdgeCases::test_health_command_json_format 
tests/test_cli/test_cli_edge_cases.py::TestCLIHealthEdgeCases::test_health_command_verbose_output 
[gw0] [ 12%] PASSED tests/test_cli/test_cli_edge_cases.py::TestCLIHealthEdgeCases::test_health_command_verbose_output 
tests/test_cli/test_cli_edge_cases.py::TestCLIValidationErrorHandling::test_validation_error_with_missing_source 
[gw0] [ 12%] PASSED tests/test_cli/test_cli_edge_cases.py::TestCLIValidationErrorHandling::test_validation_error_with_missing_source 
tests/test_cli/test_cli_edge_cases.py::TestCLIValidationErrorHandling::test_validation_error_with_missing_query 
[gw0] [ 12%] PASSED tests/test_cli/test_cli_edge_cases.py::TestCLIValidationErrorHandling::test_validation_error_with_missing_query 
tests/test_cli/test_cli_edge_cases.py::TestCLIValidationErrorHandling::test_validation_error_with_invalid_path 
[gw0] [ 12%] PASSED tests/test_cli/test_cli_edge_cases.py::TestCLIValidationErrorHandling::test_validation_error_with_invalid_path 
tests/test_cli/test_cli_edge_cases.py::TestCLISearchValidation::test_search_with_very_long_query 
[gw0] [ 12%] PASSED tests/test_cli/test_cli_edge_cases.py::TestCLISearchValidation::test_search_with_very_long_query 
tests/test_cli/test_cli_edge_cases.py::TestCLISearchValidation::test_search_with_special_characters 
[gw0] [ 12%] PASSED tests/test_cli/test_cli_edge_cases.py::TestCLISearchValidation::test_search_with_special_characters 
tests/test_cli/test_cli_edge_cases.py::TestCLISearchValidation::test_search_with_unicode_query 
[gw0] [ 13%] PASSED tests/test_cli/test_cli_edge_cases.py::TestCLISearchValidation::test_search_with_unicode_query 
tests/test_cli/test_display.py::TestDisplaySearchResults::test_display_search_results 
[gw0] [ 13%] PASSED tests/test_cli/test_display.py::TestDisplaySearchResults::test_display_search_results 
tests/test_cli/test_display.py::TestDisplaySearchResults::test_display_search_results_empty 
[gw0] [ 13%] PASSED tests/test_cli/test_display.py::TestDisplaySearchResults::test_display_search_results_empty 
tests/test_cli/test_display.py::TestDisplaySearchResults::test_display_search_results_multiple 
[gw0] [ 13%] PASSED tests/test_cli/test_display.py::TestDisplaySearchResults::test_display_search_results_multiple 
tests/test_cli/test_display.py::TestDisplaySearchResults::test_display_search_results_score_formatting 
[gw0] [ 13%] PASSED tests/test_cli/test_display.py::TestDisplaySearchResults::test_display_search_results_score_formatting 
tests/test_cli/test_display.py::TestDisplaySearchResults::test_display_search_results_json_format 
[gw0] [ 13%] PASSED tests/test_cli/test_display.py::TestDisplaySearchResults::test_display_search_results_json_format 
tests/test_cli/test_display.py::TestDisplaySearchResults::test_display_search_results_below_threshold 
[gw0] [ 13%] PASSED tests/test_cli/test_display.py::TestDisplaySearchResults::test_display_search_results_below_threshold 
tests/test_cli/test_display.py::TestDisplayListResults::test_display_list_results 
[gw0] [ 13%] PASSED tests/test_cli/test_display.py::TestDisplayListResults::test_display_list_results 
tests/test_cli/test_display.py::TestDisplayListResults::test_display_list_results_no_documents 
[gw0] [ 13%] PASSED tests/test_cli/test_display.py::TestDisplayListResults::test_display_list_results_no_documents 
tests/test_cli/test_display.py::TestDisplayListResults::test_display_list_results_pagination_indicators 
[gw0] [ 13%] PASSED tests/test_cli/test_display.py::TestDisplayListResults::test_display_list_results_pagination_indicators 
tests/test_cli/test_display.py::TestDisplayStatus::test_display_status 
[gw0] [ 13%] PASSED tests/test_cli/test_display.py::TestDisplayStatus::test_display_status 
tests/test_cli/test_display.py::TestDisplayStatus::test_display_status_zero_documents 
[gw0] [ 14%] PASSED tests/test_cli/test_display.py::TestDisplayStatus::test_display_status_zero_documents 
tests/test_cli/test_display.py::TestDisplayStatus::test_display_status_large_dataset 
[gw0] [ 14%] PASSED tests/test_cli/test_display.py::TestDisplayStatus::test_display_status_large_dataset 
tests/test_cli/test_display.py::TestDisplayHealthStatus::test_display_health_status 
[gw0] [ 14%] PASSED tests/test_cli/test_display.py::TestDisplayHealthStatus::test_display_health_status 
tests/test_cli/test_display.py::TestDisplayHealthStatus::test_display_health_status_all_healthy 
[gw0] [ 14%] PASSED tests/test_cli/test_display.py::TestDisplayHealthStatus::test_display_health_status_all_healthy 
tests/test_document/test_ingestion_validation.py::TestDocumentIngestorPathValidation::test_validate_file_path_accepts_valid_path 
[gw2] [ 14%] PASSED tests/test_document/test_async_api.py::TestAsyncDocumentIngestor::test_async_context_manager 
tests/test_document/test_ingestion.py::test_is_supported_invalid 
[gw2] [ 14%] PASSED tests/test_document/test_ingestion.py::test_is_supported_invalid 
tests/test_document/test_ingestion.py::test_get_file_type_pdf 
[gw2] [ 14%] PASSED tests/test_document/test_ingestion.py::test_get_file_type_pdf 
tests/test_document/test_ingestion.py::test_get_file_type_docx 
[gw2] [ 14%] PASSED tests/test_document/test_ingestion.py::test_get_file_type_docx 
tests/test_document/test_ingestion.py::test_get_file_type_markdown 
[gw2] [ 14%] PASSED tests/test_document/test_ingestion.py::test_get_file_type_markdown 
tests/test_document/test_ingestion.py::test_get_file_type_image 
[gw2] [ 14%] PASSED tests/test_document/test_ingestion.py::test_get_file_type_image 
tests/test_document/test_ingestion.py::test_get_file_type_unknown 
[gw2] [ 14%] PASSED tests/test_document/test_ingestion.py::test_get_file_type_unknown 
tests/test_document/test_ingestion.py::TestDocumentIngestor::test_init 
[gw2] [ 15%] PASSED tests/test_document/test_ingestion.py::TestDocumentIngestor::test_init 
tests/test_document/test_ingestion.py::TestDocumentIngestor::test_init_defaults 
[gw2] [ 15%] PASSED tests/test_document/test_ingestion.py::TestDocumentIngestor::test_init_defaults 
tests/test_document/test_ingestion.py::TestDocumentIngestor::test_ingest_nonexistent_file 
[gw2] [ 15%] PASSED tests/test_document/test_ingestion.py::TestDocumentIngestor::test_ingest_nonexistent_file 
tests/test_document/test_ingestion.py::TestDocumentIngestor::test_ingest_empty_directory 
[gw3] [ 15%] PASSED tests/test_document/test_async_api.py::TestAsyncDocumentIngestor::test_async_exit_returns_none 
tests/test_document/test_async_api_extended.py::TestAsyncDocumentIngestorCoverage::test_ingest_async_empty_files 
[gw2] [ 15%] PASSED tests/test_document/test_ingestion.py::TestDocumentIngestor::test_ingest_empty_directory 
tests/test_document/test_ingestion.py::TestDocumentIngestor::test_chunk_text_simple 
[gw2] [ 15%] PASSED tests/test_document/test_ingestion.py::TestDocumentIngestor::test_chunk_text_simple 
tests/test_document/test_ingestion.py::TestDocumentIngestor::test_chunk_text_exact_size 
[gw3] [ 15%] PASSED tests/test_document/test_async_api_extended.py::TestAsyncDocumentIngestorCoverage::test_ingest_async_empty_files 
tests/test_document/test_async_api_extended.py::TestAsyncDocumentIngestorCoverage::test_ingest_async_with_semaphore 
[gw2] [ 15%] PASSED tests/test_document/test_ingestion.py::TestDocumentIngestor::test_chunk_text_exact_size 
tests/test_document/test_ingestion.py::TestDocumentIngestor::test_chunk_text_multiple_chunks 
[gw3] [ 15%] PASSED tests/test_document/test_async_api_extended.py::TestAsyncDocumentIngestorCoverage::test_ingest_async_with_semaphore 
tests/test_document/test_async_api_extended.py::TestAsyncDocumentIngestorCoverage::test_process_with_semaphore_async 
[gw2] [ 15%] PASSED tests/test_document/test_ingestion.py::TestDocumentIngestor::test_chunk_text_multiple_chunks 
tests/test_document/test_ingestion.py::TestDocumentIngestor::test_chunk_text_empty_segment 
[gw3] [ 15%] PASSED tests/test_document/test_async_api_extended.py::TestAsyncDocumentIngestorCoverage::test_process_with_semaphore_async 
tests/test_document/test_chunking.py::TestChunkSegmentsBoundaryCases::test_chunk_segments_empty_text 
[gw2] [ 15%] PASSED tests/test_document/test_ingestion.py::TestDocumentIngestor::test_chunk_text_empty_segment 
tests/test_document/test_ingestion.py::test_ingest_with_recursive 
[gw3] [ 16%] PASSED tests/test_document/test_chunking.py::TestChunkSegmentsBoundaryCases::test_chunk_segments_empty_text 
tests/test_document/test_chunking.py::TestChunkSegmentsBoundaryCases::test_chunk_segments_whitespace_only 
[gw3] [ 16%] PASSED tests/test_document/test_chunking.py::TestChunkSegmentsBoundaryCases::test_chunk_segments_whitespace_only 
tests/test_document/test_chunking.py::TestChunkSegmentsBoundaryCases::test_chunk_segments_single_word_shorter_than_chunk 
[gw3] [ 16%] PASSED tests/test_document/test_chunking.py::TestChunkSegmentsBoundaryCases::test_chunk_segments_single_word_shorter_than_chunk 
tests/test_document/test_chunking.py::TestChunkSegmentsBoundaryCases::test_chunk_segments_single_word_exact_chunk_size 
[gw3] [ 16%] PASSED tests/test_document/test_chunking.py::TestChunkSegmentsBoundaryCases::test_chunk_segments_single_word_exact_chunk_size 
tests/test_document/test_chunking.py::TestChunkSegmentsBoundaryCases::test_chunk_segments_exact_boundary_no_overlap 
[gw3] [ 16%] PASSED tests/test_document/test_chunking.py::TestChunkSegmentsBoundaryCases::test_chunk_segments_exact_boundary_no_overlap 
tests/test_document/test_chunking.py::TestChunkSegmentsBoundaryCases::test_chunk_segments_single_character 
[gw3] [ 16%] PASSED tests/test_document/test_chunking.py::TestChunkSegmentsBoundaryCases::test_chunk_segments_single_character 
tests/test_document/test_chunking.py::TestChunkSegmentsBoundaryCases::test_chunk_segments_newline_only 
[gw3] [ 16%] PASSED tests/test_document/test_chunking.py::TestChunkSegmentsBoundaryCases::test_chunk_segments_newline_only 
tests/test_document/test_chunking.py::TestChunkSegmentsOverlapValidation::test_chunk_segments_overlap_preserves_context 
[gw3] [ 16%] PASSED tests/test_document/test_chunking.py::TestChunkSegmentsOverlapValidation::test_chunk_segments_overlap_preserves_context 
tests/test_document/test_chunking.py::TestChunkSegmentsOverlapValidation::test_chunk_segments_overlap_size_validation 
[gw3] [ 16%] PASSED tests/test_document/test_chunking.py::TestChunkSegmentsOverlapValidation::test_chunk_segments_overlap_size_validation 
tests/test_document/test_chunking.py::TestChunkSegmentsOverlapValidation::test_chunk_segments_zero_overlap 
[gw3] [ 16%] PASSED tests/test_document/test_chunking.py::TestChunkSegmentsOverlapValidation::test_chunk_segments_zero_overlap 
tests/test_document/test_chunking.py::TestChunkSegmentsOverlapValidation::test_chunk_segments_large_overlap 
[gw3] [ 16%] PASSED tests/test_document/test_chunking.py::TestChunkSegmentsOverlapValidation::test_chunk_segments_large_overlap 
tests/test_document/test_chunking.py::TestChunkSegmentsLargeDocuments::test_chunk_segments_large_document_100k_chars 
[gw3] [ 17%] PASSED tests/test_document/test_chunking.py::TestChunkSegmentsLargeDocuments::test_chunk_segments_large_document_100k_chars 
tests/test_document/test_chunking.py::TestChunkSegmentsLargeDocuments::test_chunk_segments_large_document_multiple_pages 
[gw3] [ 17%] PASSED tests/test_document/test_chunking.py::TestChunkSegmentsLargeDocuments::test_chunk_segments_large_document_multiple_pages 
tests/test_document/test_chunking.py::TestChunkSegmentsLargeDocuments::test_chunk_segments_large_document_memory_efficiency 
[gw3] [ 17%] PASSED tests/test_document/test_chunking.py::TestChunkSegmentsLargeDocuments::test_chunk_segments_large_document_memory_efficiency 
tests/test_document/test_chunking.py::TestChunkSegmentsMultilineHandling::test_chunk_segments_paragraphs_preserved 
[gw3] [ 17%] PASSED tests/test_document/test_chunking.py::TestChunkSegmentsMultilineHandling::test_chunk_segments_paragraphs_preserved 
tests/test_document/test_chunking.py::TestChunkSegmentsMultilineHandling::test_chunk_segments_newlines_stripped 
[gw3] [ 17%] PASSED tests/test_document/test_chunking.py::TestChunkSegmentsMultilineHandling::test_chunk_segments_newlines_stripped 
tests/test_document/test_chunking.py::TestChunkSegmentsMultilineHandling::test_chunk_segments_multiple_newlines_between_words 
[gw3] [ 17%] PASSED tests/test_document/test_chunking.py::TestChunkSegmentsMultilineHandling::test_chunk_segments_multiple_newlines_between_words 
tests/test_document/test_chunking.py::TestChunkSegmentsMultilineHandling::test_chunk_segments_mixed_whitespace 
[gw3] [ 17%] PASSED tests/test_document/test_chunking.py::TestChunkSegmentsMultilineHandling::test_chunk_segments_mixed_whitespace 
tests/test_document/test_chunking.py::TestChunkSegmentsUnicode::test_chunk_segments_unicode_accented_characters 
[gw3] [ 17%] PASSED tests/test_document/test_chunking.py::TestChunkSegmentsUnicode::test_chunk_segments_unicode_accented_characters 
tests/test_document/test_chunking.py::TestChunkSegmentsUnicode::test_chunk_segments_emojis 
[gw3] [ 17%] PASSED tests/test_document/test_chunking.py::TestChunkSegmentsUnicode::test_chunk_segments_emojis 
tests/test_document/test_chunking.py::TestChunkSegmentsUnicode::test_chunk_segments_cjk_characters 
[gw3] [ 17%] PASSED tests/test_document/test_chunking.py::TestChunkSegmentsUnicode::test_chunk_segments_cjk_characters 
tests/test_document/test_chunking.py::TestChunkSegmentsUnicode::test_chunk_segments_mixed_unicode 
[gw2] [ 17%] PASSED tests/test_document/test_ingestion.py::test_ingest_with_recursive 
tests/test_document/test_ingestion.py::test_is_supported_case_sensitivity 
[gw2] [ 17%] PASSED tests/test_document/test_ingestion.py::test_is_supported_case_sensitivity 
tests/test_document/test_ingestion.py::TestDocumentIngestionSpecRequirements::test_ingest_with_custom_chunk_size 
[gw3] [ 18%] PASSED tests/test_document/test_chunking.py::TestChunkSegmentsUnicode::test_chunk_segments_mixed_unicode 
tests/test_document/test_chunking.py::TestChunkSegmentsUnicode::test_chunk_segments_rtl_text 
[gw2] [ 18%] PASSED tests/test_document/test_ingestion.py::TestDocumentIngestionSpecRequirements::test_ingest_with_custom_chunk_size 
tests/test_document/test_ingestion.py::TestDocumentIngestionSpecRequirements::test_ingest_with_custom_chunk_overlap 
[gw3] [ 18%] PASSED tests/test_document/test_chunking.py::TestChunkSegmentsUnicode::test_chunk_segments_rtl_text 
tests/test_document/test_chunking.py::TestDeduplicateAndChunkSegments::test_deduplicate_and_chunk_segments_identical_segments 
[gw2] [ 18%] PASSED tests/test_document/test_ingestion.py::TestDocumentIngestionSpecRequirements::test_ingest_with_custom_chunk_overlap 
tests/test_document/test_ingestion.py::TestDocumentIngestionSpecRequirements::test_ingest_batch_processing 
[gw3] [ 18%] PASSED tests/test_document/test_chunking.py::TestDeduplicateAndChunkSegments::test_deduplicate_and_chunk_segments_identical_segments 
tests/test_document/test_chunking.py::TestDeduplicateAndChunkSegments::test_deduplicate_and_chunk_segments_whitespace_differences 
[gw2] [ 18%] PASSED tests/test_document/test_ingestion.py::TestDocumentIngestionSpecRequirements::test_ingest_batch_processing 
tests/test_document/test_ingestion.py::TestDocumentIngestionSpecRequirements::test_supported_file_types_all_specified 
[gw2] [ 18%] PASSED tests/test_document/test_ingestion.py::TestDocumentIngestionSpecRequirements::test_supported_file_types_all_specified 
tests/test_document/test_ingestion.py::TestDocumentIngestionSpecRequirements::test_get_file_type_all_specified_formats 
[gw2] [ 18%] PASSED tests/test_document/test_ingestion.py::TestDocumentIngestionSpecRequirements::test_get_file_type_all_specified_formats 
tests/test_document/test_ingestion.py::TestDocumentIngestionSpecRequirements::test_rejects_unsupported_format_with_clear_error 
[gw2] [ 18%] PASSED tests/test_document/test_ingestion.py::TestDocumentIngestionSpecRequirements::test_rejects_unsupported_format_with_clear_error 
tests/test_document/test_ingestion.py::TestDocumentIngestionSpecRequirements::test_ingest_with_recursive_flag 
[gw3] [ 18%] PASSED tests/test_document/test_chunking.py::TestDeduplicateAndChunkSegments::test_deduplicate_and_chunk_segments_whitespace_differences 
tests/test_document/test_chunking.py::TestDeduplicateAndChunkSegments::test_deduplicate_and_chunk_segments_preserves_page 
[gw3] [ 18%] PASSED tests/test_document/test_chunking.py::TestDeduplicateAndChunkSegments::test_deduplicate_and_chunk_segments_preserves_page 
tests/test_document/test_chunking.py::TestDeduplicateAndChunkSegments::test_deduplicate_and_chunk_segments_text_hash_included 
[gw3] [ 19%] PASSED tests/test_document/test_chunking.py::TestDeduplicateAndChunkSegments::test_deduplicate_and_chunk_segments_text_hash_included 
tests/test_document/test_chunking.py::TestDeduplicateAndChunkSegments::test_deduplicate_and_chunk_segments_empty_segments_skipped 
[gw3] [ 19%] PASSED tests/test_document/test_chunking.py::TestDeduplicateAndChunkSegments::test_deduplicate_and_chunk_segments_empty_segments_skipped 
tests/test_document/test_chunking.py::TestDeduplicateWhitespaceVariations::test_deduplicate_whitespace_variations_normalization 
[gw3] [ 19%] PASSED tests/test_document/test_chunking.py::TestDeduplicateWhitespaceVariations::test_deduplicate_whitespace_variations_normalization 
tests/test_document/test_chunking.py::TestDeduplicateWhitespaceVariations::test_deduplicate_whitespace_variations_preserves_meaningful_diffs 
[gw3] [ 19%] PASSED tests/test_document/test_chunking.py::TestDeduplicateWhitespaceVariations::test_deduplicate_whitespace_variations_preserves_meaningful_diffs 
tests/test_document/test_chunking.py::TestDeduplicateWhitespaceVariations::test_deduplicate_whitespace_variations_leading_trailing 
[gw3] [ 19%] PASSED tests/test_document/test_chunking.py::TestDeduplicateWhitespaceVariations::test_deduplicate_whitespace_variations_leading_trailing 
tests/test_document/test_chunking.py::TestDeduplicateWhitespaceVariations::test_deduplicate_whitespace_variations_complex_normalization 
[gw3] [ 19%] PASSED tests/test_document/test_chunking.py::TestDeduplicateWhitespaceVariations::test_deduplicate_whitespace_variations_complex_normalization 
tests/test_document/test_coverage_gaps.py::TestWorkerInitialization::test_init_worker_basic 
[gw3] [ 19%] PASSED tests/test_document/test_coverage_gaps.py::TestWorkerInitialization::test_init_worker_basic 
tests/test_document/test_coverage_gaps.py::TestWorkerInitialization::test_init_worker_with_queue 
[gw3] [ 19%] PASSED tests/test_document/test_coverage_gaps.py::TestWorkerInitialization::test_init_worker_with_queue 
tests/test_document/test_coverage_gaps.py::TestExtractSegmentsEdgeCases::test_extract_segments_empty_text 
[gw3] [ 19%] PASSED tests/test_document/test_coverage_gaps.py::TestExtractSegmentsEdgeCases::test_extract_segments_empty_text 
tests/test_document/test_coverage_gaps.py::TestExtractSegmentsEdgeCases::test_extract_segments_no_page_info 
[gw3] [ 19%] PASSED tests/test_document/test_coverage_gaps.py::TestExtractSegmentsEdgeCases::test_extract_segments_no_page_info 
tests/test_document/test_coverage_gaps.py::TestExtractSegmentsEdgeCases::test_extract_segments_fallback_read 
[gw3] [ 19%] PASSED tests/test_document/test_coverage_gaps.py::TestExtractSegmentsEdgeCases::test_extract_segments_fallback_read 
tests/test_document/test_coverage_gaps.py::TestExtractionPipeline::test_extract_and_chunk_file_success 
[gw3] [ 20%] PASSED tests/test_document/test_coverage_gaps.py::TestExtractionPipeline::test_extract_and_chunk_file_success 
tests/test_document/test_coverage_gaps.py::TestExtractionPipeline::test_extract_and_chunk_file_no_segments_fallback 
[gw3] [ 20%] PASSED tests/test_document/test_coverage_gaps.py::TestExtractionPipeline::test_extract_and_chunk_file_no_segments_fallback 
tests/test_document/test_coverage_gaps.py::TestChunkSegmentsEdgeCases::test_chunk_segments_empty_text 
[gw3] [ 20%] PASSED tests/test_document/test_coverage_gaps.py::TestChunkSegmentsEdgeCases::test_chunk_segments_empty_text 
tests/test_document/test_coverage_gaps.py::TestChunkSegmentsEdgeCases::test_chunk_segments_word_boundary 
[gw3] [ 20%] PASSED tests/test_document/test_coverage_gaps.py::TestChunkSegmentsEdgeCases::test_chunk_segments_word_boundary 
tests/test_document/test_coverage_gaps.py::TestChunkSegmentsEdgeCases::test_chunk_segments_overlap 
[gw3] [ 20%] PASSED tests/test_document/test_coverage_gaps.py::TestChunkSegmentsEdgeCases::test_chunk_segments_overlap 
tests/test_document/test_coverage_gaps.py::TestDeduplicationAndEmptyResults::test_extract_and_chunk_duplicate_removal 
[gw3] [ 20%] PASSED tests/test_document/test_coverage_gaps.py::TestDeduplicationAndEmptyResults::test_extract_and_chunk_duplicate_removal 
tests/test_document/test_coverage_gaps.py::TestDeduplicationAndEmptyResults::test_extract_and_chunk_empty_after_dedup 
[gw3] [ 20%] PASSED tests/test_document/test_coverage_gaps.py::TestDeduplicationAndEmptyResults::test_extract_and_chunk_empty_after_dedup 
tests/test_document/test_coverage_gaps.py::TestDeduplicationAndEmptyResults::test_extract_chunk_and_embed_duplicate_removal 
[gw3] [ 20%] PASSED tests/test_document/test_coverage_gaps.py::TestDeduplicationAndEmptyResults::test_extract_chunk_and_embed_duplicate_removal 
tests/test_document/test_coverage_gaps.py::TestDeduplicationAndEmptyResults::test_extract_chunk_and_embed_empty_after_dedup 
[gw3] [ 20%] PASSED tests/test_document/test_coverage_gaps.py::TestDeduplicationAndEmptyResults::test_extract_chunk_and_embed_empty_after_dedup 
tests/test_document/test_coverage_gaps.py::TestDeduplicationAndEmptyResults::test_extract_and_chunk_file_with_progress_success 
[gw3] [ 20%] PASSED tests/test_document/test_coverage_gaps.py::TestDeduplicationAndEmptyResults::test_extract_and_chunk_file_with_progress_success 
tests/test_document/test_coverage_gaps.py::TestDeduplicationAndEmptyResults::test_extract_and_chunk_file_error_handling 
[gw3] [ 20%] PASSED tests/test_document/test_coverage_gaps.py::TestDeduplicationAndEmptyResults::test_extract_and_chunk_file_error_handling 
tests/test_document/test_coverage_gaps.py::TestGlobalStateReset::test_worker_globals_can_be_reset 
[gw3] [ 20%] PASSED tests/test_document/test_coverage_gaps.py::TestGlobalStateReset::test_worker_globals_can_be_reset 
tests/test_document/test_doc_validation.py::TestValidateFilePath::test_validate_file_path_traversal 
[gw3] [ 21%] PASSED tests/test_document/test_doc_validation.py::TestValidateFilePath::test_validate_file_path_traversal 
tests/test_document/test_doc_validation.py::TestValidateFilePath::test_validate_file_path_encoded 
[gw3] [ 21%] PASSED tests/test_document/test_doc_validation.py::TestValidateFilePath::test_validate_file_path_encoded 
tests/test_document/test_doc_validation.py::TestValidateFileSize::test_validate_file_size_exceeds 
[gw3] [ 21%] PASSED tests/test_document/test_doc_validation.py::TestValidateFileSize::test_validate_file_size_exceeds 
tests/test_document/test_doc_validation.py::TestValidateFileSize::test_validate_file_size_within_limit 
[gw2] [ 21%] PASSED tests/test_document/test_ingestion.py::TestDocumentIngestionSpecRequirements::test_ingest_with_recursive_flag 
tests/test_document/test_ingestion.py::TestDocumentIngestionSpecRequirements::test_empty_text_handling 
[gw2] [ 21%] PASSED tests/test_document/test_ingestion.py::TestDocumentIngestionSpecRequirements::test_empty_text_handling 
tests/test_document/test_ingestion.py::TestChunkTextEdgeCases::test_chunk_text_whitespace_only_produces_no_chunks 
[gw3] [ 21%] PASSED tests/test_document/test_doc_validation.py::TestValidateFileSize::test_validate_file_size_within_limit 
tests/test_document/test_doc_validation.py::TestResolveCoreCount::test_resolve_core_count_auto 
[gw2] [ 21%] PASSED tests/test_document/test_ingestion.py::TestChunkTextEdgeCases::test_chunk_text_whitespace_only_produces_no_chunks 
tests/test_document/test_ingestion.py::TestChunkTextEdgeCases::test_chunk_text_single_page_numbers_preserved 
[gw3] [ 21%] PASSED tests/test_document/test_doc_validation.py::TestResolveCoreCount::test_resolve_core_count_auto 
tests/test_document/test_doc_validation.py::TestResolveCoreCount::test_resolve_core_count_clamped 
[gw2] [ 21%] PASSED tests/test_document/test_ingestion.py::TestChunkTextEdgeCases::test_chunk_text_single_page_numbers_preserved 
tests/test_document/test_ingestion.py::TestChunkTextEdgeCases::test_chunk_text_larger_overlap 
[gw3] [ 21%] PASSED tests/test_document/test_doc_validation.py::TestResolveCoreCount::test_resolve_core_count_clamped 
tests/test_document/test_doc_validation.py::TestResolveCoreCount::test_resolve_core_count_invalid 
[gw2] [ 21%] PASSED tests/test_document/test_ingestion.py::TestChunkTextEdgeCases::test_chunk_text_larger_overlap 
tests/test_document/test_ingestion.py::TestDocumentIngestorExtractText::test_extract_text_empty_text_item 
[gw3] [ 22%] PASSED tests/test_document/test_doc_validation.py::TestResolveCoreCount::test_resolve_core_count_invalid 
tests/test_document/test_document_types.py::TestOfficeFormats::test_docx_file_type_detection 
[gw3] [ 22%] PASSED tests/test_document/test_document_types.py::TestOfficeFormats::test_docx_file_type_detection 
tests/test_document/test_document_types.py::TestOfficeFormats::test_docx_is_supported 
[gw3] [ 22%] PASSED tests/test_document/test_document_types.py::TestOfficeFormats::test_docx_is_supported 
tests/test_document/test_document_types.py::TestOfficeFormats::test_docx_ingestion 
[gw3] [ 22%] PASSED tests/test_document/test_document_types.py::TestOfficeFormats::test_docx_ingestion 
tests/test_document/test_document_types.py::TestOfficeFormats::test_pptx_file_type_detection 
[gw3] [ 22%] PASSED tests/test_document/test_document_types.py::TestOfficeFormats::test_pptx_file_type_detection 
tests/test_document/test_document_types.py::TestOfficeFormats::test_pptx_is_supported 
[gw3] [ 22%] PASSED tests/test_document/test_document_types.py::TestOfficeFormats::test_pptx_is_supported 
tests/test_document/test_document_types.py::TestOfficeFormats::test_pptx_ingestion 
[gw3] [ 22%] PASSED tests/test_document/test_document_types.py::TestOfficeFormats::test_pptx_ingestion 
tests/test_document/test_document_types.py::TestOfficeFormats::test_xlsx_file_type_detection 
[gw2] [ 22%] PASSED tests/test_document/test_ingestion.py::TestDocumentIngestorExtractText::test_extract_text_empty_text_item 
tests/test_document/test_ingestion.py::TestDocumentIngestorExtractText::test_extract_text_with_fallback 
[gw3] [ 22%] PASSED tests/test_document/test_document_types.py::TestOfficeFormats::test_xlsx_file_type_detection 
tests/test_document/test_document_types.py::TestOfficeFormats::test_xlsx_is_supported 
[gw3] [ 22%] PASSED tests/test_document/test_document_types.py::TestOfficeFormats::test_xlsx_is_supported 
tests/test_document/test_document_types.py::TestOfficeFormats::test_xlsx_ingestion 
[gw3] [ 22%] PASSED tests/test_document/test_document_types.py::TestOfficeFormats::test_xlsx_ingestion 
tests/test_document/test_document_types.py::TestWebFormats::test_html_file_type_detection 
[gw3] [ 22%] PASSED tests/test_document/test_document_types.py::TestWebFormats::test_html_file_type_detection 
tests/test_document/test_document_types.py::TestWebFormats::test_html_is_supported 
[gw3] [ 23%] PASSED tests/test_document/test_document_types.py::TestWebFormats::test_html_is_supported 
tests/test_domain/test_value_objects.py::TestPageNumber::test_negative_page_rejected 
[gw3] [ 23%] PASSED tests/test_domain/test_value_objects.py::TestPageNumber::test_negative_page_rejected 
tests/test_domain/test_value_objects.py::TestPageNumber::test_int_conversion 
[gw3] [ 23%] PASSED tests/test_domain/test_value_objects.py::TestPageNumber::test_int_conversion 
tests/test_domain/test_value_objects.py::TestPageNumber::test_multi_digit_page 
[gw3] [ 23%] PASSED tests/test_domain/test_value_objects.py::TestPageNumber::test_multi_digit_page 
tests/test_domain/test_value_objects.py::TestPageNumber::test_frozen_immutability 
[gw3] [ 23%] PASSED tests/test_domain/test_value_objects.py::TestPageNumber::test_frozen_immutability 
tests/test_embedding/test_embedding_edge_cases.py::TestLocalEmbeddingGeneratorEdgeCases::test_close_with_none_model 
[gw3] [ 23%] PASSED tests/test_embedding/test_embedding_edge_cases.py::TestLocalEmbeddingGeneratorEdgeCases::test_close_with_none_model 
tests/test_embedding/test_embedding_edge_cases.py::TestLocalEmbeddingGeneratorEdgeCases::test_close_with_active_model 
[gw3] [ 23%] PASSED tests/test_embedding/test_embedding_edge_cases.py::TestLocalEmbeddingGeneratorEdgeCases::test_close_with_active_model 
tests/test_embedding/test_embedding_edge_cases.py::TestLocalEmbeddingGeneratorEdgeCases::test_close_idempotent 
[gw3] [ 23%] PASSED tests/test_embedding/test_embedding_edge_cases.py::TestLocalEmbeddingGeneratorEdgeCases::test_close_idempotent 
tests/test_embedding/test_embedding_edge_cases.py::TestLocalEmbeddingGeneratorEdgeCases::test_generate_with_empty_text 
[gw3] [ 23%] PASSED tests/test_embedding/test_embedding_edge_cases.py::TestLocalEmbeddingGeneratorEdgeCases::test_generate_with_empty_text 
tests/test_embedding/test_embedding_edge_cases.py::TestLocalEmbeddingGeneratorEdgeCases::test_generate_batch_with_empty_list 
[gw3] [ 23%] PASSED tests/test_embedding/test_embedding_edge_cases.py::TestLocalEmbeddingGeneratorEdgeCases::test_generate_batch_with_empty_list 
tests/test_embedding/test_embedding_edge_cases.py::TestLocalEmbeddingGeneratorEdgeCases::test_generate_batch_with_all_empty_strings 
[gw3] [ 23%] PASSED tests/test_embedding/test_embedding_edge_cases.py::TestLocalEmbeddingGeneratorEdgeCases::test_generate_batch_with_all_empty_strings 
tests/test_embedding/test_embedding_edge_cases.py::TestLocalEmbeddingGeneratorEdgeCases::test_model_property_creates_on_first_access 
[gw3] [ 24%] PASSED tests/test_embedding/test_embedding_edge_cases.py::TestLocalEmbeddingGeneratorEdgeCases::test_model_property_creates_on_first_access 
tests/test_embedding/test_embedding_edge_cases.py::TestLocalEmbeddingGeneratorEdgeCases::test_model_property_reuses_existing 
[gw3] [ 24%] PASSED tests/test_embedding/test_embedding_edge_cases.py::TestLocalEmbeddingGeneratorEdgeCases::test_model_property_reuses_existing 
tests/test_embedding/test_embedding_edge_cases.py::TestLocalEmbeddingGeneratorEdgeCases::test_init_with_custom_model_name 
[gw3] [ 24%] PASSED tests/test_embedding/test_embedding_edge_cases.py::TestLocalEmbeddingGeneratorEdgeCases::test_init_with_custom_model_name 
tests/test_embedding/test_local_generation.py::TestEmbeddingModelLoading::test_embedding_model_loading 
[gw3] [ 24%] PASSED tests/test_embedding/test_local_generation.py::TestEmbeddingModelLoading::test_embedding_model_loading 
tests/test_embedding/test_local_generation.py::TestEmbeddingModelLoading::test_model_property_loads_sentence_transformers 
[gw2] [ 24%] PASSED tests/test_document/test_ingestion.py::TestDocumentIngestorExtractText::test_extract_text_with_fallback 
tests/test_document/test_ingestion.py::TestDocumentIngestorExtractText::test_extract_text_file_not_found 
[gw2] [ 24%] PASSED tests/test_document/test_ingestion.py::TestDocumentIngestorExtractText::test_extract_text_file_not_found 
tests/test_document/test_ingestion.py::TestDocumentIngestorExtractText::test_extract_text_exception_handling 
[gw2] [ 24%] PASSED tests/test_document/test_ingestion.py::TestDocumentIngestorExtractText::test_extract_text_exception_handling 
tests/test_document/test_ingestion.py::TestDocumentIngestorExtractText::test_extract_text_text_item_without_text_attr 
[gw2] [ 24%] PASSED tests/test_document/test_ingestion.py::TestDocumentIngestorExtractText::test_extract_text_text_item_without_text_attr 
tests/test_document/test_ingestion.py::TestDocumentIngestorExtractText::test_extract_text_text_item_without_text_value 
[gw2] [ 24%] PASSED tests/test_document/test_ingestion.py::TestDocumentIngestorExtractText::test_extract_text_text_item_without_text_value 
tests/test_document/test_ingestion_edge_cases.py::TestDocumentIngestorCollectFiles::test_collect_from_directory_with_supported_files 
[gw3] [ 24%] PASSED tests/test_embedding/test_local_generation.py::TestEmbeddingModelLoading::test_model_property_loads_sentence_transformers 
tests/test_embedding/test_local_generation.py::TestEmbeddingModelLoading::test_model_property_reuses_loaded_model 
[gw3] [ 24%] PASSED tests/test_embedding/test_local_generation.py::TestEmbeddingModelLoading::test_model_property_reuses_loaded_model 
tests/test_embedding/test_local_generation.py::TestEmbeddingGenerate::test_embedding_generate_single 
[gw3] [ 25%] PASSED tests/test_embedding/test_local_generation.py::TestEmbeddingGenerate::test_embedding_generate_single 
tests/test_embedding/test_local_generation.py::TestEmbeddingGenerate::test_embedding_generate_batch 
[gw3] [ 25%] PASSED tests/test_embedding/test_local_generation.py::TestEmbeddingGenerate::test_embedding_generate_batch 
tests/test_embedding/test_local_generation.py::TestEmbeddingGenerate::test_embedding_generate_batch_empty_list 
[gw3] [ 25%] PASSED tests/test_embedding/test_local_generation.py::TestEmbeddingGenerate::test_embedding_generate_batch_empty_list 
tests/test_embedding/test_local_generation.py::TestEmbeddingGenerate::test_embedding_generate_batch_filters_empty_strings 
[gw3] [ 25%] PASSED tests/test_embedding/test_local_generation.py::TestEmbeddingGenerate::test_embedding_generate_batch_filters_empty_strings 
tests/test_embedding/test_local_generation.py::TestEmbeddingDimensions::test_embedding_dimensions_correct 
[gw3] [ 25%] PASSED tests/test_embedding/test_local_generation.py::TestEmbeddingDimensions::test_embedding_dimensions_correct 
tests/test_embedding/test_local_generation.py::TestEmbeddingDimensions::test_embedding_batch_dimensions_consistent 
[gw3] [ 25%] PASSED tests/test_embedding/test_local_generation.py::TestEmbeddingDimensions::test_embedding_batch_dimensions_consistent 
tests/test_embedding/test_local_generation.py::TestEmbeddingConsistency::test_embedding_consistency 
[gw3] [ 25%] PASSED tests/test_embedding/test_local_generation.py::TestEmbeddingConsistency::test_embedding_consistency 
tests/test_embedding/test_local_generation.py::TestEmbeddingEmptyText::test_embedding_empty_text 
[gw3] [ 25%] PASSED tests/test_embedding/test_local_generation.py::TestEmbeddingEmptyText::test_embedding_empty_text 
tests/test_embedding/test_local_generation.py::TestEmbeddingEmptyText::test_embedding_whitespace_only 
[gw3] [ 25%] PASSED tests/test_embedding/test_local_generation.py::TestEmbeddingEmptyText::test_embedding_whitespace_only 
tests/test_embedding/test_local_generation.py::TestEmbeddingLargeBatch::test_embedding_large_batch 
[gw3] [ 25%] PASSED tests/test_embedding/test_local_generation.py::TestEmbeddingLargeBatch::test_embedding_large_batch 
tests/test_embedding/test_local_generation.py::TestEmbeddingLargeBatch::test_embedding_very_large_batch 
[gw2] [ 25%] PASSED tests/test_document/test_ingestion_edge_cases.py::TestDocumentIngestorCollectFiles::test_collect_from_directory_with_supported_files 
tests/test_document/test_ingestion_edge_cases.py::TestDocumentIngestorCollectFiles::test_collect_from_directory_recursive 
[gw3] [ 25%] PASSED tests/test_embedding/test_local_generation.py::TestEmbeddingLargeBatch::test_embedding_very_large_batch 
tests/test_embedding/test_local_generation.py::TestEmbeddingCuda::test_embedding_cuda_available 
[gw3] [ 26%] PASSED tests/test_embedding/test_local_generation.py::TestEmbeddingCuda::test_embedding_cuda_available 
tests/test_embedding/test_local_generation.py::TestEmbeddingCuda::test_embedding_cuda_not_available 
[gw3] [ 26%] PASSED tests/test_embedding/test_local_generation.py::TestEmbeddingCuda::test_embedding_cuda_not_available 
tests/test_embedding/test_local_generation.py::TestValidateConnection::test_validate_connection_success 
[gw3] [ 26%] PASSED tests/test_embedding/test_local_generation.py::TestValidateConnection::test_validate_connection_success 
tests/test_embedding/test_local_generation.py::TestValidateConnection::test_validate_connection_failure 
[gw3] [ 26%] PASSED tests/test_embedding/test_local_generation.py::TestValidateConnection::test_validate_connection_failure 
tests/test_embedding/test_local_generation.py::TestValidateConnection::test_validate_connection_caching 
[gw3] [ 26%] PASSED tests/test_embedding/test_local_generation.py::TestValidateConnection::test_validate_connection_caching 
tests/test_embedding/test_local_generation.py::TestValidateConnection::test_validate_connection_force_revalidate 
[gw3] [ 26%] PASSED tests/test_embedding/test_local_generation.py::TestValidateConnection::test_validate_connection_force_revalidate 
tests/test_embedding/test_local_generation.py::TestEmbeddingClose::test_close_with_active_model 
[gw3] [ 26%] PASSED tests/test_embedding/test_local_generation.py::TestEmbeddingClose::test_close_with_active_model 
tests/test_embedding/test_local_generation.py::TestEmbeddingClose::test_close_with_none_model 
[gw3] [ 26%] PASSED tests/test_embedding/test_local_generation.py::TestEmbeddingClose::test_close_with_none_model 
tests/test_embedding/test_local_generation.py::TestEmbeddingClose::test_close_idempotent 
[gw3] [ 26%] PASSED tests/test_embedding/test_local_generation.py::TestEmbeddingClose::test_close_idempotent 
tests/test_examples/test_examples.py::TestBasicUsageExamples::test_example_basic_usage_ingest 
[gw2] [ 26%] PASSED tests/test_document/test_ingestion_edge_cases.py::TestDocumentIngestorCollectFiles::test_collect_from_directory_recursive 
tests/test_document/test_ingestion_edge_cases.py::TestDocumentIngestorCollectFiles::test_collect_from_directory_non_recursive 
[gw2] [ 26%] PASSED tests/test_document/test_ingestion_edge_cases.py::TestDocumentIngestorCollectFiles::test_collect_from_directory_non_recursive 
tests/test_document/test_ingestion_edge_cases.py::TestDocumentIngestorCollectFiles::test_collect_rejects_invalid_path 
[gw2] [ 27%] PASSED tests/test_document/test_ingestion_edge_cases.py::TestDocumentIngestorCollectFiles::test_collect_rejects_invalid_path 
tests/test_document/test_ingestion_edge_cases.py::TestDocumentIngestorIngestEdgeCases::test_ingest_empty_directory_returns_zeros 
[gw2] [ 27%] PASSED tests/test_document/test_ingestion_edge_cases.py::TestDocumentIngestorIngestEdgeCases::test_ingest_empty_directory_returns_zeros 
tests/test_document/test_ingestion_edge_cases.py::TestDocumentIngestorIngestEdgeCases::test_ingest_directory_with_no_supported_files 
[gw2] [ 27%] PASSED tests/test_document/test_ingestion_edge_cases.py::TestDocumentIngestorIngestEdgeCases::test_ingest_directory_with_no_supported_files 
tests/test_document/test_ingestion_edge_cases.py::TestDocumentIngestorBuildDocumentsEdgeCases::test_build_documents_with_sentence_transformers_unavailable_error 
[gw2] [ 27%] PASSED tests/test_document/test_ingestion_edge_cases.py::TestDocumentIngestorBuildDocumentsEdgeCases::test_build_documents_with_sentence_transformers_unavailable_error 
tests/test_document/test_ingestion_edge_cases.py::TestDocumentIngestorBuildDocumentsEdgeCases::test_build_documents_skips_chunks_without_embedding 
[gw2] [ 27%] PASSED tests/test_document/test_ingestion_edge_cases.py::TestDocumentIngestorBuildDocumentsEdgeCases::test_build_documents_skips_chunks_without_embedding 
tests/test_document/test_ingestion_edge_cases.py::TestDocumentIngestorBuildDocumentsEdgeCases::test_build_documents_with_multiple_pages 
[gw2] [ 27%] PASSED tests/test_document/test_ingestion_edge_cases.py::TestDocumentIngestorBuildDocumentsEdgeCases::test_build_documents_with_multiple_pages 
tests/test_document/test_ingestion_edge_cases.py::TestDocumentIngestorBuildDocumentsEdgeCases::test_build_documents_preserves_file_type_metadata 
[gw2] [ 27%] PASSED tests/test_document/test_ingestion_edge_cases.py::TestDocumentIngestorBuildDocumentsEdgeCases::test_build_documents_preserves_file_type_metadata 
tests/test_document/test_ingestion_edge_cases.py::TestDocumentIngestorBuildDocumentsEdgeCases::test_build_documents_with_large_number_of_chunks 
[gw2] [ 27%] PASSED tests/test_document/test_ingestion_edge_cases.py::TestDocumentIngestorBuildDocumentsEdgeCases::test_build_documents_with_large_number_of_chunks 
tests/test_document/test_ingestion_validation.py::TestDocumentIngestorValidation::test_init_rejects_zero_chunk_size 
[gw2] [ 27%] PASSED tests/test_document/test_ingestion_validation.py::TestDocumentIngestorValidation::test_init_rejects_zero_chunk_size 
tests/test_document/test_ingestion_validation.py::TestDocumentIngestorValidation::test_init_rejects_negative_chunk_size 
[gw2] [ 27%] PASSED tests/test_document/test_ingestion_validation.py::TestDocumentIngestorValidation::test_init_rejects_negative_chunk_size 
tests/test_document/test_ingestion_validation.py::TestDocumentIngestorValidation::test_init_rejects_negative_chunk_overlap 
[gw2] [ 27%] PASSED tests/test_document/test_ingestion_validation.py::TestDocumentIngestorValidation::test_init_rejects_negative_chunk_overlap 
tests/test_document/test_ingestion_validation.py::TestDocumentIngestorValidation::test_init_rejects_overlap_gte_chunk_size 
[gw2] [ 27%] PASSED tests/test_document/test_ingestion_validation.py::TestDocumentIngestorValidation::test_init_rejects_overlap_gte_chunk_size 
tests/test_document/test_ingestion_validation.py::TestDocumentIngestorValidation::test_init_rejects_overlap_exceeds_chunk_size 
[gw2] [ 28%] PASSED tests/test_document/test_ingestion_validation.py::TestDocumentIngestorValidation::test_init_rejects_overlap_exceeds_chunk_size 
tests/test_document/test_ingestion_validation.py::TestDocumentIngestorPathValidation::test_validate_file_path_rejects_traversal 
[gw2] [ 28%] PASSED tests/test_document/test_ingestion_validation.py::TestDocumentIngestorPathValidation::test_validate_file_path_rejects_traversal 
tests/test_document/test_ingestion_validation.py::TestDocumentIngestorPathValidation::test_validate_file_path_rejects_encoded_traversal 
[gw2] [ 28%] PASSED tests/test_document/test_ingestion_validation.py::TestDocumentIngestorPathValidation::test_validate_file_path_rejects_encoded_traversal 
tests/test_domain/test_entities.py::TestDocumentChunkValidation::test_chunk_id_required 
[gw2] [ 28%] PASSED tests/test_domain/test_entities.py::TestDocumentChunkValidation::test_chunk_id_required 
tests/test_domain/test_entities.py::TestDocumentChunkValidation::test_validation_errors 
[gw2] [ 28%] PASSED tests/test_domain/test_entities.py::TestDocumentChunkValidation::test_validation_errors 
tests/test_domain/test_entities.py::TestDocumentChunkProperties::test_char_count_calculation 
[gw2] [ 28%] PASSED tests/test_domain/test_entities.py::TestDocumentChunkProperties::test_char_count_calculation 
tests/test_domain/test_entities.py::TestDocumentChunkProperties::test_word_count_calculation 
[gw2] [ 28%] PASSED tests/test_domain/test_entities.py::TestDocumentChunkProperties::test_word_count_calculation 
tests/test_domain/test_entities.py::TestDocumentChunkProperties::test_accuracy 
[gw2] [ 28%] PASSED tests/test_domain/test_entities.py::TestDocumentChunkProperties::test_accuracy 
tests/test_domain/test_entities.py::TestDocumentChunkEmbeddingStatus::test_has_embedding_with_none_vector 
[gw2] [ 28%] PASSED tests/test_domain/test_entities.py::TestDocumentChunkEmbeddingStatus::test_has_embedding_with_none_vector 
tests/test_domain/test_entities.py::TestDocumentChunkEmbeddingStatus::test_has_embedding_with_valid_vector 
[gw2] [ 28%] PASSED tests/test_domain/test_entities.py::TestDocumentChunkEmbeddingStatus::test_has_embedding_with_valid_vector 
tests/test_domain/test_entities.py::TestDocumentChunkEmbeddingStatus::test_boolean_logic 
[gw2] [ 28%] PASSED tests/test_domain/test_entities.py::TestDocumentChunkEmbeddingStatus::test_boolean_logic 
tests/test_domain/test_entities.py::TestDocumentChunkToDict::test_serialization_to_storage_format 
[gw2] [ 29%] PASSED tests/test_domain/test_entities.py::TestDocumentChunkToDict::test_serialization_to_storage_format 
tests/test_domain/test_entities.py::TestDocumentChunkToDict::test_all_fields_included 
[gw2] [ 29%] PASSED tests/test_domain/test_entities.py::TestDocumentChunkToDict::test_all_fields_included 
tests/test_domain/test_entities.py::TestDocumentChunkToDict::test_embedding_vector_serialization 
[gw2] [ 29%] PASSED tests/test_domain/test_entities.py::TestDocumentChunkToDict::test_embedding_vector_serialization 
tests/test_domain/test_entities.py::TestDocumentChunkPageNone::test_chunk_without_page_number 
[gw2] [ 29%] PASSED tests/test_domain/test_entities.py::TestDocumentChunkPageNone::test_chunk_without_page_number 
tests/test_domain/test_entities.py::TestDocumentChunkPageNone::test_page_num_none_handled 
[gw2] [ 29%] PASSED tests/test_domain/test_entities.py::TestDocumentChunkPageNone::test_page_num_none_handled 
tests/test_domain/test_entities.py::TestDocumentChunkPageNone::test_serialization_with_none 
[gw2] [ 29%] PASSED tests/test_domain/test_entities.py::TestDocumentChunkPageNone::test_serialization_with_none 
tests/test_domain/test_value_objects.py::TestSourcePathValidation::test_valid_path_accepted 
[gw2] [ 29%] PASSED tests/test_domain/test_value_objects.py::TestSourcePathValidation::test_valid_path_accepted 
tests/test_domain/test_value_objects.py::TestSourcePathValidation::test_empty_path_accepted 
[gw2] [ 29%] PASSED tests/test_domain/test_value_objects.py::TestSourcePathValidation::test_empty_path_accepted 
tests/test_domain/test_value_objects.py::TestSourcePathValidation::test_type_checking_only 
[gw2] [ 29%] PASSED tests/test_domain/test_value_objects.py::TestSourcePathValidation::test_type_checking_only 
tests/test_domain/test_value_objects.py::TestSourcePathNormalization::test_path_as_is 
[gw2] [ 29%] PASSED tests/test_domain/test_value_objects.py::TestSourcePathNormalization::test_path_as_is 
tests/test_domain/test_value_objects.py::TestSourcePathNormalization::test_trailing_slashes_preserved 
[gw2] [ 29%] PASSED tests/test_domain/test_value_objects.py::TestSourcePathNormalization::test_trailing_slashes_preserved 
tests/test_domain/test_value_objects.py::TestSourcePathNormalization::test_relative_vs_absolute 
[gw2] [ 30%] PASSED tests/test_domain/test_value_objects.py::TestSourcePathNormalization::test_relative_vs_absolute 
tests/test_domain/test_value_objects.py::TestSourcePathEquality::test_equality_operator 
[gw2] [ 30%] PASSED tests/test_domain/test_value_objects.py::TestSourcePathEquality::test_equality_operator 
tests/test_domain/test_value_objects.py::TestSourcePathEquality::test_hash_consistency 
[gw2] [ 30%] PASSED tests/test_domain/test_value_objects.py::TestSourcePathEquality::test_hash_consistency 
tests/test_domain/test_value_objects.py::TestSourcePathEquality::test_different_paths_not_equal 
[gw2] [ 30%] PASSED tests/test_domain/test_value_objects.py::TestSourcePathEquality::test_different_paths_not_equal 
tests/test_domain/test_value_objects.py::TestEmbeddingVectorValidation::test_valid_vector_accepted 
[gw2] [ 30%] PASSED tests/test_domain/test_value_objects.py::TestEmbeddingVectorValidation::test_valid_vector_accepted 
tests/test_domain/test_value_objects.py::TestEmbeddingVectorValidation::test_empty_vector_accepted 
[gw2] [ 30%] PASSED tests/test_domain/test_value_objects.py::TestEmbeddingVectorValidation::test_empty_vector_accepted 
tests/test_domain/test_value_objects.py::TestEmbeddingVectorValidation::test_type_checking_only 
[gw2] [ 30%] PASSED tests/test_domain/test_value_objects.py::TestEmbeddingVectorValidation::test_type_checking_only 
tests/test_domain/test_value_objects.py::TestEmbeddingVectorProperties::test_vector_as_list 
[gw2] [ 30%] PASSED tests/test_domain/test_value_objects.py::TestEmbeddingVectorProperties::test_vector_as_list 
tests/test_domain/test_value_objects.py::TestEmbeddingVectorProperties::test_vector_mutable 
[gw2] [ 30%] PASSED tests/test_domain/test_value_objects.py::TestEmbeddingVectorProperties::test_vector_mutable 
tests/test_domain/test_value_objects.py::TestEmbeddingVectorProperties::test_vector_equality 
[gw2] [ 30%] PASSED tests/test_domain/test_value_objects.py::TestEmbeddingVectorProperties::test_vector_equality 
tests/test_domain/test_value_objects.py::TestChunkIdGeneration::test_unique_id_generation 
[gw2] [ 30%] PASSED tests/test_domain/test_value_objects.py::TestChunkIdGeneration::test_unique_id_generation 
tests/test_domain/test_value_objects.py::TestChunkIdGeneration::test_format_consistency 
[...]
                    "topologyId": {"$oid":                                      
                    "69c378c818d17bdbabd9fd90"}, "serverHost":                  
                    "localhost", "serverPort": 27017}                           
           DEBUG    {"message": "Server heartbeat failed",         logger.py:108
                    "topologyId": {"$oid":                                      
                    "69c378c818d17bdbabd9fd90"}, "serverHost":                  
                    "mongodb", "serverPort": 27017, "awaited":                  
                    false, "durationMS": 1.0992659954354167,                    
                    "failure": "\"AutoReconnect('mongodb:27017:                 
                    [Errno -3] Temporary failure in name                        
                    resolution (configured timeouts:                            
                    socketTimeoutMS: 20000.0ms, connectTimeoutMS:               
                    20000.0ms)')\""}                                            
           DEBUG    {"message": "Connection pool closed",          logger.py:108
                    "clientId": {"$oid":                                        
                    "69c378c818d17bdbabd9fd90"}, "serverHost":                  
                    "localhost", "serverPort": 27017}                           
           DEBUG    {"message": "Topology description changed",    logger.py:108
                    "topologyId": {"$oid":                                      
                    "69c378c818d17bdbabd9fd90"},                                
                    "previousDescription": "<TopologyDescription                
                    id: 69c378c818d17bdbabd9fd90, topology_type:                
                    Unknown, servers: [<ServerDescription                       
                    ('localhost', 27017) server_type: Unknown,                  
                    rtt: None>]>", "newDescription":                            
                    "<TopologyDescription id:                                   
                    69c378c818d17bdbabd9fd90, topology_type:                    
                    ReplicaSetNoPrimary, servers:                               
                    [<ServerDescription ('mongodb', 27017)                      
                    server_type: Unknown, rtt: None>]>"}                        
           DEBUG    {"message": "Topology description changed",    logger.py:108
                    "topologyId": {"$oid":                                      
                    "69c378c818d17bdbabd9fd90"},                                
                    "previousDescription": "<TopologyDescription                
                    id: 69c378c818d17bdbabd9fd90, topology_type:                
                    ReplicaSetNoPrimary, servers:                               
                    [<ServerDescription ('mongodb', 27017)                      
                    server_type: Unknown, rtt: None>]>",                        
                    "newDescription": "<TopologyDescription id:                 
                    69c378c818d17bdbabd9fd90, topology_type:                    
                    ReplicaSetNoPrimary, servers:                               
                    [<ServerDescription ('mongodb', 27017)                      
                    server_type: Unknown, rtt: None,                            
                    error=AutoReconnect('mongodb:27017: [Errno -3]              
                    Temporary failure in name resolution                        
                    (configured timeouts: socketTimeoutMS:                      
                    20000.0ms, connectTimeoutMS: 20000.0ms)')>]>"}              
                    DEBUG    {"timestamp": "2026-03-25             logger.py:108
                             00:55:20,760", "level": "DEBUG",                   
                             "logger": "pymongo.serverSelection",               
                             "message": "{\"message\": \"Server                 
                             selection failed\", \"selector\":                  
                             \"<function writable_server_selector               
                             at 0xe0330da2bec0>\", \"operation\":               
                             \"dropDatabase\",                                  
                             \"topologyDescription\":                           
                             \"<TopologyDescription id:                         
                             69c378c7b0974cf2819264f2,                          
                             topology_type: ReplicaSetNoPrimary,                
                             servers: [<ServerDescription                       
                             ('mongodb', 27017) server_type:                    
                             Unknown, rtt: None,                                
                             error=AutoReconnect('mongodb:27017:                
                             [Errno -3] Temporary failure in name               
                             resolution (configured timeouts:                   
                             socketTimeoutMS: 20000.0ms,                        
                             connectTimeoutMS: 20000.0ms)')>]>\",               
                             \"clientId\": {\"$oid\":                           
                             \"69c378c7b0974cf2819264f2\"},                     
                             \"failure\": \"\\\"Could not reach                 
                             any servers in [('mongodb', 27017)].               
                             Replica set is configured with                     
                             internal hostnames or IPs?\\\"\"}",                
                             "module": "logger", "function":                    
                             "_debug_log", "line": 108,                         
                             "request_id": "test-request-id"}                   
                    DEBUG    {"timestamp": "2026-03-25             logger.py:108
                             00:55:20,762", "level": "DEBUG",                   
                             "logger": "pymongo.topology",                      
                             "message": "{\"message\": \"Server                 
                             heartbeat failed\", \"topologyId\":                
                             {\"$oid\":                                         
                             \"69c378c7b0974cf2819264f2\"},                     
                             \"serverHost\": \"mongodb\",                       
                             \"serverPort\": 27017, \"awaited\":                
                             false, \"durationMS\":                             
                             1.9179509836249053, \"failure\":                   
                             \"\\\"AutoReconnect('mongodb:27017:                
                             [Errno -3] Temporary failure in name               
                             resolution (configured timeouts:                   
                             socketTimeoutMS: 20000.0ms,                        
                             connectTimeoutMS:                                  
                             20000.0ms)')\\\"\"}", "module":                    
                             "logger", "function": "_debug_log",                
                             "line": 108, "request_id": ""}                     
                    DEBUG    {"timestamp": "2026-03-25             logger.py:108
                             00:55:20,762", "level": "DEBUG",                   
                             "logger": "pymongo.topology",                      
                             "message": "{\"message\": \"Stopped                
                             server monitoring\", \"topologyId\":               
                             {\"$oid\":                                         
                             \"69c378c7b0974cf2819264f2\"},                     
                             \"serverHost\": \"mongodb\",                       
                             \"serverPort\": 27017}", "module":                 
                             "logger", "function": "_debug_log",                
                             "line": 108, "request_id":                         
                             "test-request-id"}                                 
                    DEBUG    {"timestamp": "2026-03-25             logger.py:108
                             00:55:20,765", "level": "DEBUG",                   
                             "logger": "pymongo.connection",                    
                             "message": "{\"message\":                          
                             \"Connection pool closed\",                        
                             \"clientId\": {\"$oid\":                           
                             \"69c378c7b0974cf2819264f2\"},                     
                             \"serverHost\": \"mongodb\",                       
                             \"serverPort\": 27017}", "module":                 
                             "logger", "function": "_debug_log",                
                             "line": 108, "request_id":                         
                             "test-request-id"}                                 
                    DEBUG    {"timestamp": "2026-03-25             logger.py:108
                             00:55:20,766", "level": "DEBUG",                   
                             "logger": "pymongo.topology",                      
                             "message": "{\"message\": \"Topology               
                             description changed\",                             
                             \"topologyId\": {\"$oid\":                         
                             \"69c378c7b0974cf2819264f2\"},                     
                             \"previousDescription\":                           
                             \"<TopologyDescription id:                         
                             69c378c7b0974cf2819264f2,                          
                             topology_type: ReplicaSetNoPrimary,                
                             servers: [<ServerDescription                       
                             ('mongodb', 27017) server_type:                    
                             Unknown, rtt: None,                                
                             error=AutoReconnect('mongodb:27017:                
                             [Errno -3] Temporary failure in name               
                             resolution (configured timeouts:                   
                             socketTimeoutMS: 20000.0ms,                        
                             connectTimeoutMS: 20000.0ms)')>]>\",               
                             \"newDescription\":                                
                             \"<TopologyDescription id:                         
                             69c378c7b0974cf2819264f2,                          
                             topology_type: ReplicaSetNoPrimary,                
                             servers: [<ServerDescription                       
                             ('mongodb', 27017) server_type:                    
                             Unknown, rtt: None>]>\"}", "module":               
                             "logger", "function": "_debug_log",                
                             "line": 108, "request_id":                         
                             "test-request-id"}                                 
                    DEBUG    {"timestamp": "2026-03-25             logger.py:108
                             00:55:20,767", "level": "DEBUG",                   
                             "logger": "pymongo.topology",                      
                             "message": "{\"message\": \"Stopped                
                             topology monitoring\",                             
                             \"topologyId\": {\"$oid\":                         
                             \"69c378c7b0974cf2819264f2\"}}",                   
                             "module": "logger", "function":                    
                             "_debug_log", "line": 108,                         
                             "request_id": "test-request-id"}                   
[00:55:21] DEBUG    {"message": "Server heartbeat failed",         logger.py:108
                    "topologyId": {"$oid":                                      
                    "69c378c818d17bdbabd9fd90"}, "serverHost":                  
                    "mongodb", "serverPort": 27017, "awaited":                  
                    false, "durationMS": 0.5317199975252151,                    
                    "failure": "\"AutoReconnect('mongodb:27017:                 
                    [Errno -3] Temporary failure in name                        
                    resolution (configured timeouts:                            
                    socketTimeoutMS: 20000.0ms, connectTimeoutMS:               
                    20000.0ms)')\""}                                            
           DEBUG    {"message": "Topology description changed",    logger.py:108
                    "topologyId": {"$oid":                                      
                    "69c378c818d17bdbabd9fd90"},                                
                    "previousDescription": "<TopologyDescription                
                    id: 69c378c818d17bdbabd9fd90, topology_type:                
                    ReplicaSetNoPrimary, servers:                               
                    [<ServerDescription ('mongodb', 27017)                      
                    server_type: Unknown, rtt: None,                            
                    error=AutoReconnect('mongodb:27017: [Errno -3]              
                    Temporary failure in name resolution                        
                    (configured timeouts: socketTimeoutMS:                      
                    20000.0ms, connectTimeoutMS: 20000.0ms)')>]>",              
                    "newDescription": "<TopologyDescription id:                 
                    69c378c818d17bdbabd9fd90, topology_type:                    
                    ReplicaSetNoPrimary, servers:                               
                    [<ServerDescription ('mongodb', 27017)                      
                    server_type: Unknown, rtt: None,                            
                    error=AutoReconnect('mongodb:27017: [Errno -3]              
                    Temporary failure in name resolution                        
                    (configured timeouts: socketTimeoutMS:                      
                    20000.0ms, connectTimeoutMS: 20000.0ms)')>]>"}              
           DEBUG    {"message": "Server selection failed",         logger.py:108
                    "selector": "<function                                      
                    writable_server_selector at 0xf3322f513ec0>",               
                    "operation": "dropDatabase",                                
                    "topologyDescription": "<TopologyDescription                
                    id: 69c378c818d17bdbabd9fd90, topology_type:                
                    ReplicaSetNoPrimary, servers:                               
                    [<ServerDescription ('mongodb', 27017)                      
                    server_type: Unknown, rtt: None,                            
                    error=AutoReconnect('mongodb:27017: [Errno -3]              
                    Temporary failure in name resolution                        
                    (configured timeouts: socketTimeoutMS:                      
                    20000.0ms, connectTimeoutMS: 20000.0ms)')>]>",              
                    "clientId": {"$oid":                                        
                    "69c378c818d17bdbabd9fd90"}, "failure":                     
                    "\"Could not reach any servers in [('mongodb',              
                    27017)]. Replica set is configured with                     
                    internal hostnames or IPs?\""}                              
           DEBUG    {"message": "Server heartbeat failed",         logger.py:108
                    "topologyId": {"$oid":                                      
                    "69c378c818d17bdbabd9fd90"}, "serverHost":                  
                    "mongodb", "serverPort": 27017, "awaited":                  
                    false, "durationMS": 2.4931119987741113,                    
                    "failure": "\"AutoReconnect('mongodb:27017:                 
                    [Errno -3] Temporary failure in name                        
                    resolution (configured timeouts:                            
                    socketTimeoutMS: 20000.0ms, connectTimeoutMS:               
                    20000.0ms)')\""}                                            
           DEBUG    {"message": "Stopped server monitoring",       logger.py:108
                    "topologyId": {"$oid":                                      
                    "69c378c818d17bdbabd9fd90"}, "serverHost":                  
                    "mongodb", "serverPort": 27017}                             
           DEBUG    {"message": "Connection pool closed",          logger.py:108
                    "clientId": {"$oid":                                        
                    "69c378c818d17bdbabd9fd90"}, "serverHost":                  
                    "mongodb", "serverPort": 27017}                             
           DEBUG    {"message": "Topology description changed",    logger.py:108
                    "topologyId": {"$oid":                                      
                    "69c378c818d17bdbabd9fd90"},                                
                    "previousDescription": "<TopologyDescription                
                    id: 69c378c818d17bdbabd9fd90, topology_type:                
                    ReplicaSetNoPrimary, servers:                               
                    [<ServerDescription ('mongodb', 27017)                      
                    server_type: Unknown, rtt: None,                            
                    error=AutoReconnect('mongodb:27017: [Errno -3]              
                    Temporary failure in name resolution                        
                    (configured timeouts: socketTimeoutMS:                      
                    20000.0ms, connectTimeoutMS: 20000.0ms)')>]>",              
                    "newDescription": "<TopologyDescription id:                 
                    69c378c818d17bdbabd9fd90, topology_type:                    
                    ReplicaSetNoPrimary, servers:                               
                    [<ServerDescription ('mongodb', 27017)                      
                    server_type: Unknown, rtt: None>]>"}                        
           DEBUG    {"message": "Stopped topology monitoring",     logger.py:108
                    "topologyId": {"$oid":                                      
                    "69c378c818d17bdbabd9fd90"}}                                


======================= 1140 passed in 71.70s (0:01:11) ========================
